      Step     Time          Energy         fmax
BFGS:    0 10:24:34       20.676821       41.6163
BFGS:    1 10:24:34        0.887987       12.6067
BFGS:    2 10:24:34       -3.252682        5.3086
BFGS:    3 10:24:34       -4.904452        3.1092
BFGS:    4 10:24:34       -5.722632        1.4181
BFGS:    5 10:24:34       -5.944776        0.8261
BFGS:    6 10:24:34       -6.004262        0.6951
BFGS:    7 10:24:34       -6.030084        0.7084
BFGS:    8 10:24:34       -6.069796        0.7926
BFGS:    9 10:24:34       -6.148487        0.9416
BFGS:   10 10:24:34       -6.233758        0.8225
BFGS:   11 10:24:34       -6.297038        0.8559
BFGS:   12 10:24:34       -6.389093        0.7089
BFGS:   13 10:24:34       -6.434831        0.6076
BFGS:   14 10:24:34       -6.455068        0.5331
BFGS:   15 10:24:34       -6.514891        0.7601
BFGS:   16 10:24:34       -6.549095        0.7445
BFGS:   17 10:24:34       -6.593237        0.5604
BFGS:   18 10:24:34       -6.672901        0.7396
BFGS:   19 10:24:34       -6.717111        1.0751
BFGS:   20 10:24:34       -6.790448        1.5236
BFGS:   21 10:24:34       -6.857538        0.9415
BFGS:   22 10:24:34       -6.935678        0.6822
BFGS:   23 10:24:34       -6.985732        0.5057
BFGS:   24 10:24:34       -7.031243        0.7779
BFGS:   25 10:24:34       -7.075788        0.6898
BFGS:   26 10:24:34       -7.143607        0.7834
BFGS:   27 10:24:34       -7.235959        0.6237
BFGS:   28 10:24:34       -7.294157        0.7470
BFGS:   29 10:24:34       -7.317574        0.6670
BFGS:   30 10:24:34       -7.357264        0.5689
BFGS:   31 10:24:34       -7.435306        0.5007
BFGS:   32 10:24:34       -7.454000        0.2560
BFGS:   33 10:24:34       -7.464717        0.2270
BFGS:   34 10:24:34       -7.474892        0.2799
BFGS:   35 10:24:34       -7.484544        0.3141
BFGS:   36 10:24:34       -7.516318        0.3257
BFGS:   37 10:24:34       -7.534208        0.4408
BFGS:   38 10:24:34       -7.557127        0.6013
BFGS:   39 10:24:34       -7.607582        0.7631
BFGS:   40 10:24:34       -7.674645        0.8995
BFGS:   41 10:24:34       -7.736101        1.0934
BFGS:   42 10:24:34       -7.764901        0.9649
BFGS:   43 10:24:34       -7.810224        0.9387
BFGS:   44 10:24:34       -7.839174        0.8051
BFGS:   45 10:24:34       -7.893870        0.5537
BFGS:   46 10:24:34       -7.938921        0.6012
BFGS:   47 10:24:34       -8.010388        0.7567
BFGS:   48 10:24:35       -8.055187        0.5282
BFGS:   49 10:24:35       -8.112627        0.5182
BFGS:   50 10:24:35       -8.147965        0.3937
BFGS:   51 10:24:35       -8.181085        0.3987
BFGS:   52 10:24:35       -8.203678        0.4044
BFGS:   53 10:24:35       -8.217225        0.3965
BFGS:   54 10:24:35       -8.250003        0.5909
BFGS:   55 10:24:35       -8.271161        0.6046
BFGS:   56 10:24:35       -8.315575        0.4399
BFGS:   57 10:24:35       -8.332325        0.3347
BFGS:   58 10:24:35       -8.347850        0.3422
BFGS:   59 10:24:35       -8.354787        0.3649
BFGS:   60 10:24:35       -8.368350        0.3503
BFGS:   61 10:24:35       -8.392933        0.3547
BFGS:   62 10:24:35       -8.430979        0.4489
BFGS:   63 10:24:35       -8.483917        0.4882
BFGS:   64 10:24:35       -8.509206        0.4462
BFGS:   65 10:24:35       -8.534276        0.5040
BFGS:   66 10:24:35       -8.549277        0.4443
BFGS:   67 10:24:35       -8.573142        0.3360
BFGS:   68 10:24:35       -8.594270        0.2214
BFGS:   69 10:24:35       -8.597754        0.1653
BFGS:   70 10:24:35       -8.600059        0.1411
BFGS:   71 10:24:35       -8.603111        0.1646
BFGS:   72 10:24:35       -8.607988        0.1469
BFGS:   73 10:24:35       -8.613589        0.1949
BFGS:   74 10:24:35       -8.618157        0.2127
BFGS:   75 10:24:35       -8.622696        0.2071
BFGS:   76 10:24:35       -8.628503        0.2043
BFGS:   77 10:24:35       -8.633854        0.1485
BFGS:   78 10:24:35       -8.636794        0.0646
BFGS:   79 10:24:35       -8.637450        0.0272
      Step     Time          Energy         fmax
BFGS:    0 10:24:35       18.821347       40.9983
BFGS:    1 10:24:35        1.445267       17.3968
BFGS:    2 10:24:35       -2.901804        8.4432
BFGS:    3 10:24:35       -4.964991        3.4385
BFGS:    4 10:24:35       -5.500306        1.9388
BFGS:    5 10:24:35       -5.798698        0.7963
BFGS:    6 10:24:35       -5.867112        0.5351
BFGS:    7 10:24:35       -5.897216        0.5437
BFGS:    8 10:24:35       -5.928327        0.5797
BFGS:    9 10:24:35       -5.975151        0.6373
BFGS:   10 10:24:35       -6.024834        0.6756
BFGS:   11 10:24:35       -6.066680        0.7537
BFGS:   12 10:24:35       -6.112471        0.7390
BFGS:   13 10:24:35       -6.166655        0.6940
BFGS:   14 10:24:35       -6.208228        0.5089
BFGS:   15 10:24:35       -6.224887        0.2942
BFGS:   16 10:24:35       -6.234227        0.4091
BFGS:   17 10:24:35       -6.246101        0.2939
BFGS:   18 10:24:35       -6.265562        0.3405
BFGS:   19 10:24:35       -6.299508        0.5417
BFGS:   20 10:24:35       -6.317332        0.5904
BFGS:   21 10:24:35       -6.340862        0.5303
BFGS:   22 10:24:35       -6.375312        0.6133
BFGS:   23 10:24:35       -6.441779        0.8342
BFGS:   24 10:24:35       -6.534233        1.4435
BFGS:   25 10:24:35       -6.596459        2.2389
BFGS:   26 10:24:35       -6.717579        1.2899
BFGS:   27 10:24:35       -6.808273        0.8214
BFGS:   28 10:24:35       -6.922629        1.0703
BFGS:   29 10:24:35       -7.087524        1.5155
BFGS:   30 10:24:35       -7.242887        1.7375
BFGS:   31 10:24:35       -7.431571        2.0559
BFGS:   32 10:24:35       -7.742765        1.6886
BFGS:   33 10:24:35       -7.902798        1.3842
BFGS:   34 10:24:35       -7.954872        1.4208
BFGS:   35 10:24:35       -8.066092        1.0696
BFGS:   36 10:24:35       -8.174235        0.6472
BFGS:   37 10:24:35       -8.241161        1.2528
BFGS:   38 10:24:35       -8.296175        0.4335
BFGS:   39 10:24:35       -8.312069        0.4177
BFGS:   40 10:24:35       -8.334557        0.3505
BFGS:   41 10:24:35       -8.347091        0.3104
BFGS:   42 10:24:35       -8.358490        0.3579
BFGS:   43 10:24:35       -8.371402        0.4166
BFGS:   44 10:24:35       -8.388515        0.4582
BFGS:   45 10:24:35       -8.406322        0.3802
BFGS:   46 10:24:35       -8.421049        0.2705
BFGS:   47 10:24:35       -8.426735        0.2125
BFGS:   48 10:24:35       -8.430679        0.2127
BFGS:   49 10:24:35       -8.439152        0.2655
BFGS:   50 10:24:35       -8.449644        0.2587
BFGS:   51 10:24:35       -8.460629        0.3720
BFGS:   52 10:24:35       -8.474367        0.4567
BFGS:   53 10:24:35       -8.499948        0.7337
BFGS:   54 10:24:35       -8.534646        1.0755
BFGS:   55 10:24:35       -8.587919        1.0547
BFGS:   56 10:24:35       -8.683495        0.8745
BFGS:   57 10:24:35       -8.673525        0.7837
BFGS:   58 10:24:35       -8.760030        0.3635
BFGS:   59 10:24:35       -8.774941        0.5216
BFGS:   60 10:24:35       -8.801233        0.5605
BFGS:   61 10:24:35       -8.863943        0.9928
BFGS:   62 10:24:35       -8.888440        1.1262
BFGS:   63 10:24:35       -8.955550        0.6828
BFGS:   64 10:24:35       -9.004074        0.4120
BFGS:   65 10:24:35       -9.056947        0.4556
BFGS:   66 10:24:35       -9.064577        0.2763
BFGS:   67 10:24:35       -9.072603        0.2682
BFGS:   68 10:24:35       -9.085323        0.2106
BFGS:   69 10:24:35       -9.091433        0.1483
BFGS:   70 10:24:35       -9.094797        0.0847
BFGS:   71 10:24:35       -9.095512        0.0757
BFGS:   72 10:24:35       -9.095975        0.0656
BFGS:   73 10:24:35       -9.096388        0.0443
      Step     Time          Energy         fmax
BFGS:    0 10:24:35       19.184178       41.0359
BFGS:    1 10:24:35        0.242068       22.1871
BFGS:    2 10:24:35       -3.308975       11.6625
BFGS:    3 10:24:35       -5.712412        3.6206
BFGS:    4 10:24:35       -6.305900        2.2403
BFGS:    5 10:24:35       -6.721509        0.9408
BFGS:    6 10:24:35       -6.816356        0.5092
BFGS:    7 10:24:35       -6.855628        0.5641
BFGS:    8 10:24:35       -6.891880        0.5800
BFGS:    9 10:24:35       -6.947145        0.5929
BFGS:   10 10:24:35       -6.996710        0.6312
BFGS:   11 10:24:35       -7.033970        0.5940
BFGS:   12 10:24:35       -7.061855        0.4938
BFGS:   13 10:24:35       -7.078830        0.4516
BFGS:   14 10:24:35       -7.154589        0.4182
BFGS:   15 10:24:35       -7.195119        0.5462
BFGS:   16 10:24:35       -7.235904        0.6308
BFGS:   17 10:24:35       -7.293692        0.7541
BFGS:   18 10:24:35       -7.404861        1.0866
BFGS:   19 10:24:35       -7.481570        1.4719
BFGS:   20 10:24:35       -7.559973        1.1320
BFGS:   21 10:24:35       -7.689921        0.7697
BFGS:   22 10:24:35       -7.743577        0.7952
BFGS:   23 10:24:35       -7.813282        0.9939
BFGS:   24 10:24:35       -7.843053        1.5722
BFGS:   25 10:24:35       -7.800502        1.5506
BFGS:   26 10:24:35       -7.922439        0.4141
BFGS:   27 10:24:35       -7.975934        0.3281
BFGS:   28 10:24:35       -7.990479        0.5152
BFGS:   29 10:24:35       -8.004379        0.4487
BFGS:   30 10:24:35       -8.034780        0.2978
BFGS:   31 10:24:35       -8.045696        0.2896
BFGS:   32 10:24:35       -8.061569        0.3399
BFGS:   33 10:24:35       -8.074360        0.3076
BFGS:   34 10:24:35       -8.086481        0.3079
BFGS:   35 10:24:35       -8.097624        0.3202
BFGS:   36 10:24:35       -8.108502        0.3069
BFGS:   37 10:24:35       -8.118587        0.2746
BFGS:   38 10:24:35       -8.127521        0.2147
BFGS:   39 10:24:35       -8.133486        0.2184
BFGS:   40 10:24:35       -8.139470        0.1866
BFGS:   41 10:24:35       -8.145603        0.2530
BFGS:   42 10:24:35       -8.151161        0.2736
BFGS:   43 10:24:35       -8.157898        0.2687
BFGS:   44 10:24:35       -8.172105        0.4645
BFGS:   45 10:24:35       -8.222544        1.0511
BFGS:   46 10:24:35       -8.265110        1.7840
BFGS:   47 10:24:35       -8.307128        1.6006
BFGS:   48 10:24:35       -8.346525        1.0932
BFGS:   49 10:24:35       -8.411988        0.7547
BFGS:   50 10:24:35       -8.450723        0.4655
BFGS:   51 10:24:35       -8.476427        0.3411
BFGS:   52 10:24:35       -8.489953        0.3809
BFGS:   53 10:24:35       -8.506559        0.4680
BFGS:   54 10:24:35       -8.534550        0.6706
BFGS:   55 10:24:35       -8.575776        0.7714
BFGS:   56 10:24:35       -8.625166        0.9745
BFGS:   57 10:24:35       -8.634386        1.0180
BFGS:   58 10:24:35       -8.688373        0.8424
BFGS:   59 10:24:35       -8.740039        0.7117
BFGS:   60 10:24:35       -8.815927        0.4299
BFGS:   61 10:24:35       -8.842126        0.3960
BFGS:   62 10:24:35       -8.862504        0.2992
BFGS:   63 10:24:35       -8.873721        0.2405
BFGS:   64 10:24:35       -8.881948        0.2880
BFGS:   65 10:24:35       -8.893210        0.3142
BFGS:   66 10:24:35       -8.903416        0.2775
BFGS:   67 10:24:35       -8.912199        0.1735
BFGS:   68 10:24:35       -8.915871        0.1054
BFGS:   69 10:24:35       -8.917216        0.1055
BFGS:   70 10:24:35       -8.918829        0.1098
BFGS:   71 10:24:35       -8.920632        0.1124
BFGS:   72 10:24:35       -8.922562        0.1125
BFGS:   73 10:24:35       -8.924381        0.1563
BFGS:   74 10:24:35       -8.926646        0.2288
BFGS:   75 10:24:35       -8.932871        0.3945
BFGS:   76 10:24:35       -8.943151        0.9064
BFGS:   77 10:24:35       -8.951212        0.6295
BFGS:   78 10:24:35       -8.971597        0.6133
BFGS:   79 10:24:35       -8.846864        1.9281
BFGS:   80 10:24:35       -9.000605        0.3992
BFGS:   81 10:24:35       -9.012626        0.2959
BFGS:   82 10:24:35       -9.032556        0.2602
BFGS:   83 10:24:35       -9.043958        0.3202
BFGS:   84 10:24:35       -9.053261        0.2222
BFGS:   85 10:24:35       -9.064222        0.1737
BFGS:   86 10:24:35       -9.067601        0.1191
BFGS:   87 10:24:35       -9.069915        0.0808
BFGS:   88 10:24:35       -9.070324        0.0466
      Step     Time          Energy         fmax
BFGS:    0 10:24:35       17.035563       39.0909
BFGS:    1 10:24:35       -0.024201       12.7896
BFGS:    2 10:24:35       -3.942462        6.7200
BFGS:    3 10:24:35       -5.761134        3.3416
BFGS:    4 10:24:35       -6.321241        1.6914
BFGS:    5 10:24:35       -6.540970        0.7613
BFGS:    6 10:24:35       -6.624547        0.7615
BFGS:    7 10:24:35       -6.697794        0.8197
BFGS:    8 10:24:35       -6.811105        0.9000
BFGS:    9 10:24:35       -6.932269        1.1285
BFGS:   10 10:24:35       -7.050191        1.1973
BFGS:   11 10:24:35       -7.147535        2.7358
BFGS:   12 10:24:35       -7.323783        0.8088
BFGS:   13 10:24:35       -7.373106        0.6934
BFGS:   14 10:24:35       -7.428791        0.5961
BFGS:   15 10:24:35       -7.452691        0.5968
BFGS:   16 10:24:35       -7.483029        0.4062
BFGS:   17 10:24:35       -7.493468        0.3891
BFGS:   18 10:24:35       -7.505658        0.3536
BFGS:   19 10:24:35       -7.518712        0.2930
BFGS:   20 10:24:35       -7.526725        0.3385
BFGS:   21 10:24:35       -7.540693        0.3949
BFGS:   22 10:24:35       -7.572200        0.5945
BFGS:   23 10:24:35       -7.581514        1.2639
BFGS:   24 10:24:35       -7.635681        0.5602
BFGS:   25 10:24:35       -7.664936        0.4877
BFGS:   26 10:24:35       -7.682779        0.6357
BFGS:   27 10:24:35       -7.712398        0.3309
BFGS:   28 10:24:35       -7.723320        0.2966
BFGS:   29 10:24:35       -7.776591        0.4331
BFGS:   30 10:24:35       -7.794195        0.4871
BFGS:   31 10:24:35       -7.815056        0.4647
BFGS:   32 10:24:35       -7.836152        0.5164
BFGS:   33 10:24:35       -7.883847        0.5152
BFGS:   34 10:24:35       -7.911731        0.3872
BFGS:   35 10:24:35       -7.936636        0.4501
BFGS:   36 10:24:35       -7.964793        0.5708
BFGS:   37 10:24:35       -8.020089        0.7797
BFGS:   38 10:24:35       -8.000630        0.9990
BFGS:   39 10:24:35       -8.093200        0.7297
BFGS:   40 10:24:35       -8.127019        0.6479
BFGS:   41 10:24:35       -8.213513        0.6452
BFGS:   42 10:24:35       -8.253575        0.7260
BFGS:   43 10:24:35       -8.293042        0.7865
BFGS:   44 10:24:35       -8.369766        0.6754
BFGS:   45 10:24:35       -8.468578        0.9825
BFGS:   46 10:24:35       -8.502087        0.5606
BFGS:   47 10:24:35       -8.514494        0.5208
BFGS:   48 10:24:35       -8.540822        0.5633
BFGS:   49 10:24:35       -8.555321        0.5076
BFGS:   50 10:24:35       -8.574180        0.4895
BFGS:   51 10:24:35       -8.578506        0.4797
BFGS:   52 10:24:35       -8.590298        0.4197
BFGS:   53 10:24:35       -8.598979        0.3569
BFGS:   54 10:24:35       -8.605035        0.3813
BFGS:   55 10:24:35       -8.607963        0.4051
BFGS:   56 10:24:35       -8.610907        0.4251
BFGS:   57 10:24:35       -8.615900        0.4296
BFGS:   58 10:24:35       -8.624002        0.3966
BFGS:   59 10:24:35       -8.633648        0.3759
BFGS:   60 10:24:35       -8.642632        0.3839
BFGS:   61 10:24:35       -8.649964        0.3358
BFGS:   62 10:24:35       -8.660548        0.3027
BFGS:   63 10:24:35       -8.680625        0.3554
BFGS:   64 10:24:35       -8.705926        0.4887
BFGS:   65 10:24:35       -8.730733        0.5287
BFGS:   66 10:24:35       -8.747253        0.4830
BFGS:   67 10:24:35       -8.766595        0.4663
BFGS:   68 10:24:35       -8.808323        0.7669
BFGS:   69 10:24:35       -8.814294        1.0409
BFGS:   70 10:24:35       -8.842672        0.9764
BFGS:   71 10:24:35       -8.871514        0.7612
BFGS:   72 10:24:35       -8.916609        0.6786
BFGS:   73 10:24:35       -8.890303        1.3230
BFGS:   74 10:24:35       -8.957343        0.6820
BFGS:   75 10:24:35       -8.966152        0.6756
BFGS:   76 10:24:35       -8.979313        0.7531
BFGS:   77 10:24:35       -8.989223        0.7108
BFGS:   78 10:24:35       -9.006318        0.6512
BFGS:   79 10:24:35       -9.027024        0.6063
BFGS:   80 10:24:35       -9.035969        0.5680
BFGS:   81 10:24:35       -9.048134        0.4938
BFGS:   82 10:24:35       -9.055093        0.3950
BFGS:   83 10:24:35       -9.068578        0.2062
BFGS:   84 10:24:35       -9.074547        0.1326
BFGS:   85 10:24:35       -9.076705        0.1469
BFGS:   86 10:24:35       -9.078665        0.1490
BFGS:   87 10:24:35       -9.081601        0.1396
BFGS:   88 10:24:35       -9.085217        0.1392
BFGS:   89 10:24:35       -9.088491        0.1346
BFGS:   90 10:24:35       -9.090725        0.1435
BFGS:   91 10:24:35       -9.092521        0.1284
BFGS:   92 10:24:35       -9.094532        0.0922
BFGS:   93 10:24:35       -9.096205        0.0720
BFGS:   94 10:24:35       -9.096910        0.0332
      Step     Time          Energy         fmax
BFGS:    0 10:24:35       17.945361       28.2029
BFGS:    1 10:24:35        1.376783       12.0566
BFGS:    2 10:24:35       -2.083581        6.5856
BFGS:    3 10:24:35       -3.654700        2.2851
BFGS:    4 10:24:35       -4.159428        1.2862
BFGS:    5 10:24:35       -4.380350        0.5616
BFGS:    6 10:24:35       -4.428834        0.4051
BFGS:    7 10:24:35       -4.446718        0.4477
BFGS:    8 10:24:35       -4.468156        0.4763
BFGS:    9 10:24:35       -4.514661        0.4812
BFGS:   10 10:24:35       -4.592736        0.6419
BFGS:   11 10:24:35       -4.625947        0.6920
BFGS:   12 10:24:35       -4.693462        0.6772
BFGS:   13 10:24:35       -4.756349        0.6220
BFGS:   14 10:24:35       -4.816924        0.6631
BFGS:   15 10:24:35       -5.072977        1.3302
BFGS:   16 10:24:35       -5.308640        2.4391
BFGS:   17 10:24:35       -5.389264        2.7284
BFGS:   18 10:24:35       -5.554448        0.9331
BFGS:   19 10:24:35       -5.625678        0.9772
BFGS:   20 10:24:35       -5.749516        2.0417
BFGS:   21 10:24:35       -5.873195        1.2679
BFGS:   22 10:24:35       -6.074621        0.9625
BFGS:   23 10:24:35       -6.179001        0.9750
BFGS:   24 10:24:35       -6.282436        1.2958
BFGS:   25 10:24:35       -6.410354        1.1292
BFGS:   26 10:24:35       -6.530018        1.0840
BFGS:   27 10:24:35       -6.632785        1.5152
BFGS:   28 10:24:35       -6.705088        1.0153
BFGS:   29 10:24:35       -6.752157        0.8721
BFGS:   30 10:24:35       -6.740040        2.4889
BFGS:   31 10:24:35       -6.865165        0.4659
BFGS:   32 10:24:35       -6.901766        0.4482
BFGS:   33 10:24:35       -6.935216        0.8489
BFGS:   34 10:24:35       -6.963789        0.7995
BFGS:   35 10:24:35       -7.227909        0.6858
BFGS:   36 10:24:35       -7.266996        1.6140
BFGS:   37 10:24:35       -7.389788        0.8612
BFGS:   38 10:24:35       -7.434939        0.9265
BFGS:   39 10:24:35       -7.526602        1.0054
BFGS:   40 10:24:35       -7.577362        0.8650
BFGS:   41 10:24:35       -7.656751        0.6026
BFGS:   42 10:24:35       -7.689120        0.4475
BFGS:   43 10:24:35       -7.709518        0.3598
BFGS:   44 10:24:35       -7.724573        0.3455
BFGS:   45 10:24:35       -7.740874        0.4336
BFGS:   46 10:24:35       -7.764296        0.5631
BFGS:   47 10:24:35       -7.786952        0.6070
BFGS:   48 10:24:35       -7.818573        0.5481
BFGS:   49 10:24:35       -7.847002        0.6629
BFGS:   50 10:24:35       -7.887216        0.7257
BFGS:   51 10:24:35       -7.948202        0.9081
BFGS:   52 10:24:35       -8.005705        0.6386
BFGS:   53 10:24:35       -8.071154        0.4997
BFGS:   54 10:24:35       -8.100441        0.8421
BFGS:   55 10:24:35       -8.117626        0.5360
BFGS:   56 10:24:35       -8.136805        0.4034
BFGS:   57 10:24:35       -8.153164        0.4128
BFGS:   58 10:24:35       -8.193636        0.6791
BFGS:   59 10:24:35       -8.239152        0.6213
BFGS:   60 10:24:35       -8.294061        0.5807
BFGS:   61 10:24:35       -8.334469        0.5766
BFGS:   62 10:24:35       -8.367038        0.5408
BFGS:   63 10:24:35       -8.391750        0.5042
BFGS:   64 10:24:35       -8.423627        0.4296
BFGS:   65 10:24:35       -8.470636        0.3705
BFGS:   66 10:24:35       -8.484753        1.0795
BFGS:   67 10:24:35       -8.526809        0.3832
BFGS:   68 10:24:35       -8.541208        0.2993
BFGS:   69 10:24:35       -8.572785        0.5406
BFGS:   70 10:24:35       -8.596598        0.4780
BFGS:   71 10:24:35       -8.643659        0.7908
BFGS:   72 10:24:35       -8.673670        0.7063
BFGS:   73 10:24:35       -8.725789        0.5279
BFGS:   74 10:24:35       -8.769474        0.4519
BFGS:   75 10:24:35       -8.804852        0.4719
BFGS:   76 10:24:35       -8.818207        0.3937
BFGS:   77 10:24:35       -8.829928        0.3339
BFGS:   78 10:24:35       -8.842545        0.3163
BFGS:   79 10:24:35       -8.857871        0.2869
BFGS:   80 10:24:35       -8.873773        0.2657
BFGS:   81 10:24:35       -8.883771        0.2697
BFGS:   82 10:24:35       -8.890587        0.2372
BFGS:   83 10:24:35       -8.897369        0.1904
BFGS:   84 10:24:35       -8.905278        0.1891
BFGS:   85 10:24:35       -8.912461        0.1310
BFGS:   86 10:24:35       -8.916352        0.1115
BFGS:   87 10:24:35       -8.917622        0.1201
BFGS:   88 10:24:35       -8.919026        0.1280
BFGS:   89 10:24:35       -8.921998        0.1338
BFGS:   90 10:24:35       -8.927376        0.1418
BFGS:   91 10:24:35       -8.939436        0.1716
BFGS:   92 10:24:35       -8.964785        0.3938
BFGS:   93 10:24:35       -8.876612        0.6969
BFGS:   94 10:24:35       -8.970000        0.3128
BFGS:   95 10:24:35       -8.972695        0.3082
BFGS:   96 10:24:35       -8.977694        0.3203
BFGS:   97 10:24:35       -8.978446        0.2610
BFGS:   98 10:24:35       -8.979143        0.2586
BFGS:   99 10:24:35       -8.980891        0.2546
BFGS:  100 10:24:35       -8.982358        0.2576
BFGS:  101 10:24:35       -8.984569        0.2633
BFGS:  102 10:24:35       -8.987571        0.2632
BFGS:  103 10:24:35       -8.991367        0.2561
BFGS:  104 10:24:35       -8.995804        0.2445
BFGS:  105 10:24:35       -9.000890        0.2346
BFGS:  106 10:24:35       -9.006631        0.2380
BFGS:  107 10:24:35       -9.016321        0.3165
BFGS:  108 10:24:35       -9.029136        0.3750
BFGS:  109 10:24:36       -9.039144        0.3206
BFGS:  110 10:24:36       -9.050730        0.2295
BFGS:  111 10:24:36       -9.053381        0.2191
BFGS:  112 10:24:36       -9.060807        0.1736
BFGS:  113 10:24:36       -9.065307        0.1410
BFGS:  114 10:24:36       -9.068922        0.0887
BFGS:  115 10:24:36       -9.070192        0.0568
BFGS:  116 10:24:36       -9.070670        0.0405
      Step     Time          Energy         fmax
BFGS:    0 10:24:36       18.191842       32.7848
BFGS:    1 10:24:36        0.122509       10.5217
BFGS:    2 10:24:36       -2.681959        5.0604
BFGS:    3 10:24:36       -4.261285        2.6280
BFGS:    4 10:24:36       -4.859475        1.2821
BFGS:    5 10:24:36       -5.030327        0.6272
BFGS:    6 10:24:36       -5.069840        0.6383
BFGS:    7 10:24:36       -5.103209        0.7058
BFGS:    8 10:24:36       -5.207960        0.8657
BFGS:    9 10:24:36       -5.386363        1.0150
BFGS:   10 10:24:36       -5.461734        0.9772
BFGS:   11 10:24:36       -5.603960        1.3510
BFGS:   12 10:24:36       -5.656334        1.0850
BFGS:   13 10:24:36       -5.761712        0.6988
BFGS:   14 10:24:36       -5.819288        0.4427
BFGS:   15 10:24:36       -5.837582        0.6698
BFGS:   16 10:24:36       -5.862066        0.5657
BFGS:   17 10:24:36       -5.898942        0.4659
BFGS:   18 10:24:36       -5.946917        0.5781
BFGS:   19 10:24:36       -5.989783        0.5658
BFGS:   20 10:24:36       -6.048861        0.7541
BFGS:   21 10:24:36       -6.090390        1.0743
BFGS:   22 10:24:36       -6.148504        0.7433
BFGS:   23 10:24:36       -6.207081        0.7073
BFGS:   24 10:24:36       -6.316302        0.8777
BFGS:   25 10:24:36       -6.369560        0.8258
BFGS:   26 10:24:36       -6.401282        0.5119
BFGS:   27 10:24:36       -6.452102        0.5274
BFGS:   28 10:24:36       -6.485982        0.3802
BFGS:   29 10:24:36       -6.513280        0.3169
BFGS:   30 10:24:36       -6.530945        0.3883
BFGS:   31 10:24:36       -6.537112        0.3384
BFGS:   32 10:24:36       -6.546169        0.1919
BFGS:   33 10:24:36       -6.552208        0.2309
BFGS:   34 10:24:36       -6.561064        0.2624
BFGS:   35 10:24:36       -6.567138        0.2460
BFGS:   36 10:24:36       -6.579122        0.2787
BFGS:   37 10:24:36       -6.600888        0.3362
BFGS:   38 10:24:36       -6.666643        0.6648
BFGS:   39 10:24:36       -6.730651        1.4766
BFGS:   40 10:24:36       -6.914688        0.9554
BFGS:   41 10:24:36       -6.834659        1.6473
BFGS:   42 10:24:36       -7.039244        0.7464
BFGS:   43 10:24:36       -7.086703        0.6629
BFGS:   44 10:24:36       -7.147122        0.7472
BFGS:   45 10:24:36       -7.179307        0.6162
BFGS:   46 10:24:36       -7.239393        0.4714
BFGS:   47 10:24:36       -7.266325        0.4998
BFGS:   48 10:24:36       -7.316784        0.7463
BFGS:   49 10:24:36       -7.354275        0.8821
BFGS:   50 10:24:36       -7.399126        0.8405
BFGS:   51 10:24:36       -7.491640        0.3647
BFGS:   52 10:24:36       -7.515206        0.3597
BFGS:   53 10:24:36       -7.555054        0.4226
BFGS:   54 10:24:36       -7.577829        0.5342
BFGS:   55 10:24:36       -7.604527        0.6087
BFGS:   56 10:24:36       -7.656367        0.6304
BFGS:   57 10:24:36       -7.731121        0.6084
BFGS:   58 10:24:36       -7.776226        0.8636
BFGS:   59 10:24:36       -7.806603        1.2775
BFGS:   60 10:24:36       -7.878016        0.8389
BFGS:   61 10:24:36       -7.990158        1.1603
BFGS:   62 10:24:36       -8.052012        1.6446
BFGS:   63 10:24:36       -8.179273        0.6556
BFGS:   64 10:24:36       -8.263301        0.6086
BFGS:   65 10:24:36       -8.345781        1.0422
BFGS:   66 10:24:36       -8.399017        0.5599
BFGS:   67 10:24:36       -8.419093        0.5285
BFGS:   68 10:24:36       -8.456092        0.5449
BFGS:   69 10:24:36       -8.489395        0.3511
BFGS:   70 10:24:36       -8.524806        0.4286
BFGS:   71 10:24:36       -8.578014        0.6512
BFGS:   72 10:24:36       -8.610133        0.6447
BFGS:   73 10:24:36       -8.641401        0.6636
BFGS:   74 10:24:36       -8.705243        0.6439
BFGS:   75 10:24:36       -8.747565        0.5235
BFGS:   76 10:24:36       -8.770216        0.3901
BFGS:   77 10:24:36       -8.780882        0.2650
BFGS:   78 10:24:36       -8.785399        0.1964
BFGS:   79 10:24:36       -8.787618        0.1552
BFGS:   80 10:24:36       -8.789975        0.1127
BFGS:   81 10:24:36       -8.791425        0.0827
BFGS:   82 10:24:36       -8.792687        0.0772
BFGS:   83 10:24:36       -8.793660        0.0822
BFGS:   84 10:24:36       -8.794345        0.0718
BFGS:   85 10:24:36       -8.794794        0.0536
BFGS:   86 10:24:36       -8.795044        0.0359
      Step     Time          Energy         fmax
BFGS:    0 10:24:36       18.901647       39.8523
BFGS:    1 10:24:36        2.281590       12.5014
BFGS:    2 10:24:36       -1.669874       11.2838
BFGS:    3 10:24:36       -4.337126        4.0864
BFGS:    4 10:24:36       -4.998178        2.0747
BFGS:    5 10:24:36       -5.347575        0.7707
BFGS:    6 10:24:36       -5.430844        0.4923
BFGS:    7 10:24:36       -5.460418        0.5000
BFGS:    8 10:24:36       -5.485985        0.5648
BFGS:    9 10:24:36       -5.531457        0.6872
BFGS:   10 10:24:36       -5.595962        0.7820
BFGS:   11 10:24:36       -5.639646        0.9042
BFGS:   12 10:24:36       -5.702597        1.0868
BFGS:   13 10:24:36       -5.811799        1.8061
BFGS:   14 10:24:36       -5.868763        0.8899
BFGS:   15 10:24:36       -5.921153        0.7513
BFGS:   16 10:24:36       -6.023120        0.7469
BFGS:   17 10:24:36       -6.046785        0.5777
BFGS:   18 10:24:36       -6.091233        0.6249
BFGS:   19 10:24:36       -6.145839        0.7911
BFGS:   20 10:24:36       -6.212343        0.9896
BFGS:   21 10:24:36       -6.247332        1.0834
BFGS:   22 10:24:36       -6.294073        0.8896
BFGS:   23 10:24:36       -6.363890        0.6484
BFGS:   24 10:24:36       -6.418237        0.4840
BFGS:   25 10:24:36       -6.436520        0.3820
BFGS:   26 10:24:36       -6.445372        0.2606
BFGS:   27 10:24:36       -6.451138        0.2219
BFGS:   28 10:24:36       -6.456236        0.1520
BFGS:   29 10:24:36       -6.461533        0.1250
BFGS:   30 10:24:36       -6.462222        0.1126
BFGS:   31 10:24:36       -6.464545        0.1034
BFGS:   32 10:24:36       -6.466608        0.1041
BFGS:   33 10:24:36       -6.469349        0.1309
BFGS:   34 10:24:36       -6.471085        0.1279
BFGS:   35 10:24:36       -6.472924        0.1241
BFGS:   36 10:24:36       -6.475773        0.1887
BFGS:   37 10:24:36       -6.481568        0.2760
BFGS:   38 10:24:36       -6.491814        0.3672
BFGS:   39 10:24:36       -6.513414        0.4873
BFGS:   40 10:24:36       -6.550221        0.7784
BFGS:   41 10:24:36       -6.665451        0.9157
BFGS:   42 10:24:36       -6.852817        1.0545
BFGS:   43 10:24:36       -7.080789        0.7948
BFGS:   44 10:24:36       -7.080171        2.4649
BFGS:   45 10:24:36       -7.259082        0.9385
BFGS:   46 10:24:36       -7.393594        0.9923
BFGS:   47 10:24:36       -7.501768        1.5369
BFGS:   48 10:24:36       -7.618795        1.6468
BFGS:   49 10:24:36       -7.812285        1.1702
BFGS:   50 10:24:36       -7.997523        1.2942
BFGS:   51 10:24:36       -8.155754        0.7795
BFGS:   52 10:24:36       -8.230767        0.7277
BFGS:   53 10:24:36       -8.260959        0.6556
BFGS:   54 10:24:36       -8.297000        0.5825
BFGS:   55 10:24:36       -8.318573        0.5330
BFGS:   56 10:24:36       -8.337441        0.3561
BFGS:   57 10:24:36       -8.349477        0.2065
BFGS:   58 10:24:36       -8.360076        0.1976
BFGS:   59 10:24:36       -8.365061        0.1898
BFGS:   60 10:24:36       -8.368049        0.1858
BFGS:   61 10:24:36       -8.370209        0.1578
BFGS:   62 10:24:36       -8.372094        0.1038
BFGS:   63 10:24:36       -8.373684        0.0976
BFGS:   64 10:24:36       -8.374610        0.0830
BFGS:   65 10:24:36       -8.375443        0.0792
BFGS:   66 10:24:36       -8.376546        0.1063
BFGS:   67 10:24:36       -8.377985        0.1257
BFGS:   68 10:24:36       -8.379380        0.1202
BFGS:   69 10:24:36       -8.380446        0.1156
BFGS:   70 10:24:36       -8.381759        0.1389
BFGS:   71 10:24:36       -8.385365        0.2021
BFGS:   72 10:24:36       -8.399067        0.4421
BFGS:   73 10:24:36       -8.409671        0.4803
BFGS:   74 10:24:36       -8.424542        0.7092
BFGS:   75 10:24:36       -8.468211        0.3355
BFGS:   76 10:24:36       -8.476616        0.2539
BFGS:   77 10:24:36       -8.485113        0.2141
BFGS:   78 10:24:36       -8.489359        0.2037
BFGS:   79 10:24:36       -8.494292        0.1858
BFGS:   80 10:24:36       -8.500512        0.1747
BFGS:   81 10:24:36       -8.506170        0.2026
BFGS:   82 10:24:36       -8.509986        0.1688
BFGS:   83 10:24:36       -8.511210        0.1106
BFGS:   84 10:24:36       -8.511600        0.0743
BFGS:   85 10:24:36       -8.511993        0.0435
      Step     Time          Energy         fmax
BFGS:    0 10:24:36       17.855352       38.7319
BFGS:    1 10:24:36        3.757654       20.3994
BFGS:    2 10:24:36       -0.394392       14.5465
BFGS:    3 10:24:36       -3.863881        4.7469
BFGS:    4 10:24:36       -4.732842        2.1860
BFGS:    5 10:24:36       -5.263086        1.0181
BFGS:    6 10:24:36       -5.426467        0.6915
BFGS:    7 10:24:36       -5.483257        0.7197
BFGS:    8 10:24:36       -5.522160        0.7713
BFGS:    9 10:24:36       -5.586301        0.8427
BFGS:   10 10:24:36       -5.664381        0.7062
BFGS:   11 10:24:36       -5.714794        0.6223
BFGS:   12 10:24:36       -5.841639        0.7149
BFGS:   13 10:24:36       -5.868929        0.5402
BFGS:   14 10:24:36       -5.911247        0.4417
BFGS:   15 10:24:36       -6.017408        0.6998
BFGS:   16 10:24:36       -6.034436        0.6946
BFGS:   17 10:24:36       -6.058968        0.5756
BFGS:   18 10:24:36       -6.102686        0.5297
BFGS:   19 10:24:36       -6.116708        0.4355
BFGS:   20 10:24:36       -6.128046        0.2541
BFGS:   21 10:24:36       -6.141149        0.2779
BFGS:   22 10:24:36       -6.153363        0.3140
BFGS:   23 10:24:36       -6.176118        0.4452
BFGS:   24 10:24:36       -6.191495        0.4699
BFGS:   25 10:24:36       -6.206457        0.4336
BFGS:   26 10:24:36       -6.234328        0.5383
BFGS:   27 10:24:36       -6.273214        0.6724
BFGS:   28 10:24:36       -6.324345        0.9083
BFGS:   29 10:24:36       -6.379242        1.2104
BFGS:   30 10:24:36       -6.486398        1.0786
BFGS:   31 10:24:36       -6.520691        1.0834
BFGS:   32 10:24:36       -6.562437        0.9489
BFGS:   33 10:24:36       -6.608711        0.5824
BFGS:   34 10:24:36       -6.700467        0.5807
BFGS:   35 10:24:36       -6.809037        0.9708
BFGS:   36 10:24:36       -6.866713        0.7889
BFGS:   37 10:24:36       -6.912212        0.5242
BFGS:   38 10:24:36       -6.933306        0.3975
BFGS:   39 10:24:36       -6.964492        0.4277
BFGS:   40 10:24:36       -6.983004        0.4174
BFGS:   41 10:24:36       -6.997113        0.3752
BFGS:   42 10:24:36       -7.015239        0.3724
BFGS:   43 10:24:36       -7.048892        0.4738
BFGS:   44 10:24:36       -7.095804        0.6932
BFGS:   45 10:24:36       -7.129926        0.8182
BFGS:   46 10:24:36       -7.162496        0.5437
BFGS:   47 10:24:36       -7.199143        0.4271
BFGS:   48 10:24:36       -7.288424        1.3510
BFGS:   49 10:24:36       -7.337386        1.0081
BFGS:   50 10:24:36       -7.417296        0.5084
BFGS:   51 10:24:36       -7.488917        0.5359
BFGS:   52 10:24:36       -7.532359        0.4156
BFGS:   53 10:24:36       -7.562869        0.3654
BFGS:   54 10:24:36       -7.596956        0.3552
BFGS:   55 10:24:36       -7.610360        0.3092
BFGS:   56 10:24:36       -7.622773        0.3751
BFGS:   57 10:24:36       -7.637708        0.4142
BFGS:   58 10:24:36       -7.653162        0.3677
BFGS:   59 10:24:36       -7.666181        0.2542
BFGS:   60 10:24:36       -7.674082        0.2273
BFGS:   61 10:24:36       -7.678213        0.3058
BFGS:   62 10:24:36       -7.683875        0.2902
BFGS:   63 10:24:36       -7.693555        0.2637
BFGS:   64 10:24:36       -7.705538        0.2282
BFGS:   65 10:24:36       -7.715299        0.2178
BFGS:   66 10:24:36       -7.722186        0.2700
BFGS:   67 10:24:36       -7.727844        0.2820
BFGS:   68 10:24:36       -7.735355        0.2869
BFGS:   69 10:24:36       -7.750366        0.2708
BFGS:   70 10:24:36       -7.771300        0.2831
BFGS:   71 10:24:36       -7.801842        0.2907
BFGS:   72 10:24:36       -7.833467        0.3124
BFGS:   73 10:24:36       -7.857875        0.3970
BFGS:   74 10:24:36       -7.872899        0.4620
BFGS:   75 10:24:36       -7.881191        0.4716
BFGS:   76 10:24:36       -7.896195        0.5444
BFGS:   77 10:24:36       -7.923066        0.4704
BFGS:   78 10:24:36       -7.958655        0.4791
BFGS:   79 10:24:36       -7.963515        0.7564
BFGS:   80 10:24:36       -8.024430        0.7824
BFGS:   81 10:24:36       -8.076035        0.5029
BFGS:   82 10:24:36       -8.209127        0.5211
BFGS:   83 10:24:36       -8.323632        0.5362
BFGS:   84 10:24:36       -8.388586        0.5676
BFGS:   85 10:24:36       -8.448488        0.3490
BFGS:   86 10:24:36       -8.468374        0.3450
BFGS:   87 10:24:36       -8.474013        0.3352
BFGS:   88 10:24:36       -8.486360        0.3263
BFGS:   89 10:24:36       -8.513658        0.2998
BFGS:   90 10:24:36       -8.528690        0.3356
BFGS:   91 10:24:36       -8.540300        0.2238
BFGS:   92 10:24:36       -8.545504        0.1818
BFGS:   93 10:24:36       -8.548302        0.1596
BFGS:   94 10:24:36       -8.551205        0.1607
BFGS:   95 10:24:36       -8.558204        0.1622
BFGS:   96 10:24:36       -8.562253        0.2117
BFGS:   97 10:24:36       -8.566611        0.2677
BFGS:   98 10:24:36       -8.572647        0.3116
BFGS:   99 10:24:36       -8.583564        0.3286
BFGS:  100 10:24:36       -8.595724        0.2867
BFGS:  101 10:24:36       -8.604560        0.2361
BFGS:  102 10:24:36       -8.609321        0.1855
BFGS:  103 10:24:36       -8.611184        0.1881
BFGS:  104 10:24:36       -8.612241        0.1671
BFGS:  105 10:24:36       -8.613013        0.1322
BFGS:  106 10:24:36       -8.613825        0.0670
BFGS:  107 10:24:36       -8.614160        0.0349
      Step     Time          Energy         fmax
BFGS:    0 10:24:36       20.351674       36.4740
BFGS:    1 10:24:36        2.133236       15.4492
BFGS:    2 10:24:36       -2.991130        6.9811
BFGS:    3 10:24:36       -4.948544        3.5818
BFGS:    4 10:24:36       -6.002442        1.8227
BFGS:    5 10:24:36       -6.271594        0.9829
BFGS:    6 10:24:36       -6.356988        0.5594
BFGS:    7 10:24:36       -6.393168        0.5153
BFGS:    8 10:24:36       -6.443084        0.6129
BFGS:    9 10:24:36       -6.530426        0.8016
BFGS:   10 10:24:36       -6.619436        0.8674
BFGS:   11 10:24:36       -6.706175        1.0669
BFGS:   12 10:24:36       -6.805556        1.1963
BFGS:   13 10:24:36       -6.874334        0.7457
BFGS:   14 10:24:36       -6.937880        0.6760
BFGS:   15 10:24:36       -7.097459        0.6332
BFGS:   16 10:24:36       -7.120281        0.5071
BFGS:   17 10:24:36       -7.150419        0.4923
BFGS:   18 10:24:36       -7.234086        0.7582
BFGS:   19 10:24:36       -7.286199        0.8172
BFGS:   20 10:24:36       -7.337698        0.9742
BFGS:   21 10:24:36       -7.369817        0.6786
BFGS:   22 10:24:36       -7.408015        0.3822
BFGS:   23 10:24:36       -7.441302        0.3361
BFGS:   24 10:24:36       -7.453996        0.3879
BFGS:   25 10:24:36       -7.465946        0.4307
BFGS:   26 10:24:36       -7.493147        0.5198
BFGS:   27 10:24:36       -7.519306        0.5127
BFGS:   28 10:24:36       -7.544739        0.4648
BFGS:   29 10:24:36       -7.564355        0.4193
BFGS:   30 10:24:36       -7.587575        0.3355
BFGS:   31 10:24:36       -7.606813        0.3228
BFGS:   32 10:24:36       -7.619728        0.3167
BFGS:   33 10:24:36       -7.630351        0.3701
BFGS:   34 10:24:36       -7.643570        0.4487
BFGS:   35 10:24:36       -7.658755        0.4387
BFGS:   36 10:24:36       -7.675086        0.2978
BFGS:   37 10:24:36       -7.687662        0.2609
BFGS:   38 10:24:36       -7.691331        0.2413
BFGS:   39 10:24:36       -7.696878        0.1885
BFGS:   40 10:24:36       -7.700876        0.1362
BFGS:   41 10:24:36       -7.703277        0.1585
BFGS:   42 10:24:36       -7.704943        0.1887
BFGS:   43 10:24:36       -7.707176        0.1738
BFGS:   44 10:24:36       -7.709600        0.1162
BFGS:   45 10:24:36       -7.711210        0.0902
BFGS:   46 10:24:36       -7.712056        0.0938
BFGS:   47 10:24:36       -7.712981        0.1025
BFGS:   48 10:24:36       -7.715047        0.1214
BFGS:   49 10:24:36       -7.719448        0.1874
BFGS:   50 10:24:36       -7.728450        0.2905
BFGS:   51 10:24:36       -7.744423        0.5022
BFGS:   52 10:24:36       -7.763477        0.6872
BFGS:   53 10:24:36       -7.784027        0.8634
BFGS:   54 10:24:36       -7.803118        1.0273
BFGS:   55 10:24:36       -7.810536        1.1409
BFGS:   56 10:24:36       -7.829252        1.0311
BFGS:   57 10:24:36       -7.857963        0.9370
BFGS:   58 10:24:36       -7.905763        1.1380
BFGS:   59 10:24:36       -7.971642        1.1860
BFGS:   60 10:24:36       -8.059981        0.8612
BFGS:   61 10:24:36       -8.106730        0.8016
BFGS:   62 10:24:36       -8.136369        0.4988
BFGS:   63 10:24:36       -8.147161        0.4929
BFGS:   64 10:24:36       -8.206246        0.2776
BFGS:   65 10:24:36       -8.217883        0.2194
BFGS:   66 10:24:36       -8.228992        0.1669
BFGS:   67 10:24:36       -8.232067        0.1495
BFGS:   68 10:24:36       -8.234995        0.1641
BFGS:   69 10:24:36       -8.237910        0.1441
BFGS:   70 10:24:36       -8.246162        0.1728
BFGS:   71 10:24:36       -8.251462        0.1809
BFGS:   72 10:24:36       -8.254657        0.1398
BFGS:   73 10:24:36       -8.256383        0.1183
BFGS:   74 10:24:36       -8.258547        0.1192
BFGS:   75 10:24:36       -8.262487        0.1497
BFGS:   76 10:24:36       -8.270413        0.2715
BFGS:   77 10:24:36       -8.288533        0.5428
BFGS:   78 10:24:36       -8.315596        0.8726
BFGS:   79 10:24:36       -8.396756        0.7046
BFGS:   80 10:24:36       -8.424588        0.7697
BFGS:   81 10:24:36       -8.453110        0.7167
BFGS:   82 10:24:36       -8.484177        0.6899
BFGS:   83 10:24:36       -8.587578        0.6329
BFGS:   84 10:24:36       -8.615052        0.7999
BFGS:   85 10:24:36       -8.643467        0.5892
BFGS:   86 10:24:36       -8.677076        0.4430
BFGS:   87 10:24:36       -8.727567        0.4985
BFGS:   88 10:24:36       -8.759965        0.4768
BFGS:   89 10:24:36       -8.815860        0.6266
BFGS:   90 10:24:36       -8.858191        0.6129
BFGS:   91 10:24:36       -8.917016        0.4835
BFGS:   92 10:24:36       -8.951162        0.3510
BFGS:   93 10:24:36       -8.975380        0.3295
BFGS:   94 10:24:36       -8.991458        0.3662
BFGS:   95 10:24:36       -9.012249        0.3223
BFGS:   96 10:24:36       -9.045562        0.3418
BFGS:   97 10:24:36       -9.067208        0.3287
BFGS:   98 10:24:36       -9.080175        0.2442
BFGS:   99 10:24:36       -9.085014        0.1701
BFGS:  100 10:24:36       -9.091527        0.1347
BFGS:  101 10:24:36       -9.093810        0.1082
BFGS:  102 10:24:37       -9.095465        0.0925
BFGS:  103 10:24:37       -9.096371        0.0628
BFGS:  104 10:24:37       -9.096799        0.0311
      Step     Time          Energy         fmax
BFGS:    0 10:24:37       19.947958       41.4379
BFGS:    1 10:24:37        1.430967       16.1278
BFGS:    2 10:24:37       -2.100647       10.2087
BFGS:    3 10:24:37       -4.103183        3.8170
BFGS:    4 10:24:37       -4.941438        1.7169
BFGS:    5 10:24:37       -5.290140        0.7519
BFGS:    6 10:24:37       -5.391454        0.5810
BFGS:    7 10:24:37       -5.432468        0.6036
BFGS:    8 10:24:37       -5.474500        0.6499
BFGS:    9 10:24:37       -5.550875        0.6706
BFGS:   10 10:24:37       -5.632621        0.6872
BFGS:   11 10:24:37       -5.717866        0.7184
BFGS:   12 10:24:37       -5.786878        1.2384
BFGS:   13 10:24:37       -5.839981        0.7024
BFGS:   14 10:24:37       -5.860863        0.6197
BFGS:   15 10:24:37       -5.937575        0.6966
BFGS:   16 10:24:37       -5.957843        0.6241
BFGS:   17 10:24:37       -5.981391        0.3851
BFGS:   18 10:24:37       -6.019705        0.4991
BFGS:   19 10:24:37       -6.043994        0.5117
BFGS:   20 10:24:37       -6.068086        0.5607
BFGS:   21 10:24:37       -6.137918        1.0678
BFGS:   22 10:24:37       -6.230699        1.4476
BFGS:   23 10:24:37       -6.318160        1.5354
BFGS:   24 10:24:37       -6.440195        1.1224
BFGS:   25 10:24:37       -6.494362        0.9353
BFGS:   26 10:24:37       -6.554346        0.8666
BFGS:   27 10:24:37       -6.602552        0.7384
BFGS:   28 10:24:37       -6.678729        0.4654
BFGS:   29 10:24:37       -6.722636        0.6775
BFGS:   30 10:24:37       -6.748076        0.3519
BFGS:   31 10:24:37       -6.759655        0.3698
BFGS:   32 10:24:37       -6.786983        0.4666
BFGS:   33 10:24:37       -6.808875        0.5947
BFGS:   34 10:24:37       -6.847989        0.5944
BFGS:   35 10:24:37       -6.861773        0.4393
BFGS:   36 10:24:37       -6.871976        0.3204
BFGS:   37 10:24:37       -6.880345        0.3303
BFGS:   38 10:24:37       -6.903466        0.3940
BFGS:   39 10:24:37       -6.924362        0.4096
BFGS:   40 10:24:37       -6.940955        0.4443
BFGS:   41 10:24:37       -6.954545        0.4910
BFGS:   42 10:24:37       -6.967531        0.4898
BFGS:   43 10:24:37       -6.987304        0.4693
BFGS:   44 10:24:37       -7.032362        0.7104
BFGS:   45 10:24:37       -7.110201        1.0356
BFGS:   46 10:24:37       -7.143149        1.3135
BFGS:   47 10:24:37       -7.183960        0.8203
BFGS:   48 10:24:37       -7.223347        0.6955
BFGS:   49 10:24:37       -7.308432        0.5177
BFGS:   50 10:24:37       -7.341500        0.6484
BFGS:   51 10:24:37       -7.365152        0.4854
BFGS:   52 10:24:37       -7.385131        0.3624
BFGS:   53 10:24:37       -7.402675        0.3799
BFGS:   54 10:24:37       -7.422809        0.3602
BFGS:   55 10:24:37       -7.436579        0.3363
BFGS:   56 10:24:37       -7.448353        0.2940
BFGS:   57 10:24:37       -7.456384        0.2976
BFGS:   58 10:24:37       -7.467361        0.2879
BFGS:   59 10:24:37       -7.481983        0.3505
BFGS:   60 10:24:37       -7.500562        0.3886
BFGS:   61 10:24:37       -7.526323        0.4970
BFGS:   62 10:24:37       -7.564727        0.7610
BFGS:   63 10:24:37       -7.604829        0.8296
BFGS:   64 10:24:37       -7.607630        0.7316
BFGS:   65 10:24:37       -7.653586        0.6978
BFGS:   66 10:24:37       -7.685766        0.5564
BFGS:   67 10:24:37       -7.793670        0.5151
BFGS:   68 10:24:37       -7.881637        0.5729
BFGS:   69 10:24:37       -7.910479        0.3209
BFGS:   70 10:24:37       -7.926162        0.3117
BFGS:   71 10:24:37       -7.931950        0.2392
BFGS:   72 10:24:37       -7.936547        0.2302
BFGS:   73 10:24:37       -7.954300        0.3296
BFGS:   74 10:24:37       -7.991602        0.4971
BFGS:   75 10:24:37       -8.062476        0.7049
BFGS:   76 10:24:37       -8.109470        1.0218
BFGS:   77 10:24:37       -8.074507        2.5447
BFGS:   78 10:24:37       -8.377249        0.9700
BFGS:   79 10:24:37       -8.557377        0.9776
BFGS:   80 10:24:37       -8.760192        0.5839
BFGS:   81 10:24:37       -8.817859        0.5086
BFGS:   82 10:24:37       -8.852355        0.5129
BFGS:   83 10:24:37       -8.879793        0.4833
BFGS:   84 10:24:37       -8.905245        0.4971
BFGS:   85 10:24:37       -8.929586        0.4877
BFGS:   86 10:24:37       -8.964610        0.4183
BFGS:   87 10:24:37       -8.988973        0.4468
BFGS:   88 10:24:37       -9.011132        0.4639
BFGS:   89 10:24:37       -9.033522        0.4909
BFGS:   90 10:24:37       -9.060295        0.4618
BFGS:   91 10:24:37       -9.077291        0.2859
BFGS:   92 10:24:37       -9.087148        0.1164
BFGS:   93 10:24:37       -9.089464        0.1171
BFGS:   94 10:24:37       -9.090474        0.1100
BFGS:   95 10:24:37       -9.093196        0.0911
BFGS:   96 10:24:37       -9.095269        0.0604
BFGS:   97 10:24:37       -9.096479        0.0511
BFGS:   98 10:24:37       -9.096863        0.0258
      Step     Time          Energy         fmax
BFGS:    0 10:24:37       19.574827       48.1787
BFGS:    1 10:24:37        1.632840       18.5440
BFGS:    2 10:24:37       -2.272183        9.7924
BFGS:    3 10:24:37       -4.769142        3.8756
BFGS:    4 10:24:37       -5.567678        1.8895
BFGS:    5 10:24:37       -5.928255        0.8737
BFGS:    6 10:24:37       -6.046850        0.8523
BFGS:    7 10:24:37       -6.120595        0.8222
BFGS:    8 10:24:37       -6.211573        0.7880
BFGS:    9 10:24:37       -6.305623        0.8221
BFGS:   10 10:24:37       -6.384555        0.7908
BFGS:   11 10:24:37       -6.514427        1.9408
BFGS:   12 10:24:37       -6.634593        1.0405
BFGS:   13 10:24:37       -6.690946        0.8818
BFGS:   14 10:24:37       -6.978242        1.5467
BFGS:   15 10:24:37       -7.133325        1.7496
BFGS:   16 10:24:37       -7.261244        0.9840
BFGS:   17 10:24:37       -7.356364        0.9787
BFGS:   18 10:24:37       -7.452298        0.9930
BFGS:   19 10:24:37       -7.700546        0.7637
BFGS:   20 10:24:37       -7.741677        0.7204
BFGS:   21 10:24:37       -7.811132        0.6062
BFGS:   22 10:24:37       -7.842606        0.5994
BFGS:   23 10:24:37       -7.872122        0.3719
BFGS:   24 10:24:37       -7.879790        0.2187
BFGS:   25 10:24:37       -7.883089        0.2112
BFGS:   26 10:24:37       -7.886759        0.1663
BFGS:   27 10:24:37       -7.894751        0.1150
BFGS:   28 10:24:37       -7.896110        0.1365
BFGS:   29 10:24:37       -7.897901        0.1585
BFGS:   30 10:24:37       -7.900451        0.1577
BFGS:   31 10:24:37       -7.903149        0.1178
BFGS:   32 10:24:37       -7.905175        0.1330
BFGS:   33 10:24:37       -7.906719        0.1296
BFGS:   34 10:24:37       -7.908392        0.1079
BFGS:   35 10:24:37       -7.910052        0.0757
BFGS:   36 10:24:37       -7.911204        0.0885
BFGS:   37 10:24:37       -7.911891        0.0880
BFGS:   38 10:24:37       -7.912527        0.0815
BFGS:   39 10:24:37       -7.913360        0.0782
BFGS:   40 10:24:37       -7.914043        0.0650
BFGS:   41 10:24:37       -7.914352        0.0479
      Step     Time          Energy         fmax
BFGS:    0 10:24:37       19.404061       33.3775
BFGS:    1 10:24:37        1.361648       15.8739
BFGS:    2 10:24:37       -2.539883       11.3412
BFGS:    3 10:24:37       -4.566867        4.1461
BFGS:    4 10:24:37       -5.394860        1.6591
BFGS:    5 10:24:37       -5.661124        0.7077
BFGS:    6 10:24:37       -5.737493        0.6001
BFGS:    7 10:24:37       -5.778994        0.6996
BFGS:    8 10:24:37       -5.845575        0.8167
BFGS:    9 10:24:37       -5.980408        0.9034
BFGS:   10 10:24:37       -6.072709        1.0642
BFGS:   11 10:24:37       -6.233377        1.0041
BFGS:   12 10:24:37       -6.253862        2.6066
BFGS:   13 10:24:37       -6.530431        0.9269
BFGS:   14 10:24:37       -6.604787        0.8539
BFGS:   15 10:24:37       -6.706715        1.2949
BFGS:   16 10:24:37       -6.774313        0.6734
BFGS:   17 10:24:37       -6.867232        0.4821
BFGS:   18 10:24:37       -6.907494        0.4617
BFGS:   19 10:24:37       -6.931708        0.4489
BFGS:   20 10:24:37       -6.976534        0.4926
BFGS:   21 10:24:37       -7.014469        0.6551
BFGS:   22 10:24:37       -7.059197        0.8976
BFGS:   23 10:24:37       -7.096664        0.8392
BFGS:   24 10:24:37       -7.213678        1.1357
BFGS:   25 10:24:37       -7.276812        1.3204
BFGS:   26 10:24:37       -7.376211        0.8883
BFGS:   27 10:24:37       -7.526925        0.9696
BFGS:   28 10:24:37       -7.663648        1.8170
BFGS:   29 10:24:37       -7.771916        1.1182
BFGS:   30 10:24:37       -7.934290        0.9909
BFGS:   31 10:24:37       -7.962114        0.8506
BFGS:   32 10:24:37       -8.020429        0.5094
BFGS:   33 10:24:37       -8.061922        0.6120
BFGS:   34 10:24:37       -8.099917        0.6408
BFGS:   35 10:24:37       -8.133426        0.4632
BFGS:   36 10:24:37       -8.162772        0.4021
BFGS:   37 10:24:37       -8.175809        0.3770
BFGS:   38 10:24:37       -8.200952        0.2776
BFGS:   39 10:24:37       -8.210368        0.2542
BFGS:   40 10:24:37       -8.221800        0.2184
BFGS:   41 10:24:37       -8.230546        0.2429
BFGS:   42 10:24:37       -8.238381        0.2497
BFGS:   43 10:24:37       -8.243377        0.2243
BFGS:   44 10:24:37       -8.248195        0.1629
BFGS:   45 10:24:37       -8.252731        0.1489
BFGS:   46 10:24:37       -8.256108        0.1634
BFGS:   47 10:24:37       -8.259304        0.1999
BFGS:   48 10:24:37       -8.264373        0.2109
BFGS:   49 10:24:37       -8.273459        0.3096
BFGS:   50 10:24:37       -8.287269        0.4288
BFGS:   51 10:24:37       -8.307755        0.5201
BFGS:   52 10:24:37       -8.342540        0.6597
BFGS:   53 10:24:37       -8.378107        0.9022
BFGS:   54 10:24:37       -8.402138        1.0373
BFGS:   55 10:24:37       -8.456433        0.9956
BFGS:   56 10:24:37       -8.543066        0.8445
BFGS:   57 10:24:37       -8.649621        0.8207
BFGS:   58 10:24:37       -8.780042        1.1859
BFGS:   59 10:24:37       -8.524816        1.8284
BFGS:   60 10:24:37       -8.783537        0.6282
BFGS:   61 10:24:37       -8.838995        0.8781
BFGS:   62 10:24:37       -8.869584        0.4064
BFGS:   63 10:24:37       -8.885995        0.4051
BFGS:   64 10:24:37       -8.919537        0.5419
BFGS:   65 10:24:37       -8.950514        0.5738
BFGS:   66 10:24:37       -8.989024        0.5754
BFGS:   67 10:24:37       -9.018159        0.3591
BFGS:   68 10:24:37       -9.038177        0.2905
BFGS:   69 10:24:37       -9.050395        0.3076
BFGS:   70 10:24:37       -9.060268        0.2506
BFGS:   71 10:24:37       -9.070307        0.2377
BFGS:   72 10:24:37       -9.077811        0.2232
BFGS:   73 10:24:37       -9.082147        0.1734
BFGS:   74 10:24:37       -9.085638        0.1585
BFGS:   75 10:24:37       -9.089624        0.1098
BFGS:   76 10:24:37       -9.092817        0.0954
BFGS:   77 10:24:37       -9.094925        0.0843
BFGS:   78 10:24:37       -9.095922        0.0832
BFGS:   79 10:24:37       -9.096369        0.0613
BFGS:   80 10:24:37       -9.096665        0.0442
      Step     Time          Energy         fmax
BFGS:    0 10:24:37       17.520610       41.8918
BFGS:    1 10:24:37        0.201203       17.0065
BFGS:    2 10:24:37       -2.987280        8.4457
BFGS:    3 10:24:37       -5.175336        2.8249
BFGS:    4 10:24:37       -5.727273        1.6321
BFGS:    5 10:24:37       -6.004398        0.7658
BFGS:    6 10:24:37       -6.080078        0.5285
BFGS:    7 10:24:37       -6.114768        0.5894
BFGS:    8 10:24:37       -6.147289        0.6315
BFGS:    9 10:24:37       -6.192588        0.6077
BFGS:   10 10:24:37       -6.245546        0.6600
BFGS:   11 10:24:37       -6.287935        0.7158
BFGS:   12 10:24:37       -6.302072        0.5620
BFGS:   13 10:24:37       -6.322612        0.3573
BFGS:   14 10:24:37       -6.342113        0.3877
BFGS:   15 10:24:37       -6.356086        0.4229
BFGS:   16 10:24:37       -6.369365        0.3739
BFGS:   17 10:24:37       -6.390260        0.4681
BFGS:   18 10:24:37       -6.429706        0.6565
BFGS:   19 10:24:37       -6.503058        0.9567
BFGS:   20 10:24:37       -6.587096        1.4687
BFGS:   21 10:24:37       -6.659741        1.8003
BFGS:   22 10:24:37       -6.810878        1.6199
BFGS:   23 10:24:37       -6.960645        1.4277
BFGS:   24 10:24:37       -7.092047        0.7460
BFGS:   25 10:24:37       -7.212629        0.6543
BFGS:   26 10:24:37       -7.262683        0.7423
BFGS:   27 10:24:37       -7.292257        0.5159
BFGS:   28 10:24:37       -7.344445        0.6656
BFGS:   29 10:24:37       -7.386019        0.7628
BFGS:   30 10:24:37       -7.497717        1.0668
BFGS:   31 10:24:37       -7.634085        1.3379
BFGS:   32 10:24:37       -7.721432        1.4575
BFGS:   33 10:24:37       -7.848438        1.1155
BFGS:   34 10:24:37       -8.047046        1.0604
BFGS:   35 10:24:37       -8.101073        1.0651
BFGS:   36 10:24:37       -8.184378        0.5822
BFGS:   37 10:24:37       -8.232226        0.8510
BFGS:   38 10:24:37       -8.255310        0.5539
BFGS:   39 10:24:37       -8.277191        0.4217
BFGS:   40 10:24:37       -8.312966        0.4782
BFGS:   41 10:24:37       -8.352946        0.6664
BFGS:   42 10:24:37       -8.396779        0.7327
BFGS:   43 10:24:37       -8.429099        0.5132
BFGS:   44 10:24:37       -8.476795        0.5127
BFGS:   45 10:24:37       -8.496375        0.4973
BFGS:   46 10:24:37       -8.521941        0.3468
BFGS:   47 10:24:37       -8.532764        0.2863
BFGS:   48 10:24:37       -8.543014        0.3905
BFGS:   49 10:24:37       -8.550512        0.3731
BFGS:   50 10:24:37       -8.562031        0.3208
BFGS:   51 10:24:37       -8.577826        0.3093
BFGS:   52 10:24:37       -8.588126        0.2946
BFGS:   53 10:24:37       -8.593351        0.2112
BFGS:   54 10:24:37       -8.596643        0.1351
BFGS:   55 10:24:37       -8.599700        0.1201
BFGS:   56 10:24:37       -8.602696        0.1135
BFGS:   57 10:24:37       -8.604333        0.1310
BFGS:   58 10:24:37       -8.605713        0.1199
BFGS:   59 10:24:37       -8.607253        0.0994
BFGS:   60 10:24:37       -8.608887        0.0976
BFGS:   61 10:24:37       -8.610151        0.0851
BFGS:   62 10:24:37       -8.610831        0.0792
BFGS:   63 10:24:37       -8.611200        0.0716
BFGS:   64 10:24:37       -8.611623        0.0553
BFGS:   65 10:24:37       -8.612317        0.0457
      Step     Time          Energy         fmax
BFGS:    0 10:24:37       24.554426       50.7567
BFGS:    1 10:24:37        3.887380       20.0746
BFGS:    2 10:24:37       -0.030455       24.4087
BFGS:    3 10:24:37       -4.441933        4.1681
BFGS:    4 10:24:37       -5.043251        2.7137
BFGS:    5 10:24:37       -5.554310        1.1156
BFGS:    6 10:24:37       -5.647875        0.6447
BFGS:    7 10:24:37       -5.673254        0.4568
BFGS:    8 10:24:37       -5.687312        0.3723
BFGS:    9 10:24:37       -5.712986        0.4533
BFGS:   10 10:24:37       -5.751922        0.5728
BFGS:   11 10:24:37       -5.790664        0.6652
BFGS:   12 10:24:37       -5.817893        0.6905
BFGS:   13 10:24:37       -5.875168        0.8865
BFGS:   14 10:24:37       -5.959382        0.9516
BFGS:   15 10:24:37       -6.044225        1.2296
BFGS:   16 10:24:37       -6.104236        1.0341
BFGS:   17 10:24:37       -6.145050        0.6728
BFGS:   18 10:24:37       -6.175425        0.5343
BFGS:   19 10:24:37       -6.207191        0.4801
BFGS:   20 10:24:37       -6.265434        0.8060
BFGS:   21 10:24:37       -6.290375        0.4467
BFGS:   22 10:24:37       -6.308058        0.4201
BFGS:   23 10:24:37       -6.351629        0.4040
BFGS:   24 10:24:37       -6.365519        0.3018
BFGS:   25 10:24:37       -6.381440        0.2060
BFGS:   26 10:24:37       -6.387729        0.2282
BFGS:   27 10:24:37       -6.399932        0.2721
BFGS:   28 10:24:37       -6.413788        0.3306
BFGS:   29 10:24:37       -6.426475        0.3795
BFGS:   30 10:24:37       -6.437463        0.4042
BFGS:   31 10:24:37       -6.455135        0.4629
BFGS:   32 10:24:37       -6.503589        0.8706
BFGS:   33 10:24:37       -6.578994        1.4943
BFGS:   34 10:24:37       -6.612924        2.4879
BFGS:   35 10:24:37       -6.728178        0.7930
BFGS:   36 10:24:37       -6.766052        0.8980
BFGS:   37 10:24:37       -6.811391        1.2448
BFGS:   38 10:24:37       -6.861759        0.8696
BFGS:   39 10:24:37       -6.921846        0.5257
BFGS:   40 10:24:37       -6.937828        0.3912
BFGS:   41 10:24:37       -6.950302        0.4031
BFGS:   42 10:24:37       -6.994810        0.4433
BFGS:   43 10:24:37       -7.067380        0.6197
BFGS:   44 10:24:37       -7.148396        0.7958
BFGS:   45 10:24:37       -7.185565        0.8571
BFGS:   46 10:24:37       -7.236548        0.8825
BFGS:   47 10:24:37       -7.305353        0.8318
BFGS:   48 10:24:37       -7.401486        0.7669
BFGS:   49 10:24:37       -7.439450        0.7291
BFGS:   50 10:24:37       -7.515318        0.6649
BFGS:   51 10:24:37       -7.586786        0.5116
BFGS:   52 10:24:37       -7.652024        0.5147
BFGS:   53 10:24:37       -7.687876        0.4764
BFGS:   54 10:24:37       -7.698875        0.4141
BFGS:   55 10:24:37       -7.711126        0.3360
BFGS:   56 10:24:37       -7.726647        0.2265
BFGS:   57 10:24:37       -7.745992        0.1894
BFGS:   58 10:24:37       -7.751904        0.1592
BFGS:   59 10:24:37       -7.755150        0.1701
BFGS:   60 10:24:37       -7.757602        0.1682
BFGS:   61 10:24:37       -7.760582        0.1551
BFGS:   62 10:24:37       -7.764320        0.1293
BFGS:   63 10:24:37       -7.767104        0.1311
BFGS:   64 10:24:37       -7.769091        0.1528
BFGS:   65 10:24:37       -7.772068        0.2045
BFGS:   66 10:24:37       -7.779711        0.3140
BFGS:   67 10:24:37       -7.811171        0.5173
BFGS:   68 10:24:37       -7.876259        0.5363
BFGS:   69 10:24:37       -7.925775        0.9195
BFGS:   70 10:24:37       -7.963466        0.7195
BFGS:   71 10:24:37       -8.042610        0.6474
BFGS:   72 10:24:37       -8.000498        0.8710
BFGS:   73 10:24:37       -8.068155        0.5479
BFGS:   74 10:24:37       -8.081447        0.5496
BFGS:   75 10:24:37       -8.099763        0.5459
BFGS:   76 10:24:37       -8.130661        0.4578
BFGS:   77 10:24:37       -8.147762        0.3239
BFGS:   78 10:24:37       -8.162074        0.3085
BFGS:   79 10:24:37       -8.167504        0.2723
BFGS:   80 10:24:37       -8.172526        0.2015
BFGS:   81 10:24:37       -8.177725        0.1731
BFGS:   82 10:24:37       -8.181143        0.1109
BFGS:   83 10:24:37       -8.183407        0.1055
BFGS:   84 10:24:37       -8.184474        0.0982
BFGS:   85 10:24:37       -8.185447        0.0956
BFGS:   86 10:24:37       -8.187025        0.1324
BFGS:   87 10:24:37       -8.189972        0.1642
BFGS:   88 10:24:37       -8.194797        0.1847
BFGS:   89 10:24:37       -8.199918        0.2619
BFGS:   90 10:24:37       -8.202609        0.2750
BFGS:   91 10:24:37       -8.205171        0.2519
BFGS:   92 10:24:37       -8.210455        0.3052
BFGS:   93 10:24:37       -8.219374        0.3071
BFGS:   94 10:24:37       -8.240458        0.3596
BFGS:   95 10:24:37       -8.263486        0.5238
BFGS:   96 10:24:37       -8.288675        0.6776
BFGS:   97 10:24:37       -8.315652        0.7749
BFGS:   98 10:24:37       -8.368019        0.6943
BFGS:   99 10:24:37       -8.419686        0.5798
BFGS:  100 10:24:37       -8.417636        0.5318
BFGS:  101 10:24:38       -8.467774        0.4508
BFGS:  102 10:24:38       -8.480659        0.4468
BFGS:  103 10:24:38       -8.493616        0.4323
BFGS:  104 10:24:38       -8.510768        0.4131
BFGS:  105 10:24:38       -8.522812        0.4048
BFGS:  106 10:24:38       -8.553550        0.4194
BFGS:  107 10:24:38       -8.567583        0.2720
BFGS:  108 10:24:38       -8.572301        0.2332
BFGS:  109 10:24:38       -8.574468        0.2191
BFGS:  110 10:24:38       -8.575965        0.2264
BFGS:  111 10:24:38       -8.578197        0.2329
BFGS:  112 10:24:38       -8.582306        0.2199
BFGS:  113 10:24:38       -8.589811        0.1728
BFGS:  114 10:24:38       -8.598113        0.1574
BFGS:  115 10:24:38       -8.603656        0.1875
BFGS:  116 10:24:38       -8.606107        0.1627
BFGS:  117 10:24:38       -8.607388        0.1441
BFGS:  118 10:24:38       -8.609684        0.1180
BFGS:  119 10:24:38       -8.612201        0.1053
BFGS:  120 10:24:38       -8.614004        0.0465
      Step     Time          Energy         fmax
BFGS:    0 10:24:38       17.320272       31.2696
BFGS:    1 10:24:38        1.074392       14.1450
BFGS:    2 10:24:38       -2.680722        7.5662
BFGS:    3 10:24:38       -4.637119        2.7954
BFGS:    4 10:24:38       -5.218090        1.6517
BFGS:    5 10:24:38       -5.472298        0.8588
BFGS:    6 10:24:38       -5.542414        0.5296
BFGS:    7 10:24:38       -5.575301        0.5397
BFGS:    8 10:24:38       -5.613629        0.5305
BFGS:    9 10:24:38       -5.672139        0.6021
BFGS:   10 10:24:38       -5.745185        0.9380
BFGS:   11 10:24:38       -5.846940        1.3163
BFGS:   12 10:24:38       -5.924247        1.1603
BFGS:   13 10:24:38       -6.011933        1.0471
BFGS:   14 10:24:38       -6.157272        1.7626
BFGS:   15 10:24:38       -6.198011        0.8940
BFGS:   16 10:24:38       -6.265783        0.8089
BFGS:   17 10:24:38       -6.312849        0.9686
BFGS:   18 10:24:38       -6.369190        0.4250
BFGS:   19 10:24:38       -6.390742        0.3516
BFGS:   20 10:24:38       -6.407253        0.3779
BFGS:   21 10:24:38       -6.414582        0.3824
BFGS:   22 10:24:38       -6.456132        0.3969
BFGS:   23 10:24:38       -6.491333        0.3788
BFGS:   24 10:24:38       -6.533974        0.5296
BFGS:   25 10:24:38       -6.570978        0.7493
BFGS:   26 10:24:38       -6.604761        0.7843
BFGS:   27 10:24:38       -6.650543        0.7044
BFGS:   28 10:24:38       -6.733365        0.8520
BFGS:   29 10:24:38       -6.814704        0.9506
BFGS:   30 10:24:38       -6.888683        0.7716
BFGS:   31 10:24:38       -6.958446        0.8517
BFGS:   32 10:24:38       -7.040998        0.9093
BFGS:   33 10:24:38       -7.105964        0.8854
BFGS:   34 10:24:38       -7.124755        0.5239
BFGS:   35 10:24:38       -7.149487        0.3878
BFGS:   36 10:24:38       -7.182280        0.3163
BFGS:   37 10:24:38       -7.202530        0.3174
BFGS:   38 10:24:38       -7.218473        0.3390
BFGS:   39 10:24:38       -7.233151        0.3855
BFGS:   40 10:24:38       -7.248562        0.3368
BFGS:   41 10:24:38       -7.262052        0.3495
BFGS:   42 10:24:38       -7.273115        0.3294
BFGS:   43 10:24:38       -7.282042        0.3193
BFGS:   44 10:24:38       -7.290393        0.2372
BFGS:   45 10:24:38       -7.300011        0.1897
BFGS:   46 10:24:38       -7.309461        0.1596
BFGS:   47 10:24:38       -7.314123        0.1753
BFGS:   48 10:24:38       -7.316648        0.1721
BFGS:   49 10:24:38       -7.319949        0.1899
BFGS:   50 10:24:38       -7.324811        0.2149
BFGS:   51 10:24:38       -7.332164        0.2601
BFGS:   52 10:24:38       -7.344318        0.4350
BFGS:   53 10:24:38       -7.374599        0.7999
BFGS:   54 10:24:38       -7.409016        1.1051
BFGS:   55 10:24:38       -7.431481        1.4309
BFGS:   56 10:24:38       -7.459297        1.3508
BFGS:   57 10:24:38       -7.511789        0.8557
BFGS:   58 10:24:38       -7.561482        0.6717
BFGS:   59 10:24:38       -7.628635        0.6451
BFGS:   60 10:24:38       -7.505462        1.7429
BFGS:   61 10:24:38       -7.656340        0.2621
BFGS:   62 10:24:38       -7.663351        0.1882
BFGS:   63 10:24:38       -7.666378        0.1447
BFGS:   64 10:24:38       -7.669781        0.1258
BFGS:   65 10:24:38       -7.671226        0.1164
BFGS:   66 10:24:38       -7.674624        0.1340
BFGS:   67 10:24:38       -7.676375        0.1651
BFGS:   68 10:24:38       -7.679042        0.1995
BFGS:   69 10:24:38       -7.682383        0.2053
BFGS:   70 10:24:38       -7.688006        0.2790
BFGS:   71 10:24:38       -7.695760        0.2998
BFGS:   72 10:24:38       -7.706651        0.3140
BFGS:   73 10:24:38       -7.713610        0.2496
BFGS:   74 10:24:38       -7.718775        0.2413
BFGS:   75 10:24:38       -7.724752        0.2205
BFGS:   76 10:24:38       -7.728609        0.1221
BFGS:   77 10:24:38       -7.730801        0.0787
BFGS:   78 10:24:38       -7.731444        0.0411
      Step     Time          Energy         fmax
BFGS:    0 10:24:38       21.179419       41.5935
BFGS:    1 10:24:38        2.575369       12.4434
BFGS:    2 10:24:38       -2.231719        6.6808
BFGS:    3 10:24:38       -3.867325        3.3020
BFGS:    4 10:24:38       -4.623239        1.6276
BFGS:    5 10:24:38       -4.843768        0.7984
BFGS:    6 10:24:38       -4.894437        0.3923
BFGS:    7 10:24:38       -4.903104        0.2265
BFGS:    8 10:24:38       -4.907191        0.1726
BFGS:    9 10:24:38       -4.912844        0.1594
BFGS:   10 10:24:38       -4.917064        0.1246
BFGS:   11 10:24:38       -4.918920        0.1244
BFGS:   12 10:24:38       -4.920150        0.1453
BFGS:   13 10:24:38       -4.922230        0.1689
BFGS:   14 10:24:38       -4.926566        0.1889
BFGS:   15 10:24:38       -4.935773        0.3375
BFGS:   16 10:24:38       -4.951325        0.6160
BFGS:   17 10:24:38       -4.974954        0.9204
BFGS:   18 10:24:38       -5.013382        1.1615
BFGS:   19 10:24:38       -5.056889        1.3752
BFGS:   20 10:24:38       -5.091716        1.5881
BFGS:   21 10:24:38       -5.122940        1.0579
BFGS:   22 10:24:38       -5.139784        0.7297
BFGS:   23 10:24:38       -5.182619        0.7078
BFGS:   24 10:24:38       -5.261804        0.8214
BFGS:   25 10:24:38       -5.358530        0.8073
BFGS:   26 10:24:38       -5.500931        1.0738
BFGS:   27 10:24:38       -5.603705        0.9097
BFGS:   28 10:24:38       -5.675373        0.9117
BFGS:   29 10:24:38       -5.705494        0.8328
BFGS:   30 10:24:38       -5.789899        0.6500
BFGS:   31 10:24:38       -5.829821        0.8191
BFGS:   32 10:24:38       -5.852311        0.7086
BFGS:   33 10:24:38       -5.929895        0.4249
BFGS:   34 10:24:38       -5.978956        0.8978
BFGS:   35 10:24:38       -6.006237        0.8884
BFGS:   36 10:24:38       -6.077461        0.7485
BFGS:   37 10:24:38       -6.110434        0.6957
BFGS:   38 10:24:38       -6.131847        0.4767
BFGS:   39 10:24:38       -6.152912        0.4383
BFGS:   40 10:24:38       -6.186889        0.5025
BFGS:   41 10:24:38       -6.200636        0.2918
BFGS:   42 10:24:38       -6.206861        0.1719
BFGS:   43 10:24:38       -6.210139        0.1755
BFGS:   44 10:24:38       -6.214417        0.1908
BFGS:   45 10:24:38       -6.220836        0.2212
BFGS:   46 10:24:38       -6.227265        0.2545
BFGS:   47 10:24:38       -6.231877        0.2149
BFGS:   48 10:24:38       -6.235100        0.1340
BFGS:   49 10:24:38       -6.237151        0.1099
BFGS:   50 10:24:38       -6.237999        0.0834
BFGS:   51 10:24:38       -6.238437        0.0553
BFGS:   52 10:24:38       -6.238787        0.0405
      Step     Time          Energy         fmax
BFGS:    0 10:24:38       17.691644       38.5208
BFGS:    1 10:24:38        2.386514       15.7529
BFGS:    2 10:24:38       -1.410398       14.9539
BFGS:    3 10:24:38       -4.481525        3.5555
BFGS:    4 10:24:38       -5.214743        2.1865
BFGS:    5 10:24:38       -5.622308        1.0175
BFGS:    6 10:24:38       -5.742332        0.8424
BFGS:    7 10:24:38       -5.804843        0.7777
BFGS:    8 10:24:38       -5.875633        0.7280
BFGS:    9 10:24:38       -5.970509        0.6757
BFGS:   10 10:24:38       -6.022949        0.6061
BFGS:   11 10:24:38       -6.110449        0.4393
BFGS:   12 10:24:38       -6.123537        0.4240
BFGS:   13 10:24:38       -6.131373        0.3645
BFGS:   14 10:24:38       -6.201097        0.6276
BFGS:   15 10:24:38       -6.218291        0.6882
BFGS:   16 10:24:38       -6.257761        0.7758
BFGS:   17 10:24:38       -6.316668        0.8344
BFGS:   18 10:24:38       -6.364397        0.8088
BFGS:   19 10:24:38       -6.473693        0.6338
BFGS:   20 10:24:38       -6.503216        0.8040
BFGS:   21 10:24:38       -6.528527        0.5675
BFGS:   22 10:24:38       -6.544029        0.4112
BFGS:   23 10:24:38       -6.592014        0.4495
BFGS:   24 10:24:38       -6.609786        0.5234
BFGS:   25 10:24:38       -6.631483        0.5087
BFGS:   26 10:24:38       -6.679462        0.6879
BFGS:   27 10:24:38       -6.727531        1.2706
BFGS:   28 10:24:38       -6.795865        0.9629
BFGS:   29 10:24:38       -6.884895        0.6563
BFGS:   30 10:24:38       -6.819861        1.1738
BFGS:   31 10:24:38       -6.926210        0.4406
BFGS:   32 10:24:38       -6.958746        0.4692
BFGS:   33 10:24:38       -6.985953        0.4141
BFGS:   34 10:24:38       -7.067041        0.6408
BFGS:   35 10:24:38       -7.086653        0.3632
BFGS:   36 10:24:38       -7.105438        0.3610
BFGS:   37 10:24:38       -7.120524        0.3539
BFGS:   38 10:24:38       -7.153586        0.5391
BFGS:   39 10:24:38       -7.188599        0.7344
BFGS:   40 10:24:38       -7.234315        0.9146
BFGS:   41 10:24:38       -7.304142        1.0791
BFGS:   42 10:24:38       -7.365266        1.2493
BFGS:   43 10:24:38       -7.423796        1.2488
BFGS:   44 10:24:38       -7.504699        1.1086
BFGS:   45 10:24:38       -7.595248        1.0598
BFGS:   46 10:24:38       -7.672638        0.8789
BFGS:   47 10:24:38       -7.748441        1.3905
BFGS:   48 10:24:38       -7.820254        0.7213
BFGS:   49 10:24:38       -7.878465        0.8508
BFGS:   50 10:24:38       -7.943516        0.8627
BFGS:   51 10:24:38       -8.044138        0.8576
BFGS:   52 10:24:38       -8.121833        0.5404
BFGS:   53 10:24:38       -8.134972        0.8725
BFGS:   54 10:24:38       -8.186408        0.4070
BFGS:   55 10:24:38       -8.195042        0.3883
BFGS:   56 10:24:38       -8.206649        0.3434
BFGS:   57 10:24:38       -8.213359        0.2835
BFGS:   58 10:24:38       -8.224079        0.2153
BFGS:   59 10:24:38       -8.225603        0.2269
BFGS:   60 10:24:38       -8.227220        0.2241
BFGS:   61 10:24:38       -8.229022        0.2040
BFGS:   62 10:24:38       -8.230860        0.1734
BFGS:   63 10:24:38       -8.231959        0.1559
BFGS:   64 10:24:38       -8.232712        0.1429
BFGS:   65 10:24:38       -8.233413        0.1254
BFGS:   66 10:24:38       -8.234257        0.1159
BFGS:   67 10:24:38       -8.235042        0.1004
BFGS:   68 10:24:38       -8.235536        0.0788
BFGS:   69 10:24:38       -8.235842        0.0777
BFGS:   70 10:24:38       -8.236175        0.0745
BFGS:   71 10:24:38       -8.236662        0.0626
BFGS:   72 10:24:38       -8.237139        0.0416
      Step     Time          Energy         fmax
BFGS:    0 10:24:38       20.017427       29.0413
BFGS:    1 10:24:38        4.220588       16.8265
BFGS:    2 10:24:38       -0.427213       10.2315
BFGS:    3 10:24:38       -3.390039        3.9479
BFGS:    4 10:24:38       -4.520612        1.7988
BFGS:    5 10:24:38       -4.872698        0.9588
BFGS:    6 10:24:38       -4.969099        0.4886
BFGS:    7 10:24:38       -4.987021        0.3505
BFGS:    8 10:24:38       -4.995129        0.3651
BFGS:    9 10:24:38       -5.010114        0.3963
BFGS:   10 10:24:38       -5.039208        0.4328
BFGS:   11 10:24:38       -5.072350        0.5030
BFGS:   12 10:24:38       -5.089643        0.4954
BFGS:   13 10:24:38       -5.107525        0.3132
BFGS:   14 10:24:38       -5.112223        0.2925
BFGS:   15 10:24:38       -5.137205        0.3184
BFGS:   16 10:24:38       -5.141342        0.2867
BFGS:   17 10:24:38       -5.157663        0.2569
BFGS:   18 10:24:38       -5.168256        0.2751
BFGS:   19 10:24:38       -5.178428        0.3381
BFGS:   20 10:24:38       -5.191100        0.4022
BFGS:   21 10:24:38       -5.211318        0.5660
BFGS:   22 10:24:38       -5.234330        0.5937
BFGS:   23 10:24:38       -5.261714        0.4896
BFGS:   24 10:24:38       -5.301515        0.7166
BFGS:   25 10:24:38       -5.354753        1.1264
BFGS:   26 10:24:38       -5.372392        1.3573
BFGS:   27 10:24:38       -5.437129        0.9610
BFGS:   28 10:24:38       -5.513438        0.5590
BFGS:   29 10:24:38       -5.592425        0.7438
BFGS:   30 10:24:38       -5.612204        0.4068
BFGS:   31 10:24:38       -5.623432        0.3713
BFGS:   32 10:24:38       -5.694875        0.4047
BFGS:   33 10:24:38       -5.753313        0.4982
BFGS:   34 10:24:38       -5.892601        1.0055
BFGS:   35 10:24:38       -6.012140        1.5966
BFGS:   36 10:24:38       -6.044934        1.6501
BFGS:   37 10:24:38       -6.132063        1.7119
BFGS:   38 10:24:38       -6.251488        1.0039
BFGS:   39 10:24:38       -6.515365        1.1183
BFGS:   40 10:24:38       -6.740046        1.1189
BFGS:   41 10:24:38       -6.839343        1.1557
BFGS:   42 10:24:38       -6.937675        1.2012
BFGS:   43 10:24:38       -7.009544        0.7975
BFGS:   44 10:24:38       -7.140089        0.8308
BFGS:   45 10:24:38       -7.321171        0.7540
BFGS:   46 10:24:38       -7.384131        0.7939
BFGS:   47 10:24:38       -7.424369        0.6699
BFGS:   48 10:24:38       -7.448771        0.5795
BFGS:   49 10:24:38       -7.484511        0.6244
BFGS:   50 10:24:38       -7.528399        0.6307
BFGS:   51 10:24:38       -7.578877        0.6170
BFGS:   52 10:24:38       -7.623315        0.6377
BFGS:   53 10:24:38       -7.691415        0.8632
BFGS:   54 10:24:38       -7.801824        1.0588
BFGS:   55 10:24:38       -7.774574        1.3178
BFGS:   56 10:24:38       -7.874362        0.7402
BFGS:   57 10:24:38       -7.915553        0.5687
BFGS:   58 10:24:38       -7.977008        0.5782
BFGS:   59 10:24:38       -8.019722        0.6085
BFGS:   60 10:24:38       -8.070466        0.6294
BFGS:   61 10:24:38       -8.159431        0.8174
BFGS:   62 10:24:38       -8.213765        0.7622
BFGS:   63 10:24:38       -8.254101        0.7073
BFGS:   64 10:24:38       -8.304029        0.7142
BFGS:   65 10:24:38       -8.366788        0.5791
BFGS:   66 10:24:38       -8.426458        0.5336
BFGS:   67 10:24:38       -8.501793        0.6694
BFGS:   68 10:24:38       -8.535309        0.4522
BFGS:   69 10:24:38       -8.553665        0.3934
BFGS:   70 10:24:38       -8.571816        0.3677
BFGS:   71 10:24:38       -8.592311        0.3933
BFGS:   72 10:24:38       -8.613287        0.2379
BFGS:   73 10:24:38       -8.621569        0.2125
BFGS:   74 10:24:38       -8.626257        0.1926
BFGS:   75 10:24:38       -8.629704        0.1606
BFGS:   76 10:24:38       -8.632861        0.0973
BFGS:   77 10:24:38       -8.634322        0.1004
BFGS:   78 10:24:38       -8.635312        0.0801
BFGS:   79 10:24:38       -8.635940        0.0523
BFGS:   80 10:24:38       -8.636351        0.0528
BFGS:   81 10:24:38       -8.636751        0.0519
BFGS:   82 10:24:38       -8.637249        0.0536
BFGS:   83 10:24:38       -8.637858        0.0638
BFGS:   84 10:24:38       -8.638598        0.0700
BFGS:   85 10:24:38       -8.639646        0.0929
BFGS:   86 10:24:38       -8.641438        0.1364
BFGS:   87 10:24:38       -8.644680        0.1939
BFGS:   88 10:24:38       -8.650175        0.2484
BFGS:   89 10:24:38       -8.657983        0.3056
BFGS:   90 10:24:38       -8.671079        0.4495
BFGS:   91 10:24:38       -8.696996        0.5546
BFGS:   92 10:24:38       -8.730813        0.7667
BFGS:   93 10:24:38       -8.778648        1.2060
BFGS:   94 10:24:38       -8.820235        1.2361
BFGS:   95 10:24:38       -8.766263        2.1906
BFGS:   96 10:24:38       -9.004625        0.5754
BFGS:   97 10:24:38       -9.026269        0.4473
BFGS:   98 10:24:38       -9.048126        0.4537
BFGS:   99 10:24:38       -9.068787        0.3712
BFGS:  100 10:24:38       -9.078665        0.2644
BFGS:  101 10:24:38       -9.088394        0.1203
BFGS:  102 10:24:38       -9.091511        0.1106
BFGS:  103 10:24:38       -9.093133        0.0706
BFGS:  104 10:24:38       -9.093767        0.0718
BFGS:  105 10:24:38       -9.094466        0.0703
BFGS:  106 10:24:38       -9.095305        0.0569
BFGS:  107 10:24:38       -9.096144        0.0596
BFGS:  108 10:24:38       -9.096734        0.0464
      Step     Time          Energy         fmax
BFGS:    0 10:24:38       16.214870       34.8187
BFGS:    1 10:24:38       -0.366328       15.7239
BFGS:    2 10:24:38       -3.407956        8.4533
BFGS:    3 10:24:38       -5.372956        2.8680
BFGS:    4 10:24:38       -5.945141        1.5418
BFGS:    5 10:24:38       -6.231098        0.7934
BFGS:    6 10:24:38       -6.314878        0.6477
BFGS:    7 10:24:38       -6.366275        0.5562
BFGS:    8 10:24:38       -6.431675        0.6497
BFGS:    9 10:24:38       -6.522350        0.7313
BFGS:   10 10:24:38       -6.596696        0.7663
BFGS:   11 10:24:38       -6.647173        0.7299
BFGS:   12 10:24:38       -6.687654        0.6569
BFGS:   13 10:24:38       -6.765030        0.9452
BFGS:   14 10:24:38       -6.906054        1.3712
BFGS:   15 10:24:38       -7.007335        0.8457
BFGS:   16 10:24:38       -7.089372        0.7898
BFGS:   17 10:24:38       -7.121203        0.5672
BFGS:   18 10:24:38       -7.184394        0.6824
BFGS:   19 10:24:38       -7.297317        0.9495
BFGS:   20 10:24:38       -7.352005        0.7436
BFGS:   21 10:24:38       -7.404477        0.9965
BFGS:   22 10:24:38       -7.438037        0.9277
BFGS:   23 10:24:38       -7.504386        0.7954
BFGS:   24 10:24:38       -7.528201        0.6012
BFGS:   25 10:24:38       -7.554132        0.4518
BFGS:   26 10:24:38       -7.569866        0.5240
BFGS:   27 10:24:38       -7.599816        0.7597
BFGS:   28 10:24:38       -7.633714        0.8632
BFGS:   29 10:24:38       -7.675493        0.7665
BFGS:   30 10:24:38       -7.719134        0.8277
BFGS:   31 10:24:38       -7.769776        0.7647
BFGS:   32 10:24:38       -7.811085        0.5083
BFGS:   33 10:24:38       -7.845697        0.4394
BFGS:   34 10:24:38       -7.861850        0.3753
BFGS:   35 10:24:38       -7.874777        0.3119
BFGS:   36 10:24:38       -7.885767        0.2488
BFGS:   37 10:24:38       -7.894141        0.2109
BFGS:   38 10:24:38       -7.897581        0.2214
BFGS:   39 10:24:38       -7.901428        0.2285
BFGS:   40 10:24:38       -7.908086        0.2649
BFGS:   41 10:24:38       -7.919238        0.3136
BFGS:   42 10:24:38       -7.932817        0.2871
BFGS:   43 10:24:38       -7.948314        0.3902
BFGS:   44 10:24:38       -7.978399        0.5598
BFGS:   45 10:24:38       -8.010173        0.7143
BFGS:   46 10:24:38       -8.011140        0.8051
BFGS:   47 10:24:38       -8.035122        0.7450
BFGS:   48 10:24:38       -8.046708        0.7354
BFGS:   49 10:24:38       -8.068678        0.7360
BFGS:   50 10:24:38       -8.079791        0.6572
BFGS:   51 10:24:38       -8.119805        0.3675
BFGS:   52 10:24:38       -8.132465        0.2330
BFGS:   53 10:24:38       -8.146125        0.2364
BFGS:   54 10:24:38       -8.157165        0.2314
BFGS:   55 10:24:38       -8.162801        0.2354
BFGS:   56 10:24:38       -8.175183        0.2720
BFGS:   57 10:24:38       -8.187781        0.3592
BFGS:   58 10:24:38       -8.199474        0.3955
BFGS:   59 10:24:38       -8.213482        0.4322
BFGS:   60 10:24:39       -8.250086        0.4523
BFGS:   61 10:24:39       -8.286425        0.6914
BFGS:   62 10:24:39       -8.350334        0.7258
BFGS:   63 10:24:39       -8.441529        0.5826
BFGS:   64 10:24:39       -8.555790        0.6200
BFGS:   65 10:24:39       -8.598783        1.3278
BFGS:   66 10:24:39       -8.681029        1.0595
BFGS:   67 10:24:39       -8.764349        0.7535
BFGS:   68 10:24:39       -8.836557        0.6863
BFGS:   69 10:24:39       -8.898441        0.5696
BFGS:   70 10:24:39       -8.939353        0.5672
BFGS:   71 10:24:39       -8.983174        0.4963
BFGS:   72 10:24:39       -9.013289        0.4177
BFGS:   73 10:24:39       -9.025526        0.4112
BFGS:   74 10:24:39       -9.041477        0.3235
BFGS:   75 10:24:39       -9.054381        0.3232
BFGS:   76 10:24:39       -9.066179        0.1855
BFGS:   77 10:24:39       -9.074236        0.1899
BFGS:   78 10:24:39       -9.080966        0.1873
BFGS:   79 10:24:39       -9.088642        0.1552
BFGS:   80 10:24:39       -9.093331        0.1180
BFGS:   81 10:24:39       -9.094942        0.0725
BFGS:   82 10:24:39       -9.095516        0.0754
BFGS:   83 10:24:39       -9.095958        0.0799
BFGS:   84 10:24:39       -9.096376        0.0620
BFGS:   85 10:24:39       -9.096678        0.0453
      Step     Time          Energy         fmax
BFGS:    0 10:24:39       19.404876       29.0855
BFGS:    1 10:24:39        3.787244       17.4184
BFGS:    2 10:24:39       -0.492910        7.5590
BFGS:    3 10:24:39       -2.832980        2.3526
BFGS:    4 10:24:39       -3.489731        1.4696
BFGS:    5 10:24:39       -3.774320        0.7345
BFGS:    6 10:24:39       -3.830865        0.4171
BFGS:    7 10:24:39       -3.842214        0.2866
BFGS:    8 10:24:39       -3.848405        0.2222
BFGS:    9 10:24:39       -3.860836        0.3020
BFGS:   10 10:24:39       -3.881632        0.4408
BFGS:   11 10:24:39       -3.910744        0.5896
BFGS:   12 10:24:39       -3.941892        0.7716
BFGS:   13 10:24:39       -4.007235        1.4196
BFGS:   14 10:24:39       -4.085713        2.3003
BFGS:   15 10:24:39       -4.112795        2.6283
BFGS:   16 10:24:39       -4.296449        1.3575
BFGS:   17 10:24:39       -4.376876        0.7386
BFGS:   18 10:24:39       -4.433837        0.5831
BFGS:   19 10:24:39       -4.486863        0.7887
BFGS:   20 10:24:39       -4.573658        1.0201
BFGS:   21 10:24:39       -4.705029        1.2565
BFGS:   22 10:24:39       -4.768707        0.9433
BFGS:   23 10:24:39       -4.896933        1.0096
BFGS:   24 10:24:39       -5.169270        1.4981
BFGS:   25 10:24:39       -5.145615        2.6276
BFGS:   26 10:24:39       -5.318213        0.7357
BFGS:   27 10:24:39       -5.371800        1.2316
BFGS:   28 10:24:39       -5.457636        1.0580
BFGS:   29 10:24:39       -5.598220        1.4672
BFGS:   30 10:24:39       -5.684411        0.8741
BFGS:   31 10:24:39       -5.761207        0.6737
BFGS:   32 10:24:39       -5.814654        0.7665
BFGS:   33 10:24:39       -5.868176        0.6660
BFGS:   34 10:24:39       -5.899139        0.5733
BFGS:   35 10:24:39       -5.924340        0.4992
BFGS:   36 10:24:39       -5.957610        0.3631
BFGS:   37 10:24:39       -5.972236        0.4191
BFGS:   38 10:24:39       -5.982130        0.3889
BFGS:   39 10:24:39       -6.025137        0.4927
BFGS:   40 10:24:39       -6.059156        0.5653
BFGS:   41 10:24:39       -6.091964        0.5297
BFGS:   42 10:24:39       -6.121800        0.4980
BFGS:   43 10:24:39       -6.148326        0.6296
BFGS:   44 10:24:39       -6.198534        0.7029
BFGS:   45 10:24:39       -6.275861        1.0336
BFGS:   46 10:24:39       -6.343187        0.6406
BFGS:   47 10:24:39       -6.405471        0.5797
BFGS:   48 10:24:39       -6.433575        0.6195
BFGS:   49 10:24:39       -6.449357        0.6276
BFGS:   50 10:24:39       -6.477356        0.4546
BFGS:   51 10:24:39       -6.506993        0.3818
BFGS:   52 10:24:39       -6.518168        0.4330
BFGS:   53 10:24:39       -6.528012        0.4549
BFGS:   54 10:24:39       -6.543314        0.4512
BFGS:   55 10:24:39       -6.566240        0.4724
BFGS:   56 10:24:39       -6.629885        0.6360
BFGS:   57 10:24:39       -6.706894        0.6586
BFGS:   58 10:24:39       -6.691095        1.1549
BFGS:   59 10:24:39       -6.760573        0.6204
BFGS:   60 10:24:39       -6.792111        0.5867
BFGS:   61 10:24:39       -6.876244        1.1171
BFGS:   62 10:24:39       -6.915300        0.5352
BFGS:   63 10:24:39       -6.937973        0.3918
BFGS:   64 10:24:39       -6.975070        0.3658
BFGS:   65 10:24:39       -7.009942        0.3790
BFGS:   66 10:24:39       -7.021713        0.4031
BFGS:   67 10:24:39       -7.066257        0.5137
BFGS:   68 10:24:39       -7.104570        0.4802
BFGS:   69 10:24:39       -7.135829        0.6194
BFGS:   70 10:24:39       -7.174497        0.6473
BFGS:   71 10:24:39       -7.225030        0.8336
BFGS:   72 10:24:39       -7.330665        1.1607
BFGS:   73 10:24:39       -7.309276        1.4565
BFGS:   74 10:24:39       -7.444762        0.5484
BFGS:   75 10:24:39       -7.502410        0.5172
BFGS:   76 10:24:39       -7.577197        1.1047
BFGS:   77 10:24:39       -7.634537        0.4553
BFGS:   78 10:24:39       -7.664333        0.4676
BFGS:   79 10:24:39       -7.722730        0.6575
BFGS:   80 10:24:39       -7.760995        0.5246
BFGS:   81 10:24:39       -7.836649        0.5363
BFGS:   82 10:24:39       -7.936930        0.7450
BFGS:   83 10:24:39       -7.981273        0.7658
BFGS:   84 10:24:39       -8.040606        0.6612
BFGS:   85 10:24:39       -8.105715        0.7137
BFGS:   86 10:24:39       -8.197870        0.7483
BFGS:   87 10:24:39       -8.298238        0.9655
BFGS:   88 10:24:39       -8.339405        0.5027
BFGS:   89 10:24:39       -8.375678        0.5473
BFGS:   90 10:24:39       -8.397683        0.5987
BFGS:   91 10:24:39       -8.432955        0.5067
BFGS:   92 10:24:39       -8.505070        0.7125
BFGS:   93 10:24:39       -8.537878        0.4003
BFGS:   94 10:24:39       -8.558127        0.3047
BFGS:   95 10:24:39       -8.566831        0.2501
BFGS:   96 10:24:39       -8.576274        0.2141
BFGS:   97 10:24:39       -8.592096        0.2262
BFGS:   98 10:24:39       -8.597149        0.2124
BFGS:   99 10:24:39       -8.604560        0.2198
BFGS:  100 10:24:39       -8.611069        0.2358
BFGS:  101 10:24:39       -8.625735        0.3441
BFGS:  102 10:24:39       -8.657064        0.5291
BFGS:  103 10:24:39       -8.672315        0.7907
BFGS:  104 10:24:39       -8.704807        0.6072
BFGS:  105 10:24:39       -8.731019        0.4279
BFGS:  106 10:24:39       -8.757089        0.3090
BFGS:  107 10:24:39       -8.767667        0.2794
BFGS:  108 10:24:39       -8.781246        0.2304
BFGS:  109 10:24:39       -8.788313        0.1637
BFGS:  110 10:24:39       -8.792627        0.1190
BFGS:  111 10:24:39       -8.793802        0.0708
BFGS:  112 10:24:39       -8.794457        0.0607
BFGS:  113 10:24:39       -8.794788        0.0440
