       Step     Time          Energy         fmax
GPMin:    0 11:24:02       -6.787438        0.6615
GPMin:    1 11:24:09       -7.024303        0.2362
GPMin:    2 11:24:16       -7.105277        0.2056
GPMin:    3 11:24:22       -7.169348        0.1459
GPMin:    4 11:24:28       -7.200415        0.0842
GPMin:    5 11:24:33       -7.214095        0.0643
GPMin:    6 11:24:39       -7.227717        0.0368
GPMin:    7 11:24:44       -7.233996        0.0399
GPMin:    8 11:24:50       -7.236681        0.0285
GPMin:    9 11:24:56       -7.238101        0.0183
       Step     Time          Energy         fmax
GPMin:    0 11:25:05       -6.411709        0.4955
GPMin:    1 11:25:13       -6.647143        0.3461
GPMin:    2 11:25:19       -6.794578        0.2878
GPMin:    3 11:25:25       -6.904177        0.1976
GPMin:    4 11:25:32       -6.966579        0.1233
GPMin:    5 11:25:39       -7.003208        0.0949
GPMin:    6 11:25:45       -7.035714        0.0810
GPMin:    7 11:25:51       -7.069272        0.0767
GPMin:    8 11:25:58       -7.100448        0.0726
GPMin:    9 11:26:05       -7.131344        0.0786
GPMin:   10 11:26:11       -7.165912        0.0937
GPMin:   11 11:26:17       -7.202093        0.0924
GPMin:   12 11:26:23       -7.232022        0.0795
GPMin:   13 11:26:29       -7.253695        0.0636
GPMin:   14 11:26:34       -7.268730        0.0458
GPMin:   15 11:26:39       -7.276632        0.0367
GPMin:   16 11:26:45       -7.279652        0.0219
GPMin:   17 11:26:50       -7.280430        0.0189
       Step     Time          Energy         fmax
GPMin:    0 11:27:01       -6.416779        0.6291
GPMin:    1 11:27:09       -6.643078        0.2285
GPMin:    2 11:27:16       -6.736104        0.1823
GPMin:    3 11:27:23       -6.814889        0.2036
GPMin:    4 11:27:29       -6.891270        0.2228
GPMin:    5 11:27:35       -6.975973        0.2323
GPMin:    6 11:27:42       -7.065387        0.2247
GPMin:    7 11:27:49       -7.140302        0.1828
GPMin:    8 11:27:55       -7.191871        0.1127
GPMin:    9 11:28:01       -7.216863        0.0856
GPMin:   10 11:28:06       -7.227131        0.0697
GPMin:   11 11:28:12       -7.233049        0.0409
GPMin:   12 11:28:17       -7.237502        0.0361
GPMin:   13 11:28:22       -7.241599        0.0292
GPMin:   14 11:28:28       -7.246404        0.0316
GPMin:   15 11:28:34       -7.252203        0.0385
GPMin:   16 11:28:40       -7.258661        0.0350
GPMin:   17 11:28:45       -7.265101        0.0351
GPMin:   18 11:28:50       -7.271778        0.0353
GPMin:   19 11:28:56       -7.276884        0.0258
GPMin:   20 11:29:01       -7.279504        0.0185
       Step     Time          Energy         fmax
GPMin:    0 11:29:11       -6.231795        0.4513
GPMin:    1 11:29:19       -6.488487        0.3922
GPMin:    2 11:29:26       -6.636878        0.3965
GPMin:    3 11:29:32       -6.772392        0.3796
GPMin:    4 11:29:39       -6.888778        0.3127
GPMin:    5 11:29:46       -6.970719        0.1909
GPMin:    6 11:29:52       -7.014339        0.1112
GPMin:    7 11:29:58       -7.037561        0.1200
GPMin:    8 11:30:04       -7.062070        0.1201
GPMin:    9 11:30:10       -7.088385        0.1208
GPMin:   10 11:30:16       -7.118313        0.1170
GPMin:   11 11:30:22       -7.148222        0.0984
GPMin:   12 11:30:27       -7.168377        0.0639
GPMin:   13 11:30:32       -7.181571        0.0793
GPMin:   14 11:30:38       -7.196567        0.0894
GPMin:   15 11:30:44       -7.216613        0.0748
GPMin:   16 11:30:49       -7.236351        0.0722
GPMin:   17 11:30:54       -7.255100        0.0580
GPMin:   18 11:31:00       -7.270749        0.0431
GPMin:   19 11:31:05       -7.277674        0.0362
GPMin:   20 11:31:09       -7.279801        0.0254
GPMin:   21 11:31:14       -7.280775        0.0129
       Step     Time          Energy         fmax
GPMin:    0 11:31:23       -6.608648        0.9302
GPMin:    1 11:31:30       -6.948215        0.2332
GPMin:    2 11:31:36       -7.027233        0.1621
GPMin:    3 11:31:43       -7.060902        0.1401
GPMin:    4 11:31:49       -7.110751        0.1147
GPMin:    5 11:31:55       -7.155372        0.1044
GPMin:    6 11:32:00       -7.191610        0.1202
GPMin:    7 11:32:06       -7.222356        0.1215
GPMin:    8 11:32:12       -7.249502        0.1030
GPMin:    9 11:32:17       -7.268001        0.0650
GPMin:   10 11:32:23       -7.275265        0.0295
GPMin:   11 11:32:28       -7.277888        0.0345
GPMin:   12 11:32:33       -7.279617        0.0216
GPMin:   13 11:32:37       -7.280153        0.0118
       Step     Time          Energy         fmax
GPMin:    0 11:32:47       -5.966767        0.5377
GPMin:    1 11:32:53       -6.247852        0.2672
GPMin:    2 11:32:59       -6.374485        0.1734
GPMin:    3 11:33:06       -6.451935        0.1630
GPMin:    4 11:33:12       -6.505392        0.1618
GPMin:    5 11:33:18       -6.574384        0.1527
GPMin:    6 11:33:23       -6.631339        0.1475
GPMin:    7 11:33:29       -6.694395        0.1310
GPMin:    8 11:33:36       -6.736692        0.1296
GPMin:    9 11:33:41       -6.774027        0.1345
GPMin:   10 11:33:47       -6.805523        0.1010
GPMin:   11 11:33:52       -6.818426        0.0606
GPMin:   12 11:33:57       -6.826664        0.0522
GPMin:   13 11:34:02       -6.832628        0.0460
GPMin:   14 11:34:08       -6.839087        0.0328
GPMin:   15 11:34:13       -6.843097        0.0234
GPMin:   16 11:34:19       -6.847532        0.0293
GPMin:   17 11:34:24       -6.848766        0.0295
GPMin:   18 11:34:29       -6.851165        0.0146
       Step     Time          Energy         fmax
GPMin:    0 11:34:41       -6.229091        0.8776
GPMin:    1 11:34:47       -6.587436        0.2933
GPMin:    2 11:34:54       -6.708477        0.2770
GPMin:    3 11:35:01       -6.813368        0.2842
GPMin:    4 11:35:08       -6.913170        0.2721
GPMin:    5 11:35:13       -7.011283        0.2540
GPMin:    6 11:35:20       -7.100477        0.2186
GPMin:    7 11:35:25       -7.170070        0.1594
GPMin:    8 11:35:31       -7.213149        0.1046
GPMin:    9 11:35:36       -7.234671        0.0768
GPMin:   10 11:35:41       -7.245543        0.0536
GPMin:   11 11:35:46       -7.252958        0.0485
GPMin:   12 11:35:51       -7.258825        0.0416
GPMin:   13 11:35:57       -7.262857        0.0368
GPMin:   14 11:36:02       -7.268286        0.0420
GPMin:   15 11:36:07       -7.272472        0.0375
GPMin:   16 11:36:12       -7.276030        0.0258
GPMin:   17 11:36:18       -7.277620        0.0184
       Step     Time          Energy         fmax
GPMin:    0 11:36:28       -7.011550        0.5550
GPMin:    1 11:36:34       -7.180237        0.1072
GPMin:    2 11:36:40       -7.208067        0.1148
GPMin:    3 11:36:46       -7.240745        0.0575
GPMin:    4 11:36:51       -7.255805        0.0456
GPMin:    5 11:36:56       -7.264401        0.0296
GPMin:    6 11:37:02       -7.271451        0.0308
GPMin:    7 11:37:07       -7.277518        0.0199
       Step     Time          Energy         fmax
GPMin:    0 11:37:18       -6.888808        0.5074
GPMin:    1 11:37:24       -7.060457        0.1586
GPMin:    2 11:37:30       -7.115736        0.1389
GPMin:    3 11:37:37       -7.168585        0.1196
GPMin:    4 11:37:43       -7.201845        0.0908
GPMin:    5 11:37:49       -7.227789        0.0583
GPMin:    6 11:37:54       -7.238741        0.0305
GPMin:    7 11:37:59       -7.241934        0.0213
GPMin:    8 11:38:04       -7.244289        0.0238
GPMin:    9 11:38:09       -7.247704        0.0263
GPMin:   10 11:38:15       -7.255646        0.0307
GPMin:   11 11:38:21       -7.265226        0.0304
GPMin:   12 11:38:27       -7.273620        0.0269
GPMin:   13 11:38:32       -7.277745        0.0179
       Step     Time          Energy         fmax
GPMin:    0 11:38:44       -6.444162        0.3000
GPMin:    1 11:38:51       -6.666477        0.2516
GPMin:    2 11:38:57       -6.791309        0.2377
GPMin:    3 11:39:04       -6.879275        0.2323
GPMin:    4 11:39:10       -6.955560        0.2248
GPMin:    5 11:39:17       -7.026984        0.2068
GPMin:    6 11:39:22       -7.090255        0.1675
GPMin:    7 11:39:28       -7.148632        0.1006
GPMin:    8 11:39:34       -7.179868        0.1022
GPMin:    9 11:39:39       -7.202343        0.0784
GPMin:   10 11:39:44       -7.220373        0.0686
GPMin:   11 11:39:49       -7.231176        0.0494
GPMin:   12 11:39:54       -7.236825        0.0372
GPMin:   13 11:39:59       -7.240402        0.0312
GPMin:   14 11:40:04       -7.242791        0.0268
GPMin:   15 11:40:09       -7.244703        0.0277
GPMin:   16 11:40:14       -7.247173        0.0289
GPMin:   17 11:40:19       -7.251175        0.0346
GPMin:   18 11:40:25       -7.257877        0.0317
GPMin:   19 11:40:30       -7.266731        0.0386
GPMin:   20 11:40:36       -7.274129        0.0342
GPMin:   21 11:40:41       -7.277465        0.0256
GPMin:   22 11:40:46       -7.278675        0.0211
GPMin:   23 11:40:52       -7.279680        0.0176
       Step     Time          Energy         fmax
GPMin:    0 11:41:01       -6.799034        0.4940
GPMin:    1 11:41:09       -7.025428        0.2655
GPMin:    2 11:41:15       -7.105264        0.2024
GPMin:    3 11:41:21       -7.165659        0.1609
GPMin:    4 11:41:27       -7.216725        0.1092
GPMin:    5 11:41:33       -7.246606        0.0604
GPMin:    6 11:41:40       -7.262572        0.0417
GPMin:    7 11:41:45       -7.271717        0.0426
GPMin:    8 11:41:50       -7.275873        0.0285
GPMin:    9 11:41:56       -7.278260        0.0218
GPMin:   10 11:42:01       -7.279512        0.0152
       Step     Time          Energy         fmax
GPMin:    0 11:42:11       -6.798656        0.5331
GPMin:    1 11:42:18       -7.012633        0.2258
GPMin:    2 11:42:25       -7.082309        0.1204
GPMin:    3 11:42:31       -7.123616        0.0891
GPMin:    4 11:42:37       -7.143496        0.0753
GPMin:    5 11:42:43       -7.163226        0.0607
GPMin:    6 11:42:49       -7.178593        0.0587
GPMin:    7 11:42:55       -7.196922        0.0738
GPMin:    8 11:43:01       -7.220919        0.0913
GPMin:    9 11:43:07       -7.247212        0.0811
GPMin:   10 11:43:13       -7.267755        0.0523
GPMin:   11 11:43:18       -7.275320        0.0284
GPMin:   12 11:43:23       -7.277462        0.0215
GPMin:   13 11:43:29       -7.278878        0.0160
       Step     Time          Energy         fmax
GPMin:    0 11:43:40       -6.289547        0.4721
GPMin:    1 11:43:48       -6.504787        0.2645
GPMin:    2 11:43:56       -6.647573        0.2379
GPMin:    3 11:44:02       -6.786929        0.1913
GPMin:    4 11:44:09       -6.893382        0.1610
GPMin:    5 11:44:15       -6.963799        0.1240
GPMin:    6 11:44:21       -7.011875        0.1004
GPMin:    7 11:44:27       -7.050953        0.0977
GPMin:    8 11:44:33       -7.089850        0.0865
GPMin:    9 11:44:39       -7.126017        0.0785
GPMin:   10 11:44:45       -7.153850        0.0855
GPMin:   11 11:44:51       -7.174067        0.0885
GPMin:   12 11:44:57       -7.191191        0.0847
GPMin:   13 11:45:03       -7.209554        0.0781
GPMin:   14 11:45:10       -7.227417        0.0801
GPMin:   15 11:45:16       -7.247045        0.0836
GPMin:   16 11:45:22       -7.264189        0.0796
GPMin:   17 11:45:29       -7.274320        0.0542
GPMin:   18 11:45:34       -7.277549        0.0317
GPMin:   19 11:45:40       -7.279054        0.0229
GPMin:   20 11:45:45       -7.279915        0.0158
       Step     Time          Energy         fmax
GPMin:    0 11:45:58       -6.574233        0.7665
GPMin:    1 11:46:05       -6.834392        0.2153
GPMin:    2 11:46:12       -6.925831        0.2051
GPMin:    3 11:46:19       -7.007624        0.1764
GPMin:    4 11:46:26       -7.069083        0.1182
GPMin:    5 11:46:32       -7.109439        0.0632
GPMin:    6 11:46:38       -7.123075        0.0625
GPMin:    7 11:46:44       -7.130302        0.0467
GPMin:    8 11:46:50       -7.136021        0.0388
GPMin:    9 11:46:55       -7.139314        0.0276
GPMin:   10 11:47:01       -7.141238        0.0205
GPMin:   11 11:47:06       -7.142223        0.0194
       Step     Time          Energy         fmax
GPMin:    0 11:47:19       -6.531877        0.3091
GPMin:    1 11:47:27       -6.669989        0.1755
GPMin:    2 11:47:34       -6.757837        0.1672
GPMin:    3 11:47:40       -6.834281        0.1545
GPMin:    4 11:47:46       -6.910078        0.1213
GPMin:    5 11:47:52       -6.967556        0.0909
GPMin:    6 11:47:58       -7.004583        0.0893
GPMin:    7 11:48:05       -7.034232        0.0978
GPMin:    8 11:48:11       -7.066613        0.1088
GPMin:    9 11:48:17       -7.103807        0.1195
GPMin:   10 11:48:24       -7.142020        0.1231
GPMin:   11 11:48:30       -7.174701        0.1194
GPMin:   12 11:48:37       -7.204949        0.0998
GPMin:   13 11:48:43       -7.231464        0.0810
GPMin:   14 11:48:49       -7.251617        0.0730
GPMin:   15 11:48:54       -7.265922        0.0507
GPMin:   16 11:49:00       -7.274591        0.0359
GPMin:   17 11:49:06       -7.278059        0.0290
GPMin:   18 11:49:10       -7.279760        0.0161
       Step     Time          Energy         fmax
GPMin:    0 11:49:20       -6.608648        0.9302
GPMin:    1 11:49:28       -6.948214        0.2332
GPMin:    2 11:49:35       -7.027231        0.1622
GPMin:    3 11:49:41       -7.060900        0.1401
GPMin:    4 11:49:49       -7.110753        0.1147
GPMin:    5 11:49:55       -7.155370        0.1044
GPMin:    6 11:50:01       -7.191610        0.1202
GPMin:    7 11:50:07       -7.222357        0.1215
GPMin:    8 11:50:13       -7.249501        0.1030
GPMin:    9 11:50:19       -7.268001        0.0650
GPMin:   10 11:50:25       -7.275265        0.0295
GPMin:   11 11:50:31       -7.277888        0.0345
GPMin:   12 11:50:36       -7.279618        0.0216
GPMin:   13 11:50:41       -7.280153        0.0118
       Step     Time          Energy         fmax
GPMin:    0 11:50:56       -5.865737        0.6099
GPMin:    1 11:51:05       -6.272904        0.4070
GPMin:    2 11:51:13       -6.502474        0.3618
GPMin:    3 11:51:20       -6.660380        0.3179
GPMin:    4 11:51:26       -6.756802        0.2855
GPMin:    5 11:51:33       -6.886173        0.2221
GPMin:    6 11:51:39       -6.914967        0.2148
GPMin:    7 11:51:45       -6.967411        0.1988
GPMin:    8 11:51:51       -7.028578        0.1562
GPMin:    9 11:51:58       -7.071964        0.1102
GPMin:   10 11:52:04       -7.100640        0.0796
GPMin:   11 11:52:10       -7.120389        0.0719
GPMin:   12 11:52:16       -7.131265        0.0672
GPMin:   13 11:52:21       -7.140579        0.0576
GPMin:   14 11:52:27       -7.147149        0.0506
GPMin:   15 11:52:32       -7.153715        0.0457
GPMin:   16 11:52:38       -7.158938        0.0410
GPMin:   17 11:52:44       -7.165361        0.0442
GPMin:   18 11:52:50       -7.172901        0.0594
GPMin:   19 11:52:56       -7.185545        0.0717
GPMin:   20 11:53:02       -7.204689        0.0756
GPMin:   21 11:53:08       -7.227358        0.0717
GPMin:   22 11:53:14       -7.250823        0.0595
GPMin:   23 11:53:20       -7.266760        0.0542
GPMin:   24 11:53:26       -7.274205        0.0374
GPMin:   25 11:53:31       -7.276624        0.0258
GPMin:   26 11:53:37       -7.278023        0.0228
GPMin:   27 11:53:42       -7.278715        0.0183
       Step     Time          Energy         fmax
GPMin:    0 11:53:53       -6.625868        0.2029
GPMin:    1 11:53:59       -6.771790        0.1588
GPMin:    2 11:54:06       -6.835887        0.0798
GPMin:    3 11:54:11       -6.849012        0.0172
       Step     Time          Energy         fmax
GPMin:    0 11:54:22       -6.666923        0.5943
GPMin:    1 11:54:29       -6.861699        0.1860
GPMin:    2 11:54:36       -6.915883        0.0694
GPMin:    3 11:54:43       -6.927186        0.0614
GPMin:    4 11:54:50       -6.938902        0.0394
GPMin:    5 11:54:56       -6.944902        0.0379
GPMin:    6 11:55:02       -6.952520        0.0348
GPMin:    7 11:55:08       -6.964457        0.0449
GPMin:    8 11:55:14       -6.985649        0.0663
GPMin:    9 11:55:20       -7.019377        0.0865
GPMin:   10 11:55:27       -7.056331        0.0790
GPMin:   11 11:55:33       -7.081646        0.0420
GPMin:   12 11:55:39       -7.090835        0.0390
GPMin:   13 11:55:44       -7.096655        0.0418
GPMin:   14 11:55:50       -7.102640        0.0371
GPMin:   15 11:55:55       -7.107331        0.0210
GPMin:   16 11:56:01       -7.109363        0.0172
       Step     Time          Energy         fmax
GPMin:    0 11:56:12       -6.913163        0.3243
GPMin:    1 11:56:19       -7.076448        0.2303
GPMin:    2 11:56:26       -7.148311        0.1307
GPMin:    3 11:56:32       -7.182075        0.0965
GPMin:    4 11:56:39       -7.206423        0.0672
GPMin:    5 11:56:45       -7.226294        0.0624
GPMin:    6 11:56:51       -7.243496        0.0393
GPMin:    7 11:56:57       -7.255182        0.0403
GPMin:    8 11:57:04       -7.261488        0.0366
GPMin:    9 11:57:10       -7.267356        0.0305
GPMin:   10 11:57:16       -7.274331        0.0293
GPMin:   11 11:57:21       -7.278205        0.0180
       Step     Time          Energy         fmax
GPMin:    0 11:57:32       -6.574233        0.7665
GPMin:    1 11:57:40       -6.834397        0.2153
GPMin:    2 11:57:47       -6.925838        0.2050
GPMin:    3 11:57:53       -7.007624        0.1764
GPMin:    4 11:58:00       -7.069084        0.1182
GPMin:    5 11:58:07       -7.109440        0.0632
GPMin:    6 11:58:13       -7.123077        0.0625
GPMin:    7 11:58:18       -7.130303        0.0467
GPMin:    8 11:58:24       -7.136022        0.0388
GPMin:    9 11:58:30       -7.139314        0.0276
GPMin:   10 11:58:35       -7.141238        0.0205
GPMin:   11 11:58:40       -7.142224        0.0194
       Step     Time          Energy         fmax
GPMin:    0 11:58:52       -6.798656        0.5331
GPMin:    1 11:59:00       -7.012628        0.2258
GPMin:    2 11:59:06       -7.082301        0.1204
GPMin:    3 11:59:13       -7.123614        0.0891
GPMin:    4 11:59:19       -7.143492        0.0753
GPMin:    5 11:59:25       -7.163222        0.0607
GPMin:    6 11:59:31       -7.178589        0.0587
GPMin:    7 11:59:38       -7.196917        0.0738
GPMin:    8 11:59:44       -7.220912        0.0913
GPMin:    9 11:59:50       -7.247205        0.0811
GPMin:   10 11:59:56       -7.267752        0.0523
GPMin:   11 12:00:02       -7.275319        0.0284
GPMin:   12 12:00:06       -7.277461        0.0215
GPMin:   13 12:00:12       -7.278878        0.0160
       Step     Time          Energy         fmax
GPMin:    0 12:00:27       -6.089499        1.0017
GPMin:    1 12:00:34       -6.446888        0.3089
GPMin:    2 12:00:42       -6.556647        0.2534
GPMin:    3 12:00:49       -6.681746        0.2881
GPMin:    4 12:00:57       -6.814947        0.3089
GPMin:    5 12:01:04       -6.939608        0.3258
GPMin:    6 12:01:10       -7.047721        0.3276
GPMin:    7 12:01:16       -7.138365        0.3004
GPMin:    8 12:01:23       -7.211279        0.2270
GPMin:    9 12:01:29       -7.252629        0.1134
GPMin:   10 12:01:34       -7.264107        0.0718
GPMin:   11 12:01:40       -7.270571        0.0798
GPMin:   12 12:01:45       -7.276819        0.0382
GPMin:   13 12:01:51       -7.278729        0.0217
GPMin:   14 12:01:57       -7.279774        0.0145
       Step     Time          Energy         fmax
GPMin:    0 12:02:11       -6.180493        0.4996
GPMin:    1 12:02:20       -6.443947        0.3099
GPMin:    2 12:02:28       -6.601745        0.2758
GPMin:    3 12:02:35       -6.700937        0.2623
GPMin:    4 12:02:42       -6.765145        0.2485
GPMin:    5 12:02:49       -6.877308        0.1743
GPMin:    6 12:02:55       -6.905795        0.1601
GPMin:    7 12:03:01       -6.951381        0.1371
GPMin:    8 12:03:08       -6.990330        0.1156
GPMin:    9 12:03:15       -7.020097        0.1069
GPMin:   10 12:03:21       -7.053087        0.1177
GPMin:   11 12:03:27       -7.094082        0.1234
GPMin:   12 12:03:33       -7.139506        0.1179
GPMin:   13 12:03:39       -7.183629        0.1035
GPMin:   14 12:03:45       -7.218198        0.0845
GPMin:   15 12:03:51       -7.236063        0.0662
GPMin:   16 12:03:56       -7.242529        0.0488
GPMin:   17 12:04:02       -7.245437        0.0344
GPMin:   18 12:04:07       -7.248177        0.0377
GPMin:   19 12:04:13       -7.250202        0.0393
GPMin:   20 12:04:18       -7.255382        0.0451
GPMin:   21 12:04:24       -7.261472        0.0485
GPMin:   22 12:04:29       -7.268590        0.0433
GPMin:   23 12:04:35       -7.273545        0.0239
GPMin:   24 12:04:40       -7.275967        0.0258
GPMin:   25 12:04:46       -7.277918        0.0273
GPMin:   26 12:04:51       -7.278968        0.0166
       Step     Time          Energy         fmax
GPMin:    0 12:05:05       -5.832824        0.6674
GPMin:    1 12:05:12       -6.145378        0.2588
GPMin:    2 12:05:19       -6.250221        0.1244
GPMin:    3 12:05:25       -6.298601        0.1210
GPMin:    4 12:05:31       -6.325752        0.1218
GPMin:    5 12:05:37       -6.376013        0.1255
GPMin:    6 12:05:43       -6.403997        0.1325
GPMin:    7 12:05:48       -6.435660        0.1489
GPMin:    8 12:05:54       -6.480890        0.1762
GPMin:    9 12:05:59       -6.513003        0.1886
GPMin:   10 12:06:06       -6.615560        0.2055
GPMin:   11 12:06:13       -6.693798        0.2010
GPMin:   12 12:06:20       -6.758157        0.1593
GPMin:   13 12:06:26       -6.801744        0.0995
GPMin:   14 12:06:32       -6.826255        0.0484
GPMin:   15 12:06:38       -6.833522        0.0392
GPMin:   16 12:06:42       -6.836486        0.0379
GPMin:   17 12:06:48       -6.840412        0.0357
GPMin:   18 12:06:54       -6.842864        0.0315
GPMin:   19 12:06:59       -6.846731        0.0248
GPMin:   20 12:07:05       -6.848457        0.0179
       Step     Time          Energy         fmax
GPMin:    0 12:07:19       -6.593245        0.3060
GPMin:    1 12:07:26       -6.779710        0.2274
GPMin:    2 12:07:33       -6.896386        0.1536
GPMin:    3 12:07:39       -6.961276        0.1230
GPMin:    4 12:07:45       -6.997397        0.0831
GPMin:    5 12:07:51       -7.018353        0.0622
GPMin:    6 12:07:58       -7.037964        0.0715
GPMin:    7 12:08:03       -7.062514        0.0575
GPMin:    8 12:08:09       -7.083827        0.0451
GPMin:    9 12:08:15       -7.095849        0.0654
GPMin:   10 12:08:21       -7.104269        0.0645
GPMin:   11 12:08:27       -7.120375        0.0774
GPMin:   12 12:08:33       -7.140966        0.0904
GPMin:   13 12:08:39       -7.168328        0.1009
GPMin:   14 12:08:45       -7.204632        0.1161
GPMin:   15 12:08:52       -7.240722        0.1046
GPMin:   16 12:08:58       -7.260450        0.0699
GPMin:   17 12:09:03       -7.268621        0.0462
GPMin:   18 12:09:09       -7.273201        0.0418
GPMin:   19 12:09:14       -7.276105        0.0314
GPMin:   20 12:09:20       -7.278228        0.0196
       Step     Time          Energy         fmax
GPMin:    0 12:09:34       -6.972336        0.5996
GPMin:    1 12:09:41       -7.133388        0.1562
GPMin:    2 12:09:48       -7.166196        0.1398
GPMin:    3 12:09:55       -7.194972        0.0929
GPMin:    4 12:10:01       -7.213616        0.0682
GPMin:    5 12:10:07       -7.230896        0.0460
GPMin:    6 12:10:13       -7.244001        0.0328
GPMin:    7 12:10:19       -7.248184        0.0243
GPMin:    8 12:10:25       -7.252617        0.0358
GPMin:    9 12:10:31       -7.263235        0.0346
GPMin:   10 12:10:37       -7.272684        0.0276
GPMin:   11 12:10:43       -7.278131        0.0155
       Step     Time          Energy         fmax
GPMin:    0 12:10:54       -6.429783        0.3400
GPMin:    1 12:11:01       -6.613920        0.2287
GPMin:    2 12:11:08       -6.713037        0.2075
GPMin:    3 12:11:14       -6.780516        0.2169
GPMin:    4 12:11:21       -6.854314        0.2211
GPMin:    5 12:11:28       -6.938129        0.2075
GPMin:    6 12:11:35       -7.022478        0.1662
GPMin:    7 12:11:42       -7.081310        0.1009
GPMin:    8 12:11:48       -7.103106        0.0827
GPMin:    9 12:11:54       -7.116586        0.0720
GPMin:   10 12:12:00       -7.128771        0.0833
GPMin:   11 12:12:05       -7.147835        0.0776
GPMin:   12 12:12:12       -7.173262        0.0897
GPMin:   13 12:12:18       -7.202147        0.0948
GPMin:   14 12:12:24       -7.234997        0.0914
GPMin:   15 12:12:30       -7.262306        0.0672
GPMin:   16 12:12:36       -7.275587        0.0374
GPMin:   17 12:12:41       -7.279099        0.0314
GPMin:   18 12:12:47       -7.280337        0.0186
       Step     Time          Energy         fmax
GPMin:    0 12:12:58       -6.336393        0.4069
GPMin:    1 12:13:05       -6.544101        0.3445
GPMin:    2 12:13:11       -6.677403        0.2997
GPMin:    3 12:13:18       -6.798419        0.2495
GPMin:    4 12:13:25       -6.901369        0.1850
GPMin:    5 12:13:31       -6.974909        0.1559
GPMin:    6 12:13:37       -7.019305        0.1483
GPMin:    7 12:13:43       -7.047697        0.1306
GPMin:    8 12:13:49       -7.071342        0.0968
GPMin:    9 12:13:56       -7.087263        0.0496
GPMin:   10 12:14:01       -7.093086        0.0402
GPMin:   11 12:14:07       -7.098412        0.0436
GPMin:   12 12:14:12       -7.104677        0.0377
GPMin:   13 12:14:18       -7.108146        0.0255
GPMin:   14 12:14:23       -7.110529        0.0224
GPMin:   15 12:14:28       -7.111727        0.0131
       Step     Time          Energy         fmax
GPMin:    0 12:14:39       -6.913163        0.3244
GPMin:    1 12:14:46       -7.076443        0.2302
GPMin:    2 12:14:53       -7.148317        0.1307
GPMin:    3 12:14:59       -7.182086        0.0965
GPMin:    4 12:15:05       -7.206429        0.0672
GPMin:    5 12:15:11       -7.226300        0.0624
GPMin:    6 12:15:17       -7.243498        0.0393
GPMin:    7 12:15:23       -7.255183        0.0403
GPMin:    8 12:15:30       -7.261490        0.0366
GPMin:    9 12:15:36       -7.267357        0.0305
GPMin:   10 12:15:42       -7.274331        0.0292
GPMin:   11 12:15:48       -7.278205        0.0180
       Step     Time          Energy         fmax
GPMin:    0 12:15:58       -6.228830        0.6139
GPMin:    1 12:16:05       -6.614037        0.2676
GPMin:    2 12:16:12       -6.733740        0.1812
GPMin:    3 12:16:17       -6.793260        0.1387
GPMin:    4 12:16:24       -6.836174        0.0620
GPMin:    5 12:16:29       -6.847665        0.0349
GPMin:    6 12:16:34       -6.849383        0.0150
       Step     Time          Energy         fmax
GPMin:    0 12:16:45       -6.705809        0.2730
GPMin:    1 12:16:53       -6.887626        0.2192
GPMin:    2 12:17:00       -6.993820        0.1429
GPMin:    3 12:17:06       -7.050066        0.1109
GPMin:    4 12:17:13       -7.091027        0.0837
GPMin:    5 12:17:19       -7.118822        0.0849
GPMin:    6 12:17:25       -7.141192        0.0954
GPMin:    7 12:17:31       -7.164678        0.1097
GPMin:    8 12:17:37       -7.195592        0.1188
GPMin:    9 12:17:44       -7.233088        0.1048
GPMin:   10 12:17:51       -7.263458        0.0634
GPMin:   11 12:17:57       -7.276602        0.0385
GPMin:   12 12:18:02       -7.279989        0.0228
GPMin:   13 12:18:07       -7.280993        0.0120
       Step     Time          Energy         fmax
GPMin:    0 12:18:22       -6.870423        0.6882
GPMin:    1 12:18:29       -7.063139        0.1571
GPMin:    2 12:18:37       -7.116528        0.1278
GPMin:    3 12:18:43       -7.151121        0.1057
GPMin:    4 12:18:49       -7.185684        0.0860
GPMin:    5 12:18:55       -7.210382        0.0771
GPMin:    6 12:19:02       -7.234366        0.0594
GPMin:    7 12:19:08       -7.255770        0.0519
GPMin:    8 12:19:14       -7.272931        0.0404
GPMin:    9 12:19:19       -7.279939        0.0211
GPMin:   10 12:19:24       -7.281054        0.0083
       Step     Time          Energy         fmax
GPMin:    0 12:19:37       -6.694146        0.2816
GPMin:    1 12:19:44       -6.873563        0.2350
GPMin:    2 12:19:52       -6.971913        0.1642
GPMin:    3 12:19:59       -7.028433        0.1194
GPMin:    4 12:20:06       -7.070515        0.0927
GPMin:    5 12:20:12       -7.101302        0.0594
GPMin:    6 12:20:18       -7.121298        0.0550
GPMin:    7 12:20:24       -7.135686        0.0538
GPMin:    8 12:20:31       -7.148707        0.0464
GPMin:    9 12:20:37       -7.163009        0.0539
GPMin:   10 12:20:42       -7.179259        0.0737
GPMin:   11 12:20:48       -7.200835        0.0904
GPMin:   12 12:20:55       -7.230987        0.0902
GPMin:   13 12:21:01       -7.259012        0.0576
GPMin:   14 12:21:07       -7.273607        0.0520
GPMin:   15 12:21:12       -7.276950        0.0369
GPMin:   16 12:21:18       -7.278787        0.0195
       Step     Time          Energy         fmax
GPMin:    0 12:21:29       -6.714676        0.2973
GPMin:    1 12:21:36       -6.894712        0.1888
GPMin:    2 12:21:44       -6.996178        0.1568
GPMin:    3 12:21:50       -7.059974        0.1039
GPMin:    4 12:21:56       -7.093050        0.0682
GPMin:    5 12:22:01       -7.108715        0.0716
GPMin:    6 12:22:07       -7.125313        0.0783
GPMin:    7 12:22:12       -7.142049        0.0760
GPMin:    8 12:22:18       -7.157354        0.0486
GPMin:    9 12:22:24       -7.166712        0.0497
GPMin:   10 12:22:29       -7.175808        0.0666
GPMin:   11 12:22:36       -7.192441        0.0682
GPMin:   12 12:22:42       -7.216783        0.0698
GPMin:   13 12:22:49       -7.243020        0.0601
GPMin:   14 12:22:55       -7.262472        0.0514
GPMin:   15 12:23:01       -7.271284        0.0446
GPMin:   16 12:23:07       -7.275571        0.0404
GPMin:   17 12:23:12       -7.277924        0.0222
GPMin:   18 12:23:17       -7.279161        0.0203
GPMin:   19 12:23:22       -7.280228        0.0106
       Step     Time          Energy         fmax
GPMin:    0 12:23:33       -6.681053        0.5654
GPMin:    1 12:23:40       -6.830434        0.1147
GPMin:    2 12:23:52       -6.849100        0.0380
GPMin:    3 12:23:58       -6.850447        0.0060
       Step     Time          Energy         fmax
GPMin:    0 12:24:11       -6.515694        0.7839
GPMin:    1 12:24:18       -6.833719        0.2140
GPMin:    2 12:24:25       -6.927658        0.1737
GPMin:    3 12:24:31       -6.991119        0.1542
GPMin:    4 12:24:39       -7.051165        0.1072
GPMin:    5 12:24:45       -7.090486        0.0970
GPMin:    6 12:24:51       -7.111647        0.0849
GPMin:    7 12:24:58       -7.132493        0.0589
GPMin:    8 12:25:04       -7.145288        0.0366
GPMin:    9 12:25:09       -7.151455        0.0416
GPMin:   10 12:25:14       -7.157655        0.0584
GPMin:   11 12:25:20       -7.167314        0.0616
GPMin:   12 12:25:26       -7.183303        0.0654
GPMin:   13 12:25:32       -7.204906        0.0698
GPMin:   14 12:25:38       -7.231526        0.0695
GPMin:   15 12:25:45       -7.255735        0.0602
GPMin:   16 12:25:51       -7.271011        0.0557
GPMin:   17 12:25:57       -7.275155        0.0417
GPMin:   18 12:26:02       -7.276826        0.0271
GPMin:   19 12:26:08       -7.278779        0.0224
GPMin:   20 12:26:13       -7.279621        0.0178
       Step     Time          Energy         fmax
GPMin:    0 12:26:24       -6.463524        0.5650
GPMin:    1 12:26:33       -6.707767        0.2549
GPMin:    2 12:26:40       -6.807002        0.2530
GPMin:    3 12:26:47       -6.896357        0.2320
GPMin:    4 12:26:54       -6.965223        0.1877
GPMin:    5 12:27:00       -7.021058        0.1243
GPMin:    6 12:27:06       -7.053889        0.1152
GPMin:    7 12:27:13       -7.072936        0.0959
GPMin:    8 12:27:19       -7.082653        0.0487
GPMin:    9 12:27:24       -7.088048        0.0458
GPMin:   10 12:27:30       -7.094407        0.0432
GPMin:   11 12:27:35       -7.100819        0.0461
GPMin:   12 12:27:41       -7.105554        0.0391
GPMin:   13 12:27:47       -7.109387        0.0290
GPMin:   14 12:27:53       -7.111847        0.0147
       Step     Time          Energy         fmax
GPMin:    0 12:28:05       -6.714675        0.2974
GPMin:    1 12:28:13       -6.894705        0.1888
GPMin:    2 12:28:20       -6.996182        0.1568
GPMin:    3 12:28:26       -7.059981        0.1039
GPMin:    4 12:28:31       -7.093052        0.0682
GPMin:    5 12:28:36       -7.108720        0.0716
GPMin:    6 12:28:42       -7.125316        0.0783
GPMin:    7 12:28:48       -7.142051        0.0760
GPMin:    8 12:28:53       -7.157357        0.0486
GPMin:    9 12:28:59       -7.166719        0.0497
GPMin:   10 12:29:05       -7.175815        0.0666
GPMin:   11 12:29:11       -7.192451        0.0682
GPMin:   12 12:29:17       -7.216795        0.0698
GPMin:   13 12:29:23       -7.243034        0.0601
GPMin:   14 12:29:29       -7.262486        0.0514
GPMin:   15 12:29:35       -7.271294        0.0446
GPMin:   16 12:29:40       -7.275576        0.0404
GPMin:   17 12:29:46       -7.277928        0.0221
GPMin:   18 12:29:51       -7.279163        0.0203
GPMin:   19 12:29:56       -7.280229        0.0106
       Step     Time          Energy         fmax
GPMin:    0 12:30:10       -6.724491        0.5092
GPMin:    1 12:30:17       -6.968995        0.2434
GPMin:    2 12:30:23       -7.066653        0.2088
GPMin:    3 12:30:31       -7.140565        0.1237
GPMin:    4 12:30:37       -7.182515        0.0860
GPMin:    5 12:30:43       -7.206585        0.0691
GPMin:    6 12:30:50       -7.229726        0.0634
GPMin:    7 12:30:56       -7.248339        0.0521
GPMin:    8 12:31:02       -7.262393        0.0457
GPMin:    9 12:31:08       -7.271011        0.0345
GPMin:   10 12:31:13       -7.274427        0.0289
GPMin:   11 12:31:19       -7.277283        0.0217
GPMin:   12 12:31:25       -7.279077        0.0164
       Step     Time          Energy         fmax
GPMin:    0 12:31:35       -6.821965        0.2327
GPMin:    1 12:31:41       -6.945003        0.1535
GPMin:    2 12:31:48       -6.991229        0.1096
GPMin:    3 12:31:55       -7.026937        0.0876
GPMin:    4 12:32:01       -7.061769        0.0676
GPMin:    5 12:32:07       -7.089600        0.0567
GPMin:    6 12:32:13       -7.108424        0.0429
GPMin:    7 12:32:19       -7.118981        0.0378
GPMin:    8 12:32:25       -7.126973        0.0458
GPMin:    9 12:32:32       -7.134777        0.0514
GPMin:   10 12:32:38       -7.142669        0.0419
GPMin:   11 12:32:45       -7.148759        0.0365
GPMin:   12 12:32:50       -7.154257        0.0423
GPMin:   13 12:32:56       -7.165944        0.0545
GPMin:   14 12:33:02       -7.184004        0.0676
GPMin:   15 12:33:08       -7.212332        0.0663
GPMin:   16 12:33:14       -7.245938        0.0650
GPMin:   17 12:33:21       -7.267989        0.0399
GPMin:   18 12:33:26       -7.274689        0.0292
GPMin:   19 12:33:31       -7.276782        0.0268
GPMin:   20 12:33:37       -7.279139        0.0167
       Step     Time          Energy         fmax
GPMin:    0 12:33:46       -6.837630        0.4577
GPMin:    1 12:33:52       -6.980265        0.1532
GPMin:    2 12:33:59       -7.056164        0.1492
GPMin:    3 12:34:06       -7.120162        0.1124
GPMin:    4 12:34:12       -7.173838        0.0997
GPMin:    5 12:34:19       -7.218777        0.0794
GPMin:    6 12:34:25       -7.249617        0.0671
GPMin:    7 12:34:31       -7.269365        0.0478
GPMin:    8 12:34:37       -7.276527        0.0267
GPMin:    9 12:34:42       -7.279095        0.0198
       Step     Time          Energy         fmax
GPMin:    0 12:34:53       -6.283191        0.5317
GPMin:    1 12:35:00       -6.511562        0.3742
GPMin:    2 12:35:07       -6.682353        0.3384
GPMin:    3 12:35:13       -6.831903        0.2597
GPMin:    4 12:35:20       -6.933612        0.1721
GPMin:    5 12:35:27       -6.997764        0.1294
GPMin:    6 12:35:33       -7.043274        0.1195
GPMin:    7 12:35:39       -7.070264        0.1075
GPMin:    8 12:35:45       -7.086748        0.1085
GPMin:    9 12:35:51       -7.105978        0.1176
GPMin:   10 12:35:57       -7.134509        0.1272
GPMin:   11 12:36:03       -7.169252        0.1320
GPMin:   12 12:36:09       -7.205235        0.1218
GPMin:   13 12:36:15       -7.237534        0.0921
GPMin:   14 12:36:21       -7.255829        0.0576
GPMin:   15 12:36:27       -7.266746        0.0555
GPMin:   16 12:36:33       -7.272082        0.0498
GPMin:   17 12:36:38       -7.275968        0.0318
GPMin:   18 12:36:44       -7.278074        0.0207
GPMin:   19 12:36:48       -7.279107        0.0221
GPMin:   20 12:36:53       -7.279858        0.0123
       Step     Time          Energy         fmax
GPMin:    0 12:37:03       -6.967019        0.4805
GPMin:    1 12:37:10       -7.105489        0.1153
GPMin:    2 12:37:17       -7.132961        0.1358
GPMin:    3 12:37:23       -7.175679        0.0947
GPMin:    4 12:37:30       -7.207850        0.0658
GPMin:    5 12:37:36       -7.232888        0.0622
GPMin:    6 12:37:41       -7.253178        0.0564
GPMin:    7 12:37:47       -7.266169        0.0380
GPMin:    8 12:37:53       -7.272972        0.0364
GPMin:    9 12:37:59       -7.277431        0.0289
GPMin:   10 12:38:03       -7.279184        0.0198
       Step     Time          Energy         fmax
GPMin:    0 12:38:14       -6.305333        0.4132
GPMin:    1 12:38:22       -6.541182        0.3878
GPMin:    2 12:38:28       -6.706042        0.3510
GPMin:    3 12:38:35       -6.841610        0.2779
GPMin:    4 12:38:41       -6.932902        0.1947
GPMin:    5 12:38:47       -6.990498        0.1613
GPMin:    6 12:38:54       -7.042730        0.1153
GPMin:    7 12:39:00       -7.079522        0.0822
GPMin:    8 12:39:06       -7.099689        0.0609
GPMin:    9 12:39:12       -7.108618        0.0329
GPMin:   10 12:39:18       -7.111475        0.0318
GPMin:   11 12:39:23       -7.113963        0.0254
GPMin:   12 12:39:28       -7.115446        0.0189
       Step     Time          Energy         fmax
GPMin:    0 12:39:39       -6.988902        0.2723
GPMin:    1 12:39:46       -7.064255        0.2424
GPMin:    2 12:39:54       -7.111045        0.1271
GPMin:    3 12:40:00       -7.133244        0.0469
GPMin:    4 12:40:06       -7.139872        0.0272
GPMin:    5 12:40:12       -7.144104        0.0223
GPMin:    6 12:40:18       -7.148770        0.0341
GPMin:    7 12:40:23       -7.158812        0.0386
GPMin:    8 12:40:29       -7.176276        0.0501
GPMin:    9 12:40:36       -7.203629        0.0696
GPMin:   10 12:40:42       -7.240010        0.0719
GPMin:   11 12:40:49       -7.266116        0.0481
GPMin:   12 12:40:55       -7.275220        0.0265
GPMin:   13 12:41:01       -7.278081        0.0237
GPMin:   14 12:41:07       -7.280155        0.0146
       Step     Time          Energy         fmax
GPMin:    0 12:41:19       -6.404344        0.7571
GPMin:    1 12:41:28       -6.668083        0.2527
GPMin:    2 12:41:36       -6.769280        0.1719
GPMin:    3 12:41:42       -6.832930        0.1275
GPMin:    4 12:41:49       -6.884220        0.1277
GPMin:    5 12:41:56       -6.943245        0.1295
GPMin:    6 12:42:03       -6.999080        0.1391
GPMin:    7 12:42:10       -7.053926        0.1232
GPMin:    8 12:42:16       -7.105854        0.1171
GPMin:    9 12:42:22       -7.150647        0.1257
GPMin:   10 12:42:28       -7.189912        0.1271
GPMin:   11 12:42:35       -7.224833        0.1099
GPMin:   12 12:42:41       -7.250221        0.0755
GPMin:   13 12:42:48       -7.262578        0.0439
GPMin:   14 12:42:54       -7.268694        0.0504
GPMin:   15 12:43:00       -7.274142        0.0292
GPMin:   16 12:43:06       -7.277106        0.0244
GPMin:   17 12:43:11       -7.278388        0.0202
GPMin:   18 12:43:16       -7.279348        0.0148
       Step     Time          Energy         fmax
GPMin:    0 12:43:27       -6.738153        0.4636
GPMin:    1 12:43:35       -6.917907        0.2717
GPMin:    2 12:43:42       -7.032131        0.2107
GPMin:    3 12:43:50       -7.119693        0.1212
GPMin:    4 12:43:56       -7.171158        0.0959
GPMin:    5 12:44:03       -7.202255        0.0750
GPMin:    6 12:44:10       -7.224462        0.0730
GPMin:    7 12:44:16       -7.242917        0.0554
GPMin:    8 12:44:22       -7.257419        0.0370
GPMin:    9 12:44:28       -7.264944        0.0317
GPMin:   10 12:44:34       -7.269089        0.0318
GPMin:   11 12:44:40       -7.274968        0.0278
GPMin:   12 12:44:46       -7.279028        0.0228
GPMin:   13 12:44:51       -7.280634        0.0147
       Step     Time          Energy         fmax
GPMin:    0 12:45:02       -6.801657        0.7750
GPMin:    1 12:45:10       -7.042775        0.1341
GPMin:    2 12:45:17       -7.064559        0.1572
GPMin:    3 12:45:24       -7.095877        0.0791
GPMin:    4 12:45:31       -7.109752        0.0488
GPMin:    5 12:45:37       -7.115924        0.0354
GPMin:    6 12:45:44       -7.119256        0.0204
GPMin:    7 12:45:50       -7.121254        0.0172
       Step     Time          Energy         fmax
GPMin:    0 12:46:02       -6.549653        0.7640
GPMin:    1 12:46:09       -6.807130        0.1867
GPMin:    2 12:46:16       -6.889127        0.1789
GPMin:    3 12:46:23       -6.970338        0.1712
GPMin:    4 12:46:29       -7.026995        0.1460
GPMin:    5 12:46:35       -7.075787        0.1204
GPMin:    6 12:46:42       -7.129675        0.0946
GPMin:    7 12:46:49       -7.172775        0.0789
GPMin:    8 12:46:55       -7.202012        0.0694
GPMin:    9 12:47:02       -7.220750        0.0648
GPMin:   10 12:47:09       -7.236355        0.0795
GPMin:   11 12:47:15       -7.255278        0.0732
GPMin:   12 12:47:22       -7.270835        0.0456
GPMin:   13 12:47:28       -7.278474        0.0267
GPMin:   14 12:47:34       -7.280264        0.0202
GPMin:   15 12:47:40       -7.280942        0.0096
       Step     Time          Energy         fmax
GPMin:    0 12:47:51       -6.705809        0.2730
GPMin:    1 12:47:59       -6.887627        0.2192
GPMin:    2 12:48:06       -6.993829        0.1428
GPMin:    3 12:48:13       -7.050074        0.1109
GPMin:    4 12:48:20       -7.091033        0.0837
GPMin:    5 12:48:27       -7.118826        0.0849
GPMin:    6 12:48:32       -7.141198        0.0954
GPMin:    7 12:48:39       -7.164686        0.1097
GPMin:    8 12:48:45       -7.195607        0.1188
GPMin:    9 12:48:52       -7.233107        0.1047
GPMin:   10 12:48:58       -7.263473        0.0634
GPMin:   11 12:49:05       -7.276609        0.0385
GPMin:   12 12:49:10       -7.279991        0.0228
GPMin:   13 12:49:15       -7.280993        0.0120
       Step     Time          Energy         fmax
GPMin:    0 12:49:28       -6.466468        0.5575
GPMin:    1 12:49:35       -6.636682        0.1764
GPMin:    2 12:49:42       -6.698990        0.1821
GPMin:    3 12:49:49       -6.766598        0.1656
GPMin:    4 12:49:55       -6.821307        0.1075
GPMin:    5 12:50:02       -6.843877        0.0331
GPMin:    6 12:50:08       -6.845932        0.0165
       Step     Time          Energy         fmax
GPMin:    0 12:50:20       -6.598577        0.4020
GPMin:    1 12:50:27       -6.784011        0.2245
GPMin:    2 12:50:35       -6.873700        0.2220
GPMin:    3 12:50:42       -6.967494        0.2156
GPMin:    4 12:50:49       -7.062394        0.1862
GPMin:    5 12:50:55       -7.139872        0.1344
GPMin:    6 12:51:02       -7.193558        0.1154
GPMin:    7 12:51:08       -7.229821        0.0755
GPMin:    8 12:51:15       -7.252506        0.0554
GPMin:    9 12:51:22       -7.262567        0.0562
GPMin:   10 12:51:27       -7.269452        0.0510
GPMin:   11 12:51:33       -7.274215        0.0336
GPMin:   12 12:51:39       -7.276954        0.0276
GPMin:   13 12:51:45       -7.279088        0.0173
       Step     Time          Energy         fmax
GPMin:    0 12:51:56       -6.892801        0.6984
GPMin:    1 12:52:04       -7.093138        0.1674
GPMin:    2 12:52:11       -7.128363        0.1306
GPMin:    3 12:52:18       -7.144153        0.0533
GPMin:    4 12:52:24       -7.147505        0.0228
GPMin:    5 12:52:30       -7.149008        0.0174
       Step     Time          Energy         fmax
GPMin:    0 12:52:41       -6.440955        0.7125
GPMin:    1 12:52:49       -6.693887        0.2234
GPMin:    2 12:52:56       -6.809072        0.2303
GPMin:    3 12:53:03       -6.921058        0.2275
GPMin:    4 12:53:10       -7.010513        0.2120
GPMin:    5 12:53:17       -7.077090        0.1655
GPMin:    6 12:53:24       -7.121508        0.0905
GPMin:    7 12:53:31       -7.144367        0.0746
GPMin:    8 12:53:37       -7.158612        0.0625
GPMin:    9 12:53:43       -7.168695        0.0580
GPMin:   10 12:53:49       -7.176037        0.0691
GPMin:   11 12:53:54       -7.188403        0.0690
GPMin:   12 12:54:01       -7.206713        0.0634
GPMin:   13 12:54:08       -7.224607        0.0455
GPMin:   14 12:54:14       -7.234217        0.0361
GPMin:   15 12:54:20       -7.237653        0.0265
GPMin:   16 12:54:25       -7.238693        0.0159
       Step     Time          Energy         fmax
GPMin:    0 12:54:37       -6.913163        0.3243
GPMin:    1 12:54:44       -7.076446        0.2302
GPMin:    2 12:54:51       -7.148309        0.1307
GPMin:    3 12:54:58       -7.182077        0.0965
GPMin:    4 12:55:04       -7.206423        0.0672
GPMin:    5 12:55:11       -7.226297        0.0624
GPMin:    6 12:55:17       -7.243498        0.0393
GPMin:    7 12:55:24       -7.255184        0.0403
GPMin:    8 12:55:30       -7.261490        0.0366
GPMin:    9 12:55:37       -7.267359        0.0305
GPMin:   10 12:55:43       -7.274332        0.0293
GPMin:   11 12:55:49       -7.278206        0.0180
       Step     Time          Energy         fmax
GPMin:    0 12:56:01       -5.988502        0.9278
GPMin:    1 12:56:08       -6.487264        0.4211
GPMin:    2 12:56:15       -6.650330        0.2121
GPMin:    3 12:56:23       -6.712756        0.1348
GPMin:    4 12:56:30       -6.755247        0.1162
GPMin:    5 12:56:36       -6.785186        0.0940
GPMin:    6 12:56:43       -6.805762        0.0611
GPMin:    7 12:56:49       -6.819111        0.0472
GPMin:    8 12:56:55       -6.828294        0.0444
GPMin:    9 12:57:01       -6.835507        0.0367
GPMin:   10 12:57:07       -6.841367        0.0254
GPMin:   11 12:57:13       -6.844347        0.0224
GPMin:   12 12:57:19       -6.848788        0.0224
GPMin:   13 12:57:24       -6.849274        0.0186
       Step     Time          Energy         fmax
GPMin:    0 12:57:37       -6.248668        0.4528
GPMin:    1 12:57:47       -6.489162        0.2875
GPMin:    2 12:57:54       -6.634446        0.2785
GPMin:    3 12:58:01       -6.751763        0.2535
GPMin:    4 12:58:09       -6.835966        0.2161
GPMin:    5 12:58:15       -6.897162        0.2019
GPMin:    6 12:58:22       -6.945954        0.1604
GPMin:    7 12:58:29       -6.978465        0.1081
GPMin:    8 12:58:35       -6.995492        0.0815
GPMin:    9 12:58:41       -7.013145        0.0804
GPMin:   10 12:58:48       -7.035330        0.0653
GPMin:   11 12:58:54       -7.056482        0.0713
GPMin:   12 12:59:01       -7.077861        0.0539
GPMin:   13 12:59:07       -7.095104        0.0646
GPMin:   14 12:59:13       -7.109386        0.0636
GPMin:   15 12:59:19       -7.126805        0.0692
GPMin:   16 12:59:25       -7.146203        0.0722
GPMin:   17 12:59:32       -7.170315        0.0898
GPMin:   18 12:59:38       -7.196427        0.0842
GPMin:   19 12:59:44       -7.217730        0.0653
GPMin:   20 12:59:50       -7.232363        0.0490
GPMin:   21 12:59:56       -7.238436        0.0433
GPMin:   22 13:00:02       -7.241162        0.0352
GPMin:   23 13:00:07       -7.245766        0.0331
GPMin:   24 13:00:13       -7.250242        0.0359
GPMin:   25 13:00:19       -7.256760        0.0434
GPMin:   26 13:00:25       -7.262528        0.0388
GPMin:   27 13:00:31       -7.268409        0.0346
GPMin:   28 13:00:36       -7.273875        0.0393
GPMin:   29 13:00:42       -7.277760        0.0276
GPMin:   30 13:00:48       -7.279720        0.0158
       Step     Time          Energy         fmax
GPMin:    0 13:00:59       -6.838375        0.4984
GPMin:    1 13:01:06       -7.028523        0.2316
GPMin:    2 13:01:13       -7.090144        0.1079
GPMin:    3 13:01:19       -7.120050        0.0856
GPMin:    4 13:01:25       -7.134698        0.0690
GPMin:    5 13:01:32       -7.150783        0.0513
GPMin:    6 13:01:37       -7.161819        0.0448
GPMin:    7 13:01:44       -7.173033        0.0604
GPMin:    8 13:01:50       -7.191447        0.0802
GPMin:    9 13:01:56       -7.220011        0.0896
GPMin:   10 13:02:03       -7.251291        0.0688
GPMin:   11 13:02:09       -7.269992        0.0468
GPMin:   12 13:02:15       -7.275846        0.0317
GPMin:   13 13:02:20       -7.278170        0.0166
       Step     Time          Energy         fmax
GPMin:    0 13:02:30       -6.835927        0.5641
GPMin:    1 13:02:37       -6.992051        0.1412
GPMin:    2 13:02:44       -7.062926        0.1734
GPMin:    3 13:02:51       -7.125448        0.1071
GPMin:    4 13:02:58       -7.169456        0.1029
GPMin:    5 13:03:05       -7.207858        0.0801
GPMin:    6 13:03:11       -7.235598        0.0701
GPMin:    7 13:03:17       -7.258386        0.0568
GPMin:    8 13:03:24       -7.270882        0.0301
GPMin:    9 13:03:29       -7.275208        0.0289
GPMin:   10 13:03:34       -7.277706        0.0194
       Step     Time          Energy         fmax
GPMin:    0 13:03:46       -6.647783        0.7191
GPMin:    1 13:03:53       -6.871467        0.2177
GPMin:    2 13:04:00       -6.947181        0.2020
GPMin:    3 13:04:08       -7.032400        0.1646
GPMin:    4 13:04:15       -7.103967        0.1288
GPMin:    5 13:04:22       -7.153668        0.1132
GPMin:    6 13:04:28       -7.188092        0.0991
GPMin:    7 13:04:34       -7.213233        0.0767
GPMin:    8 13:04:41       -7.230282        0.0465
GPMin:    9 13:04:47       -7.236439        0.0242
GPMin:   10 13:04:53       -7.238252        0.0216
GPMin:   11 13:04:59       -7.239645        0.0141
       Step     Time          Energy         fmax
GPMin:    0 13:05:11       -6.726543        0.4899
GPMin:    1 13:05:19       -6.951376        0.2030
GPMin:    2 13:05:26       -7.018466        0.1559
GPMin:    3 13:05:33       -7.058593        0.0839
GPMin:    4 13:05:39       -7.072885        0.0525
GPMin:    5 13:05:45       -7.079292        0.0493
GPMin:    6 13:05:52       -7.087355        0.0382
GPMin:    7 13:05:58       -7.095746        0.0433
GPMin:    8 13:06:04       -7.104176        0.0394
GPMin:    9 13:06:11       -7.112986        0.0278
GPMin:   10 13:06:16       -7.117669        0.0285
GPMin:   11 13:06:23       -7.122806        0.0366
GPMin:   12 13:06:28       -7.127956        0.0403
GPMin:   13 13:06:34       -7.134499        0.0267
GPMin:   14 13:06:40       -7.137925        0.0200
GPMin:   15 13:06:46       -7.139292        0.0196
       Step     Time          Energy         fmax
GPMin:    0 13:06:57       -6.648053        0.3300
GPMin:    1 13:07:05       -6.829620        0.2300
GPMin:    2 13:07:12       -6.938646        0.1645
GPMin:    3 13:07:19       -7.018450        0.0943
GPMin:    4 13:07:25       -7.058984        0.0714
GPMin:    5 13:07:31       -7.081818        0.0753
GPMin:    6 13:07:38       -7.095634        0.0569
GPMin:    7 13:07:44       -7.104814        0.0483
GPMin:    8 13:07:50       -7.112212        0.0463
GPMin:    9 13:07:56       -7.121153        0.0489
GPMin:   10 13:08:02       -7.130817        0.0420
GPMin:   11 13:08:09       -7.136148        0.0271
GPMin:   12 13:08:15       -7.138349        0.0194
       Step     Time          Energy         fmax
GPMin:    0 13:08:28       -6.631222        0.6081
GPMin:    1 13:08:36       -6.891117        0.2173
GPMin:    2 13:08:43       -6.995141        0.1626
GPMin:    3 13:08:50       -7.072126        0.1023
GPMin:    4 13:08:57       -7.114836        0.1026
GPMin:    5 13:09:03       -7.141147        0.0885
GPMin:    6 13:09:10       -7.155602        0.0661
GPMin:    7 13:09:16       -7.171570        0.0568
GPMin:    8 13:09:23       -7.187159        0.0711
GPMin:    9 13:09:29       -7.207758        0.0914
GPMin:   10 13:09:35       -7.235180        0.0940
GPMin:   11 13:09:41       -7.261002        0.0577
GPMin:   12 13:09:48       -7.273931        0.0389
GPMin:   13 13:09:53       -7.277307        0.0317
GPMin:   14 13:09:59       -7.279626        0.0222
GPMin:   15 13:10:04       -7.280231        0.0118
       Step     Time          Energy         fmax
GPMin:    0 13:10:17       -6.855093        0.2619
GPMin:    1 13:10:23       -6.963770        0.1680
GPMin:    2 13:10:30       -7.006805        0.1129
GPMin:    3 13:10:37       -7.048497        0.0834
GPMin:    4 13:10:43       -7.080302        0.0589
GPMin:    5 13:10:49       -7.099396        0.0351
GPMin:    6 13:10:55       -7.106513        0.0242
GPMin:    7 13:11:01       -7.110185        0.0331
GPMin:    8 13:11:07       -7.118988        0.0444
GPMin:    9 13:11:13       -7.130506        0.0469
GPMin:   10 13:11:19       -7.142273        0.0371
GPMin:   11 13:11:26       -7.150463        0.0440
GPMin:   12 13:11:31       -7.161340        0.0506
GPMin:   13 13:11:38       -7.176009        0.0619
GPMin:   14 13:11:44       -7.201685        0.0639
GPMin:   15 13:11:50       -7.233241        0.0773
GPMin:   16 13:11:57       -7.260240        0.0596
GPMin:   17 13:12:03       -7.272621        0.0304
GPMin:   18 13:12:08       -7.275623        0.0290
GPMin:   19 13:12:13       -7.278198        0.0208
GPMin:   20 13:12:19       -7.279894        0.0161
       Step     Time          Energy         fmax
GPMin:    0 13:12:31       -6.509320        0.6176
GPMin:    1 13:12:38       -6.754526        0.3143
GPMin:    2 13:12:45       -6.899626        0.2509
GPMin:    3 13:12:51       -7.006609        0.1616
GPMin:    4 13:12:58       -7.051166        0.0669
GPMin:    5 13:13:04       -7.062196        0.0644
GPMin:    6 13:13:10       -7.074838        0.0613
GPMin:    7 13:13:16       -7.083408        0.0482
GPMin:    8 13:13:22       -7.092279        0.0596
GPMin:    9 13:13:28       -7.104695        0.0652
GPMin:   10 13:13:34       -7.121357        0.0617
GPMin:   11 13:13:40       -7.136244        0.0395
GPMin:   12 13:13:47       -7.144156        0.0322
GPMin:   13 13:13:52       -7.146411        0.0264
GPMin:   14 13:13:58       -7.147750        0.0228
GPMin:   15 13:14:03       -7.149092        0.0242
GPMin:   16 13:14:09       -7.153213        0.0391
GPMin:   17 13:14:14       -7.161322        0.0469
GPMin:   18 13:14:21       -7.178521        0.0508
GPMin:   19 13:14:27       -7.200151        0.0547
GPMin:   20 13:14:33       -7.223759        0.0558
GPMin:   21 13:14:39       -7.243303        0.0384
GPMin:   22 13:14:44       -7.252439        0.0307
GPMin:   23 13:14:50       -7.255521        0.0288
GPMin:   24 13:14:55       -7.259695        0.0352
GPMin:   25 13:15:01       -7.266840        0.0434
GPMin:   26 13:15:06       -7.274319        0.0325
GPMin:   27 13:15:12       -7.278443        0.0190
       Step     Time          Energy         fmax
GPMin:    0 13:15:23       -6.179052        0.3829
GPMin:    1 13:15:30       -6.353621        0.1797
GPMin:    2 13:15:37       -6.453793        0.1506
GPMin:    3 13:15:43       -6.519374        0.1282
GPMin:    4 13:15:49       -6.558522        0.1381
GPMin:    5 13:15:55       -6.601054        0.1472
GPMin:    6 13:16:01       -6.643077        0.1590
GPMin:    7 13:16:07       -6.694778        0.1683
GPMin:    8 13:16:14       -6.772070        0.1599
GPMin:    9 13:16:20       -6.815448        0.1234
GPMin:   10 13:16:26       -6.840525        0.0386
GPMin:   11 13:16:31       -6.843061        0.0221
GPMin:   12 13:16:36       -6.844642        0.0209
GPMin:   13 13:16:41       -6.846569        0.0234
GPMin:   14 13:16:46       -6.848920        0.0214
GPMin:   15 13:16:52       -6.851427        0.0194
       Step     Time          Energy         fmax
GPMin:    0 13:17:03       -6.683862        0.6949
GPMin:    1 13:17:11       -6.956068        0.2923
GPMin:    2 13:17:17       -7.048380        0.1638
GPMin:    3 13:17:24       -7.099219        0.1077
GPMin:    4 13:17:30       -7.113792        0.0702
GPMin:    5 13:17:36       -7.130673        0.0390
GPMin:    6 13:17:42       -7.136080        0.0304
GPMin:    7 13:17:47       -7.138913        0.0215
GPMin:    8 13:17:53       -7.140752        0.0166
       Step     Time          Energy         fmax
GPMin:    0 13:18:05       -6.188826        0.5590
GPMin:    1 13:18:12       -6.398754        0.1719
GPMin:    2 13:18:19       -6.489040        0.1495
GPMin:    3 13:18:25       -6.553175        0.1418
GPMin:    4 13:18:31       -6.600193        0.1421
GPMin:    5 13:18:37       -6.652400        0.1516
GPMin:    6 13:18:43       -6.715577        0.1640
GPMin:    7 13:18:49       -6.774340        0.1611
GPMin:    8 13:18:55       -6.821138        0.1174
GPMin:    9 13:19:00       -6.843300        0.0242
GPMin:   10 13:19:05       -6.844100        0.0193
       Step     Time          Energy         fmax
GPMin:    0 13:19:16       -6.935641        0.4342
GPMin:    1 13:19:24       -7.085977        0.2232
GPMin:    2 13:19:30       -7.161263        0.1405
GPMin:    3 13:19:36       -7.201021        0.0839
GPMin:    4 13:19:43       -7.224139        0.0593
GPMin:    5 13:19:49       -7.238309        0.0343
GPMin:    6 13:19:54       -7.242985        0.0202
GPMin:    7 13:20:00       -7.245289        0.0265
GPMin:    8 13:20:05       -7.250184        0.0358
GPMin:    9 13:20:11       -7.259553        0.0357
GPMin:   10 13:20:18       -7.270903        0.0351
GPMin:   11 13:20:24       -7.276897        0.0236
GPMin:   12 13:20:29       -7.278872        0.0176
       Step     Time          Energy         fmax
GPMin:    0 13:20:42       -6.437461        0.4452
GPMin:    1 13:20:49       -6.672616        0.1699
GPMin:    2 13:20:56       -6.743901        0.1105
GPMin:    3 13:21:02       -6.787558        0.0852
GPMin:    4 13:21:08       -6.815440        0.0494
GPMin:    5 13:21:15       -6.828212        0.0400
GPMin:    6 13:21:21       -6.836220        0.0324
GPMin:    7 13:21:27       -6.843135        0.0210
GPMin:    8 13:21:32       -6.846464        0.0141
       Step     Time          Energy         fmax
GPMin:    0 13:21:44       -6.751188        0.2667
GPMin:    1 13:21:50       -6.922091        0.1981
GPMin:    2 13:21:57       -7.011662        0.1322
GPMin:    3 13:22:03       -7.058859        0.1034
GPMin:    4 13:22:10       -7.096959        0.0763
GPMin:    5 13:22:16       -7.120846        0.0824
GPMin:    6 13:22:22       -7.141055        0.0953
GPMin:    7 13:22:28       -7.166651        0.1109
GPMin:    8 13:22:34       -7.204568        0.1168
GPMin:    9 13:22:40       -7.242198        0.0974
GPMin:   10 13:22:46       -7.268892        0.0525
GPMin:   11 13:22:51       -7.278488        0.0342
GPMin:   12 13:22:56       -7.280342        0.0178
       Step     Time          Energy         fmax
GPMin:    0 13:23:09       -6.835927        0.5640
GPMin:    1 13:23:16       -6.992080        0.1411
GPMin:    2 13:23:23       -7.062947        0.1732
GPMin:    3 13:23:29       -7.125454        0.1070
GPMin:    4 13:23:35       -7.169465        0.1029
GPMin:    5 13:23:42       -7.207868        0.0801
GPMin:    6 13:23:48       -7.235608        0.0701
GPMin:    7 13:23:54       -7.258395        0.0567
GPMin:    8 13:24:00       -7.270885        0.0301
GPMin:    9 13:24:06       -7.275210        0.0289
GPMin:   10 13:24:10       -7.277707        0.0194
       Step     Time          Energy         fmax
GPMin:    0 13:24:25       -6.884837        0.1961
GPMin:    1 13:24:31       -6.958119        0.1853
GPMin:    2 13:24:37       -7.037136        0.1597
GPMin:    3 13:24:44       -7.085150        0.1032
GPMin:    4 13:24:50       -7.105934        0.0439
GPMin:    5 13:24:57       -7.110590        0.0240
GPMin:    6 13:25:01       -7.111881        0.0112
       Step     Time          Energy         fmax
GPMin:    0 13:25:13       -6.835927        0.5642
GPMin:    1 13:25:20       -6.992038        0.1411
GPMin:    2 13:25:27       -7.062924        0.1734
GPMin:    3 13:25:34       -7.125450        0.1070
GPMin:    4 13:25:40       -7.169455        0.1029
GPMin:    5 13:25:46       -7.207863        0.0802
GPMin:    6 13:25:52       -7.235600        0.0701
GPMin:    7 13:25:58       -7.258389        0.0568
GPMin:    8 13:26:04       -7.270883        0.0301
GPMin:    9 13:26:10       -7.275209        0.0289
GPMin:   10 13:26:14       -7.277706        0.0194
       Step     Time          Energy         fmax
GPMin:    0 13:26:23       -6.800871        0.2755
GPMin:    1 13:26:30       -6.977980        0.2184
GPMin:    2 13:26:37       -7.062602        0.1530
GPMin:    3 13:26:44       -7.101265        0.0822
GPMin:    4 13:26:50       -7.112528        0.0758
GPMin:    5 13:26:56       -7.128176        0.0587
GPMin:    6 13:27:02       -7.142070        0.0398
GPMin:    7 13:27:08       -7.149576        0.0397
GPMin:    8 13:27:14       -7.153331        0.0336
GPMin:    9 13:27:19       -7.159553        0.0370
GPMin:   10 13:27:25       -7.172100        0.0451
GPMin:   11 13:27:32       -7.192742        0.0556
GPMin:   12 13:27:38       -7.216132        0.0599
GPMin:   13 13:27:44       -7.233431        0.0382
GPMin:   14 13:27:50       -7.239093        0.0188
       Step     Time          Energy         fmax
GPMin:    0 13:28:01       -6.939801        0.2249
GPMin:    1 13:28:08       -7.034235        0.1265
GPMin:    2 13:28:15       -7.074394        0.1032
GPMin:    3 13:28:22       -7.108297        0.0854
GPMin:    4 13:28:28       -7.137557        0.0701
GPMin:    5 13:28:34       -7.164996        0.0651
GPMin:    6 13:28:40       -7.190203        0.0660
GPMin:    7 13:28:47       -7.218463        0.0701
GPMin:    8 13:28:53       -7.248671        0.0630
GPMin:    9 13:28:58       -7.270551        0.0432
GPMin:   10 13:29:04       -7.277089        0.0258
GPMin:   11 13:29:09       -7.278536        0.0147
       Step     Time          Energy         fmax
GPMin:    0 13:29:37       -6.856704        0.4081
GPMin:    1 13:29:44       -7.025275        0.2398
GPMin:    2 13:29:51       -7.112903        0.1669
GPMin:    3 13:29:57       -7.158498        0.0897
GPMin:    4 13:30:03       -7.182347        0.0664
GPMin:    5 13:30:10       -7.207702        0.0727
GPMin:    6 13:30:16       -7.231432        0.0700
GPMin:    7 13:30:22       -7.253572        0.0567
GPMin:    8 13:30:28       -7.266909        0.0485
GPMin:    9 13:30:34       -7.273632        0.0389
GPMin:   10 13:30:40       -7.276663        0.0283
GPMin:   11 13:30:45       -7.279112        0.0243
GPMin:   12 13:30:51       -7.280402        0.0142
       Step     Time          Energy         fmax
GPMin:    0 13:31:21       -6.732841        0.7251
GPMin:    1 13:31:28       -6.980518        0.2992
GPMin:    2 13:31:35       -7.086024        0.2504
GPMin:    3 13:31:42       -7.166241        0.1640
GPMin:    4 13:31:48       -7.210168        0.0897
GPMin:    5 13:31:53       -7.228987        0.0712
GPMin:    6 13:31:59       -7.245298        0.0525
GPMin:    7 13:32:05       -7.255575        0.0470
GPMin:    8 13:32:11       -7.261913        0.0426
GPMin:    9 13:32:17       -7.267854        0.0365
GPMin:   10 13:32:23       -7.272237        0.0301
GPMin:   11 13:32:28       -7.275456        0.0244
GPMin:   12 13:32:34       -7.277664        0.0217
GPMin:   13 13:32:39       -7.279549        0.0152
       Step     Time          Energy         fmax
GPMin:    0 13:32:55       -5.662123        0.8832
GPMin:    1 13:33:01       -6.092928        0.3923
GPMin:    2 13:33:08       -6.283866        0.3254
GPMin:    3 13:33:15       -6.409490        0.2944
GPMin:    4 13:33:22       -6.507456        0.2609
GPMin:    5 13:33:28       -6.598293        0.2142
GPMin:    6 13:33:34       -6.663821        0.1916
GPMin:    7 13:33:41       -6.718381        0.2047
GPMin:    8 13:33:47       -6.777628        0.2036
GPMin:    9 13:33:53       -6.832972        0.1915
GPMin:   10 13:33:59       -6.885014        0.1763
GPMin:   11 13:34:06       -6.936293        0.1558
GPMin:   12 13:34:12       -6.979944        0.1564
GPMin:   13 13:34:18       -7.016428        0.1784
GPMin:   14 13:34:24       -7.059705        0.1812
GPMin:   15 13:34:30       -7.104801        0.1525
GPMin:   16 13:34:36       -7.141663        0.1085
GPMin:   17 13:34:42       -7.167463        0.0824
GPMin:   18 13:34:48       -7.182534        0.0868
GPMin:   19 13:34:54       -7.195987        0.0875
GPMin:   20 13:35:00       -7.214192        0.0795
GPMin:   21 13:35:06       -7.233311        0.0697
GPMin:   22 13:35:12       -7.250855        0.0581
GPMin:   23 13:35:18       -7.264566        0.0474
GPMin:   24 13:35:23       -7.273396        0.0390
GPMin:   25 13:35:29       -7.277935        0.0246
GPMin:   26 13:35:35       -7.279690        0.0232
GPMin:   27 13:35:40       -7.280469        0.0197
