       Step     Time          Energy         fmax
GPMin:    0 15:35:46       -4.224817        0.1927
GPMin:    1 15:35:52       -4.328011        0.2025
GPMin:    2 15:35:58       -4.420608        0.2430
GPMin:    3 15:36:04       -4.515829        0.2210
GPMin:    4 15:36:10       -4.598129        0.1938
GPMin:    5 15:36:15       -4.667872        0.1475
GPMin:    6 15:36:21       -4.715849        0.1117
GPMin:    7 15:36:26       -4.751482        0.0999
GPMin:    8 15:36:31       -4.785551        0.0882
GPMin:    9 15:36:35       -4.812762        0.0846
GPMin:   10 15:36:40       -4.837372        0.0833
GPMin:   11 15:36:45       -4.861909        0.0782
GPMin:   12 15:36:50       -4.879303        0.0551
GPMin:   13 15:36:55       -4.886766        0.0224
GPMin:   14 15:37:00       -4.887871        0.0199
       Step     Time          Energy         fmax
GPMin:    0 15:37:08       -4.316540        0.3143
GPMin:    1 15:37:14       -4.474838        0.2898
GPMin:    2 15:37:21       -4.589338        0.2610
GPMin:    3 15:37:27       -4.681522        0.1757
GPMin:    4 15:37:33       -4.729371        0.0876
GPMin:    5 15:37:38       -4.757025        0.0985
GPMin:    6 15:37:43       -4.790707        0.0833
GPMin:    7 15:37:48       -4.826415        0.0713
GPMin:    8 15:37:53       -4.855536        0.0720
GPMin:    9 15:37:58       -4.878692        0.0728
GPMin:   10 15:38:02       -4.900145        0.0576
GPMin:   11 15:38:07       -4.913210        0.0565
GPMin:   12 15:38:12       -4.922994        0.0464
GPMin:   13 15:38:16       -4.929327        0.0250
GPMin:   14 15:38:21       -4.931305        0.0264
GPMin:   15 15:38:25       -4.933139        0.0158
       Step     Time          Energy         fmax
GPMin:    0 15:38:35       -4.265722        0.4519
GPMin:    1 15:38:41       -4.408640        0.2809
GPMin:    2 15:38:47       -4.507543        0.2098
GPMin:    3 15:38:52       -4.573987        0.1218
GPMin:    4 15:38:57       -4.622558        0.1167
GPMin:    5 15:39:02       -4.666370        0.0981
GPMin:    6 15:39:07       -4.702193        0.1038
GPMin:    7 15:39:12       -4.729251        0.0988
GPMin:    8 15:39:17       -4.753871        0.0894
GPMin:    9 15:39:22       -4.779746        0.0741
GPMin:   10 15:39:26       -4.805980        0.0624
GPMin:   11 15:39:31       -4.832264        0.0637
GPMin:   12 15:39:36       -4.856737        0.0632
GPMin:   13 15:39:41       -4.875242        0.0466
GPMin:   14 15:39:46       -4.884449        0.0292
GPMin:   15 15:39:50       -4.887030        0.0212
GPMin:   16 15:39:55       -4.888017        0.0177
       Step     Time          Energy         fmax
GPMin:    0 15:40:04       -3.763380        0.4629
GPMin:    1 15:40:12       -3.935566        0.2197
GPMin:    2 15:40:19       -4.082161        0.2738
GPMin:    3 15:40:26       -4.210102        0.2522
GPMin:    4 15:40:32       -4.291841        0.2693
GPMin:    5 15:40:37       -4.359402        0.2526
GPMin:    6 15:40:44       -4.434508        0.2436
GPMin:    7 15:40:50       -4.461043        0.2177
GPMin:    8 15:40:55       -4.495113        0.2648
GPMin:    9 15:41:01       -4.521658        0.2842
GPMin:   10 15:41:07       -4.572715        0.2084
GPMin:   11 15:41:12       -4.594643        0.1897
GPMin:   12 15:41:17       -4.622893        0.1871
GPMin:   13 15:41:22       -4.665670        0.1472
GPMin:   14 15:41:28       -4.703256        0.1198
GPMin:   15 15:41:33       -4.731977        0.1239
GPMin:   16 15:41:38       -4.764208        0.1225
GPMin:   17 15:41:44       -4.791802        0.0985
GPMin:   18 15:41:49       -4.816219        0.0806
GPMin:   19 15:41:54       -4.838193        0.0832
GPMin:   20 15:41:59       -4.855852        0.0699
GPMin:   21 15:42:03       -4.869458        0.0486
GPMin:   22 15:42:08       -4.876527        0.0423
GPMin:   23 15:42:12       -4.881075        0.0365
GPMin:   24 15:42:17       -4.884720        0.0273
GPMin:   25 15:42:21       -4.886727        0.0292
GPMin:   26 15:42:25       -4.888613        0.0238
GPMin:   27 15:42:30       -4.889389        0.0227
GPMin:   28 15:42:34       -4.889942        0.0185
       Step     Time          Energy         fmax
GPMin:    0 15:42:44       -4.453723        0.5415
GPMin:    1 15:42:50       -4.615700        0.1649
GPMin:    2 15:42:56       -4.656746        0.1104
GPMin:    3 15:43:01       -4.694593        0.0769
GPMin:    4 15:43:06       -4.719581        0.0927
GPMin:    5 15:43:12       -4.745348        0.0596
GPMin:    6 15:43:16       -4.761389        0.0487
GPMin:    7 15:43:21       -4.774726        0.0366
GPMin:    8 15:43:25       -4.783132        0.0247
GPMin:    9 15:43:30       -4.787964        0.0144
       Step     Time          Energy         fmax
GPMin:    0 15:43:42       -3.776981        0.2923
GPMin:    1 15:43:49       -3.977849        0.2967
GPMin:    2 15:43:55       -4.094398        0.1970
GPMin:    3 15:44:02       -4.143329        0.1423
GPMin:    4 15:44:07       -4.175924        0.1437
GPMin:    5 15:44:13       -4.205493        0.1517
GPMin:    6 15:44:19       -4.248651        0.1597
GPMin:    7 15:44:24       -4.303062        0.1643
GPMin:    8 15:44:30       -4.348407        0.1678
GPMin:    9 15:44:36       -4.412700        0.1572
GPMin:   10 15:44:41       -4.457226        0.1596
GPMin:   11 15:44:47       -4.520866        0.1343
GPMin:   12 15:44:52       -4.560885        0.1240
GPMin:   13 15:44:57       -4.596229        0.1129
GPMin:   14 15:45:02       -4.629514        0.0978
GPMin:   15 15:45:08       -4.657965        0.0822
GPMin:   16 15:45:13       -4.685032        0.0871
GPMin:   17 15:45:18       -4.713148        0.0917
GPMin:   18 15:45:23       -4.742066        0.0928
GPMin:   19 15:45:28       -4.771096        0.0887
GPMin:   20 15:45:32       -4.800731        0.0872
GPMin:   21 15:45:37       -4.827789        0.0841
GPMin:   22 15:45:43       -4.854107        0.0788
GPMin:   23 15:45:48       -4.882415        0.0723
GPMin:   24 15:45:53       -4.904457        0.0693
GPMin:   25 15:45:58       -4.920853        0.0548
GPMin:   26 15:46:02       -4.928808        0.0350
GPMin:   27 15:46:06       -4.931084        0.0207
GPMin:   28 15:46:10       -4.932043        0.0189
       Step     Time          Energy         fmax
GPMin:    0 15:46:20       -3.815188        0.5951
GPMin:    1 15:46:27       -4.000650        0.1637
GPMin:    2 15:46:34       -4.069621        0.1514
GPMin:    3 15:46:40       -4.135686        0.1053
GPMin:    4 15:46:46       -4.173788        0.1035
GPMin:    5 15:46:51       -4.195246        0.1116
GPMin:    6 15:46:55       -4.211018        0.1121
GPMin:    7 15:47:02       -4.259249        0.3646
GPMin:    8 15:47:09       -4.273181        0.2184
GPMin:    9 15:47:21       -4.295656        0.1776
GPMin:   10 15:47:26       -4.319026        0.1689
GPMin:   11 15:47:33       -4.340386        0.1237
GPMin:   12 15:47:38       -4.372491        0.0986
GPMin:   13 15:47:43       -4.389144        0.0893
GPMin:   14 15:47:48       -4.403280        0.0869
GPMin:   15 15:47:53       -4.427794        0.0826
GPMin:   16 15:47:58       -4.446934        0.0862
GPMin:   17 15:48:03       -4.477307        0.0998
GPMin:   18 15:48:08       -4.528192        0.1452
GPMin:   19 15:48:13       -4.582112        0.1607
GPMin:   20 15:48:18       -4.650878        0.1611
GPMin:   21 15:48:23       -4.709937        0.1368
GPMin:   22 15:48:28       -4.753455        0.0820
GPMin:   23 15:48:34       -4.770412        0.0691
GPMin:   24 15:48:38       -4.775604        0.0966
GPMin:   25 15:48:43       -4.792866        0.1024
GPMin:   26 15:48:47       -4.812735        0.0746
GPMin:   27 15:48:52       -4.834060        0.0629
GPMin:   28 15:48:56       -4.855088        0.0694
GPMin:   29 15:49:01       -4.878685        0.0666
GPMin:   30 15:49:06       -4.897183        0.0648
GPMin:   31 15:49:11       -4.910092        0.0639
GPMin:   32 15:49:15       -4.916246        0.0570
GPMin:   33 15:49:19       -4.921661        0.0500
GPMin:   34 15:49:23       -4.927066        0.0303
GPMin:   35 15:49:27       -4.929637        0.0314
GPMin:   36 15:49:31       -4.931567        0.0366
GPMin:   37 15:49:35       -4.932518        0.0294
GPMin:   38 15:49:40       -4.933418        0.0180
       Step     Time          Energy         fmax
GPMin:    0 15:49:49       -4.316540        0.3143
GPMin:    1 15:49:56       -4.474816        0.2898
GPMin:    2 15:50:02       -4.589335        0.2610
GPMin:    3 15:50:08       -4.681519        0.1757
GPMin:    4 15:50:14       -4.729366        0.0876
GPMin:    5 15:50:19       -4.757023        0.0985
GPMin:    6 15:50:24       -4.790709        0.0833
GPMin:    7 15:50:29       -4.826428        0.0713
GPMin:    8 15:50:34       -4.855552        0.0720
GPMin:    9 15:50:39       -4.878708        0.0728
GPMin:   10 15:50:44       -4.900164        0.0576
GPMin:   11 15:50:49       -4.913220        0.0565
GPMin:   12 15:50:53       -4.922994        0.0465
GPMin:   13 15:50:58       -4.929325        0.0250
GPMin:   14 15:51:02       -4.931303        0.0264
GPMin:   15 15:51:07       -4.933139        0.0158
       Step     Time          Energy         fmax
GPMin:    0 15:51:20       -3.837353        0.3897
GPMin:    1 15:51:28       -4.113010        0.4145
GPMin:    2 15:51:34       -4.302053        0.3690
GPMin:    3 15:51:40       -4.440441        0.2696
GPMin:    4 15:51:46       -4.527318        0.1985
GPMin:    5 15:51:51       -4.602807        0.2294
GPMin:    6 15:51:57       -4.663497        0.1868
GPMin:    7 15:52:02       -4.710136        0.1025
GPMin:    8 15:52:07       -4.736183        0.0900
GPMin:    9 15:52:12       -4.752300        0.0905
GPMin:   10 15:52:17       -4.776737        0.0864
GPMin:   11 15:52:22       -4.804271        0.0806
GPMin:   12 15:52:27       -4.829002        0.0723
GPMin:   13 15:52:31       -4.850805        0.0634
GPMin:   14 15:52:36       -4.872417        0.0617
GPMin:   15 15:52:40       -4.892384        0.0555
GPMin:   16 15:52:45       -4.907367        0.0462
GPMin:   17 15:52:49       -4.917423        0.0411
GPMin:   18 15:52:54       -4.924464        0.0438
GPMin:   19 15:52:58       -4.929600        0.0329
GPMin:   20 15:53:03       -4.931946        0.0161
       Step     Time          Energy         fmax
GPMin:    0 15:53:16       -3.466032        0.7256
GPMin:    1 15:53:24       -3.691302        0.2316
GPMin:    2 15:53:31       -3.780078        0.2630
GPMin:    3 15:53:38       -3.894156        0.2890
GPMin:    4 15:53:44       -4.008177        0.2920
GPMin:    5 15:53:50       -4.108639        0.2310
GPMin:    6 15:53:56       -4.161287        0.0983
GPMin:    7 15:54:01       -4.168090        0.0153
       Step     Time          Energy         fmax
GPMin:    0 15:54:14       -3.708374        0.2220
GPMin:    1 15:54:23       -3.776092        0.2108
GPMin:    2 15:54:32       -3.864712        0.1835
GPMin:    3 15:54:39       -3.950001        0.2045
GPMin:    4 15:54:46       -4.006549        0.1954
GPMin:    5 15:54:53       -4.083220        0.1792
GPMin:    6 15:54:59       -4.091504        0.1699
GPMin:    7 15:55:06       -4.117364        0.1299
GPMin:    8 15:55:11       -4.137854        0.1237
GPMin:    9 15:55:18       -4.159989        0.0969
GPMin:   10 15:55:22       -4.167419        0.0867
GPMin:   11 15:55:27       -4.186804        0.0728
GPMin:   12 15:55:42       -4.195152        0.0752
GPMin:   13 15:55:48       -4.251318        0.2630
GPMin:   14 15:55:54       -4.266849        0.3753
GPMin:   15 15:56:00       -4.324088        0.2009
GPMin:   16 15:56:07       -4.366339        0.1526
GPMin:   17 15:56:13       -4.393411        0.1571
GPMin:   18 15:56:19       -4.421164        0.1235
GPMin:   19 15:56:24       -4.437874        0.1162
GPMin:   20 15:56:30       -4.455531        0.1114
GPMin:   21 15:56:36       -4.471456        0.1199
GPMin:   22 15:56:41       -4.505654        0.1136
GPMin:   23 15:56:46       -4.535412        0.1366
GPMin:   24 15:56:51       -4.567626        0.1536
GPMin:   25 15:56:56       -4.606126        0.1637
GPMin:   26 15:57:01       -4.657843        0.1759
GPMin:   27 15:57:07       -4.708253        0.1868
GPMin:   28 15:57:12       -4.771486        0.1976
GPMin:   29 15:57:18       -4.832445        0.1868
GPMin:   30 15:57:24       -4.886256        0.1429
GPMin:   31 15:57:29       -4.916319        0.0679
GPMin:   32 15:57:33       -4.924433        0.0698
GPMin:   33 15:57:38       -4.928218        0.0620
GPMin:   34 15:57:43       -4.931029        0.0372
GPMin:   35 15:57:47       -4.932014        0.0319
GPMin:   36 15:57:51       -4.932857        0.0159
       Step     Time          Energy         fmax
GPMin:    0 15:58:00       -4.060225        0.3808
GPMin:    1 15:58:07       -4.154124        0.1783
GPMin:    2 15:58:12       -4.178734        0.1114
GPMin:    3 15:58:18       -4.215058        0.0951
GPMin:    4 15:58:23       -4.256752        0.1238
GPMin:    5 15:58:28       -4.311840        0.1430
GPMin:    6 15:58:33       -4.384341        0.1727
GPMin:    7 15:58:38       -4.474406        0.1817
GPMin:    8 15:58:43       -4.566340        0.1690
GPMin:    9 15:58:49       -4.648328        0.1346
GPMin:   10 15:58:55       -4.701711        0.0952
GPMin:   11 15:59:00       -4.728196        0.0802
GPMin:   12 15:59:05       -4.737736        0.0769
GPMin:   13 15:59:09       -4.748023        0.0618
GPMin:   14 15:59:14       -4.761536        0.0564
GPMin:   15 15:59:18       -4.771137        0.0435
GPMin:   16 15:59:23       -4.779434        0.0379
GPMin:   17 15:59:27       -4.784763        0.0334
GPMin:   18 15:59:32       -4.788722        0.0174
       Step     Time          Energy         fmax
GPMin:    0 15:59:46       -3.830859        0.4173
GPMin:    1 15:59:54       -4.062762        0.4111
GPMin:    2 16:00:00       -4.238231        0.3426
GPMin:    3 16:00:05       -4.347775        0.2383
GPMin:    4 16:00:11       -4.403810        0.2218
GPMin:    5 16:00:17       -4.473933        0.2340
GPMin:    6 16:00:22       -4.513379        0.2516
GPMin:    7 16:00:27       -4.585895        0.2645
GPMin:    8 16:00:33       -4.672674        0.2348
GPMin:    9 16:00:39       -4.731159        0.1664
GPMin:   10 16:00:44       -4.759427        0.1192
GPMin:   11 16:00:49       -4.781379        0.1132
GPMin:   12 16:00:54       -4.808124        0.0929
GPMin:   13 16:00:58       -4.836053        0.0950
GPMin:   14 16:01:03       -4.863230        0.0720
GPMin:   15 16:01:08       -4.880406        0.0668
GPMin:   16 16:01:13       -4.891089        0.0819
GPMin:   17 16:01:18       -4.904183        0.0621
GPMin:   18 16:01:23       -4.913235        0.0484
GPMin:   19 16:01:27       -4.918302        0.0564
GPMin:   20 16:01:32       -4.925394        0.0431
GPMin:   21 16:01:37       -4.928910        0.0321
GPMin:   22 16:01:40       -4.930639        0.0277
GPMin:   23 16:01:45       -4.932172        0.0271
GPMin:   24 16:01:49       -4.932750        0.0192
       Step     Time          Energy         fmax
GPMin:    0 16:02:01       -3.912698        0.7812
GPMin:    1 16:02:08       -4.204193        0.2310
GPMin:    2 16:02:14       -4.256995        0.1578
GPMin:    3 16:02:20       -4.306720        0.1807
GPMin:    4 16:02:25       -4.361161        0.2212
GPMin:    5 16:02:31       -4.433646        0.2550
GPMin:    6 16:02:37       -4.515686        0.2711
GPMin:    7 16:02:42       -4.614238        0.2547
GPMin:    8 16:02:48       -4.681177        0.1987
GPMin:    9 16:02:54       -4.722013        0.1086
GPMin:   10 16:02:59       -4.741495        0.0660
GPMin:   11 16:03:03       -4.749578        0.0694
GPMin:   12 16:03:08       -4.760914        0.0534
GPMin:   13 16:03:12       -4.771043        0.0477
GPMin:   14 16:03:17       -4.777569        0.0326
GPMin:   15 16:03:21       -4.781724        0.0281
GPMin:   16 16:03:26       -4.785974        0.0275
GPMin:   17 16:03:30       -4.788798        0.0248
GPMin:   18 16:03:34       -4.790875        0.0221
GPMin:   19 16:03:38       -4.791837        0.0170
       Step     Time          Energy         fmax
GPMin:    0 16:03:47       -4.311395        0.1963
GPMin:    1 16:03:53       -4.357827        0.2831
GPMin:    2 16:03:59       -4.443491        0.1871
GPMin:    3 16:04:05       -4.524878        0.2059
GPMin:    4 16:04:11       -4.619640        0.2122
GPMin:    5 16:04:16       -4.712528        0.1898
GPMin:    6 16:04:21       -4.774610        0.1175
GPMin:    7 16:04:26       -4.794097        0.0558
GPMin:    8 16:04:30       -4.801320        0.0677
GPMin:    9 16:04:36       -4.814366        0.0527
GPMin:   10 16:04:41       -4.831737        0.0682
GPMin:   11 16:04:46       -4.850017        0.0676
GPMin:   12 16:04:51       -4.868117        0.0581
GPMin:   13 16:04:56       -4.880806        0.0391
GPMin:   14 16:05:01       -4.885786        0.0315
GPMin:   15 16:05:05       -4.887001        0.0243
GPMin:   16 16:05:10       -4.888716        0.0197
       Step     Time          Energy         fmax
GPMin:    0 16:05:21       -3.675381        0.1897
GPMin:    1 16:05:27       -3.849608        0.1528
GPMin:    2 16:05:33       -3.925368        0.1341
GPMin:    3 16:05:37       -3.965846        0.0852
GPMin:    4 16:05:41       -3.974704        0.0571
GPMin:    5 16:05:46       -3.984388        0.0373
GPMin:    6 16:05:50       -3.989859        0.0277
GPMin:    7 16:05:54       -3.991529        0.0201
GPMin:    8 16:05:58       -3.992415        0.0111
       Step     Time          Energy         fmax
GPMin:    0 16:06:10       -3.912670        0.3137
GPMin:    1 16:06:17       -4.078012        0.2951
GPMin:    2 16:06:23       -4.178806        0.2432
GPMin:    3 16:06:29       -4.247005        0.1881
GPMin:    4 16:06:35       -4.304034        0.1497
GPMin:    5 16:06:40       -4.366735        0.1263
GPMin:    6 16:06:45       -4.426220        0.1253
GPMin:    7 16:06:50       -4.482255        0.1539
GPMin:    8 16:06:55       -4.532352        0.1601
GPMin:    9 16:07:00       -4.591306        0.1812
GPMin:   10 16:07:05       -4.639462        0.1823
GPMin:   11 16:07:10       -4.684900        0.1672
GPMin:   12 16:07:16       -4.730803        0.1011
GPMin:   13 16:07:21       -4.749576        0.0680
GPMin:   14 16:07:25       -4.760673        0.0598
GPMin:   15 16:07:30       -4.772152        0.0517
GPMin:   16 16:07:35       -4.778105        0.0593
GPMin:   17 16:07:39       -4.786259        0.0489
GPMin:   18 16:07:44       -4.793222        0.0497
GPMin:   19 16:07:48       -4.803160        0.0628
GPMin:   20 16:07:54       -4.816093        0.0575
GPMin:   21 16:07:59       -4.834740        0.0627
GPMin:   22 16:08:04       -4.855161        0.0708
GPMin:   23 16:08:09       -4.880387        0.0775
GPMin:   24 16:08:14       -4.903222        0.0764
GPMin:   25 16:08:19       -4.921919        0.0571
GPMin:   26 16:08:23       -4.930081        0.0431
GPMin:   27 16:08:28       -4.931685        0.0328
GPMin:   28 16:08:32       -4.932653        0.0172
       Step     Time          Energy         fmax
GPMin:    0 16:08:42       -3.970589        0.8447
GPMin:    1 16:08:49       -4.261488        0.2293
GPMin:    2 16:08:55       -4.328358        0.2526
GPMin:    3 16:09:01       -4.421217        0.2123
GPMin:    4 16:09:07       -4.488772        0.1712
GPMin:    5 16:09:12       -4.535769        0.1587
GPMin:    6 16:09:19       -4.598140        0.1327
GPMin:    7 16:09:24       -4.612814        0.1244
GPMin:    8 16:09:29       -4.655193        0.1316
GPMin:    9 16:09:34       -4.699582        0.0916
GPMin:   10 16:09:39       -4.730291        0.0874
GPMin:   11 16:09:44       -4.759846        0.0892
GPMin:   12 16:09:49       -4.788671        0.0770
GPMin:   13 16:09:54       -4.813411        0.0788
GPMin:   14 16:09:59       -4.837481        0.0736
GPMin:   15 16:10:04       -4.855624        0.0633
GPMin:   16 16:10:09       -4.869516        0.0574
GPMin:   17 16:10:14       -4.879484        0.0424
GPMin:   18 16:10:19       -4.883811        0.0362
GPMin:   19 16:10:23       -4.885687        0.0315
GPMin:   20 16:10:28       -4.887373        0.0236
GPMin:   21 16:10:32       -4.888561        0.0242
GPMin:   22 16:10:37       -4.889397        0.0126
       Step     Time          Energy         fmax
GPMin:    0 16:10:46       -4.292640        0.3501
GPMin:    1 16:10:53       -4.436696        0.1585
GPMin:    2 16:10:58       -4.481279        0.1256
GPMin:    3 16:11:04       -4.517753        0.1283
GPMin:    4 16:11:09       -4.566494        0.1287
GPMin:    5 16:11:15       -4.625706        0.1278
GPMin:    6 16:11:21       -4.683718        0.1233
GPMin:    7 16:11:26       -4.729411        0.1025
GPMin:    8 16:11:31       -4.764358        0.0979
GPMin:    9 16:11:36       -4.799395        0.1101
GPMin:   10 16:11:42       -4.837415        0.0795
GPMin:   11 16:11:47       -4.867686        0.0762
GPMin:   12 16:11:52       -4.889612        0.0719
GPMin:   13 16:11:56       -4.906236        0.0551
GPMin:   14 16:12:01       -4.915993        0.0431
GPMin:   15 16:12:05       -4.922778        0.0466
GPMin:   16 16:12:09       -4.928680        0.0340
GPMin:   17 16:12:14       -4.931912        0.0187
       Step     Time          Energy         fmax
GPMin:    0 16:12:25       -3.770583        1.0940
GPMin:    1 16:12:33       -4.227819        0.4584
GPMin:    2 16:12:39       -4.370263        0.2684
GPMin:    3 16:12:46       -4.418583        0.1989
GPMin:    4 16:12:52       -4.444142        0.1662
GPMin:    5 16:12:58       -4.471927        0.1264
GPMin:    6 16:13:04       -4.485805        0.1268
GPMin:    7 16:13:09       -4.564162        0.2062
GPMin:    8 16:13:15       -4.621784        0.2407
GPMin:    9 16:13:20       -4.687221        0.2280
GPMin:   10 16:13:26       -4.745889        0.1686
GPMin:   11 16:13:31       -4.768907        0.0913
GPMin:   12 16:13:36       -4.777408        0.0842
GPMin:   13 16:13:41       -4.786757        0.0610
GPMin:   14 16:13:46       -4.792862        0.0726
GPMin:   15 16:13:50       -4.802374        0.0568
GPMin:   16 16:13:55       -4.812324        0.0540
GPMin:   17 16:14:00       -4.827180        0.0633
GPMin:   18 16:14:05       -4.843890        0.0711
GPMin:   19 16:14:11       -4.866063        0.0793
GPMin:   20 16:14:16       -4.889933        0.0730
GPMin:   21 16:14:21       -4.913622        0.0649
GPMin:   22 16:14:26       -4.927039        0.0631
GPMin:   23 16:14:30       -4.931724        0.0448
GPMin:   24 16:14:35       -4.932919        0.0243
GPMin:   25 16:14:39       -4.933552        0.0124
       Step     Time          Energy         fmax
GPMin:    0 16:14:52       -3.645171        0.2549
GPMin:    1 16:14:59       -3.783187        0.2139
GPMin:    2 16:15:06       -3.904507        0.2113
GPMin:    3 16:15:13       -3.978133        0.2159
GPMin:    4 16:15:19       -4.029240        0.2088
GPMin:    5 16:15:25       -4.065235        0.1896
GPMin:    6 16:15:31       -4.112219        0.2043
GPMin:    7 16:15:36       -4.123529        0.1844
GPMin:    8 16:15:41       -4.165595        0.1161
GPMin:    9 16:15:47       -4.186007        0.0925
GPMin:   10 16:15:52       -4.200488        0.0866
GPMin:   11 16:15:57       -4.221188        0.0784
GPMin:   12 16:16:02       -4.234292        0.0815
GPMin:   13 16:16:07       -4.266995        0.1049
GPMin:   14 16:16:12       -4.291870        0.1292
GPMin:   15 16:16:18       -4.351444        0.1347
GPMin:   16 16:16:23       -4.376394        0.1545
GPMin:   17 16:16:29       -4.437421        0.1975
GPMin:   18 16:16:34       -4.500971        0.1897
GPMin:   19 16:16:40       -4.559165        0.1515
GPMin:   20 16:16:46       -4.599971        0.1473
GPMin:   21 16:16:51       -4.632013        0.1431
GPMin:   22 16:16:56       -4.663519        0.1378
GPMin:   23 16:17:01       -4.697047        0.1313
GPMin:   24 16:17:06       -4.730617        0.1235
GPMin:   25 16:17:11       -4.762300        0.1095
GPMin:   26 16:17:16       -4.791602        0.0970
GPMin:   27 16:17:21       -4.816442        0.0867
GPMin:   28 16:17:26       -4.845048        0.0771
GPMin:   29 16:17:31       -4.867130        0.0725
GPMin:   30 16:17:35       -4.887057        0.0619
GPMin:   31 16:17:40       -4.902531        0.0559
GPMin:   32 16:17:44       -4.914323        0.0550
GPMin:   33 16:17:49       -4.922399        0.0491
GPMin:   34 16:17:53       -4.927658        0.0326
GPMin:   35 16:17:58       -4.930140        0.0301
GPMin:   36 16:18:03       -4.932218        0.0252
GPMin:   37 16:18:06       -4.933073        0.0159
       Step     Time          Energy         fmax
GPMin:    0 16:18:16       -4.140057        0.3863
GPMin:    1 16:18:23       -4.305483        0.2173
GPMin:    2 16:18:28       -4.360173        0.1203
GPMin:    3 16:18:33       -4.401846        0.1360
GPMin:    4 16:18:38       -4.462583        0.1739
GPMin:    5 16:18:43       -4.539263        0.2062
GPMin:    6 16:18:49       -4.628359        0.2282
GPMin:    7 16:18:54       -4.711636        0.2091
GPMin:    8 16:18:59       -4.779032        0.1469
GPMin:    9 16:19:04       -4.806926        0.0710
GPMin:   10 16:19:09       -4.814024        0.0683
GPMin:   11 16:19:14       -4.827487        0.0627
GPMin:   12 16:19:19       -4.844198        0.0738
GPMin:   13 16:19:24       -4.861981        0.0715
GPMin:   14 16:19:29       -4.876948        0.0451
GPMin:   15 16:19:34       -4.884505        0.0330
GPMin:   16 16:19:39       -4.886530        0.0263
GPMin:   17 16:19:43       -4.887826        0.0223
GPMin:   18 16:19:48       -4.888937        0.0199
       Step     Time          Energy         fmax
GPMin:    0 16:19:57       -4.087186        0.3439
GPMin:    1 16:20:03       -4.313719        0.2908
GPMin:    2 16:20:09       -4.469487        0.2450
GPMin:    3 16:20:15       -4.597249        0.2339
GPMin:    4 16:20:20       -4.697746        0.2120
GPMin:    5 16:20:26       -4.780727        0.1926
GPMin:    6 16:20:31       -4.841393        0.1464
GPMin:    7 16:20:37       -4.878103        0.0800
GPMin:    8 16:20:41       -4.885896        0.0753
GPMin:    9 16:20:46       -4.895871        0.0698
GPMin:   10 16:20:51       -4.906635        0.0482
GPMin:   11 16:20:55       -4.914163        0.0475
GPMin:   12 16:21:00       -4.920994        0.0349
GPMin:   13 16:21:04       -4.925320        0.0406
GPMin:   14 16:21:09       -4.929722        0.0206
GPMin:   15 16:21:13       -4.931087        0.0142
       Step     Time          Energy         fmax
GPMin:    0 16:21:23       -4.147923        0.7310
GPMin:    1 16:21:29       -4.339554        0.2436
GPMin:    2 16:21:36       -4.407546        0.1298
GPMin:    3 16:21:41       -4.433526        0.0898
GPMin:    4 16:21:46       -4.452644        0.0785
GPMin:    5 16:21:51       -4.470324        0.0756
GPMin:    6 16:21:56       -4.490182        0.0911
GPMin:    7 16:22:01       -4.497664        0.0960
GPMin:    8 16:22:08       -4.542885        0.0865
GPMin:    9 16:22:13       -4.560784        0.1104
GPMin:   10 16:22:18       -4.580028        0.1282
GPMin:   11 16:22:24       -4.614538        0.1708
GPMin:   12 16:22:30       -4.673840        0.2096
GPMin:   13 16:22:35       -4.736218        0.1865
GPMin:   14 16:22:40       -4.781229        0.1302
GPMin:   15 16:22:46       -4.815457        0.0955
GPMin:   16 16:22:51       -4.845692        0.0845
GPMin:   17 16:22:56       -4.863775        0.0629
GPMin:   18 16:23:00       -4.871198        0.0475
GPMin:   19 16:23:05       -4.877187        0.0432
GPMin:   20 16:23:09       -4.882830        0.0330
GPMin:   21 16:23:13       -4.887126        0.0202
GPMin:   22 16:23:17       -4.888644        0.0174
       Step     Time          Energy         fmax
GPMin:    0 16:23:27       -3.635471        0.2921
GPMin:    1 16:23:35       -3.826193        0.3210
GPMin:    2 16:23:42       -3.949130        0.2723
GPMin:    3 16:23:49       -4.020428        0.1724
GPMin:    4 16:23:54       -4.056009        0.1233
GPMin:    5 16:23:59       -4.071543        0.1250
GPMin:    6 16:24:03       -4.095882        0.1270
GPMin:    7 16:24:08       -4.123104        0.1190
GPMin:    8 16:24:12       -4.148288        0.1159
GPMin:    9 16:24:18       -4.182402        0.1076
GPMin:   10 16:24:23       -4.208990        0.1071
GPMin:   11 16:24:28       -4.224399        0.1060
GPMin:   12 16:24:33       -4.234624        0.0632
GPMin:   13 16:24:38       -4.239643        0.0472
GPMin:   14 16:24:43       -4.247622        0.0475
GPMin:   15 16:24:48       -4.256437        0.0411
GPMin:   16 16:24:52       -4.265055        0.0467
GPMin:   17 16:24:56       -4.272357        0.0489
GPMin:   18 16:25:01       -4.282862        0.0472
GPMin:   19 16:25:05       -4.288996        0.0488
GPMin:   20 16:25:10       -4.306866        0.0929
GPMin:   21 16:25:14       -4.317338        0.0794
GPMin:   22 16:25:19       -4.336983        0.0794
GPMin:   23 16:25:24       -4.360038        0.0943
GPMin:   24 16:25:30       -4.380798        0.1129
GPMin:   25 16:25:35       -4.408464        0.1360
GPMin:   26 16:25:40       -4.437183        0.1514
GPMin:   27 16:25:45       -4.481179        0.1762
GPMin:   28 16:25:50       -4.526984        0.2020
GPMin:   29 16:25:55       -4.583083        0.2185
GPMin:   30 16:26:01       -4.652696        0.2250
GPMin:   31 16:26:06       -4.714677        0.2132
GPMin:   32 16:26:11       -4.764970        0.1666
GPMin:   33 16:26:17       -4.793302        0.0839
GPMin:   34 16:26:22       -4.801142        0.0382
GPMin:   35 16:26:26       -4.802143        0.0290
GPMin:   36 16:26:31       -4.803066        0.0212
GPMin:   37 16:26:34       -4.803420        0.0218
GPMin:   38 16:26:39       -4.804286        0.0275
GPMin:   39 16:26:43       -4.805057        0.0163
       Step     Time          Energy         fmax
GPMin:    0 16:26:51       -4.447723        0.2977
GPMin:    1 16:26:57       -4.578429        0.1552
GPMin:    2 16:27:03       -4.646716        0.1028
GPMin:    3 16:27:09       -4.682083        0.0792
GPMin:    4 16:27:14       -4.708881        0.0620
GPMin:    5 16:27:18       -4.724487        0.0577
GPMin:    6 16:27:23       -4.742240        0.0496
GPMin:    7 16:27:27       -4.758672        0.0426
GPMin:    8 16:27:32       -4.772128        0.0441
GPMin:    9 16:27:36       -4.782734        0.0541
GPMin:   10 16:27:41       -4.789307        0.0494
GPMin:   11 16:27:46       -4.792980        0.0553
GPMin:   12 16:27:51       -4.802639        0.0612
GPMin:   13 16:27:56       -4.815888        0.0678
GPMin:   14 16:28:01       -4.838884        0.0703
GPMin:   15 16:28:06       -4.866817        0.0900
GPMin:   16 16:28:12       -4.898557        0.0703
GPMin:   17 16:28:17       -4.921672        0.0611
GPMin:   18 16:28:22       -4.931549        0.0279
GPMin:   19 16:28:25       -4.932378        0.0161
       Step     Time          Energy         fmax
GPMin:    0 16:28:36       -4.063006        0.3412
GPMin:    1 16:28:43       -4.263044        0.2225
GPMin:    2 16:28:48       -4.372534        0.2138
GPMin:    3 16:28:53       -4.449464        0.2026
GPMin:    4 16:28:58       -4.509815        0.1958
GPMin:    5 16:29:03       -4.588440        0.1639
GPMin:    6 16:29:08       -4.630404        0.1523
GPMin:    7 16:29:13       -4.685086        0.1376
GPMin:    8 16:29:19       -4.733600        0.1161
GPMin:    9 16:29:24       -4.767165        0.0876
GPMin:   10 16:29:29       -4.785351        0.0593
GPMin:   11 16:29:33       -4.794420        0.0539
GPMin:   12 16:29:38       -4.803774        0.0530
GPMin:   13 16:29:42       -4.813201        0.0375
GPMin:   14 16:29:47       -4.820038        0.0387
GPMin:   15 16:29:51       -4.826274        0.0415
GPMin:   16 16:29:55       -4.833601        0.0450
GPMin:   17 16:30:01       -4.843579        0.0455
GPMin:   18 16:30:06       -4.854926        0.0494
GPMin:   19 16:30:11       -4.865247        0.0492
GPMin:   20 16:30:16       -4.872613        0.0450
GPMin:   21 16:30:20       -4.877651        0.0433
GPMin:   22 16:30:25       -4.883193        0.0354
GPMin:   23 16:30:29       -4.887135        0.0238
GPMin:   24 16:30:33       -4.889208        0.0133
       Step     Time          Energy         fmax
GPMin:    0 16:30:46       -4.087679        0.4579
GPMin:    1 16:30:52       -4.312678        0.2827
GPMin:    2 16:30:57       -4.454030        0.2774
GPMin:    3 16:31:03       -4.586122        0.2827
GPMin:    4 16:31:09       -4.695145        0.2694
GPMin:    5 16:31:14       -4.774151        0.2182
GPMin:    6 16:31:20       -4.821407        0.1354
GPMin:    7 16:31:26       -4.848870        0.1060
GPMin:    8 16:31:31       -4.863227        0.0793
GPMin:    9 16:31:35       -4.872337        0.0570
GPMin:   10 16:31:40       -4.878943        0.0437
GPMin:   11 16:31:44       -4.883960        0.0300
GPMin:   12 16:31:49       -4.886468        0.0224
GPMin:   13 16:31:53       -4.888339        0.0184
       Step     Time          Energy         fmax
GPMin:    0 16:32:05       -3.791147        0.6885
GPMin:    1 16:32:12       -4.057888        0.3531
GPMin:    2 16:32:19       -4.223444        0.2746
GPMin:    3 16:32:25       -4.332050        0.2599
GPMin:    4 16:32:30       -4.411471        0.2437
GPMin:    5 16:32:36       -4.520039        0.2189
GPMin:    6 16:32:42       -4.575274        0.1904
GPMin:    7 16:32:47       -4.640683        0.1577
GPMin:    8 16:32:53       -4.668027        0.1358
GPMin:    9 16:32:59       -4.686323        0.1124
GPMin:   10 16:33:04       -4.703875        0.0874
GPMin:   11 16:33:09       -4.722156        0.0752
GPMin:   12 16:33:14       -4.738997        0.0799
GPMin:   13 16:33:18       -4.756550        0.0849
GPMin:   14 16:33:23       -4.774152        0.0861
GPMin:   15 16:33:28       -4.795358        0.0781
GPMin:   16 16:33:33       -4.820266        0.0773
GPMin:   17 16:33:38       -4.847090        0.0654
GPMin:   18 16:33:44       -4.871606        0.0771
GPMin:   19 16:33:49       -4.892316        0.0751
GPMin:   20 16:33:54       -4.904380        0.0736
GPMin:   21 16:33:58       -4.911098        0.0739
GPMin:   22 16:34:03       -4.917903        0.0553
GPMin:   23 16:34:07       -4.923884        0.0377
GPMin:   24 16:34:12       -4.927708        0.0441
GPMin:   25 16:34:16       -4.930984        0.0380
GPMin:   26 16:34:21       -4.932246        0.0331
GPMin:   27 16:34:24       -4.933526        0.0195
       Step     Time          Energy         fmax
GPMin:    0 16:34:35       -4.243095        0.3211
GPMin:    1 16:34:41       -4.361776        0.1989
GPMin:    2 16:34:46       -4.451559        0.2314
GPMin:    3 16:34:51       -4.554806        0.2502
GPMin:    4 16:34:57       -4.656285        0.2293
GPMin:    5 16:35:02       -4.733129        0.1589
GPMin:    6 16:35:08       -4.777542        0.0955
GPMin:    7 16:35:13       -4.803840        0.0640
GPMin:    8 16:35:17       -4.816149        0.0623
GPMin:    9 16:35:22       -4.822941        0.0436
GPMin:   10 16:35:26       -4.827569        0.0387
GPMin:   11 16:35:32       -4.835872        0.0597
GPMin:   12 16:35:37       -4.848452        0.0462
GPMin:   13 16:35:42       -4.859794        0.0557
GPMin:   14 16:35:47       -4.867959        0.0544
GPMin:   15 16:35:51       -4.873477        0.0537
GPMin:   16 16:35:56       -4.878702        0.0423
GPMin:   17 16:36:00       -4.884389        0.0292
GPMin:   18 16:36:04       -4.888787        0.0186
       Step     Time          Energy         fmax
GPMin:    0 16:36:16       -3.670240        0.2483
GPMin:    1 16:36:24       -3.829584        0.2071
GPMin:    2 16:36:30       -3.893571        0.1230
GPMin:    3 16:36:35       -3.922600        0.1123
GPMin:    4 16:36:40       -3.948515        0.0956
GPMin:    5 16:36:45       -3.973574        0.1164
GPMin:    6 16:36:50       -3.996141        0.0839
GPMin:    7 16:36:55       -4.030678        0.0800
GPMin:    8 16:37:00       -4.057565        0.0793
GPMin:    9 16:37:04       -4.084590        0.0837
GPMin:   10 16:37:09       -4.124742        0.0927
GPMin:   11 16:37:14       -4.157323        0.1023
GPMin:   12 16:37:19       -4.200820        0.1167
GPMin:   13 16:37:24       -4.241965        0.1180
GPMin:   14 16:37:29       -4.292759        0.1295
GPMin:   15 16:37:34       -4.348945        0.1288
GPMin:   16 16:37:39       -4.400517        0.1325
GPMin:   17 16:37:44       -4.455874        0.1437
GPMin:   18 16:37:49       -4.511845        0.1657
GPMin:   19 16:37:54       -4.565165        0.1798
GPMin:   20 16:38:00       -4.629992        0.1900
GPMin:   21 16:38:06       -4.706670        0.1960
GPMin:   22 16:38:11       -4.769575        0.1889
GPMin:   23 16:38:16       -4.830841        0.1652
GPMin:   24 16:38:21       -4.878942        0.1090
GPMin:   25 16:38:26       -4.899361        0.0631
GPMin:   26 16:38:30       -4.906589        0.0609
GPMin:   27 16:38:35       -4.912105        0.0578
GPMin:   28 16:38:39       -4.918062        0.0378
GPMin:   29 16:38:44       -4.921597        0.0370
GPMin:   30 16:38:48       -4.926641        0.0350
GPMin:   31 16:38:53       -4.928694        0.0423
GPMin:   32 16:38:57       -4.932125        0.0294
GPMin:   33 16:39:02       -4.932802        0.0220
GPMin:   34 16:39:07       -4.933353        0.0169
       Step     Time          Energy         fmax
GPMin:    0 16:39:19       -4.035579        0.2036
GPMin:    1 16:39:25       -4.147106        0.1068
GPMin:    2 16:39:32       -4.202931        0.1106
GPMin:    3 16:39:38       -4.261089        0.1025
GPMin:    4 16:39:43       -4.296091        0.1037
GPMin:    5 16:39:48       -4.318855        0.0863
GPMin:    6 16:39:53       -4.339915        0.0772
GPMin:    7 16:39:58       -4.357319        0.0876
GPMin:    8 16:40:03       -4.369071        0.0834
GPMin:    9 16:40:08       -4.418551        0.0802
GPMin:   10 16:40:19       -4.426762        0.0811
GPMin:   11 16:40:23       -4.438753        0.0425
GPMin:   12 16:40:28       -4.445243        0.0304
GPMin:   13 16:40:32       -4.449311        0.0258
GPMin:   14 16:40:37       -4.453215        0.0287
GPMin:   15 16:40:41       -4.456729        0.0203
GPMin:   16 16:40:45       -4.459263        0.0212
GPMin:   17 16:40:50       -4.462321        0.0258
GPMin:   18 16:40:54       -4.469143        0.0343
GPMin:   19 16:40:59       -4.489015        0.0671
GPMin:   20 16:41:03       -4.528555        0.1027
GPMin:   21 16:41:08       -4.592522        0.1341
GPMin:   22 16:41:13       -4.673475        0.1587
GPMin:   23 16:41:18       -4.758532        0.1607
GPMin:   24 16:41:23       -4.831568        0.1354
GPMin:   25 16:41:28       -4.872642        0.0859
GPMin:   26 16:41:33       -4.884099        0.0734
GPMin:   27 16:41:36       -4.888863        0.0826
GPMin:   28 16:41:40       -4.903150        0.0705
GPMin:   29 16:41:45       -4.914874        0.0469
GPMin:   30 16:41:49       -4.922177        0.0398
GPMin:   31 16:41:53       -4.927515        0.0335
GPMin:   32 16:41:57       -4.931626        0.0221
GPMin:   33 16:42:01       -4.933134        0.0127
       Step     Time          Energy         fmax
GPMin:    0 16:42:13       -3.720609        0.7373
GPMin:    1 16:42:20       -3.922299        0.1997
GPMin:    2 16:42:27       -4.029050        0.1930
GPMin:    3 16:42:33       -4.086212        0.1502
GPMin:    4 16:42:40       -4.130882        0.1401
GPMin:    5 16:42:45       -4.163671        0.1448
GPMin:    6 16:42:51       -4.226067        0.1808
GPMin:    7 16:42:57       -4.252781        0.1868
GPMin:    8 16:43:03       -4.320713        0.2211
GPMin:    9 16:43:09       -4.373451        0.1825
GPMin:   10 16:43:15       -4.411159        0.1244
GPMin:   11 16:43:20       -4.442800        0.1035
GPMin:   12 16:43:26       -4.466470        0.1106
GPMin:   13 16:43:31       -4.491193        0.1105
GPMin:   14 16:43:36       -4.511709        0.1156
GPMin:   15 16:43:41       -4.545356        0.1248
GPMin:   16 16:43:46       -4.574728        0.1306
GPMin:   17 16:43:51       -4.611844        0.1277
GPMin:   18 16:43:56       -4.648943        0.1162
GPMin:   19 16:44:01       -4.682301        0.1102
GPMin:   20 16:44:06       -4.708890        0.1017
GPMin:   21 16:44:11       -4.728905        0.0804
GPMin:   22 16:44:16       -4.743195        0.0642
GPMin:   23 16:44:20       -4.754426        0.0558
GPMin:   24 16:44:25       -4.764840        0.0454
GPMin:   25 16:44:29       -4.774114        0.0331
GPMin:   26 16:44:34       -4.781616        0.0398
GPMin:   27 16:44:38       -4.789224        0.0388
GPMin:   28 16:44:43       -4.795690        0.0338
GPMin:   29 16:44:47       -4.801009        0.0501
GPMin:   30 16:44:52       -4.810038        0.0540
GPMin:   31 16:44:57       -4.823268        0.0612
GPMin:   32 16:45:02       -4.839625        0.0809
GPMin:   33 16:45:07       -4.866623        0.0859
GPMin:   34 16:45:12       -4.892185        0.0788
GPMin:   35 16:45:17       -4.916222        0.0636
GPMin:   36 16:45:22       -4.926722        0.0422
GPMin:   37 16:45:26       -4.929035        0.0333
GPMin:   38 16:45:31       -4.929892        0.0243
GPMin:   39 16:45:35       -4.931224        0.0175
       Step     Time          Energy         fmax
GPMin:    0 16:45:44       -4.582670        0.2386
GPMin:    1 16:45:50       -4.688998        0.1535
GPMin:    2 16:45:56       -4.756449        0.1643
GPMin:    3 16:46:01       -4.818822        0.1253
GPMin:    4 16:46:07       -4.859493        0.0585
GPMin:    5 16:46:11       -4.877773        0.0490
GPMin:    6 16:46:16       -4.884006        0.0286
GPMin:    7 16:46:20       -4.887305        0.0214
GPMin:    8 16:46:24       -4.888789        0.0155
       Step     Time          Energy         fmax
GPMin:    0 16:46:34       -4.167590        0.2382
GPMin:    1 16:46:40       -4.275650        0.2176
GPMin:    2 16:46:46       -4.322729        0.1455
GPMin:    3 16:46:52       -4.369277        0.1135
GPMin:    4 16:46:57       -4.417575        0.1342
GPMin:    5 16:47:02       -4.484258        0.1568
GPMin:    6 16:47:07       -4.567059        0.1702
GPMin:    7 16:47:12       -4.651778        0.1574
GPMin:    8 16:47:17       -4.722573        0.1430
GPMin:    9 16:47:22       -4.770147        0.1121
GPMin:   10 16:47:28       -4.788840        0.0568
GPMin:   11 16:47:32       -4.794107        0.0407
GPMin:   12 16:47:37       -4.796922        0.0309
GPMin:   13 16:47:41       -4.800362        0.0297
GPMin:   14 16:47:46       -4.803205        0.0283
GPMin:   15 16:47:50       -4.805874        0.0278
GPMin:   16 16:47:55       -4.808074        0.0157
       Step     Time          Energy         fmax
GPMin:    0 16:48:06       -3.899774        0.6663
GPMin:    1 16:48:12       -4.123541        0.2064
GPMin:    2 16:48:18       -4.215733        0.1327
GPMin:    3 16:48:24       -4.248451        0.1050
GPMin:    4 16:48:28       -4.267417        0.0995
GPMin:    5 16:48:34       -4.287255        0.1092
GPMin:    6 16:48:40       -4.363741        0.1642
GPMin:    7 16:48:45       -4.377136        0.1824
GPMin:    8 16:48:50       -4.401930        0.1954
GPMin:    9 16:48:55       -4.431555        0.1801
GPMin:   10 16:49:00       -4.458411        0.1517
GPMin:   11 16:49:06       -4.495558        0.1406
GPMin:   12 16:49:12       -4.537663        0.1339
GPMin:   13 16:49:17       -4.579600        0.1445
GPMin:   14 16:49:22       -4.624526        0.1134
GPMin:   15 16:49:27       -4.654185        0.1052
GPMin:   16 16:49:32       -4.677889        0.0913
GPMin:   17 16:49:37       -4.701713        0.0862
GPMin:   18 16:49:42       -4.716307        0.0784
GPMin:   19 16:49:46       -4.735462        0.0665
GPMin:   20 16:49:51       -4.754950        0.0566
GPMin:   21 16:49:55       -4.767257        0.0483
GPMin:   22 16:50:00       -4.777690        0.0387
GPMin:   23 16:50:04       -4.784629        0.0350
GPMin:   24 16:50:08       -4.789311        0.0264
GPMin:   25 16:50:13       -4.791997        0.0178
       Step     Time          Energy         fmax
GPMin:    0 16:50:21       -4.710996        0.2073
GPMin:    1 16:50:27       -4.737749        0.2350
GPMin:    2 16:50:33       -4.778122        0.1071
GPMin:    3 16:50:39       -4.819616        0.1026
GPMin:    4 16:50:44       -4.853476        0.0858
GPMin:    5 16:50:50       -4.880788        0.0779
GPMin:    6 16:50:56       -4.903575        0.0694
GPMin:    7 16:51:01       -4.918160        0.0478
GPMin:    8 16:51:05       -4.926760        0.0308
GPMin:    9 16:51:09       -4.931524        0.0214
GPMin:   10 16:51:13       -4.933271        0.0124
       Step     Time          Energy         fmax
GPMin:    0 16:51:24       -3.803333        0.3559
GPMin:    1 16:51:32       -4.036673        0.3101
GPMin:    2 16:51:38       -4.182407        0.3147
GPMin:    3 16:51:44       -4.293184        0.3178
GPMin:    4 16:51:50       -4.381910        0.3123
GPMin:    5 16:51:55       -4.512195        0.2621
GPMin:    6 16:52:01       -4.560314        0.2165
GPMin:    7 16:52:07       -4.612492        0.1457
GPMin:    8 16:52:12       -4.645349        0.1221
GPMin:    9 16:52:18       -4.678295        0.1329
GPMin:   10 16:52:23       -4.716409        0.1265
GPMin:   11 16:52:28       -4.752977        0.1075
GPMin:   12 16:52:33       -4.785415        0.0928
GPMin:   13 16:52:39       -4.814071        0.0799
GPMin:   14 16:52:44       -4.836640        0.0836
GPMin:   15 16:52:49       -4.856644        0.0866
GPMin:   16 16:52:53       -4.875737        0.0786
GPMin:   17 16:52:58       -4.891775        0.0672
GPMin:   18 16:53:02       -4.906091        0.0595
GPMin:   19 16:53:07       -4.917635        0.0456
GPMin:   20 16:53:11       -4.925308        0.0342
GPMin:   21 16:53:15       -4.929218        0.0303
GPMin:   22 16:53:20       -4.931425        0.0226
GPMin:   23 16:53:24       -4.932743        0.0165
       Step     Time          Energy         fmax
GPMin:    0 16:53:34       -4.256849        0.8138
GPMin:    1 16:53:40       -4.563363        0.3523
GPMin:    2 16:53:46       -4.653565        0.2364
GPMin:    3 16:53:51       -4.693264        0.1787
GPMin:    4 16:53:57       -4.739183        0.1527
GPMin:    5 16:54:02       -4.767496        0.0755
GPMin:    6 16:54:07       -4.783467        0.0682
GPMin:    7 16:54:12       -4.791378        0.0441
GPMin:    8 16:54:17       -4.796420        0.0390
GPMin:    9 16:54:21       -4.801092        0.0370
GPMin:   10 16:54:26       -4.807133        0.0306
GPMin:   11 16:54:30       -4.810861        0.0273
GPMin:   12 16:54:35       -4.814001        0.0311
GPMin:   13 16:54:40       -4.819235        0.0398
GPMin:   14 16:54:45       -4.828277        0.0442
GPMin:   15 16:54:50       -4.840260        0.0569
GPMin:   16 16:54:55       -4.855454        0.0470
GPMin:   17 16:55:01       -4.868805        0.0599
GPMin:   18 16:55:06       -4.874130        0.0555
GPMin:   19 16:55:10       -4.878683        0.0483
GPMin:   20 16:55:15       -4.883799        0.0298
GPMin:   21 16:55:19       -4.887579        0.0293
GPMin:   22 16:55:24       -4.889487        0.0149
       Step     Time          Energy         fmax
GPMin:    0 16:55:33       -3.954321        0.3106
GPMin:    1 16:55:39       -4.203995        0.2207
GPMin:    2 16:55:46       -4.335338        0.1741
GPMin:    3 16:55:51       -4.413227        0.1087
GPMin:    4 16:55:57       -4.443513        0.0499
GPMin:    5 16:56:01       -4.447015        0.0279
GPMin:    6 16:56:05       -4.449101        0.0292
GPMin:    7 16:56:09       -4.451305        0.0269
GPMin:    8 16:56:14       -4.455518        0.0211
GPMin:    9 16:56:19       -4.458057        0.0195
       Step     Time          Energy         fmax
GPMin:    0 16:56:30       -4.189447        0.2994
GPMin:    1 16:56:36       -4.313226        0.1222
GPMin:    2 16:56:42       -4.357860        0.1196
GPMin:    3 16:56:47       -4.406194        0.1180
GPMin:    4 16:56:53       -4.455656        0.1217
GPMin:    5 16:56:59       -4.507758        0.1219
GPMin:    6 16:57:04       -4.563066        0.1223
GPMin:    7 16:57:10       -4.619526        0.1210
GPMin:    8 16:57:15       -4.674860        0.1147
GPMin:    9 16:57:20       -4.728211        0.1032
GPMin:   10 16:57:25       -4.774365        0.0911
GPMin:   11 16:57:30       -4.812493        0.0740
GPMin:   12 16:57:35       -4.841230        0.0645
GPMin:   13 16:57:40       -4.860400        0.0637
GPMin:   14 16:57:45       -4.873330        0.0537
GPMin:   15 16:57:51       -4.881099        0.0387
GPMin:   16 16:57:55       -4.884769        0.0330
GPMin:   17 16:58:00       -4.886583        0.0273
GPMin:   18 16:58:04       -4.888731        0.0256
GPMin:   19 16:58:09       -4.889724        0.0161
       Step     Time          Energy         fmax
GPMin:    0 16:58:20       -4.651488        0.3144
GPMin:    1 16:58:26       -4.803305        0.1488
GPMin:    2 16:58:32       -4.846861        0.1205
GPMin:    3 16:58:38       -4.871284        0.0552
GPMin:    4 16:58:43       -4.883314        0.0355
GPMin:    5 16:58:48       -4.888292        0.0188
       Step     Time          Energy         fmax
GPMin:    0 16:59:02       -3.456703        0.6565
GPMin:    1 16:59:11       -3.703694        0.3133
GPMin:    2 16:59:18       -3.847523        0.2584
GPMin:    3 16:59:25       -3.950298        0.2773
GPMin:    4 16:59:32       -4.027312        0.2841
GPMin:    5 16:59:38       -4.159770        0.2910
GPMin:    6 16:59:45       -4.238418        0.2956
GPMin:    7 16:59:51       -4.370929        0.2994
GPMin:    8 16:59:56       -4.427929        0.2877
GPMin:    9 17:00:02       -4.509760        0.2415
GPMin:   10 17:00:08       -4.573427        0.1802
GPMin:   11 17:00:13       -4.615209        0.1257
GPMin:   12 17:00:19       -4.642585        0.1334
GPMin:   13 17:00:24       -4.677808        0.1368
GPMin:   14 17:00:29       -4.712799        0.0951
GPMin:   15 17:00:34       -4.739635        0.0830
GPMin:   16 17:00:39       -4.760778        0.0871
GPMin:   17 17:00:44       -4.779721        0.0777
GPMin:   18 17:00:49       -4.796434        0.0650
GPMin:   19 17:00:53       -4.811026        0.0689
GPMin:   20 17:00:58       -4.824183        0.0730
GPMin:   21 17:01:03       -4.835756        0.0739
GPMin:   22 17:01:08       -4.847506        0.0636
GPMin:   23 17:01:13       -4.859179        0.0635
GPMin:   24 17:01:18       -4.869812        0.0589
GPMin:   25 17:01:23       -4.877073        0.0454
GPMin:   26 17:01:28       -4.880783        0.0415
GPMin:   27 17:01:32       -4.883032        0.0364
GPMin:   28 17:01:37       -4.885133        0.0323
GPMin:   29 17:01:41       -4.887613        0.0307
GPMin:   30 17:01:46       -4.888908        0.0263
GPMin:   31 17:01:50       -4.889540        0.0176
       Step     Time          Energy         fmax
GPMin:    0 17:02:00       -4.146190        0.5953
GPMin:    1 17:02:06       -4.318948        0.1962
GPMin:    2 17:02:12       -4.382213        0.1938
GPMin:    3 17:02:18       -4.460580        0.1925
GPMin:    4 17:02:23       -4.545314        0.2045
GPMin:    5 17:02:29       -4.642401        0.2089
GPMin:    6 17:02:34       -4.738871        0.1973
GPMin:    7 17:02:40       -4.813249        0.1498
GPMin:    8 17:02:46       -4.856750        0.0888
GPMin:    9 17:02:51       -4.875059        0.0761
GPMin:   10 17:02:55       -4.885554        0.0860
GPMin:   11 17:03:00       -4.897869        0.0601
GPMin:   12 17:03:04       -4.909380        0.0497
GPMin:   13 17:03:09       -4.917520        0.0371
GPMin:   14 17:03:13       -4.923840        0.0335
GPMin:   15 17:03:18       -4.928736        0.0250
GPMin:   16 17:03:22       -4.931103        0.0179
       Step     Time          Energy         fmax
GPMin:    0 17:03:33       -4.592097        0.2524
GPMin:    1 17:03:38       -4.713171        0.1355
GPMin:    2 17:03:44       -4.768958        0.0724
GPMin:    3 17:03:49       -4.784980        0.0363
GPMin:    4 17:03:53       -4.787158        0.0327
GPMin:    5 17:03:58       -4.789318        0.0228
GPMin:    6 17:04:02       -4.792392        0.0161
       Step     Time          Energy         fmax
GPMin:    0 17:04:14       -4.091668        0.5645
GPMin:    1 17:04:20       -4.321926        0.2550
GPMin:    2 17:04:25       -4.441658        0.2211
GPMin:    3 17:04:31       -4.541939        0.1887
GPMin:    4 17:04:37       -4.614751        0.1390
GPMin:    5 17:04:42       -4.655731        0.1066
GPMin:    6 17:04:47       -4.679080        0.1097
GPMin:    7 17:04:52       -4.705428        0.1072
GPMin:    8 17:04:57       -4.725192        0.0781
GPMin:    9 17:05:02       -4.745643        0.0627
GPMin:   10 17:05:07       -4.760715        0.0592
GPMin:   11 17:05:12       -4.771664        0.0531
GPMin:   12 17:05:16       -4.781727        0.0446
GPMin:   13 17:05:21       -4.787204        0.0309
GPMin:   14 17:05:25       -4.790098        0.0171
       Step     Time          Energy         fmax
GPMin:    0 17:05:37       -3.859407        0.6480
GPMin:    1 17:05:45       -4.082627        0.2428
GPMin:    2 17:05:51       -4.218198        0.2244
GPMin:    3 17:05:57       -4.320797        0.1935
GPMin:    4 17:06:03       -4.388624        0.1735
GPMin:    5 17:06:08       -4.466284        0.1772
GPMin:    6 17:06:13       -4.521240        0.1853
GPMin:    7 17:06:18       -4.581853        0.1918
GPMin:    8 17:06:23       -4.608366        0.1920
GPMin:    9 17:06:29       -4.657809        0.1622
GPMin:   10 17:06:34       -4.694795        0.1150
GPMin:   11 17:06:39       -4.717980        0.0878
GPMin:   12 17:06:43       -4.736094        0.0935
GPMin:   13 17:06:48       -4.757118        0.0765
GPMin:   14 17:06:52       -4.774106        0.0528
GPMin:   15 17:06:57       -4.786982        0.0467
GPMin:   16 17:07:01       -4.796604        0.0486
GPMin:   17 17:07:06       -4.803497        0.0455
GPMin:   18 17:07:10       -4.809280        0.0304
GPMin:   19 17:07:15       -4.812828        0.0306
GPMin:   20 17:07:19       -4.816448        0.0343
GPMin:   21 17:07:24       -4.821235        0.0375
GPMin:   22 17:07:29       -4.828509        0.0481
GPMin:   23 17:07:34       -4.838011        0.0485
GPMin:   24 17:07:39       -4.851256        0.0573
GPMin:   25 17:07:44       -4.864326        0.0552
GPMin:   26 17:07:49       -4.874227        0.0539
GPMin:   27 17:07:54       -4.879472        0.0540
GPMin:   28 17:07:58       -4.882284        0.0423
GPMin:   29 17:08:03       -4.885324        0.0313
GPMin:   30 17:08:08       -4.887667        0.0263
GPMin:   31 17:08:12       -4.889310        0.0223
GPMin:   32 17:08:16       -4.889839        0.0113
       Step     Time          Energy         fmax
GPMin:    0 17:08:28       -3.368680        0.3104
GPMin:    1 17:08:37       -3.514035        0.2898
GPMin:    2 17:08:45       -3.675427        0.3313
GPMin:    3 17:08:52       -3.830310        0.3555
GPMin:    4 17:08:59       -3.958647        0.3595
GPMin:    5 17:09:06       -4.127231        0.3394
GPMin:    6 17:09:13       -4.206468        0.2951
GPMin:    7 17:09:19       -4.300509        0.2585
GPMin:    8 17:09:25       -4.366902        0.2180
GPMin:    9 17:09:30       -4.433197        0.1854
GPMin:   10 17:09:36       -4.504224        0.2001
GPMin:   11 17:09:41       -4.565731        0.2137
GPMin:   12 17:09:46       -4.627720        0.2175
GPMin:   13 17:09:52       -4.695047        0.2013
GPMin:   14 17:09:57       -4.752118        0.1664
GPMin:   15 17:10:02       -4.796668        0.1209
GPMin:   16 17:10:07       -4.827758        0.1153
GPMin:   17 17:10:12       -4.848836        0.1262
GPMin:   18 17:10:17       -4.868055        0.0956
GPMin:   19 17:10:22       -4.883678        0.0771
GPMin:   20 17:10:27       -4.895605        0.0690
GPMin:   21 17:10:32       -4.906086        0.0673
GPMin:   22 17:10:36       -4.913626        0.0514
GPMin:   23 17:10:41       -4.918588        0.0483
GPMin:   24 17:10:45       -4.923091        0.0464
GPMin:   25 17:10:50       -4.926591        0.0392
GPMin:   26 17:10:54       -4.929335        0.0400
GPMin:   27 17:10:59       -4.931060        0.0303
GPMin:   28 17:11:03       -4.932253        0.0260
GPMin:   29 17:11:08       -4.932827        0.0184
       Step     Time          Energy         fmax
GPMin:    0 17:11:19       -4.037033        0.4279
GPMin:    1 17:11:25       -4.264767        0.2583
GPMin:    2 17:11:30       -4.388533        0.2337
GPMin:    3 17:11:36       -4.461830        0.2290
GPMin:    4 17:11:42       -4.519691        0.2349
GPMin:    5 17:11:48       -4.589529        0.2172
GPMin:    6 17:11:54       -4.659140        0.1928
GPMin:    7 17:12:00       -4.731298        0.1800
GPMin:    8 17:12:05       -4.799376        0.1706
GPMin:    9 17:12:10       -4.848217        0.1169
GPMin:   10 17:12:15       -4.875080        0.0797
GPMin:   11 17:12:20       -4.888915        0.0896
GPMin:   12 17:12:24       -4.900918        0.0609
GPMin:   13 17:12:29       -4.910775        0.0696
GPMin:   14 17:12:34       -4.918370        0.0546
GPMin:   15 17:12:38       -4.923236        0.0364
GPMin:   16 17:12:43       -4.926675        0.0393
GPMin:   17 17:12:47       -4.929687        0.0296
GPMin:   18 17:12:52       -4.931250        0.0274
GPMin:   19 17:12:56       -4.932744        0.0222
GPMin:   20 17:13:01       -4.933315        0.0141
       Step     Time          Energy         fmax
GPMin:    0 17:13:12       -4.002200        0.2668
GPMin:    1 17:13:18       -4.185367        0.2113
GPMin:    2 17:13:24       -4.300463        0.1825
GPMin:    3 17:13:30       -4.347773        0.1392
GPMin:    4 17:13:35       -4.384623        0.1147
GPMin:    5 17:13:39       -4.394125        0.0989
GPMin:    6 17:13:51       -4.421270        0.1348
GPMin:    7 17:13:56       -4.457596        0.1550
GPMin:    8 17:14:02       -4.477907        0.1597
GPMin:    9 17:14:07       -4.508798        0.1689
GPMin:   10 17:14:12       -4.544595        0.1399
GPMin:   11 17:14:18       -4.593573        0.1462
GPMin:   12 17:14:23       -4.656886        0.1517
GPMin:   13 17:14:28       -4.732691        0.1615
GPMin:   14 17:14:34       -4.802637        0.1670
GPMin:   15 17:14:40       -4.851731        0.1495
GPMin:   16 17:14:45       -4.877458        0.1034
GPMin:   17 17:14:50       -4.887730        0.0736
GPMin:   18 17:14:55       -4.896034        0.0716
GPMin:   19 17:14:59       -4.907484        0.0619
GPMin:   20 17:15:04       -4.915663        0.0484
GPMin:   21 17:15:09       -4.920821        0.0395
GPMin:   22 17:15:13       -4.925746        0.0335
GPMin:   23 17:15:18       -4.929929        0.0258
GPMin:   24 17:15:22       -4.932109        0.0166
       Step     Time          Energy         fmax
GPMin:    0 17:15:34       -4.055282        0.4062
GPMin:    1 17:15:41       -4.213731        0.2738
GPMin:    2 17:15:47       -4.314356        0.1673
GPMin:    3 17:15:53       -4.370373        0.1332
GPMin:    4 17:15:58       -4.401938        0.1217
GPMin:    5 17:16:03       -4.438647        0.1394
GPMin:    6 17:16:09       -4.477283        0.1671
GPMin:    7 17:16:14       -4.491573        0.1540
GPMin:    8 17:16:19       -4.561557        0.2083
GPMin:    9 17:16:24       -4.603361        0.2068
GPMin:   10 17:16:29       -4.666964        0.1802
GPMin:   11 17:16:35       -4.722724        0.1431
GPMin:   12 17:16:41       -4.765443        0.0991
GPMin:   13 17:16:46       -4.790561        0.0747
GPMin:   14 17:16:50       -4.805823        0.1117
GPMin:   15 17:16:55       -4.824736        0.1130
GPMin:   16 17:17:00       -4.845746        0.0907
GPMin:   17 17:17:05       -4.869482        0.0688
GPMin:   18 17:17:09       -4.886776        0.0643
GPMin:   19 17:17:14       -4.903191        0.0689
GPMin:   20 17:17:18       -4.914026        0.0521
GPMin:   21 17:17:23       -4.920886        0.0442
GPMin:   22 17:17:27       -4.925343        0.0422
GPMin:   23 17:17:32       -4.929405        0.0307
GPMin:   24 17:17:36       -4.931673        0.0215
GPMin:   25 17:17:41       -4.932951        0.0218
GPMin:   26 17:17:45       -4.933481        0.0139
       Step     Time          Energy         fmax
GPMin:    0 17:17:55       -4.195540        0.4949
GPMin:    1 17:18:01       -4.429181        0.3051
GPMin:    2 17:18:07       -4.545948        0.1518
GPMin:    3 17:18:13       -4.601484        0.1440
GPMin:    4 17:18:18       -4.651954        0.1214
GPMin:    5 17:18:24       -4.696376        0.1022
GPMin:    6 17:18:29       -4.728396        0.0687
GPMin:    7 17:18:35       -4.746410        0.0687
GPMin:    8 17:18:40       -4.763174        0.0628
GPMin:    9 17:18:45       -4.780522        0.0591
GPMin:   10 17:18:50       -4.799220        0.0685
GPMin:   11 17:18:54       -4.822128        0.0605
GPMin:   12 17:18:59       -4.846950        0.0756
GPMin:   13 17:19:05       -4.874127        0.0761
GPMin:   14 17:19:10       -4.901464        0.0619
GPMin:   15 17:19:15       -4.919379        0.0549
GPMin:   16 17:19:20       -4.927090        0.0377
GPMin:   17 17:19:24       -4.929446        0.0272
GPMin:   18 17:19:27       -4.930756        0.0239
GPMin:   19 17:19:32       -4.931843        0.0187
       Step     Time          Energy         fmax
GPMin:    0 17:19:41       -4.512207        0.7311
GPMin:    1 17:19:47       -4.779035        0.2032
GPMin:    2 17:19:52       -4.823117        0.1853
GPMin:    3 17:19:58       -4.857260        0.0969
GPMin:    4 17:20:03       -4.868904        0.0502
GPMin:    5 17:20:08       -4.877663        0.0401
GPMin:    6 17:20:13       -4.883407        0.0305
GPMin:    7 17:20:17       -4.887722        0.0238
GPMin:    8 17:20:22       -4.889648        0.0111
       Step     Time          Energy         fmax
GPMin:    0 17:20:32       -4.711199        0.2389
GPMin:    1 17:20:37       -4.778062        0.1243
GPMin:    2 17:20:43       -4.797841        0.0568
GPMin:    3 17:20:48       -4.799260        0.0858
GPMin:    4 17:20:59       -4.801283        0.0668
GPMin:    5 17:21:04       -4.807328        0.0445
GPMin:    6 17:21:09       -4.811474        0.0641
GPMin:    7 17:21:15       -4.820695        0.0894
GPMin:    8 17:21:21       -4.832785        0.0689
GPMin:    9 17:21:26       -4.839673        0.1367
GPMin:   10 17:21:32       -4.842509        0.1298
GPMin:   11 17:21:36       -4.847920        0.0914
GPMin:   12 17:21:41       -4.853609        0.0728
GPMin:   13 17:21:45       -4.866863        0.0579
GPMin:   14 17:21:50       -4.878468        0.0503
GPMin:   15 17:21:54       -4.886542        0.0334
GPMin:   16 17:21:59       -4.889730        0.0152
       Step     Time          Energy         fmax
GPMin:    0 17:22:10       -4.047473        0.4869
GPMin:    1 17:22:16       -4.208812        0.1734
GPMin:    2 17:22:22       -4.276349        0.1199
GPMin:    3 17:22:28       -4.341759        0.1290
GPMin:    4 17:22:33       -4.412736        0.1584
GPMin:    5 17:22:38       -4.489362        0.1883
GPMin:    6 17:22:43       -4.565376        0.2094
GPMin:    7 17:22:49       -4.645954        0.2146
GPMin:    8 17:22:54       -4.741395        0.1915
GPMin:    9 17:23:00       -4.808699        0.1411
GPMin:   10 17:23:05       -4.845559        0.0948
GPMin:   11 17:23:09       -4.865463        0.0916
GPMin:   12 17:23:14       -4.884034        0.0795
GPMin:   13 17:23:18       -4.899439        0.0594
GPMin:   14 17:23:22       -4.911405        0.0513
GPMin:   15 17:23:27       -4.917367        0.0520
GPMin:   16 17:23:31       -4.922274        0.0439
GPMin:   17 17:23:36       -4.927377        0.0373
GPMin:   18 17:23:40       -4.930435        0.0277
GPMin:   19 17:23:44       -4.932199        0.0217
GPMin:   20 17:23:49       -4.933387        0.0140
       Step     Time          Energy         fmax
GPMin:    0 17:23:59       -3.794789        0.3222
GPMin:    1 17:24:06       -4.000314        0.2469
GPMin:    2 17:24:12       -4.089147        0.1696
GPMin:    3 17:24:17       -4.118207        0.1057
GPMin:    4 17:24:22       -4.139555        0.0978
GPMin:    5 17:24:27       -4.157299        0.1107
GPMin:    6 17:24:32       -4.183101        0.1427
GPMin:    7 17:24:37       -4.205597        0.1543
GPMin:    8 17:24:42       -4.247108        0.1825
GPMin:    9 17:24:47       -4.300402        0.2105
GPMin:   10 17:24:52       -4.380235        0.2415
GPMin:   11 17:24:58       -4.470865        0.2528
GPMin:   12 17:25:04       -4.554967        0.2248
GPMin:   13 17:25:09       -4.630701        0.1545
GPMin:   14 17:25:15       -4.687876        0.1411
GPMin:   15 17:25:20       -4.725874        0.1357
GPMin:   16 17:25:24       -4.750338        0.0849
GPMin:   17 17:25:29       -4.760928        0.0412
GPMin:   18 17:25:34       -4.763470        0.0362
GPMin:   19 17:25:38       -4.766942        0.0351
GPMin:   20 17:25:43       -4.770125        0.0354
GPMin:   21 17:25:47       -4.773717        0.0282
GPMin:   22 17:25:52       -4.777042        0.0282
GPMin:   23 17:25:56       -4.779859        0.0183
       Step     Time          Energy         fmax
GPMin:    0 17:26:06       -4.155104        0.4113
GPMin:    1 17:26:12       -4.296723        0.2187
GPMin:    2 17:26:18       -4.391595        0.1849
GPMin:    3 17:26:23       -4.483591        0.1837
GPMin:    4 17:26:29       -4.570409        0.1718
GPMin:    5 17:26:34       -4.642945        0.1503
GPMin:    6 17:26:39       -4.705414        0.1357
GPMin:    7 17:26:44       -4.762912        0.1282
GPMin:    8 17:26:50       -4.810166        0.1048
GPMin:    9 17:26:55       -4.843572        0.0785
GPMin:   10 17:27:00       -4.863819        0.0601
GPMin:   11 17:27:04       -4.875032        0.0431
GPMin:   12 17:27:09       -4.881916        0.0394
GPMin:   13 17:27:13       -4.886772        0.0335
GPMin:   14 17:27:18       -4.889029        0.0219
GPMin:   15 17:27:22       -4.889770        0.0130
       Step     Time          Energy         fmax
GPMin:    0 17:27:31       -4.089118        0.3523
GPMin:    1 17:27:37       -4.297263        0.2885
GPMin:    2 17:27:43       -4.416814        0.2045
GPMin:    3 17:27:49       -4.473436        0.1217
GPMin:    4 17:27:54       -4.491401        0.0628
GPMin:    5 17:27:59       -4.508292        0.1107
GPMin:    6 17:28:04       -4.555351        0.1076
GPMin:    7 17:28:09       -4.621720        0.1403
GPMin:    8 17:28:13       -4.698351        0.1767
GPMin:    9 17:28:18       -4.774811        0.1837
GPMin:   10 17:28:24       -4.835463        0.1509
GPMin:   11 17:28:29       -4.870057        0.0808
GPMin:   12 17:28:34       -4.884921        0.0969
GPMin:   13 17:28:39       -4.896888        0.0886
GPMin:   14 17:28:43       -4.907572        0.0599
GPMin:   15 17:28:48       -4.914130        0.0475
GPMin:   16 17:28:52       -4.918709        0.0533
GPMin:   17 17:28:57       -4.925721        0.0454
GPMin:   18 17:29:01       -4.930083        0.0259
GPMin:   19 17:29:06       -4.931576        0.0198
       Step     Time          Energy         fmax
GPMin:    0 17:29:18       -3.830485        0.2562
GPMin:    1 17:29:25       -4.015837        0.2205
GPMin:    2 17:29:31       -4.117143        0.1848
GPMin:    3 17:29:36       -4.164178        0.1959
GPMin:    4 17:29:41       -4.216028        0.2135
GPMin:    5 17:29:46       -4.262482        0.2186
GPMin:    6 17:29:52       -4.338969        0.2033
GPMin:    7 17:29:56       -4.370037        0.1771
GPMin:    8 17:30:01       -4.408110        0.1469
GPMin:    9 17:30:07       -4.426187        0.1179
GPMin:   10 17:30:11       -4.435389        0.0836
GPMin:   11 17:30:16       -4.449802        0.0501
GPMin:   12 17:30:21       -4.458224        0.0600
GPMin:   13 17:30:26       -4.473441        0.0615
GPMin:   14 17:30:31       -4.490834        0.0654
GPMin:   15 17:30:36       -4.509212        0.0770
GPMin:   16 17:30:40       -4.536342        0.0958
GPMin:   17 17:30:46       -4.575665        0.1100
GPMin:   18 17:30:51       -4.617355        0.1169
GPMin:   19 17:30:56       -4.669849        0.1148
GPMin:   20 17:31:01       -4.715914        0.0986
GPMin:   21 17:31:06       -4.747366        0.0886
GPMin:   22 17:31:11       -4.768951        0.0906
GPMin:   23 17:31:16       -4.787643        0.1141
GPMin:   24 17:31:21       -4.814813        0.0995
GPMin:   25 17:31:26       -4.841090        0.0735
GPMin:   26 17:31:30       -4.861696        0.0675
GPMin:   27 17:31:35       -4.879319        0.0749
GPMin:   28 17:31:39       -4.894683        0.0754
GPMin:   29 17:31:44       -4.907929        0.0664
GPMin:   30 17:31:48       -4.917646        0.0534
GPMin:   31 17:31:53       -4.923017        0.0428
GPMin:   32 17:31:57       -4.927787        0.0401
GPMin:   33 17:32:02       -4.931219        0.0238
GPMin:   34 17:32:06       -4.932856        0.0179
       Step     Time          Energy         fmax
GPMin:    0 17:32:18       -3.998654        0.2474
GPMin:    1 17:32:25       -4.172629        0.2388
GPMin:    2 17:32:31       -4.279344        0.1664
GPMin:    3 17:32:37       -4.336217        0.1452
GPMin:    4 17:32:43       -4.392073        0.1633
GPMin:    5 17:32:48       -4.442448        0.1499
GPMin:    6 17:32:53       -4.480272        0.1446
GPMin:    7 17:32:59       -4.580354        0.1316
GPMin:    8 17:33:04       -4.601488        0.1399
GPMin:    9 17:33:09       -4.652031        0.1474
GPMin:   10 17:33:15       -4.708715        0.1327
GPMin:   11 17:33:20       -4.756964        0.1347
GPMin:   12 17:33:25       -4.792822        0.1216
GPMin:   13 17:33:31       -4.828196        0.0930
GPMin:   14 17:33:36       -4.856765        0.0951
GPMin:   15 17:33:41       -4.880979        0.0797
GPMin:   16 17:33:46       -4.899034        0.0581
GPMin:   17 17:33:50       -4.907707        0.0570
GPMin:   18 17:33:55       -4.913685        0.0514
GPMin:   19 17:33:59       -4.919993        0.0415
GPMin:   20 17:34:04       -4.924802        0.0416
GPMin:   21 17:34:08       -4.928939        0.0259
GPMin:   22 17:34:13       -4.931077        0.0230
GPMin:   23 17:34:17       -4.932373        0.0180
       Step     Time          Energy         fmax
GPMin:    0 17:34:30       -3.831943        0.3405
GPMin:    1 17:34:36       -4.081774        0.3111
GPMin:    2 17:34:41       -4.248485        0.2751
GPMin:    3 17:34:46       -4.356337        0.2220
GPMin:    4 17:34:51       -4.405252        0.1729
GPMin:    5 17:35:03       -4.449667        0.0994
GPMin:    6 17:35:09       -4.487404        0.1242
GPMin:    7 17:35:14       -4.518606        0.1097
GPMin:    8 17:35:19       -4.571302        0.1325
GPMin:    9 17:35:24       -4.633511        0.1581
GPMin:   10 17:35:29       -4.698026        0.1500
GPMin:   11 17:35:35       -4.749901        0.1150
GPMin:   12 17:35:40       -4.782231        0.0817
GPMin:   13 17:35:45       -4.803506        0.1130
GPMin:   14 17:35:50       -4.826227        0.1213
GPMin:   15 17:35:54       -4.849780        0.0885
GPMin:   16 17:35:59       -4.869679        0.0666
GPMin:   17 17:36:03       -4.886886        0.0621
GPMin:   18 17:36:08       -4.900509        0.0613
GPMin:   19 17:36:12       -4.911852        0.0575
GPMin:   20 17:36:17       -4.921326        0.0396
GPMin:   21 17:36:21       -4.926072        0.0314
GPMin:   22 17:36:25       -4.928408        0.0446
GPMin:   23 17:36:30       -4.931875        0.0253
GPMin:   24 17:36:34       -4.932704        0.0231
GPMin:   25 17:36:38       -4.933478        0.0133
       Step     Time          Energy         fmax
GPMin:    0 17:36:48       -4.277730        0.6318
GPMin:    1 17:36:54       -4.517024        0.1669
GPMin:    2 17:37:00       -4.549045        0.1549
GPMin:    3 17:37:06       -4.600597        0.1709
GPMin:    4 17:37:11       -4.659130        0.1850
GPMin:    5 17:37:16       -4.734131        0.1871
GPMin:    6 17:37:22       -4.802154        0.1638
GPMin:    7 17:37:27       -4.852860        0.1253
GPMin:    8 17:37:32       -4.881142        0.0820
GPMin:    9 17:37:37       -4.895400        0.0756
GPMin:   10 17:37:42       -4.907269        0.0661
GPMin:   11 17:37:46       -4.915345        0.0429
GPMin:   12 17:37:51       -4.921239        0.0393
GPMin:   13 17:37:55       -4.927082        0.0339
GPMin:   14 17:37:59       -4.930986        0.0202
GPMin:   15 17:38:04       -4.932720        0.0124
       Step     Time          Energy         fmax
GPMin:    0 17:38:14       -4.687430        0.3529
GPMin:    1 17:38:20       -4.739457        0.2804
GPMin:    2 17:38:26       -4.760710        0.1714
GPMin:    3 17:38:33       -4.778129        0.0810
GPMin:    4 17:38:38       -4.785959        0.0374
GPMin:    5 17:38:43       -4.788886        0.0347
GPMin:    6 17:38:48       -4.790310        0.0208
GPMin:    7 17:38:52       -4.791112        0.0062
       Step     Time          Energy         fmax
GPMin:    0 17:39:04       -3.707150        0.3737
GPMin:    1 17:39:11       -3.971021        0.2958
GPMin:    2 17:39:19       -4.114117        0.1953
GPMin:    3 17:39:25       -4.157744        0.1388
GPMin:    4 17:39:31       -4.180569        0.1052
GPMin:    5 17:39:35       -4.186473        0.1039
GPMin:    6 17:39:41       -4.231779        0.2644
GPMin:    7 17:39:47       -4.285112        0.3926
GPMin:    8 17:39:53       -4.389170        0.2587
GPMin:    9 17:39:59       -4.455247        0.1738
GPMin:   10 17:40:04       -4.510452        0.2008
GPMin:   11 17:40:09       -4.568201        0.2109
GPMin:   12 17:40:14       -4.622594        0.2024
GPMin:   13 17:40:19       -4.687277        0.1710
GPMin:   14 17:40:24       -4.732797        0.1256
GPMin:   15 17:40:29       -4.757244        0.0851
GPMin:   16 17:40:34       -4.767597        0.0721
GPMin:   17 17:40:38       -4.774591        0.0558
GPMin:   18 17:40:43       -4.782291        0.0487
GPMin:   19 17:40:47       -4.789367        0.0486
GPMin:   20 17:40:52       -4.796385        0.0463
GPMin:   21 17:40:56       -4.802503        0.0379
GPMin:   22 17:41:01       -4.807845        0.0383
GPMin:   23 17:41:05       -4.812437        0.0459
GPMin:   24 17:41:10       -4.818619        0.0420
GPMin:   25 17:41:14       -4.823715        0.0514
GPMin:   26 17:41:20       -4.833383        0.0506
GPMin:   27 17:41:25       -4.844962        0.0679
GPMin:   28 17:41:30       -4.857444        0.0706
GPMin:   29 17:41:35       -4.869386        0.0494
GPMin:   30 17:41:40       -4.875818        0.0501
GPMin:   31 17:41:45       -4.879138        0.0494
GPMin:   32 17:41:49       -4.881860        0.0362
GPMin:   33 17:41:54       -4.885359        0.0285
GPMin:   34 17:41:58       -4.888049        0.0293
GPMin:   35 17:42:03       -4.889097        0.0177
       Step     Time          Energy         fmax
GPMin:    0 17:42:14       -3.960774        0.3068
GPMin:    1 17:42:20       -4.140610        0.2235
GPMin:    2 17:42:25       -4.254243        0.1915
GPMin:    3 17:42:30       -4.327404        0.1939
GPMin:    4 17:42:35       -4.396348        0.1679
GPMin:    5 17:42:40       -4.441299        0.0816
GPMin:    6 17:42:45       -4.449911        0.0251
GPMin:    7 17:42:50       -4.451007        0.0196
       Step     Time          Energy         fmax
GPMin:    0 17:43:00       -4.365559        0.2332
GPMin:    1 17:43:06       -4.484804        0.1242
GPMin:    2 17:43:12       -4.532441        0.1010
GPMin:    3 17:43:17       -4.587343        0.1192
GPMin:    4 17:43:21       -4.664241        0.1523
GPMin:    5 17:43:26       -4.741001        0.1664
GPMin:    6 17:43:32       -4.804007        0.1434
GPMin:    7 17:43:37       -4.843297        0.0807
GPMin:    8 17:43:42       -4.864546        0.0860
GPMin:    9 17:43:47       -4.883706        0.0653
GPMin:   10 17:43:51       -4.897900        0.0581
GPMin:   11 17:43:56       -4.909219        0.0565
GPMin:   12 17:44:00       -4.918776        0.0510
GPMin:   13 17:44:05       -4.927201        0.0310
GPMin:   14 17:44:09       -4.931043        0.0212
GPMin:   15 17:44:13       -4.932566        0.0204
GPMin:   16 17:44:18       -4.933830        0.0120
       Step     Time          Energy         fmax
GPMin:    0 17:44:29       -4.078573        0.6527
GPMin:    1 17:44:35       -4.279466        0.1850
GPMin:    2 17:44:41       -4.336012        0.1083
GPMin:    3 17:44:47       -4.360736        0.1131
GPMin:    4 17:44:53       -4.402897        0.1209
GPMin:    5 17:44:58       -4.454249        0.1424
GPMin:    6 17:45:04       -4.506542        0.1374
GPMin:    7 17:45:09       -4.554750        0.1455
GPMin:    8 17:45:15       -4.610405        0.1173
GPMin:    9 17:45:20       -4.644384        0.1082
GPMin:   10 17:45:25       -4.676913        0.0987
GPMin:   11 17:45:30       -4.708917        0.0894
GPMin:   12 17:45:35       -4.732463        0.0801
GPMin:   13 17:45:39       -4.755534        0.0634
GPMin:   14 17:45:44       -4.774325        0.0549
GPMin:   15 17:45:48       -4.790236        0.0410
GPMin:   16 17:45:53       -4.800424        0.0393
GPMin:   17 17:45:58       -4.806972        0.0314
GPMin:   18 17:46:02       -4.811329        0.0288
GPMin:   19 17:46:07       -4.814308        0.0331
GPMin:   20 17:46:12       -4.819241        0.0364
GPMin:   21 17:46:17       -4.826822        0.0501
GPMin:   22 17:46:22       -4.838913        0.0504
GPMin:   23 17:46:28       -4.853095        0.0543
GPMin:   24 17:46:33       -4.866775        0.0576
GPMin:   25 17:46:38       -4.874025        0.0522
GPMin:   26 17:46:42       -4.877804        0.0469
GPMin:   27 17:46:47       -4.882334        0.0332
GPMin:   28 17:46:52       -4.886645        0.0287
GPMin:   29 17:46:56       -4.888747        0.0196
       Step     Time          Energy         fmax
GPMin:    0 17:47:08       -3.669344        0.5683
GPMin:    1 17:47:16       -3.887125        0.2085
GPMin:    2 17:47:23       -3.982662        0.2244
GPMin:    3 17:47:30       -4.111870        0.2503
GPMin:    4 17:47:37       -4.210829        0.2722
GPMin:    5 17:47:42       -4.297941        0.2794
GPMin:    6 17:47:48       -4.361601        0.2799
GPMin:    7 17:47:54       -4.479512        0.2522
GPMin:    8 17:47:59       -4.504528        0.2387
GPMin:    9 17:48:05       -4.561907        0.1834
GPMin:   10 17:48:11       -4.621798        0.1858
GPMin:   11 17:48:17       -4.653443        0.1636
GPMin:   12 17:48:22       -4.691906        0.1276
GPMin:   13 17:48:27       -4.732208        0.0807
GPMin:   14 17:48:32       -4.746514        0.0580
GPMin:   15 17:48:37       -4.757419        0.0703
GPMin:   16 17:48:42       -4.770181        0.0882
GPMin:   17 17:48:48       -4.786801        0.0923
GPMin:   18 17:48:53       -4.807676        0.0774
GPMin:   19 17:48:58       -4.826510        0.0665
GPMin:   20 17:49:03       -4.849701        0.0745
GPMin:   21 17:49:07       -4.870982        0.0719
GPMin:   22 17:49:12       -4.891733        0.0621
GPMin:   23 17:49:16       -4.906651        0.0652
GPMin:   24 17:49:21       -4.915658        0.0607
GPMin:   25 17:49:25       -4.920329        0.0459
GPMin:   26 17:49:30       -4.923430        0.0369
GPMin:   27 17:49:34       -4.926626        0.0421
GPMin:   28 17:49:39       -4.928568        0.0371
GPMin:   29 17:49:43       -4.930657        0.0343
GPMin:   30 17:49:47       -4.931246        0.0310
GPMin:   31 17:49:51       -4.932036        0.0244
GPMin:   32 17:49:55       -4.932229        0.0128
       Step     Time          Energy         fmax
GPMin:    0 17:50:04       -4.669902        0.2815
GPMin:    1 17:50:10       -4.769635        0.1969
GPMin:    2 17:50:16       -4.833547        0.1229
GPMin:    3 17:50:21       -4.872159        0.0776
GPMin:    4 17:50:26       -4.891010        0.0808
GPMin:    5 17:50:31       -4.908853        0.0574
GPMin:    6 17:50:36       -4.920204        0.0372
GPMin:    7 17:50:40       -4.926855        0.0344
GPMin:    8 17:50:45       -4.930584        0.0260
GPMin:    9 17:50:49       -4.933102        0.0139
       Step     Time          Energy         fmax
GPMin:    0 17:50:58       -4.499076        0.5900
GPMin:    1 17:51:04       -4.621988        0.2681
GPMin:    2 17:51:10       -4.672925        0.1023
GPMin:    3 17:51:15       -4.704353        0.1026
GPMin:    4 17:51:20       -4.734593        0.0752
GPMin:    5 17:51:25       -4.759767        0.0569
GPMin:    6 17:51:30       -4.779464        0.0601
GPMin:    7 17:51:34       -4.796598        0.0465
GPMin:    8 17:51:39       -4.811928        0.0614
GPMin:    9 17:51:44       -4.835806        0.0610
GPMin:   10 17:51:50       -4.865667        0.0778
GPMin:   11 17:51:55       -4.900286        0.0683
GPMin:   12 17:52:00       -4.921881        0.0616
GPMin:   13 17:52:05       -4.933109        0.0201
GPMin:   14 17:52:10       -4.933593        0.0144
       Step     Time          Energy         fmax
GPMin:    0 17:52:19       -4.371912        0.2053
GPMin:    1 17:52:25       -4.442767        0.1127
GPMin:    2 17:52:30       -4.452376        0.0982
GPMin:    3 17:52:35       -4.461349        0.0330
GPMin:    4 17:52:40       -4.464864        0.0229
GPMin:    5 17:52:45       -4.466017        0.0305
GPMin:    6 17:52:50       -4.468961        0.0179
       Step     Time          Energy         fmax
GPMin:    0 17:52:59       -4.395977        0.3818
GPMin:    1 17:53:05       -4.452613        0.1867
GPMin:    2 17:53:11       -4.459216        0.0972
GPMin:    3 17:53:16       -4.470082        0.0590
GPMin:    4 17:53:21       -4.493735        0.0899
GPMin:    5 17:53:26       -4.537726        0.0992
GPMin:    6 17:53:31       -4.605029        0.1231
GPMin:    7 17:53:36       -4.686429        0.1558
GPMin:    8 17:53:41       -4.770464        0.1615
GPMin:    9 17:53:46       -4.834384        0.1297
GPMin:   10 17:53:51       -4.863487        0.0820
GPMin:   11 17:53:56       -4.876981        0.0675
GPMin:   12 17:54:00       -4.894412        0.0714
GPMin:   13 17:54:05       -4.907820        0.0572
GPMin:   14 17:54:09       -4.917370        0.0468
GPMin:   15 17:54:14       -4.925855        0.0448
GPMin:   16 17:54:18       -4.931423        0.0251
GPMin:   17 17:54:23       -4.932995        0.0128
       Step     Time          Energy         fmax
GPMin:    0 17:54:34       -4.171683        0.5798
GPMin:    1 17:54:40       -4.411972        0.3096
GPMin:    2 17:54:46       -4.538974        0.2713
GPMin:    3 17:54:52       -4.638267        0.1868
GPMin:    4 17:54:57       -4.694401        0.1004
GPMin:    5 17:55:02       -4.720945        0.0830
GPMin:    6 17:55:07       -4.735896        0.0652
GPMin:    7 17:55:11       -4.748786        0.0602
GPMin:    8 17:55:16       -4.759581        0.0545
GPMin:    9 17:55:20       -4.767068        0.0412
GPMin:   10 17:55:25       -4.773423        0.0316
GPMin:   11 17:55:29       -4.777376        0.0343
GPMin:   12 17:55:35       -4.780775        0.0247
GPMin:   13 17:55:39       -4.783180        0.0229
GPMin:   14 17:55:43       -4.784911        0.0270
GPMin:   15 17:55:48       -4.786998        0.0259
GPMin:   16 17:55:52       -4.789246        0.0189
       Step     Time          Energy         fmax
GPMin:    0 17:56:02       -4.003347        0.6190
GPMin:    1 17:56:08       -4.251790        0.2078
GPMin:    2 17:56:14       -4.334774        0.1309
GPMin:    3 17:56:19       -4.366228        0.0926
GPMin:    4 17:56:24       -4.385026        0.0872
GPMin:    5 17:56:29       -4.397393        0.0694
GPMin:    6 17:56:35       -4.451434        0.0683
GPMin:    7 17:56:47       -4.459436        0.0550
GPMin:    8 17:56:57       -4.466164        0.0306
GPMin:    9 17:57:01       -4.466922        0.0237
GPMin:   10 17:57:06       -4.467631        0.0126
       Step     Time          Energy         fmax
GPMin:    0 17:57:15       -3.996445        0.5205
GPMin:    1 17:57:21       -4.255720        0.2697
GPMin:    2 17:57:28       -4.381573        0.1785
GPMin:    3 17:57:33       -4.440698        0.0721
GPMin:    4 17:57:38       -4.453244        0.0286
GPMin:    5 17:57:43       -4.454773        0.0226
GPMin:    6 17:57:47       -4.455816        0.0234
GPMin:    7 17:57:52       -4.458844        0.0190
       Step     Time          Energy         fmax
GPMin:    0 17:58:03       -3.978677        0.5174
GPMin:    1 17:58:09       -4.180481        0.2741
GPMin:    2 17:58:16       -4.312386        0.2563
GPMin:    3 17:58:22       -4.380687        0.2555
GPMin:    4 17:58:28       -4.428065        0.2343
GPMin:    5 17:58:33       -4.472422        0.1992
GPMin:    6 17:58:39       -4.512905        0.1585
GPMin:    7 17:58:44       -4.537610        0.1442
GPMin:    8 17:58:50       -4.581990        0.1626
GPMin:    9 17:58:56       -4.618598        0.1876
GPMin:   10 17:59:01       -4.663892        0.1540
GPMin:   11 17:59:07       -4.713221        0.1143
GPMin:   12 17:59:13       -4.754687        0.1059
GPMin:   13 17:59:18       -4.783974        0.0905
GPMin:   14 17:59:23       -4.804471        0.0850
GPMin:   15 17:59:28       -4.823024        0.1022
GPMin:   16 17:59:33       -4.845335        0.0927
GPMin:   17 17:59:39       -4.869319        0.0709
GPMin:   18 17:59:44       -4.887782        0.0615
GPMin:   19 17:59:48       -4.902395        0.0597
GPMin:   20 17:59:53       -4.913827        0.0528
GPMin:   21 17:59:58       -4.920310        0.0514
GPMin:   22 18:00:02       -4.925217        0.0399
GPMin:   23 18:00:07       -4.928436        0.0354
GPMin:   24 18:00:12       -4.930988        0.0332
GPMin:   25 18:00:16       -4.932591        0.0276
GPMin:   26 18:00:21       -4.933164        0.0186
       Step     Time          Energy         fmax
GPMin:    0 18:00:32       -3.915631        0.1960
GPMin:    1 18:00:38       -3.980328        0.1314
GPMin:    2 18:00:44       -4.020640        0.1127
GPMin:    3 18:00:49       -4.079306        0.1239
GPMin:    4 18:00:54       -4.147761        0.1629
GPMin:    5 18:00:59       -4.231588        0.2129
GPMin:    6 18:01:04       -4.328708        0.2618
GPMin:    7 18:01:10       -4.431959        0.3013
GPMin:    8 18:01:16       -4.544817        0.3185
GPMin:    9 18:01:22       -4.683464        0.2937
GPMin:   10 18:01:27       -4.763216        0.2261
GPMin:   11 18:01:33       -4.807542        0.1615
GPMin:   12 18:01:38       -4.833563        0.1342
GPMin:   13 18:01:43       -4.859129        0.0838
GPMin:   14 18:01:48       -4.875981        0.0660
GPMin:   15 18:01:53       -4.889123        0.0881
GPMin:   16 18:01:58       -4.899951        0.0767
GPMin:   17 18:02:02       -4.909202        0.0567
GPMin:   18 18:02:07       -4.917999        0.0480
GPMin:   19 18:02:11       -4.925038        0.0356
GPMin:   20 18:02:16       -4.929100        0.0341
GPMin:   21 18:02:21       -4.932233        0.0171
       Step     Time          Energy         fmax
GPMin:    0 18:02:33       -4.137975        0.2406
GPMin:    1 18:02:39       -4.290925        0.1999
GPMin:    2 18:02:44       -4.378317        0.1819
GPMin:    3 18:02:50       -4.446258        0.1130
GPMin:    4 18:02:56       -4.465704        0.0295
GPMin:    5 18:03:00       -4.466868        0.0144
       Step     Time          Energy         fmax
GPMin:    0 18:03:14       -3.770952        0.1890
GPMin:    1 18:03:20       -3.884927        0.2092
GPMin:    2 18:03:26       -4.011259        0.2330
GPMin:    3 18:03:33       -4.128577        0.2209
GPMin:    4 18:03:39       -4.201692        0.1934
GPMin:    5 18:03:45       -4.253165        0.1820
GPMin:    6 18:03:50       -4.269650        0.1859
GPMin:    7 18:04:03       -4.359754        0.2274
GPMin:    8 18:04:10       -4.379346        0.2371
GPMin:    9 18:04:15       -4.425447        0.1920
GPMin:   10 18:04:20       -4.457341        0.1634
GPMin:   11 18:04:26       -4.496799        0.1553
GPMin:   12 18:04:31       -4.522606        0.1430
GPMin:   13 18:04:36       -4.549052        0.1370
GPMin:   14 18:04:42       -4.577113        0.1304
GPMin:   15 18:04:48       -4.610622        0.1140
GPMin:   16 18:04:54       -4.639349        0.1084
GPMin:   17 18:05:00       -4.666316        0.1055
GPMin:   18 18:05:06       -4.697717        0.1195
GPMin:   19 18:05:12       -4.725133        0.1273
GPMin:   20 18:05:17       -4.764090        0.1320
GPMin:   21 18:05:23       -4.806970        0.1297
GPMin:   22 18:05:28       -4.842984        0.0931
GPMin:   23 18:05:33       -4.865372        0.0641
GPMin:   24 18:05:38       -4.876616        0.0733
GPMin:   25 18:05:43       -4.883514        0.0612
GPMin:   26 18:05:48       -4.886618        0.0295
GPMin:   27 18:05:53       -4.887883        0.0218
GPMin:   28 18:05:57       -4.888777        0.0146
       Step     Time          Energy         fmax
GPMin:    0 18:06:26       -4.400758        0.3544
GPMin:    1 18:06:32       -4.446325        0.1424
GPMin:    2 18:06:38       -4.453564        0.0851
GPMin:    3 18:06:44       -4.464882        0.0349
GPMin:    4 18:06:50       -4.487017        0.0691
GPMin:    5 18:06:55       -4.530051        0.0921
GPMin:    6 18:07:01       -4.600141        0.1308
GPMin:    7 18:07:06       -4.682509        0.1620
GPMin:    8 18:07:12       -4.764794        0.1701
GPMin:    9 18:07:18       -4.829634        0.1367
GPMin:   10 18:07:24       -4.867017        0.0691
GPMin:   11 18:07:28       -4.884575        0.0708
GPMin:   12 18:07:33       -4.901867        0.0558
GPMin:   13 18:07:38       -4.913965        0.0375
GPMin:   14 18:07:43       -4.920695        0.0465
GPMin:   15 18:07:48       -4.926858        0.0404
GPMin:   16 18:07:53       -4.931492        0.0159
