      Step     Time          Energy         fmax
BFGS:    0 10:21:34       18.446178       42.0989
BFGS:    1 10:21:34        2.072741       14.7022
BFGS:    2 10:21:34       -1.538937       13.9445
BFGS:    3 10:21:34       -3.937789        3.6100
BFGS:    4 10:21:34       -4.507616        1.7944
BFGS:    5 10:21:34       -4.782998        0.6638
BFGS:    6 10:21:34       -4.844554        0.5003
BFGS:    7 10:21:34       -4.865214        0.4467
BFGS:    8 10:21:34       -4.883829        0.4551
BFGS:    9 10:21:34       -4.911771        0.4382
BFGS:   10 10:21:34       -4.941943        0.4689
BFGS:   11 10:21:34       -4.968484        0.5842
BFGS:   12 10:21:34       -4.983392        0.5633
BFGS:   13 10:21:34       -5.043402        0.8027
BFGS:   14 10:21:34       -5.153364        1.4741
BFGS:   15 10:21:34       -5.293007        1.9445
BFGS:   16 10:21:34       -5.404041        2.9450
BFGS:   17 10:21:34       -5.554659        2.3013
BFGS:   18 10:21:34       -5.667098        0.9379
BFGS:   19 10:21:34       -5.714888        0.9338
BFGS:   20 10:21:34       -5.764282        0.8033
BFGS:   21 10:21:34       -5.864119        0.5531
BFGS:   22 10:21:34       -5.877026        0.4497
BFGS:   23 10:21:34       -5.936240        0.4431
BFGS:   24 10:21:34       -5.967860        0.6096
BFGS:   25 10:21:34       -6.008956        0.6697
BFGS:   26 10:21:34       -6.041502        0.6211
BFGS:   27 10:21:34       -6.096701        0.7543
BFGS:   28 10:21:34       -6.147351        0.5025
BFGS:   29 10:21:34       -6.176419        0.3131
BFGS:   30 10:21:34       -6.187920        0.4266
BFGS:   31 10:21:34       -6.198370        0.3576
BFGS:   32 10:21:34       -6.214699        0.3487
BFGS:   33 10:21:34       -6.224196        0.2795
BFGS:   34 10:21:34       -6.229733        0.2159
BFGS:   35 10:21:34       -6.232172        0.1843
BFGS:   36 10:21:34       -6.234625        0.1450
BFGS:   37 10:21:34       -6.236738        0.1070
BFGS:   38 10:21:34       -6.237717        0.0977
BFGS:   39 10:21:34       -6.238295        0.0800
BFGS:   40 10:21:34       -6.238911        0.0622
BFGS:   41 10:21:34       -6.239482        0.0527
BFGS:   42 10:21:34       -6.239811        0.0432
      Step     Time          Energy         fmax
BFGS:    0 10:21:34       17.392955       39.2202
BFGS:    1 10:21:34       -1.086594       14.0752
BFGS:    2 10:21:34       -3.406587        9.5407
BFGS:    3 10:21:34       -4.638125        3.2361
BFGS:    4 10:21:34       -5.161740        1.8542
BFGS:    5 10:21:34       -5.414805        0.9777
BFGS:    6 10:21:34       -5.480062        0.6072
BFGS:    7 10:21:34       -5.504980        0.4659
BFGS:    8 10:21:34       -5.524768        0.4603
BFGS:    9 10:21:34       -5.548404        0.4465
BFGS:   10 10:21:34       -5.572536        0.7128
BFGS:   11 10:21:34       -5.606780        0.9432
BFGS:   12 10:21:34       -5.658312        0.9864
BFGS:   13 10:21:34       -5.729566        1.0282
BFGS:   14 10:21:34       -5.805177        1.1038
BFGS:   15 10:21:34       -5.870353        0.8046
BFGS:   16 10:21:34       -5.902752        0.4788
BFGS:   17 10:21:34       -5.919466        0.4085
BFGS:   18 10:21:34       -5.935948        0.3471
BFGS:   19 10:21:34       -5.952322        0.3719
BFGS:   20 10:21:34       -5.959061        0.3360
BFGS:   21 10:21:34       -5.966720        0.3183
BFGS:   22 10:21:34       -5.981144        0.3727
BFGS:   23 10:21:34       -6.002764        0.4308
BFGS:   24 10:21:34       -6.026833        0.5289
BFGS:   25 10:21:34       -6.053109        0.6188
BFGS:   26 10:21:34       -6.102312        0.8573
BFGS:   27 10:21:34       -6.070604        1.1888
BFGS:   28 10:21:34       -6.158139        0.5632
BFGS:   29 10:21:34       -6.195281        0.5386
BFGS:   30 10:21:34       -6.411853        0.8287
BFGS:   31 10:21:34       -6.447094        0.6665
BFGS:   32 10:21:34       -6.480023        0.7132
BFGS:   33 10:21:34       -6.530082        0.5110
BFGS:   34 10:21:34       -6.577705        0.4640
BFGS:   35 10:21:34       -6.640143        0.3923
BFGS:   36 10:21:34       -6.643477        0.6115
BFGS:   37 10:21:34       -6.667438        0.4046
BFGS:   38 10:21:34       -6.674006        0.2890
BFGS:   39 10:21:34       -6.683161        0.2020
BFGS:   40 10:21:34       -6.686516        0.1390
BFGS:   41 10:21:34       -6.688258        0.1239
BFGS:   42 10:21:34       -6.690029        0.1364
BFGS:   43 10:21:34       -6.691913        0.1270
BFGS:   44 10:21:34       -6.693470        0.0914
BFGS:   45 10:21:34       -6.694465        0.0888
BFGS:   46 10:21:34       -6.695235        0.0935
BFGS:   47 10:21:34       -6.696078        0.0869
BFGS:   48 10:21:34       -6.696877        0.0652
BFGS:   49 10:21:34       -6.697528        0.0570
BFGS:   50 10:21:34       -6.697975        0.0563
BFGS:   51 10:21:34       -6.698201        0.0472
      Step     Time          Energy         fmax
BFGS:    0 10:21:34       15.989997       39.8309
BFGS:    1 10:21:34        1.260422       18.5044
BFGS:    2 10:21:34       -1.991699       10.2405
BFGS:    3 10:21:34       -3.734376        3.9419
BFGS:    4 10:21:34       -4.482967        1.9132
BFGS:    5 10:21:34       -4.769923        0.9055
BFGS:    6 10:21:34       -4.840541        0.5231
BFGS:    7 10:21:34       -4.863042        0.4162
BFGS:    8 10:21:34       -4.885397        0.4273
BFGS:    9 10:21:34       -4.929360        0.4915
BFGS:   10 10:21:34       -4.996520        0.6259
BFGS:   11 10:21:34       -5.035065        0.6944
BFGS:   12 10:21:34       -5.072439        0.6656
BFGS:   13 10:21:34       -5.129926        0.7043
BFGS:   14 10:21:34       -5.161132        0.6433
BFGS:   15 10:21:34       -5.278577        0.8778
BFGS:   16 10:21:34       -5.301640        0.5163
BFGS:   17 10:21:34       -5.329722        0.5203
BFGS:   18 10:21:34       -5.382376        0.8196
BFGS:   19 10:21:34       -5.433129        0.6170
BFGS:   20 10:21:34       -5.470016        0.4498
BFGS:   21 10:21:34       -5.481245        0.3873
BFGS:   22 10:21:34       -5.505818        0.4300
BFGS:   23 10:21:34       -5.542281        0.4425
BFGS:   24 10:21:34       -5.570360        0.3940
BFGS:   25 10:21:34       -5.586355        0.3728
BFGS:   26 10:21:34       -5.599372        0.3528
BFGS:   27 10:21:34       -5.605182        0.3428
BFGS:   28 10:21:34       -5.626898        0.3446
BFGS:   29 10:21:34       -5.702923        0.5277
BFGS:   30 10:21:34       -5.789146        0.8278
BFGS:   31 10:21:34       -5.809498        1.1236
BFGS:   32 10:21:34       -5.893536        0.5897
BFGS:   33 10:21:34       -5.939297        0.5531
BFGS:   34 10:21:34       -6.029700        0.8013
BFGS:   35 10:21:34       -6.088165        0.7426
BFGS:   36 10:21:34       -6.138258        0.3462
BFGS:   37 10:21:34       -6.173505        0.4391
BFGS:   38 10:21:34       -6.192540        0.4932
BFGS:   39 10:21:34       -6.205635        0.4454
BFGS:   40 10:21:34       -6.226997        0.4650
BFGS:   41 10:21:34       -6.249218        0.5414
BFGS:   42 10:21:34       -6.289431        0.6365
BFGS:   43 10:21:34       -6.342970        0.6561
BFGS:   44 10:21:34       -6.371400        0.5680
BFGS:   45 10:21:34       -6.409894        0.5719
BFGS:   46 10:21:34       -6.447159        0.4157
BFGS:   47 10:21:34       -6.465919        0.4961
BFGS:   48 10:21:34       -6.491795        0.5633
BFGS:   49 10:21:34       -6.533065        0.7062
BFGS:   50 10:21:34       -6.623582        0.6373
BFGS:   51 10:21:34       -6.731152        0.7268
BFGS:   52 10:21:34       -6.817121        0.7791
BFGS:   53 10:21:34       -6.860333        0.6577
BFGS:   54 10:21:34       -6.883474        0.5258
BFGS:   55 10:21:34       -6.915202        0.8214
BFGS:   56 10:21:34       -6.961864        0.8741
BFGS:   57 10:21:34       -7.029433        0.6860
BFGS:   58 10:21:34       -7.080599        0.4668
BFGS:   59 10:21:34       -7.105608        0.2820
BFGS:   60 10:21:34       -7.112566        0.3247
BFGS:   61 10:21:34       -7.122788        0.3078
BFGS:   62 10:21:34       -7.129209        0.2737
BFGS:   63 10:21:34       -7.136166        0.2084
BFGS:   64 10:21:34       -7.142413        0.1440
BFGS:   65 10:21:34       -7.144450        0.1114
BFGS:   66 10:21:34       -7.145772        0.1201
BFGS:   67 10:21:34       -7.146876        0.1174
BFGS:   68 10:21:34       -7.148898        0.1109
BFGS:   69 10:21:34       -7.151423        0.1166
BFGS:   70 10:21:34       -7.153498        0.1244
BFGS:   71 10:21:34       -7.154674        0.1181
BFGS:   72 10:21:34       -7.155616        0.1052
BFGS:   73 10:21:34       -7.156789        0.0863
BFGS:   74 10:21:34       -7.158058        0.0595
BFGS:   75 10:21:34       -7.158664        0.0391
      Step     Time          Energy         fmax
BFGS:    0 10:21:34       15.588734       31.0757
BFGS:    1 10:21:34        1.118765       13.5167
BFGS:    2 10:21:34       -2.174003        7.0494
BFGS:    3 10:21:34       -3.505781        2.5293
BFGS:    4 10:21:34       -4.040047        1.1682
BFGS:    5 10:21:34       -4.219989        0.6052
BFGS:    6 10:21:34       -4.265541        0.4793
BFGS:    7 10:21:34       -4.282809        0.4814
BFGS:    8 10:21:34       -4.303709        0.4888
BFGS:    9 10:21:34       -4.342786        0.4198
BFGS:   10 10:21:34       -4.390958        0.6299
BFGS:   11 10:21:34       -4.429138        0.9664
BFGS:   12 10:21:34       -4.518584        1.6006
BFGS:   13 10:21:34       -4.595595        1.3643
BFGS:   14 10:21:34       -4.701046        1.2089
BFGS:   15 10:21:34       -4.785445        0.7146
BFGS:   16 10:21:34       -4.819707        0.8965
BFGS:   17 10:21:34       -4.851099        0.7596
BFGS:   18 10:21:34       -5.080241        0.9647
BFGS:   19 10:21:34       -5.238590        1.0270
BFGS:   20 10:21:34       -5.317413        1.0712
BFGS:   21 10:21:34       -5.415007        0.8845
BFGS:   22 10:21:34       -5.447818        0.5998
BFGS:   23 10:21:34       -5.474424        0.4320
BFGS:   24 10:21:34       -5.486586        0.3920
BFGS:   25 10:21:34       -5.510182        0.4559
BFGS:   26 10:21:34       -5.527293        0.4739
BFGS:   27 10:21:34       -5.546451        0.4221
BFGS:   28 10:21:34       -5.559097        0.3267
BFGS:   29 10:21:34       -5.572074        0.2614
BFGS:   30 10:21:34       -5.579613        0.2417
BFGS:   31 10:21:34       -5.583135        0.2506
BFGS:   32 10:21:34       -5.587845        0.2948
BFGS:   33 10:21:34       -5.599494        0.4173
BFGS:   34 10:21:34       -5.651651        0.9374
BFGS:   35 10:21:34       -5.727274        1.4530
BFGS:   36 10:21:34       -5.704600        2.5433
BFGS:   37 10:21:34       -5.788292        1.3339
BFGS:   38 10:21:34       -5.831210        1.2783
BFGS:   39 10:21:34       -5.954370        1.2538
BFGS:   40 10:21:34       -6.060463        0.7971
BFGS:   41 10:21:34       -6.149792        0.5543
BFGS:   42 10:21:34       -6.227508        0.4960
BFGS:   43 10:21:34       -6.241435        0.4795
BFGS:   44 10:21:34       -6.265348        0.4061
BFGS:   45 10:21:34       -6.282416        0.3191
BFGS:   46 10:21:34       -6.293011        0.3460
BFGS:   47 10:21:34       -6.313350        0.3344
BFGS:   48 10:21:34       -6.328475        0.3300
BFGS:   49 10:21:34       -6.359857        0.3553
BFGS:   50 10:21:34       -6.379469        0.3453
BFGS:   51 10:21:34       -6.394719        0.3410
BFGS:   52 10:21:34       -6.405192        0.3654
BFGS:   53 10:21:34       -6.421951        0.4584
BFGS:   54 10:21:34       -6.452884        0.6363
BFGS:   55 10:21:34       -6.525111        0.9175
BFGS:   56 10:21:34       -6.655193        1.1958
BFGS:   57 10:21:34       -6.831988        0.9271
BFGS:   58 10:21:34       -6.880677        1.3884
BFGS:   59 10:21:34       -6.830227        1.9640
BFGS:   60 10:21:34       -7.001664        0.5326
BFGS:   61 10:21:34       -7.027984        0.4839
BFGS:   62 10:21:34       -7.049093        0.4552
BFGS:   63 10:21:34       -7.075042        0.3770
BFGS:   64 10:21:34       -7.108659        0.4539
BFGS:   65 10:21:34       -7.167518        0.8170
BFGS:   66 10:21:34       -7.210108        1.2444
BFGS:   67 10:21:34       -7.250772        0.7799
BFGS:   68 10:21:34       -7.285881        0.6325
BFGS:   69 10:21:34       -7.337774        0.5972
BFGS:   70 10:21:34       -7.366699        0.5598
BFGS:   71 10:21:34       -7.394202        0.5523
BFGS:   72 10:21:34       -7.411581        0.5885
BFGS:   73 10:21:34       -7.440205        0.5915
BFGS:   74 10:21:34       -7.490869        0.6589
BFGS:   75 10:21:34       -7.551176        0.3711
BFGS:   76 10:21:34       -7.573592        0.2718
BFGS:   77 10:21:34       -7.578423        0.1067
BFGS:   78 10:21:34       -7.579775        0.0712
BFGS:   79 10:21:34       -7.580096        0.0639
BFGS:   80 10:21:34       -7.580283        0.0532
BFGS:   81 10:21:34       -7.580564        0.0352
      Step     Time          Energy         fmax
BFGS:    0 10:21:34       15.306359       30.3593
BFGS:    1 10:21:34        0.397589       12.8726
BFGS:    2 10:21:34       -2.481094        8.2185
BFGS:    3 10:21:34       -3.861428        2.6202
BFGS:    4 10:21:34       -4.259874        1.4990
BFGS:    5 10:21:34       -4.462794        0.9915
BFGS:    6 10:21:34       -4.540827        0.8670
BFGS:    7 10:21:34       -4.618608        0.8173
BFGS:    8 10:21:34       -4.745993        0.8456
BFGS:    9 10:21:34       -4.867583        0.7509
BFGS:   10 10:21:34       -4.932551        0.7554
BFGS:   11 10:21:34       -5.041161        2.2774
BFGS:   12 10:21:34       -5.166556        0.7972
BFGS:   13 10:21:34       -5.242373        0.7638
BFGS:   14 10:21:34       -5.612980        1.1047
BFGS:   15 10:21:34       -5.633920        1.8200
BFGS:   16 10:21:34       -5.756609        0.6439
BFGS:   17 10:21:34       -5.788187        0.7008
BFGS:   18 10:21:34       -5.818423        0.5821
BFGS:   19 10:21:34       -5.850180        0.4565
BFGS:   20 10:21:34       -5.869442        0.4459
BFGS:   21 10:21:34       -5.897750        0.4850
BFGS:   22 10:21:34       -5.914102        0.5483
BFGS:   23 10:21:34       -5.940698        0.5130
BFGS:   24 10:21:34       -5.962041        0.4566
BFGS:   25 10:21:34       -5.982935        0.4117
BFGS:   26 10:21:34       -5.991219        0.3371
BFGS:   27 10:21:34       -6.002510        0.3153
BFGS:   28 10:21:34       -6.011266        0.2862
BFGS:   29 10:21:34       -6.019428        0.2889
BFGS:   30 10:21:35       -6.026314        0.2716
BFGS:   31 10:21:35       -6.039420        0.3250
BFGS:   32 10:21:35       -6.068879        0.3667
BFGS:   33 10:21:35       -6.124666        0.6320
BFGS:   34 10:21:35       -6.165105        0.8062
BFGS:   35 10:21:35       -6.217479        0.8276
BFGS:   36 10:21:35       -6.315407        1.3267
BFGS:   37 10:21:35       -6.380903        1.1729
BFGS:   38 10:21:35       -6.432806        1.0484
BFGS:   39 10:21:35       -6.491776        0.6614
BFGS:   40 10:21:35       -6.570769        0.6434
BFGS:   41 10:21:35       -6.662179        0.6776
BFGS:   42 10:21:35       -6.704911        0.3898
BFGS:   43 10:21:35       -6.718368        0.3487
BFGS:   44 10:21:35       -6.728613        0.2683
BFGS:   45 10:21:35       -6.733419        0.2522
BFGS:   46 10:21:35       -6.740302        0.1612
BFGS:   47 10:21:35       -6.743018        0.1385
BFGS:   48 10:21:35       -6.744882        0.1279
BFGS:   49 10:21:35       -6.746467        0.1505
BFGS:   50 10:21:35       -6.750208        0.2225
BFGS:   51 10:21:35       -6.756277        0.2870
BFGS:   52 10:21:35       -6.765756        0.3091
BFGS:   53 10:21:35       -6.780167        0.4521
BFGS:   54 10:21:35       -6.808343        0.8326
BFGS:   55 10:21:35       -6.833530        1.1589
BFGS:   56 10:21:35       -6.837752        1.3174
BFGS:   57 10:21:35       -6.916591        0.9932
BFGS:   58 10:21:35       -6.958141        0.7163
BFGS:   59 10:21:35       -7.006907        0.6046
BFGS:   60 10:21:35       -7.051206        0.5704
BFGS:   61 10:21:35       -7.079401        0.3984
BFGS:   62 10:21:35       -7.091415        0.3652
BFGS:   63 10:21:35       -7.097622        0.3047
BFGS:   64 10:21:35       -7.101667        0.2614
BFGS:   65 10:21:35       -7.113326        0.2451
BFGS:   66 10:21:35       -7.124789        0.2140
BFGS:   67 10:21:35       -7.130195        0.2031
BFGS:   68 10:21:35       -7.134509        0.1942
BFGS:   69 10:21:35       -7.137554        0.1767
BFGS:   70 10:21:35       -7.143805        0.1643
BFGS:   71 10:21:35       -7.150805        0.1483
BFGS:   72 10:21:35       -7.156032        0.1189
BFGS:   73 10:21:35       -7.158178        0.0718
BFGS:   74 10:21:35       -7.158542        0.0362
      Step     Time          Energy         fmax
BFGS:    0 10:21:35       18.427581       43.6516
BFGS:    1 10:21:35        1.670164       13.3210
BFGS:    2 10:21:35       -2.382247        6.2533
BFGS:    3 10:21:35       -3.490179        3.7256
BFGS:    4 10:21:35       -4.234714        1.7889
BFGS:    5 10:21:35       -4.462541        0.8686
BFGS:    6 10:21:35       -4.522444        0.4323
BFGS:    7 10:21:35       -4.536364        0.3088
BFGS:    8 10:21:35       -4.544868        0.2703
BFGS:    9 10:21:35       -4.555795        0.2638
BFGS:   10 10:21:35       -4.565087        0.3031
BFGS:   11 10:21:35       -4.571365        0.3029
BFGS:   12 10:21:35       -4.578897        0.3010
BFGS:   13 10:21:35       -4.592130        0.3766
BFGS:   14 10:21:35       -4.618129        0.4561
BFGS:   15 10:21:35       -4.670770        1.1175
BFGS:   16 10:21:35       -4.726641        1.4566
BFGS:   17 10:21:35       -4.768341        1.1086
BFGS:   18 10:21:35       -4.802560        0.7271
BFGS:   19 10:21:35       -4.837909        0.4375
BFGS:   20 10:21:35       -4.884786        0.4019
BFGS:   21 10:21:35       -4.914281        0.3387
BFGS:   22 10:21:35       -4.929665        0.2682
BFGS:   23 10:21:35       -4.935426        0.2590
BFGS:   24 10:21:35       -4.939547        0.1650
BFGS:   25 10:21:35       -4.941640        0.1558
BFGS:   26 10:21:35       -4.947917        0.1202
BFGS:   27 10:21:35       -4.950942        0.1956
BFGS:   28 10:21:35       -4.954017        0.2691
BFGS:   29 10:21:35       -4.958936        0.3299
BFGS:   30 10:21:35       -4.968304        0.3825
BFGS:   31 10:21:35       -4.989484        0.4545
BFGS:   32 10:21:35       -5.028032        0.6020
BFGS:   33 10:21:35       -5.103181        0.6843
BFGS:   34 10:21:35       -5.229245        0.7812
BFGS:   35 10:21:35       -5.380495        0.7345
BFGS:   36 10:21:35       -5.432612        0.8302
BFGS:   37 10:21:35       -5.466610        0.6914
BFGS:   38 10:21:35       -5.502008        0.5917
BFGS:   39 10:21:35       -5.569397        0.5508
BFGS:   40 10:21:35       -5.617253        0.4663
BFGS:   41 10:21:35       -5.650978        0.5438
BFGS:   42 10:21:35       -5.671668        0.5793
BFGS:   43 10:21:35       -5.696381        0.4406
BFGS:   44 10:21:35       -5.708456        0.3753
BFGS:   45 10:21:35       -5.721149        0.4747
BFGS:   46 10:21:35       -5.736343        0.5014
BFGS:   47 10:21:35       -5.753073        0.4903
BFGS:   48 10:21:35       -5.774004        0.4408
BFGS:   49 10:21:35       -5.820582        0.3822
BFGS:   50 10:21:35       -5.833783        0.3239
BFGS:   51 10:21:35       -5.836244        0.3169
BFGS:   52 10:21:35       -5.842485        0.1512
BFGS:   53 10:21:35       -5.843953        0.1295
BFGS:   54 10:21:35       -5.845689        0.0843
BFGS:   55 10:21:35       -5.846534        0.0517
BFGS:   56 10:21:35       -5.846869        0.0498
      Step     Time          Energy         fmax
BFGS:    0 10:21:35       16.255924       35.2600
BFGS:    1 10:21:35        3.005258       13.0388
BFGS:    2 10:21:35       -0.642625        9.9748
BFGS:    3 10:21:35       -2.856004        3.6501
BFGS:    4 10:21:35       -3.358936        1.9755
BFGS:    5 10:21:35       -3.633387        0.7809
BFGS:    6 10:21:35       -3.701259        0.5311
BFGS:    7 10:21:35       -3.729837        0.4368
BFGS:    8 10:21:35       -3.752678        0.4586
BFGS:    9 10:21:35       -3.781897        0.4890
BFGS:   10 10:21:35       -3.818836        0.5358
BFGS:   11 10:21:35       -3.851970        0.8423
BFGS:   12 10:21:35       -3.878073        0.8894
BFGS:   13 10:21:35       -3.918254        0.5690
BFGS:   14 10:21:35       -3.936772        0.4671
BFGS:   15 10:21:35       -3.970294        0.2598
BFGS:   16 10:21:35       -3.972202        0.2687
BFGS:   17 10:21:35       -3.981841        0.2986
BFGS:   18 10:21:35       -3.996337        0.3628
BFGS:   19 10:21:35       -4.024917        0.3983
BFGS:   20 10:21:35       -4.069301        0.4686
BFGS:   21 10:21:35       -4.119800        0.7549
BFGS:   22 10:21:35       -4.207591        0.7351
BFGS:   23 10:21:35       -4.237468        0.7397
BFGS:   24 10:21:35       -4.260002        0.6150
BFGS:   25 10:21:35       -4.278689        0.5331
BFGS:   26 10:21:35       -4.391319        0.6497
BFGS:   27 10:21:35       -4.496987        0.9739
BFGS:   28 10:21:35       -4.663371        1.1590
BFGS:   29 10:21:35       -4.680589        1.0232
BFGS:   30 10:21:35       -4.760073        0.8791
BFGS:   31 10:21:35       -4.781201        0.7449
BFGS:   32 10:21:35       -4.827382        0.6330
BFGS:   33 10:21:35       -4.858189        0.4994
BFGS:   34 10:21:35       -4.869480        0.3299
BFGS:   35 10:21:35       -4.878544        0.2196
BFGS:   36 10:21:35       -4.883873        0.1623
BFGS:   37 10:21:35       -4.886075        0.1675
BFGS:   38 10:21:35       -4.888972        0.1731
BFGS:   39 10:21:35       -4.891107        0.1469
BFGS:   40 10:21:35       -4.893167        0.1181
BFGS:   41 10:21:35       -4.894733        0.1265
BFGS:   42 10:21:35       -4.896257        0.1231
BFGS:   43 10:21:35       -4.897918        0.1194
BFGS:   44 10:21:35       -4.900866        0.1653
BFGS:   45 10:21:35       -4.907352        0.2066
BFGS:   46 10:21:35       -4.932575        0.3972
BFGS:   47 10:21:35       -5.013883        0.4899
BFGS:   48 10:21:35       -5.167480        0.5541
BFGS:   49 10:21:35       -5.381673        0.7055
BFGS:   50 10:21:35       -5.596098        0.6335
BFGS:   51 10:21:35       -5.538218        2.4994
BFGS:   52 10:21:35       -5.672945        0.5433
BFGS:   53 10:21:35       -5.703074        0.5394
BFGS:   54 10:21:35       -5.740472        0.9343
BFGS:   55 10:21:35       -5.784574        0.8082
BFGS:   56 10:21:35       -5.841342        0.6217
BFGS:   57 10:21:35       -5.912098        0.4559
BFGS:   58 10:21:35       -5.939966        0.4136
BFGS:   59 10:21:35       -5.955255        0.3615
BFGS:   60 10:21:35       -5.966722        0.2788
BFGS:   61 10:21:35       -5.971363        0.2433
BFGS:   62 10:21:35       -5.985018        0.2479
BFGS:   63 10:21:35       -5.991621        0.2044
BFGS:   64 10:21:35       -5.995330        0.1834
BFGS:   65 10:21:35       -5.997194        0.1517
BFGS:   66 10:21:35       -5.998866        0.1286
BFGS:   67 10:21:35       -6.001308        0.1169
BFGS:   68 10:21:35       -6.004816        0.1268
BFGS:   69 10:21:35       -6.009212        0.2054
BFGS:   70 10:21:35       -6.015616        0.2764
BFGS:   71 10:21:35       -6.029399        0.3704
BFGS:   72 10:21:35       -6.079087        0.5102
BFGS:   73 10:21:35       -6.198527        0.5893
BFGS:   74 10:21:35       -6.190067        1.5271
BFGS:   75 10:21:35       -6.292882        0.4725
BFGS:   76 10:21:35       -6.330849        0.4647
BFGS:   77 10:21:35       -6.399903        0.7554
BFGS:   78 10:21:35       -6.434783        0.5399
BFGS:   79 10:21:35       -6.512612        0.8683
BFGS:   80 10:21:35       -6.607328        0.8824
BFGS:   81 10:21:35       -6.655472        0.5873
BFGS:   82 10:21:35       -6.698349        0.6429
BFGS:   83 10:21:35       -6.740502        0.4661
BFGS:   84 10:21:35       -6.763219        0.4450
BFGS:   85 10:21:35       -6.770611        0.4424
BFGS:   86 10:21:35       -6.784566        0.2276
BFGS:   87 10:21:35       -6.789376        0.2000
BFGS:   88 10:21:35       -6.793102        0.1949
BFGS:   89 10:21:35       -6.799761        0.2075
BFGS:   90 10:21:35       -6.806241        0.2293
BFGS:   91 10:21:35       -6.820875        0.3292
BFGS:   92 10:21:35       -6.861564        0.5797
BFGS:   93 10:21:35       -6.891493        0.7735
BFGS:   94 10:21:35       -6.935588        0.7692
BFGS:   95 10:21:35       -7.028846        1.1274
BFGS:   96 10:21:35       -7.089483        0.6014
BFGS:   97 10:21:35       -7.105934        0.3292
BFGS:   98 10:21:35       -7.126450        0.1417
BFGS:   99 10:21:35       -7.128699        0.0912
BFGS:  100 10:21:35       -7.129249        0.0483
      Step     Time          Energy         fmax
BFGS:    0 10:21:35       15.674218       38.4230
BFGS:    1 10:21:35        0.786799       13.1403
BFGS:    2 10:21:35       -2.172907        7.2841
BFGS:    3 10:21:35       -3.771239        2.8148
BFGS:    4 10:21:35       -4.270871        1.2087
BFGS:    5 10:21:35       -4.453849        0.5073
BFGS:    6 10:21:35       -4.496981        0.5215
BFGS:    7 10:21:35       -4.513068        0.5372
BFGS:    8 10:21:35       -4.531806        0.5245
BFGS:    9 10:21:35       -4.560449        0.3777
BFGS:   10 10:21:35       -4.584662        0.4144
BFGS:   11 10:21:35       -4.615912        0.4652
BFGS:   12 10:21:35       -4.626890        0.3171
BFGS:   13 10:21:35       -4.634055        0.3155
BFGS:   14 10:21:35       -4.730243        0.8113
BFGS:   15 10:21:35       -4.761378        0.7422
BFGS:   16 10:21:35       -4.861613        0.8916
BFGS:   17 10:21:35       -4.875201        1.0190
BFGS:   18 10:21:35       -4.923988        0.9653
BFGS:   19 10:21:35       -4.949523        0.9765
BFGS:   20 10:21:35       -4.995884        1.3700
BFGS:   21 10:21:35       -5.126515        0.8772
BFGS:   22 10:21:35       -5.205899        0.6456
BFGS:   23 10:21:35       -5.245640        0.6547
BFGS:   24 10:21:35       -5.273412        0.5372
BFGS:   25 10:21:35       -5.294494        0.5211
BFGS:   26 10:21:35       -5.330321        0.7090
BFGS:   27 10:21:35       -5.420222        1.0377
BFGS:   28 10:21:35       -5.504305        1.3846
BFGS:   29 10:21:35       -5.637829        1.6367
BFGS:   30 10:21:35       -5.698533        0.9688
BFGS:   31 10:21:35       -5.775474        0.7647
BFGS:   32 10:21:35       -5.914474        0.9056
BFGS:   33 10:21:35       -5.940832        0.6766
BFGS:   34 10:21:35       -5.980384        0.4322
BFGS:   35 10:21:35       -5.999572        0.4739
BFGS:   36 10:21:35       -6.018733        0.5048
BFGS:   37 10:21:35       -6.038834        0.4792
BFGS:   38 10:21:35       -6.067195        0.5957
BFGS:   39 10:21:35       -6.084675        0.5449
BFGS:   40 10:21:35       -6.098900        0.4490
BFGS:   41 10:21:35       -6.120753        0.3922
BFGS:   42 10:21:35       -6.161397        0.4930
BFGS:   43 10:21:35       -6.221764        0.8772
BFGS:   44 10:21:35       -6.259362        0.7602
BFGS:   45 10:21:35       -6.320705        1.2643
BFGS:   46 10:21:35       -6.345499        0.7354
BFGS:   47 10:21:35       -6.393979        0.4613
BFGS:   48 10:21:35       -6.439362        0.4735
BFGS:   49 10:21:35       -6.491890        0.9918
BFGS:   50 10:21:35       -6.555212        0.9517
BFGS:   51 10:21:35       -6.640762        1.1390
BFGS:   52 10:21:35       -6.723842        0.9228
BFGS:   53 10:21:35       -6.805894        0.7078
BFGS:   54 10:21:35       -6.873873        0.8530
BFGS:   55 10:21:35       -6.942592        0.6931
BFGS:   56 10:21:35       -6.987623        0.5762
BFGS:   57 10:21:35       -7.031637        0.4860
BFGS:   58 10:21:35       -7.067242        0.3605
BFGS:   59 10:21:35       -7.087403        0.4519
BFGS:   60 10:21:35       -7.096796        0.3564
BFGS:   61 10:21:35       -7.104804        0.3024
BFGS:   62 10:21:35       -7.110734        0.2195
BFGS:   63 10:21:35       -7.115579        0.1274
BFGS:   64 10:21:35       -7.118165        0.1052
BFGS:   65 10:21:35       -7.120094        0.0948
BFGS:   66 10:21:35       -7.121001        0.1058
BFGS:   67 10:21:35       -7.122602        0.1232
BFGS:   68 10:21:35       -7.124940        0.1264
BFGS:   69 10:21:35       -7.127442        0.0989
BFGS:   70 10:21:35       -7.128612        0.0734
BFGS:   71 10:21:35       -7.129099        0.0614
BFGS:   72 10:21:35       -7.129531        0.0480
      Step     Time          Energy         fmax
BFGS:    0 10:21:35       17.322570       40.4906
BFGS:    1 10:21:35        2.000877       14.2073
BFGS:    2 10:21:35       -1.776414       10.7916
BFGS:    3 10:21:35       -3.865528        2.8849
BFGS:    4 10:21:35       -4.288814        1.6227
BFGS:    5 10:21:35       -4.516953        0.8373
BFGS:    6 10:21:35       -4.561628        0.5352
BFGS:    7 10:21:35       -4.573646        0.3872
BFGS:    8 10:21:35       -4.582053        0.2698
BFGS:    9 10:21:35       -4.594571        0.2354
BFGS:   10 10:21:35       -4.607390        0.2788
BFGS:   11 10:21:35       -4.617413        0.3776
BFGS:   12 10:21:35       -4.627842        0.3884
BFGS:   13 10:21:35       -4.644981        0.3522
BFGS:   14 10:21:35       -4.675269        0.5385
BFGS:   15 10:21:35       -4.733438        0.7837
BFGS:   16 10:21:35       -4.782014        0.7307
BFGS:   17 10:21:35       -4.818777        0.7480
BFGS:   18 10:21:35       -4.849221        0.7566
BFGS:   19 10:21:35       -4.928072        0.5187
BFGS:   20 10:21:35       -4.958249        0.4149
BFGS:   21 10:21:35       -4.969467        0.2621
BFGS:   22 10:21:35       -4.974925        0.2603
BFGS:   23 10:21:35       -4.982992        0.2758
BFGS:   24 10:21:35       -5.000462        0.3802
BFGS:   25 10:21:35       -5.012194        0.3172
BFGS:   26 10:21:35       -5.019509        0.3080
BFGS:   27 10:21:35       -5.031854        0.3170
BFGS:   28 10:21:35       -5.054464        0.4311
BFGS:   29 10:21:35       -5.098989        0.6803
BFGS:   30 10:21:35       -5.155286        0.9793
BFGS:   31 10:21:35       -5.201101        1.1359
BFGS:   32 10:21:35       -5.236394        0.9480
BFGS:   33 10:21:35       -5.271604        0.8770
BFGS:   34 10:21:35       -5.313271        0.8526
BFGS:   35 10:21:35       -5.377329        1.0625
BFGS:   36 10:21:35       -5.430165        1.0403
BFGS:   37 10:21:35       -5.586176        1.1770
BFGS:   38 10:21:35       -5.700129        0.7203
BFGS:   39 10:21:35       -5.779739        0.8336
BFGS:   40 10:21:35       -5.843059        0.7545
BFGS:   41 10:21:35       -5.868476        0.8052
BFGS:   42 10:21:35       -5.911387        0.6613
BFGS:   43 10:21:35       -5.985434        0.7997
BFGS:   44 10:21:35       -6.022466        0.5801
BFGS:   45 10:21:35       -6.057449        0.2544
BFGS:   46 10:21:35       -6.064499        0.2935
BFGS:   47 10:21:35       -6.069029        0.1998
BFGS:   48 10:21:35       -6.071296        0.1761
BFGS:   49 10:21:35       -6.074916        0.1990
BFGS:   50 10:21:35       -6.079092        0.1973
BFGS:   51 10:21:35       -6.082246        0.1737
BFGS:   52 10:21:35       -6.085219        0.1783
BFGS:   53 10:21:35       -6.089907        0.2361
BFGS:   54 10:21:35       -6.098804        0.3164
BFGS:   55 10:21:35       -6.114411        0.4026
BFGS:   56 10:21:35       -6.139727        0.5201
BFGS:   57 10:21:35       -6.186747        0.8104
BFGS:   58 10:21:35       -6.248503        1.0516
BFGS:   59 10:21:35       -6.311750        1.1885
BFGS:   60 10:21:35       -6.363315        1.1317
BFGS:   61 10:21:35       -6.426814        1.0788
BFGS:   62 10:21:35       -6.530035        0.9500
BFGS:   63 10:21:35       -6.598083        0.8834
BFGS:   64 10:21:35       -6.655640        0.8164
BFGS:   65 10:21:35       -6.819444        0.6660
BFGS:   66 10:21:35       -6.835091        0.9725
BFGS:   67 10:21:35       -6.886138        0.5392
BFGS:   68 10:21:35       -6.905483        0.3222
BFGS:   69 10:21:35       -6.915923        0.2968
BFGS:   70 10:21:35       -6.925718        0.2836
BFGS:   71 10:21:35       -6.933215        0.2528
BFGS:   72 10:21:35       -6.941503        0.2588
BFGS:   73 10:21:35       -6.950416        0.2483
BFGS:   74 10:21:35       -6.969457        0.3883
BFGS:   75 10:21:35       -7.006386        0.8590
BFGS:   76 10:21:35       -7.038470        1.3112
BFGS:   77 10:21:35       -7.126054        0.7734
BFGS:   78 10:21:35       -7.235393        0.5747
BFGS:   79 10:21:35       -7.261283        0.3965
BFGS:   80 10:21:35       -7.287619        0.2865
BFGS:   81 10:21:35       -7.297824        0.3111
BFGS:   82 10:21:35       -7.307579        0.1817
BFGS:   83 10:21:35       -7.310714        0.1126
BFGS:   84 10:21:35       -7.312209        0.0832
BFGS:   85 10:21:35       -7.313054        0.0803
BFGS:   86 10:21:35       -7.314004        0.0793
BFGS:   87 10:21:35       -7.315601        0.0813
BFGS:   88 10:21:35       -7.316483        0.0562
BFGS:   89 10:21:35       -7.316914        0.0255
      Step     Time          Energy         fmax
BFGS:    0 10:21:35       17.406104       34.5667
BFGS:    1 10:21:35        1.334839       10.0080
BFGS:    2 10:21:35       -2.124806        7.7563
BFGS:    3 10:21:35       -4.273078        2.1594
BFGS:    4 10:21:35       -4.607347        1.2268
BFGS:    5 10:21:35       -4.813176        0.6105
BFGS:    6 10:21:35       -4.856143        0.5826
BFGS:    7 10:21:35       -4.880040        0.5838
BFGS:    8 10:21:35       -4.915327        0.6338
BFGS:    9 10:21:35       -4.980133        0.6783
BFGS:   10 10:21:35       -5.025324        0.7046
BFGS:   11 10:21:35       -5.058832        0.6236
BFGS:   12 10:21:35       -5.108513        0.5310
BFGS:   13 10:21:35       -5.128358        0.4113
BFGS:   14 10:21:35       -5.169037        0.4420
BFGS:   15 10:21:35       -5.212552        0.4376
BFGS:   16 10:21:35       -5.253213        0.6188
BFGS:   17 10:21:35       -5.298248        0.7604
BFGS:   18 10:21:35       -5.327179        0.7729
BFGS:   19 10:21:35       -5.413876        0.7020
BFGS:   20 10:21:35       -5.487611        0.6577
BFGS:   21 10:21:35       -5.498882        0.7462
BFGS:   22 10:21:35       -5.519049        0.6136
BFGS:   23 10:21:35       -5.562050        0.4423
BFGS:   24 10:21:35       -5.571035        0.2964
BFGS:   25 10:21:35       -5.587364        0.3792
BFGS:   26 10:21:35       -5.623660        0.5792
BFGS:   27 10:21:35       -5.683990        0.7876
BFGS:   28 10:21:35       -5.764118        0.7649
BFGS:   29 10:21:35       -5.749124        0.6330
BFGS:   30 10:21:35       -5.826908        0.5939
BFGS:   31 10:21:35       -5.856525        0.5755
BFGS:   32 10:21:35       -5.906417        0.6255
BFGS:   33 10:21:35       -5.928369        0.4246
BFGS:   34 10:21:35       -5.939817        0.2626
BFGS:   35 10:21:35       -5.949254        0.1968
BFGS:   36 10:21:35       -5.953785        0.1971
BFGS:   37 10:21:35       -5.957388        0.2148
BFGS:   38 10:21:35       -5.965745        0.2451
BFGS:   39 10:21:35       -5.984215        0.4333
BFGS:   40 10:21:35       -6.036235        0.8854
BFGS:   41 10:21:35       -6.088010        1.2613
BFGS:   42 10:21:35       -6.124460        1.4552
BFGS:   43 10:21:35       -6.166024        0.9420
BFGS:   44 10:21:35       -6.215920        0.6497
BFGS:   45 10:21:35       -6.256293        0.7049
BFGS:   46 10:21:35       -6.279716        0.6721
BFGS:   47 10:21:35       -6.309726        0.4274
BFGS:   48 10:21:35       -6.336046        0.2605
BFGS:   49 10:21:35       -6.351959        0.2526
BFGS:   50 10:21:35       -6.359509        0.2861
BFGS:   51 10:21:36       -6.365611        0.3019
BFGS:   52 10:21:36       -6.373145        0.2822
BFGS:   53 10:21:36       -6.390030        0.3314
BFGS:   54 10:21:36       -6.453869        0.5315
BFGS:   55 10:21:36       -6.577309        0.5985
BFGS:   56 10:21:36       -6.564556        1.1757
BFGS:   57 10:21:36       -6.637082        0.4791
BFGS:   58 10:21:36       -6.670495        0.4015
BFGS:   59 10:21:36       -6.699294        0.5840
BFGS:   60 10:21:36       -6.787439        0.9371
BFGS:   61 10:21:36       -6.875551        1.1025
BFGS:   62 10:21:36       -6.904611        0.8117
BFGS:   63 10:21:36       -6.968403        0.4946
BFGS:   64 10:21:36       -6.998111        0.3131
BFGS:   65 10:21:36       -7.024670        0.4458
BFGS:   66 10:21:36       -7.034909        0.3673
BFGS:   67 10:21:36       -7.047121        0.2921
BFGS:   68 10:21:36       -7.052426        0.2812
BFGS:   69 10:21:36       -7.064508        0.3331
BFGS:   70 10:21:36       -7.072261        0.3307
BFGS:   71 10:21:36       -7.079378        0.3020
BFGS:   72 10:21:36       -7.087059        0.2887
BFGS:   73 10:21:36       -7.096155        0.2687
BFGS:   74 10:21:36       -7.105398        0.2313
BFGS:   75 10:21:36       -7.111997        0.2261
BFGS:   76 10:21:36       -7.116295        0.1496
BFGS:   77 10:21:36       -7.118304        0.1459
BFGS:   78 10:21:36       -7.120859        0.1609
BFGS:   79 10:21:36       -7.122542        0.1510
BFGS:   80 10:21:36       -7.125754        0.1155
BFGS:   81 10:21:36       -7.128375        0.0821
BFGS:   82 10:21:36       -7.130398        0.0514
BFGS:   83 10:21:36       -7.130888        0.0386
      Step     Time          Energy         fmax
BFGS:    0 10:21:36       17.109941       37.7430
BFGS:    1 10:21:36        0.706298       12.1241
BFGS:    2 10:21:36       -2.679147        7.3304
BFGS:    3 10:21:36       -4.368930        3.1717
BFGS:    4 10:21:36       -5.001416        1.3942
BFGS:    5 10:21:36       -5.204505        0.6029
BFGS:    6 10:21:36       -5.248101        0.3213
BFGS:    7 10:21:36       -5.257946        0.3295
BFGS:    8 10:21:36       -5.265920        0.3644
BFGS:    9 10:21:36       -5.281014        0.3966
BFGS:   10 10:21:36       -5.302760        0.5164
BFGS:   11 10:21:36       -5.335842        0.7621
BFGS:   12 10:21:36       -5.382439        0.9421
BFGS:   13 10:21:36       -5.433421        1.0938
BFGS:   14 10:21:36       -5.501669        2.0420
BFGS:   15 10:21:36       -5.618714        1.4838
BFGS:   16 10:21:36       -5.738493        1.1831
BFGS:   17 10:21:36       -5.770750        0.9091
BFGS:   18 10:21:36       -5.857459        0.8736
BFGS:   19 10:21:36       -5.894370        1.6621
BFGS:   20 10:21:36       -5.992618        0.7225
BFGS:   21 10:21:36       -6.052608        0.6553
BFGS:   22 10:21:36       -6.098951        0.7266
BFGS:   23 10:21:36       -6.119984        0.5546
BFGS:   24 10:21:36       -6.182172        0.5737
BFGS:   25 10:21:36       -6.201584        0.6347
BFGS:   26 10:21:36       -6.227402        0.5348
BFGS:   27 10:21:36       -6.244998        0.4651
BFGS:   28 10:21:36       -6.262230        0.3412
BFGS:   29 10:21:36       -6.273834        0.4861
BFGS:   30 10:21:36       -6.289242        0.5387
BFGS:   31 10:21:36       -6.308814        0.4102
BFGS:   32 10:21:36       -6.326856        0.3388
BFGS:   33 10:21:36       -6.340202        0.3259
BFGS:   34 10:21:36       -6.352767        0.4507
BFGS:   35 10:21:36       -6.370237        0.5826
BFGS:   36 10:21:36       -6.395671        0.6112
BFGS:   37 10:21:36       -6.427937        0.5909
BFGS:   38 10:21:36       -6.455971        0.6295
BFGS:   39 10:21:36       -6.473056        0.7827
BFGS:   40 10:21:36       -6.496006        0.4220
BFGS:   41 10:21:36       -6.522748        0.4462
BFGS:   42 10:21:36       -6.453377        1.9343
BFGS:   43 10:21:36       -6.590442        0.5637
BFGS:   44 10:21:36       -6.619082        0.5185
BFGS:   45 10:21:36       -6.688329        0.4498
BFGS:   46 10:21:36       -6.748910        0.6515
BFGS:   47 10:21:36       -6.803145        0.2982
BFGS:   48 10:21:36       -6.815377        0.2611
BFGS:   49 10:21:36       -6.822668        0.2452
BFGS:   50 10:21:36       -6.836611        0.2718
BFGS:   51 10:21:36       -6.870074        0.3611
BFGS:   52 10:21:36       -6.914827        0.5089
BFGS:   53 10:21:36       -6.904241        0.7027
BFGS:   54 10:21:36       -6.937088        0.5443
BFGS:   55 10:21:36       -6.948272        0.5454
BFGS:   56 10:21:36       -6.960664        0.7028
BFGS:   57 10:21:36       -6.985550        0.6541
BFGS:   58 10:21:36       -6.999074        0.6737
BFGS:   59 10:21:36       -7.011893        0.7144
BFGS:   60 10:21:36       -7.025556        0.6980
BFGS:   61 10:21:36       -7.038269        0.6909
BFGS:   62 10:21:36       -7.114748        0.7543
BFGS:   63 10:21:36       -7.182348        0.7611
BFGS:   64 10:21:36       -7.121585        1.2299
BFGS:   65 10:21:36       -7.236617        0.5939
BFGS:   66 10:21:36       -7.255003        0.5592
BFGS:   67 10:21:36       -7.276794        0.5104
BFGS:   68 10:21:36       -7.285943        0.5192
BFGS:   69 10:21:36       -7.303221        0.5726
BFGS:   70 10:21:36       -7.318386        0.6214
BFGS:   71 10:21:36       -7.337188        0.6661
BFGS:   72 10:21:36       -7.351828        0.6810
BFGS:   73 10:21:36       -7.366808        0.6703
BFGS:   74 10:21:36       -7.376427        0.6558
BFGS:   75 10:21:36       -7.385348        0.6509
BFGS:   76 10:21:36       -7.392498        0.6455
BFGS:   77 10:21:36       -7.396305        0.6468
BFGS:   78 10:21:36       -7.399256        0.6390
BFGS:   79 10:21:36       -7.402512        0.6279
BFGS:   80 10:21:36       -7.406524        0.6001
BFGS:   81 10:21:36       -7.409675        0.5723
BFGS:   82 10:21:36       -7.411888        0.5517
BFGS:   83 10:21:36       -7.412794        0.5450
BFGS:   84 10:21:36       -7.413589        0.5392
BFGS:   85 10:21:36       -7.414768        0.5336
BFGS:   86 10:21:36       -7.416818        0.5270
BFGS:   87 10:21:36       -7.420948        0.5180
BFGS:   88 10:21:36       -7.428160        0.5043
BFGS:   89 10:21:36       -7.437720        0.4942
BFGS:   90 10:21:36       -7.447530        0.5264
BFGS:   91 10:21:36       -7.457192        0.6106
BFGS:   92 10:21:36       -7.469080        0.6690
BFGS:   93 10:21:36       -7.496066        0.6617
BFGS:   94 10:21:36       -7.525168        0.4465
BFGS:   95 10:21:36       -7.544246        0.3806
BFGS:   96 10:21:36       -7.541343        0.4450
BFGS:   97 10:21:36       -7.557432        0.2726
BFGS:   98 10:21:36       -7.559417        0.3425
BFGS:   99 10:21:36       -7.560979        0.3359
BFGS:  100 10:21:36       -7.561395        0.3250
BFGS:  101 10:21:36       -7.562242        0.3190
BFGS:  102 10:21:36       -7.563203        0.3110
BFGS:  103 10:21:36       -7.563989        0.3079
BFGS:  104 10:21:36       -7.564209        0.3046
BFGS:  105 10:21:36       -7.564267        0.3019
BFGS:  106 10:21:36       -7.564315        0.2990
BFGS:  107 10:21:36       -7.564366        0.2927
BFGS:  108 10:21:36       -7.564462        0.2886
BFGS:  109 10:21:36       -7.564689        0.2778
BFGS:  110 10:21:36       -7.565420        0.2567
BFGS:  111 10:21:36       -7.566953        0.2248
BFGS:  112 10:21:36       -7.570130        0.1786
BFGS:  113 10:21:36       -7.574837        0.1629
BFGS:  114 10:21:36       -7.579018        0.1046
BFGS:  115 10:21:36       -7.580773        0.0300
      Step     Time          Energy         fmax
BFGS:    0 10:21:36       15.646192       33.8801
BFGS:    1 10:21:36        0.951856       12.1643
BFGS:    2 10:21:36       -2.007403        5.4467
BFGS:    3 10:21:36       -3.322521        2.6527
BFGS:    4 10:21:36       -3.799198        1.2445
BFGS:    5 10:21:36       -3.957564        0.5188
BFGS:    6 10:21:36       -3.997676        0.4827
BFGS:    7 10:21:36       -4.019628        0.5397
BFGS:    8 10:21:36       -4.059168        0.6409
BFGS:    9 10:21:36       -4.160542        0.8473
BFGS:   10 10:21:36       -4.348205        1.0726
BFGS:   11 10:21:36       -4.544390        1.0764
BFGS:   12 10:21:36       -4.684177        1.1309
BFGS:   13 10:21:36       -4.767357        1.1386
BFGS:   14 10:21:36       -5.285959        1.8384
BFGS:   15 10:21:36       -5.372680        2.1266
BFGS:   16 10:21:36       -5.495653        0.8522
BFGS:   17 10:21:36       -5.541910        0.7132
BFGS:   18 10:21:36       -5.617361        1.1009
BFGS:   19 10:21:36       -5.652610        0.7940
BFGS:   20 10:21:36       -5.712428        0.6363
BFGS:   21 10:21:36       -5.759099        0.5502
BFGS:   22 10:21:36       -5.799117        0.5325
BFGS:   23 10:21:36       -5.823733        0.5865
BFGS:   24 10:21:36       -5.858967        0.5862
BFGS:   25 10:21:36       -5.893594        0.8113
BFGS:   26 10:21:36       -5.940309        0.8427
BFGS:   27 10:21:36       -5.969364        0.5656
BFGS:   28 10:21:36       -5.991422        0.3697
BFGS:   29 10:21:36       -6.007081        0.4204
BFGS:   30 10:21:36       -6.023599        0.4804
BFGS:   31 10:21:36       -6.042823        0.4502
BFGS:   32 10:21:36       -6.060373        0.3074
BFGS:   33 10:21:36       -6.071449        0.3417
BFGS:   34 10:21:36       -6.090261        0.5740
BFGS:   35 10:21:36       -6.161982        1.3227
BFGS:   36 10:21:36       -6.247118        1.8289
BFGS:   37 10:21:36       -6.299519        2.0410
BFGS:   38 10:21:36       -6.351071        1.9465
BFGS:   39 10:21:36       -6.489161        1.2642
BFGS:   40 10:21:36       -6.591047        0.7169
BFGS:   41 10:21:36       -6.633890        0.5739
BFGS:   42 10:21:36       -6.604393        0.9370
BFGS:   43 10:21:36       -6.673433        0.4895
BFGS:   44 10:21:36       -6.685752        0.4049
BFGS:   45 10:21:36       -6.710057        0.2811
BFGS:   46 10:21:36       -6.720167        0.3228
BFGS:   47 10:21:36       -6.728128        0.2946
BFGS:   48 10:21:36       -6.733948        0.2449
BFGS:   49 10:21:36       -6.740702        0.2065
BFGS:   50 10:21:36       -6.749265        0.2206
BFGS:   51 10:21:36       -6.756700        0.2668
BFGS:   52 10:21:36       -6.762231        0.2833
BFGS:   53 10:21:36       -6.768072        0.2683
BFGS:   54 10:21:36       -6.776179        0.3270
BFGS:   55 10:21:36       -6.788755        0.3078
BFGS:   56 10:21:36       -6.814413        0.3519
BFGS:   57 10:21:36       -6.863525        0.4162
BFGS:   58 10:21:36       -6.967659        0.5392
BFGS:   59 10:21:36       -6.983669        0.9294
BFGS:   60 10:21:36       -7.024971        0.4450
BFGS:   61 10:21:36       -7.049578        0.3542
BFGS:   62 10:21:36       -7.058768        0.7465
BFGS:   63 10:21:36       -7.083335        0.2363
BFGS:   64 10:21:36       -7.090935        0.2481
BFGS:   65 10:21:36       -7.113705        0.3525
BFGS:   66 10:21:36       -7.123326        0.3137
BFGS:   67 10:21:36       -7.160861        0.3305
BFGS:   68 10:21:36       -7.169023        0.3403
BFGS:   69 10:21:36       -7.183220        0.4685
BFGS:   70 10:21:36       -7.197896        0.5486
BFGS:   71 10:21:36       -7.232474        0.8239
BFGS:   72 10:21:36       -7.287651        1.4518
BFGS:   73 10:21:36       -7.339872        1.1774
BFGS:   74 10:21:36       -7.398013        1.0472
BFGS:   75 10:21:36       -7.481883        0.6520
BFGS:   76 10:21:36       -7.502305        0.5306
BFGS:   77 10:21:36       -7.522494        0.3902
BFGS:   78 10:21:36       -7.542131        0.3013
BFGS:   79 10:21:36       -7.575527        0.1957
BFGS:   80 10:21:36       -7.579136        0.0929
BFGS:   81 10:21:36       -7.580566        0.0421
      Step     Time          Energy         fmax
BFGS:    0 10:21:36       16.263727       39.5673
BFGS:    1 10:21:36        0.915327       15.9410
BFGS:    2 10:21:36       -1.912070       11.8531
BFGS:    3 10:21:36       -3.990023        4.0199
BFGS:    4 10:21:36       -4.597032        1.6765
BFGS:    5 10:21:36       -4.830670        0.6959
BFGS:    6 10:21:36       -4.887370        0.3669
BFGS:    7 10:21:36       -4.900230        0.2953
BFGS:    8 10:21:36       -4.908339        0.3481
BFGS:    9 10:21:36       -4.922013        0.4212
BFGS:   10 10:21:36       -4.937645        0.4395
BFGS:   11 10:21:36       -4.949989        0.3526
BFGS:   12 10:21:36       -4.961659        0.3310
BFGS:   13 10:21:36       -4.969622        0.2679
BFGS:   14 10:21:36       -4.976276        0.2125
BFGS:   15 10:21:36       -4.984377        0.2588
BFGS:   16 10:21:36       -4.988321        0.2156
BFGS:   17 10:21:36       -4.993381        0.1949
BFGS:   18 10:21:36       -5.002143        0.2024
BFGS:   19 10:21:36       -5.013884        0.2829
BFGS:   20 10:21:36       -5.024349        0.3510
BFGS:   21 10:21:36       -5.033530        0.5149
BFGS:   22 10:21:36       -5.051130        0.7208
BFGS:   23 10:21:36       -5.097802        1.0887
BFGS:   24 10:21:36       -5.149539        1.4572
BFGS:   25 10:21:36       -5.195600        1.8612
BFGS:   26 10:21:36       -5.204965        2.2699
BFGS:   27 10:21:36       -5.262135        1.8240
BFGS:   28 10:21:36       -5.327912        1.5275
BFGS:   29 10:21:36       -5.497622        0.8347
BFGS:   30 10:21:36       -5.542920        0.6103
BFGS:   31 10:21:36       -5.564997        0.5393
BFGS:   32 10:21:36       -5.619337        0.4681
BFGS:   33 10:21:36       -5.643038        0.4285
BFGS:   34 10:21:36       -5.663875        0.4467
BFGS:   35 10:21:36       -5.689776        0.7304
BFGS:   36 10:21:36       -5.731253        1.2269
BFGS:   37 10:21:36       -5.858293        2.1777
BFGS:   38 10:21:36       -6.224702        1.3572
BFGS:   39 10:21:36       -6.550652        1.2439
BFGS:   40 10:21:36       -6.338867        3.3908
BFGS:   41 10:21:36       -6.785412        0.9035
BFGS:   42 10:21:36       -6.851576        0.7229
BFGS:   43 10:21:36       -6.903479        1.0113
BFGS:   44 10:21:36       -6.933684        0.6573
BFGS:   45 10:21:36       -6.962458        0.4009
BFGS:   46 10:21:36       -6.982346        0.4030
BFGS:   47 10:21:36       -6.990302        0.4103
BFGS:   48 10:21:36       -6.997872        0.3773
BFGS:   49 10:21:36       -7.011438        0.3478
BFGS:   50 10:21:36       -7.027468        0.3975
BFGS:   51 10:21:36       -7.045661        0.4322
BFGS:   52 10:21:36       -7.066119        0.4321
BFGS:   53 10:21:36       -7.078070        0.4172
BFGS:   54 10:21:36       -7.103220        0.4106
BFGS:   55 10:21:36       -7.120961        0.4703
BFGS:   56 10:21:36       -7.143499        0.5195
BFGS:   57 10:21:36       -7.178575        0.6021
BFGS:   58 10:21:36       -7.199038        0.6539
BFGS:   59 10:21:36       -7.236004        0.5352
BFGS:   60 10:21:36       -7.274538        0.5838
BFGS:   61 10:21:36       -7.295388        0.3236
BFGS:   62 10:21:36       -7.304286        0.2516
BFGS:   63 10:21:36       -7.308109        0.1718
BFGS:   64 10:21:36       -7.312008        0.1108
BFGS:   65 10:21:36       -7.314052        0.1043
BFGS:   66 10:21:36       -7.315231        0.0783
BFGS:   67 10:21:36       -7.315906        0.0497
      Step     Time          Energy         fmax
BFGS:    0 10:21:36       14.351258       36.1873
BFGS:    1 10:21:36       -0.288260       14.9120
BFGS:    2 10:21:36       -3.030345        6.8421
BFGS:    3 10:21:36       -4.314053        2.8885
BFGS:    4 10:21:36       -4.793258        1.3197
BFGS:    5 10:21:36       -4.982736        0.5321
BFGS:    6 10:21:36       -5.027603        0.4053
BFGS:    7 10:21:36       -5.044472        0.4351
BFGS:    8 10:21:36       -5.064759        0.4885
BFGS:    9 10:21:36       -5.104324        0.6400
BFGS:   10 10:21:36       -5.169857        0.7879
BFGS:   11 10:21:36       -5.265858        1.6481
BFGS:   12 10:21:36       -5.379250        2.1654
BFGS:   13 10:21:36       -5.560303        1.1938
BFGS:   14 10:21:36       -5.672274        1.2672
BFGS:   15 10:21:36       -5.813720        0.7282
BFGS:   16 10:21:36       -5.860616        1.9041
BFGS:   17 10:21:36       -5.933999        0.9485
BFGS:   18 10:21:36       -5.991791        0.8219
BFGS:   19 10:21:36       -6.262183        0.9873
BFGS:   20 10:21:36       -6.289203        3.4415
BFGS:   21 10:21:36       -6.462325        1.6608
BFGS:   22 10:21:36       -6.651942        1.2777
BFGS:   23 10:21:36       -6.701751        3.0207
BFGS:   24 10:21:36       -6.865374        0.7448
BFGS:   25 10:21:36       -6.919179        0.6914
BFGS:   26 10:21:36       -6.972328        0.9942
BFGS:   27 10:21:36       -6.995695        0.6339
BFGS:   28 10:21:36       -7.018084        0.3025
BFGS:   29 10:21:36       -7.028326        0.2993
BFGS:   30 10:21:36       -7.041940        0.3139
BFGS:   31 10:21:36       -7.060888        0.3853
BFGS:   32 10:21:36       -7.089531        0.5737
BFGS:   33 10:21:36       -7.131664        0.8896
BFGS:   34 10:21:36       -7.167348        1.0139
BFGS:   35 10:21:36       -7.226610        0.6412
BFGS:   36 10:21:36       -7.281997        0.4920
BFGS:   37 10:21:36       -7.303690        0.5638
BFGS:   38 10:21:36       -7.342814        0.7189
BFGS:   39 10:21:36       -7.388814        0.7724
BFGS:   40 10:21:36       -7.429492        0.7038
BFGS:   41 10:21:36       -7.509496        0.6916
BFGS:   42 10:21:36       -7.520851        0.6083
BFGS:   43 10:21:36       -7.554213        0.3987
BFGS:   44 10:21:36       -7.563767        0.2560
BFGS:   45 10:21:36       -7.569801        0.1817
BFGS:   46 10:21:36       -7.573261        0.1560
BFGS:   47 10:21:36       -7.576136        0.1214
BFGS:   48 10:21:36       -7.577806        0.1310
BFGS:   49 10:21:36       -7.579121        0.1108
BFGS:   50 10:21:36       -7.580083        0.0678
BFGS:   51 10:21:36       -7.580655        0.0347
      Step     Time          Energy         fmax
BFGS:    0 10:21:36       16.208775       37.7486
BFGS:    1 10:21:36        2.521081       19.0625
BFGS:    2 10:21:36       -0.926095       12.6568
BFGS:    3 10:21:36       -3.596090        2.5511
BFGS:    4 10:21:36       -4.014470        1.7472
BFGS:    5 10:21:36       -4.350723        0.7604
BFGS:    6 10:21:36       -4.429896        0.4628
BFGS:    7 10:21:36       -4.463922        0.4999
BFGS:    8 10:21:36       -4.497888        0.5705
BFGS:    9 10:21:36       -4.564866        0.6689
BFGS:   10 10:21:36       -4.637225        0.7641
BFGS:   11 10:21:36       -4.708954        0.6895
BFGS:   12 10:21:36       -4.749074        0.9350
BFGS:   13 10:21:36       -4.809115        0.4665
BFGS:   14 10:21:36       -4.819957        0.4629
BFGS:   15 10:21:36       -4.849976        0.4637
BFGS:   16 10:21:36       -4.882597        0.5005
BFGS:   17 10:21:36       -4.974165        1.3258
BFGS:   18 10:21:36       -5.077920        1.7267
BFGS:   19 10:21:36       -5.189973        1.6063
BFGS:   20 10:21:36       -5.279731        1.1770
BFGS:   21 10:21:36       -5.382794        0.8565
BFGS:   22 10:21:36       -5.471781        0.7630
BFGS:   23 10:21:36       -5.497724        0.6853
BFGS:   24 10:21:36       -5.577196        0.6977
BFGS:   25 10:21:36       -5.625947        0.6044
BFGS:   26 10:21:36       -5.715377        0.7293
BFGS:   27 10:21:36       -5.739219        0.6487
BFGS:   28 10:21:36       -5.796068        0.8078
BFGS:   29 10:21:36       -5.934534        0.9519
BFGS:   30 10:21:36       -6.025901        0.9222
BFGS:   31 10:21:36       -6.094270        0.7832
BFGS:   32 10:21:36       -6.157773        0.5891
BFGS:   33 10:21:36       -6.180232        0.4813
BFGS:   34 10:21:36       -6.190306        0.3351
BFGS:   35 10:21:36       -6.196398        0.3442
BFGS:   36 10:21:36       -6.204999        0.2694
BFGS:   37 10:21:36       -6.210877        0.2713
BFGS:   38 10:21:36       -6.214349        0.1994
BFGS:   39 10:21:36       -6.216211        0.1228
BFGS:   40 10:21:36       -6.218286        0.1136
BFGS:   41 10:21:36       -6.220542        0.0921
BFGS:   42 10:21:36       -6.222418        0.1357
BFGS:   43 10:21:36       -6.223427        0.1185
BFGS:   44 10:21:36       -6.224115        0.0897
BFGS:   45 10:21:36       -6.225088        0.0882
BFGS:   46 10:21:36       -6.227068        0.1016
BFGS:   47 10:21:36       -6.230234        0.1418
BFGS:   48 10:21:36       -6.234386        0.2138
BFGS:   49 10:21:36       -6.239329        0.2875
BFGS:   50 10:21:36       -6.248197        0.4046
BFGS:   51 10:21:36       -6.267039        0.6136
BFGS:   52 10:21:36       -6.298705        0.8612
BFGS:   53 10:21:36       -6.404571        0.9028
BFGS:   54 10:21:36       -6.583010        0.5225
BFGS:   55 10:21:36       -6.702514        0.5161
BFGS:   56 10:21:36       -6.742610        0.6884
BFGS:   57 10:21:36       -6.785352        0.7414
BFGS:   58 10:21:36       -6.815312        0.5877
BFGS:   59 10:21:36       -6.911632        0.5598
BFGS:   60 10:21:36       -6.971641        0.6112
BFGS:   61 10:21:36       -6.994014        0.5552
BFGS:   62 10:21:36       -7.017607        0.4407
BFGS:   63 10:21:36       -7.036588        0.4562
BFGS:   64 10:21:36       -7.059756        0.3853
BFGS:   65 10:21:37       -7.083274        0.3744
BFGS:   66 10:21:37       -7.092509        0.3183
BFGS:   67 10:21:37       -7.096996        0.2675
BFGS:   68 10:21:37       -7.103376        0.2232
BFGS:   69 10:21:37       -7.111724        0.2059
BFGS:   70 10:21:37       -7.116837        0.1498
BFGS:   71 10:21:37       -7.119190        0.1378
BFGS:   72 10:21:37       -7.121088        0.1428
BFGS:   73 10:21:37       -7.123029        0.1204
BFGS:   74 10:21:37       -7.124294        0.0821
BFGS:   75 10:21:37       -7.125054        0.0879
BFGS:   76 10:21:37       -7.125646        0.0853
BFGS:   77 10:21:37       -7.126619        0.0958
BFGS:   78 10:21:37       -7.128242        0.1163
BFGS:   79 10:21:37       -7.130039        0.1010
BFGS:   80 10:21:37       -7.131031        0.0436
      Step     Time          Energy         fmax
BFGS:    0 10:21:37       15.951977       41.7248
BFGS:    1 10:21:37        2.088099       13.7728
BFGS:    2 10:21:37       -1.868661        7.6081
BFGS:    3 10:21:37       -3.278985        3.8158
BFGS:    4 10:21:37       -3.888723        1.6631
BFGS:    5 10:21:37       -4.065821        0.6819
BFGS:    6 10:21:37       -4.103059        0.2865
BFGS:    7 10:21:37       -4.109876        0.2360
BFGS:    8 10:21:37       -4.114453        0.2474
BFGS:    9 10:21:37       -4.124228        0.2387
BFGS:   10 10:21:37       -4.139287        0.2689
BFGS:   11 10:21:37       -4.156061        0.3522
BFGS:   12 10:21:37       -4.170516        0.4734
BFGS:   13 10:21:37       -4.194010        0.5761
BFGS:   14 10:21:37       -4.253242        1.2036
BFGS:   15 10:21:37       -4.327854        2.0190
BFGS:   16 10:21:37       -4.355308        3.0247
BFGS:   17 10:21:37       -4.413978        2.0455
BFGS:   18 10:21:37       -4.473457        1.8142
BFGS:   19 10:21:37       -4.691311        1.4215
BFGS:   20 10:21:37       -4.768884        0.7741
BFGS:   21 10:21:37       -4.822956        0.8069
BFGS:   22 10:21:37       -4.880296        1.2774
BFGS:   23 10:21:37       -4.933005        1.0280
BFGS:   24 10:21:37       -5.053412        0.6079
BFGS:   25 10:21:37       -5.110495        0.5801
BFGS:   26 10:21:37       -5.211571        0.8322
BFGS:   27 10:21:37       -5.284103        1.0649
BFGS:   28 10:21:37       -5.333257        1.0626
BFGS:   29 10:21:37       -5.406547        1.0758
BFGS:   30 10:21:37       -5.489248        0.9306
BFGS:   31 10:21:37       -5.593317        0.7115
BFGS:   32 10:21:37       -5.625134        0.6263
BFGS:   33 10:21:37       -5.640580        0.4908
BFGS:   34 10:21:37       -5.652690        0.4619
BFGS:   35 10:21:37       -5.692235        0.3849
BFGS:   36 10:21:37       -5.731582        0.4770
BFGS:   37 10:21:37       -5.765643        0.5519
BFGS:   38 10:21:37       -5.802705        0.9352
BFGS:   39 10:21:37       -5.830042        0.7343
BFGS:   40 10:21:37       -5.942370        0.6313
BFGS:   41 10:21:37       -5.963808        0.3682
BFGS:   42 10:21:37       -5.975973        0.3630
BFGS:   43 10:21:37       -5.997194        0.4608
BFGS:   44 10:21:37       -6.021876        0.5228
BFGS:   45 10:21:37       -6.096768        0.6185
BFGS:   46 10:21:37       -6.176470        0.8143
BFGS:   47 10:21:37       -6.204841        0.9401
BFGS:   48 10:21:37       -6.310085        0.8891
BFGS:   49 10:21:37       -6.360333        0.6418
BFGS:   50 10:21:37       -6.390485        0.6218
BFGS:   51 10:21:37       -6.423056        0.4913
BFGS:   52 10:21:37       -6.474928        0.5643
BFGS:   53 10:21:37       -6.520059        0.6371
BFGS:   54 10:21:37       -6.535184        0.5204
BFGS:   55 10:21:37       -6.565497        0.4884
BFGS:   56 10:21:37       -6.619771        0.7327
BFGS:   57 10:21:37       -6.647831        1.4726
BFGS:   58 10:21:37       -6.703931        0.7461
BFGS:   59 10:21:37       -6.738300        0.6722
BFGS:   60 10:21:37       -6.773466        0.6361
BFGS:   61 10:21:37       -6.802534        0.5511
BFGS:   62 10:21:37       -6.827886        0.4627
BFGS:   63 10:21:37       -6.864401        0.2824
BFGS:   64 10:21:37       -6.881350        0.1892
BFGS:   65 10:21:37       -6.889680        0.1262
BFGS:   66 10:21:37       -6.891750        0.0990
BFGS:   67 10:21:37       -6.892910        0.0997
BFGS:   68 10:21:37       -6.893587        0.1040
BFGS:   69 10:21:37       -6.895006        0.1001
BFGS:   70 10:21:37       -6.896163        0.0882
BFGS:   71 10:21:37       -6.897369        0.0786
BFGS:   72 10:21:37       -6.898065        0.0668
BFGS:   73 10:21:37       -6.898461        0.0571
BFGS:   74 10:21:37       -6.898832        0.0575
BFGS:   75 10:21:37       -6.899257        0.0552
BFGS:   76 10:21:37       -6.899721        0.0508
BFGS:   77 10:21:37       -6.900207        0.0564
BFGS:   78 10:21:37       -6.900710        0.0681
BFGS:   79 10:21:37       -6.901439        0.0928
BFGS:   80 10:21:37       -6.905546        0.1579
BFGS:   81 10:21:37       -6.935663        0.2581
BFGS:   82 10:21:37       -6.996571        0.3626
BFGS:   83 10:21:37       -7.010607        0.2970
BFGS:   84 10:21:37       -7.046826        0.2491
BFGS:   85 10:21:37       -7.078541        0.6670
BFGS:   86 10:21:37       -7.103364        0.8084
BFGS:   87 10:21:37       -7.133950        0.9490
BFGS:   88 10:21:37       -7.176444        0.5891
BFGS:   89 10:21:37       -7.218164        0.6889
BFGS:   90 10:21:37       -7.251182        0.5421
BFGS:   91 10:21:37       -7.289588        0.3296
BFGS:   92 10:21:37       -7.309150        0.2923
BFGS:   93 10:21:37       -7.316129        0.0814
BFGS:   94 10:21:37       -7.316979        0.0293
      Step     Time          Energy         fmax
BFGS:    0 10:21:37       21.878987       45.8456
BFGS:    1 10:21:37        1.582741       14.3826
BFGS:    2 10:21:37       -2.710908        9.1827
BFGS:    3 10:21:37       -4.316434        4.3896
BFGS:    4 10:21:37       -5.137761        1.9112
BFGS:    5 10:21:37       -5.382545        0.8452
BFGS:    6 10:21:37       -5.442588        0.4337
BFGS:    7 10:21:37       -5.457770        0.3363
BFGS:    8 10:21:37       -5.469603        0.3408
BFGS:    9 10:21:37       -5.487627        0.3389
BFGS:   10 10:21:37       -5.503928        0.3958
BFGS:   11 10:21:37       -5.515227        0.4511
BFGS:   12 10:21:37       -5.528396        0.4610
BFGS:   13 10:21:37       -5.540278        0.4138
BFGS:   14 10:21:37       -5.565100        0.4733
BFGS:   15 10:21:37       -5.618852        0.8193
BFGS:   16 10:21:37       -5.705206        1.2193
BFGS:   17 10:21:37       -5.780108        1.5471
BFGS:   18 10:21:37       -5.768038        1.2957
BFGS:   19 10:21:37       -5.844627        0.8882
BFGS:   20 10:21:37       -5.876502        0.8574
BFGS:   21 10:21:37       -5.983666        1.0219
BFGS:   22 10:21:37       -6.068925        0.8441
BFGS:   23 10:21:37       -6.144673        0.6314
BFGS:   24 10:21:37       -6.168058        0.5358
BFGS:   25 10:21:37       -6.204955        0.4478
BFGS:   26 10:21:37       -6.242371        0.5128
BFGS:   27 10:21:37       -6.297455        0.8877
BFGS:   28 10:21:37       -6.382593        1.2359
BFGS:   29 10:21:37       -6.473177        2.0296
BFGS:   30 10:21:37       -6.631213        1.4376
BFGS:   31 10:21:37       -6.762214        1.0889
BFGS:   32 10:21:37       -6.770483        0.7589
BFGS:   33 10:21:37       -6.830922        0.5745
BFGS:   34 10:21:37       -6.856828        0.5154
BFGS:   35 10:21:37       -6.887599        0.5334
BFGS:   36 10:21:37       -6.942120        0.3632
BFGS:   37 10:21:37       -6.953236        0.3807
BFGS:   38 10:21:37       -6.979541        0.3862
BFGS:   39 10:21:37       -7.014795        0.5204
BFGS:   40 10:21:37       -7.070778        0.9942
BFGS:   41 10:21:37       -7.037822        1.0236
BFGS:   42 10:21:37       -7.115200        0.5536
BFGS:   43 10:21:37       -7.142076        0.5229
BFGS:   44 10:21:37       -7.172337        0.3733
BFGS:   45 10:21:37       -7.201939        0.4593
BFGS:   46 10:21:37       -7.213004        0.4380
BFGS:   47 10:21:37       -7.246148        0.4824
BFGS:   48 10:21:37       -7.262409        0.4891
BFGS:   49 10:21:37       -7.289225        0.6649
BFGS:   50 10:21:37       -7.330295        1.0121
BFGS:   51 10:21:37       -7.384206        1.3584
BFGS:   52 10:21:37       -7.447250        1.0681
BFGS:   53 10:21:37       -7.535417        0.7290
BFGS:   54 10:21:37       -7.557942        0.4420
BFGS:   55 10:21:37       -7.572610        0.2310
BFGS:   56 10:21:37       -7.576310        0.1243
BFGS:   57 10:21:37       -7.577978        0.1013
BFGS:   58 10:21:37       -7.578972        0.0855
BFGS:   59 10:21:37       -7.579850        0.0623
BFGS:   60 10:21:37       -7.580437        0.0353
      Step     Time          Energy         fmax
BFGS:    0 10:21:37       17.219891       41.8045
BFGS:    1 10:21:37        0.753761       11.4573
BFGS:    2 10:21:37       -2.550322        7.7806
BFGS:    3 10:21:37       -4.294013        3.7193
BFGS:    4 10:21:37       -4.885869        1.6632
BFGS:    5 10:21:37       -5.066204        0.6571
BFGS:    6 10:21:37       -5.113982        0.6683
BFGS:    7 10:21:37       -5.139293        0.7326
BFGS:    8 10:21:37       -5.179982        0.7866
BFGS:    9 10:21:37       -5.247935        0.7875
BFGS:   10 10:21:37       -5.317367        0.9649
BFGS:   11 10:21:37       -5.402570        0.7537
BFGS:   12 10:21:37       -5.455383        0.5902
BFGS:   13 10:21:37       -5.476318        0.4825
BFGS:   14 10:21:37       -5.514110        0.5164
BFGS:   15 10:21:37       -5.580690        0.6021
BFGS:   16 10:21:37       -5.609419        0.4678
BFGS:   17 10:21:37       -5.629124        0.3988
BFGS:   18 10:21:37       -5.654641        0.4116
BFGS:   19 10:21:37       -5.672016        0.4349
BFGS:   20 10:21:37       -5.693707        0.3708
BFGS:   21 10:21:37       -5.705804        0.4167
BFGS:   22 10:21:37       -5.719031        0.3683
BFGS:   23 10:21:37       -5.730780        0.2926
BFGS:   24 10:21:37       -5.758634        0.4397
BFGS:   25 10:21:37       -5.768777        0.4197
BFGS:   26 10:21:37       -5.875030        0.5091
BFGS:   27 10:21:37       -5.929492        0.6641
BFGS:   28 10:21:37       -5.964663        0.7323
BFGS:   29 10:21:37       -6.014535        0.8489
BFGS:   30 10:21:37       -6.094492        0.8724
BFGS:   31 10:21:37       -6.183215        0.7764
BFGS:   32 10:21:37       -6.226596        0.7774
BFGS:   33 10:21:37       -6.334478        1.2099
BFGS:   34 10:21:37       -6.318243        1.6824
BFGS:   35 10:21:37       -6.428608        0.5429
BFGS:   36 10:21:37       -6.486531        0.6227
BFGS:   37 10:21:37       -6.528134        0.5623
BFGS:   38 10:21:37       -6.582033        0.6399
BFGS:   39 10:21:37       -6.632803        0.7043
BFGS:   40 10:21:37       -6.704411        0.6431
BFGS:   41 10:21:37       -6.746542        0.5419
BFGS:   42 10:21:37       -6.776532        0.5277
BFGS:   43 10:21:37       -6.806071        0.4952
BFGS:   44 10:21:37       -6.829358        0.6451
BFGS:   45 10:21:37       -6.848581        0.7497
BFGS:   46 10:21:37       -6.899295        0.7417
BFGS:   47 10:21:37       -6.933969        0.4901
BFGS:   48 10:21:37       -6.951045        0.3787
BFGS:   49 10:21:37       -6.960628        0.3817
BFGS:   50 10:21:37       -6.982158        0.3593
BFGS:   51 10:21:37       -7.006319        0.3900
BFGS:   52 10:21:37       -7.018574        0.3056
BFGS:   53 10:21:37       -7.024324        0.2265
BFGS:   54 10:21:37       -7.027130        0.2734
BFGS:   55 10:21:37       -7.031244        0.2073
BFGS:   56 10:21:37       -7.035602        0.1572
BFGS:   57 10:21:37       -7.041029        0.1812
BFGS:   58 10:21:37       -7.045439        0.2311
BFGS:   59 10:21:37       -7.050207        0.2542
BFGS:   60 10:21:37       -7.056606        0.2369
BFGS:   61 10:21:37       -7.065279        0.2814
BFGS:   62 10:21:37       -7.074301        0.2875
BFGS:   63 10:21:37       -7.085832        0.3021
BFGS:   64 10:21:37       -7.095104        0.2739
BFGS:   65 10:21:37       -7.105878        0.3142
BFGS:   66 10:21:37       -7.113475        0.3126
BFGS:   67 10:21:37       -7.122198        0.1852
BFGS:   68 10:21:37       -7.126411        0.1214
BFGS:   69 10:21:37       -7.127588        0.0942
BFGS:   70 10:21:37       -7.128589        0.0805
BFGS:   71 10:21:37       -7.129397        0.0735
BFGS:   72 10:21:37       -7.130648        0.0454
      Step     Time          Energy         fmax
BFGS:    0 10:21:37       15.093303       27.6373
BFGS:    1 10:21:37        0.452081       23.1617
BFGS:    2 10:21:37       -3.202732        5.7966
BFGS:    3 10:21:37       -3.968509        2.6619
BFGS:    4 10:21:37       -4.557870        1.3849
BFGS:    5 10:21:37       -4.734821        0.7813
BFGS:    6 10:21:37       -4.787516        0.4675
BFGS:    7 10:21:37       -4.815362        0.5082
BFGS:    8 10:21:37       -4.860050        0.5760
BFGS:    9 10:21:37       -4.942510        0.6800
BFGS:   10 10:21:37       -5.043207        0.7438
BFGS:   11 10:21:37       -5.126628        0.7492
BFGS:   12 10:21:37       -5.249119        1.0634
BFGS:   13 10:21:37       -5.298827        0.7014
BFGS:   14 10:21:37       -5.390750        0.6184
BFGS:   15 10:21:37       -5.687875        0.8789
BFGS:   16 10:21:37       -5.723945        1.7539
BFGS:   17 10:21:37       -5.799087        0.8667
BFGS:   18 10:21:37       -5.836488        0.7900
BFGS:   19 10:21:37       -5.947163        1.2719
BFGS:   20 10:21:37       -6.027129        0.8187
BFGS:   21 10:21:37       -6.119836        0.6929
BFGS:   22 10:21:37       -6.145651        0.6398
BFGS:   23 10:21:37       -6.162991        0.4004
BFGS:   24 10:21:37       -6.182574        0.3036
BFGS:   25 10:21:37       -6.189077        0.3036
BFGS:   26 10:21:37       -6.200840        0.3705
BFGS:   27 10:21:37       -6.223675        0.4351
BFGS:   28 10:21:37       -6.257131        0.7661
BFGS:   29 10:21:37       -6.304694        1.0775
BFGS:   30 10:21:37       -6.364920        0.8719
BFGS:   31 10:21:37       -6.407829        0.7184
BFGS:   32 10:21:37       -6.449102        0.7498
BFGS:   33 10:21:37       -6.504257        0.5477
BFGS:   34 10:21:37       -6.544228        0.5281
BFGS:   35 10:21:37       -6.557825        0.5224
BFGS:   36 10:21:37       -6.578219        0.2938
BFGS:   37 10:21:37       -6.604058        0.3767
BFGS:   38 10:21:37       -6.707816        0.7498
BFGS:   39 10:21:37       -6.709463        1.2510
BFGS:   40 10:21:37       -6.837746        0.6616
BFGS:   41 10:21:37       -6.883855        0.5764
BFGS:   42 10:21:37       -6.938988        0.6051
BFGS:   43 10:21:37       -6.958018        0.4204
BFGS:   44 10:21:37       -6.993359        0.4605
BFGS:   45 10:21:37       -7.012432        0.3886
BFGS:   46 10:21:37       -7.050637        0.3839
BFGS:   47 10:21:37       -7.068341        0.4102
BFGS:   48 10:21:37       -7.089774        0.5241
BFGS:   49 10:21:37       -7.112096        0.6150
BFGS:   50 10:21:37       -7.137931        0.6331
BFGS:   51 10:21:37       -7.171481        0.6174
BFGS:   52 10:21:37       -7.259465        0.6203
BFGS:   53 10:21:37       -7.214673        0.9527
BFGS:   54 10:21:37       -7.293475        0.4976
BFGS:   55 10:21:37       -7.315266        0.5285
BFGS:   56 10:21:37       -7.342000        0.5415
BFGS:   57 10:21:37       -7.434499        0.5578
BFGS:   58 10:21:37       -7.477987        0.4935
BFGS:   59 10:21:37       -7.520082        0.5289
BFGS:   60 10:21:37       -7.539367        0.3540
BFGS:   61 10:21:37       -7.545042        0.3225
BFGS:   62 10:21:37       -7.553883        0.2476
BFGS:   63 10:21:37       -7.565438        0.1908
BFGS:   64 10:21:37       -7.575459        0.1459
BFGS:   65 10:21:37       -7.578246        0.1115
BFGS:   66 10:21:37       -7.578940        0.1007
BFGS:   67 10:21:37       -7.579630        0.0759
BFGS:   68 10:21:37       -7.580425        0.0545
BFGS:   69 10:21:37       -7.580845        0.0283
      Step     Time          Energy         fmax
BFGS:    0 10:21:37       15.947106       24.9522
BFGS:    1 10:21:37        1.972568       16.7119
BFGS:    2 10:21:37       -1.420285        6.0521
BFGS:    3 10:21:37       -2.792764        2.7777
BFGS:    4 10:21:37       -3.459114        1.2660
BFGS:    5 10:21:37       -3.688870        0.7736
BFGS:    6 10:21:37       -3.755916        0.7409
BFGS:    7 10:21:37       -3.784722        0.7482
BFGS:    8 10:21:37       -3.819441        0.7526
BFGS:    9 10:21:37       -3.870578        0.6733
BFGS:   10 10:21:37       -3.906466        0.6281
BFGS:   11 10:21:37       -3.963556        0.5671
BFGS:   12 10:21:37       -3.979566        0.5422
BFGS:   13 10:21:37       -3.990801        0.4809
BFGS:   14 10:21:37       -4.064924        0.7551
BFGS:   15 10:21:37       -4.085289        0.4092
BFGS:   16 10:21:37       -4.094681        0.3991
BFGS:   17 10:21:37       -4.112436        0.4674
BFGS:   18 10:21:37       -4.129401        0.4774
BFGS:   19 10:21:37       -4.186081        0.5933
BFGS:   20 10:21:37       -4.224445        0.6390
BFGS:   21 10:21:37       -4.258729        0.8427
BFGS:   22 10:21:37       -4.284216        0.7652
BFGS:   23 10:21:37       -4.319859        0.7609
BFGS:   24 10:21:37       -4.460958        0.7853
BFGS:   25 10:21:37       -4.482552        0.8134
BFGS:   26 10:21:37       -4.502141        0.4430
BFGS:   27 10:21:37       -4.513391        0.4070
BFGS:   28 10:21:37       -4.518476        0.3655
BFGS:   29 10:21:37       -4.530099        0.1424
BFGS:   30 10:21:37       -4.533283        0.1386
BFGS:   31 10:21:37       -4.536031        0.2032
BFGS:   32 10:21:37       -4.538686        0.2449
BFGS:   33 10:21:37       -4.546087        0.3087
BFGS:   34 10:21:37       -4.566029        0.4135
BFGS:   35 10:21:37       -4.614966        0.5319
BFGS:   36 10:21:37       -4.655050        0.7659
BFGS:   37 10:21:37       -4.649378        0.8658
BFGS:   38 10:21:37       -4.711307        0.7425
BFGS:   39 10:21:37       -4.780066        0.6742
BFGS:   40 10:21:37       -4.881625        1.1044
BFGS:   41 10:21:37       -4.940340        0.9811
BFGS:   42 10:21:37       -4.971125        0.8155
BFGS:   43 10:21:37       -5.010459        0.3750
BFGS:   44 10:21:37       -5.018015        0.3496
BFGS:   45 10:21:37       -5.047603        0.2584
BFGS:   46 10:21:37       -5.060590        0.3270
BFGS:   47 10:21:37       -5.093320        0.5855
BFGS:   48 10:21:37       -5.119762        0.9487
BFGS:   49 10:21:37       -5.145455        0.6182
BFGS:   50 10:21:37       -5.178681        0.5032
BFGS:   51 10:21:37       -5.285306        1.0435
BFGS:   52 10:21:37       -5.234822        1.2137
BFGS:   53 10:21:37       -5.308980        0.3558
BFGS:   54 10:21:37       -5.353554        0.3059
BFGS:   55 10:21:37       -5.361996        0.3115
BFGS:   56 10:21:37       -5.366296        0.1744
BFGS:   57 10:21:37       -5.368967        0.1330
BFGS:   58 10:21:37       -5.371436        0.1297
BFGS:   59 10:21:37       -5.373081        0.0875
BFGS:   60 10:21:37       -5.374388        0.0851
BFGS:   61 10:21:37       -5.374927        0.0864
BFGS:   62 10:21:37       -5.375470        0.0846
BFGS:   63 10:21:37       -5.376572        0.1097
BFGS:   64 10:21:37       -5.379567        0.1817
BFGS:   65 10:21:37       -5.389648        0.3278
BFGS:   66 10:21:37       -5.411462        0.4965
BFGS:   67 10:21:37       -5.457547        0.5734
BFGS:   68 10:21:37       -5.545793        0.5944
BFGS:   69 10:21:37       -5.693996        0.5847
BFGS:   70 10:21:37       -5.895840        0.5917
BFGS:   71 10:21:37       -5.878544        1.5161
BFGS:   72 10:21:37       -5.956693        0.4873
BFGS:   73 10:21:37       -5.980837        0.4811
BFGS:   74 10:21:37       -5.997218        0.4933
BFGS:   75 10:21:37       -6.014259        0.4099
BFGS:   76 10:21:37       -6.038519        0.3472
BFGS:   77 10:21:37       -6.049915        0.4059
BFGS:   78 10:21:37       -6.069884        0.2112
BFGS:   79 10:21:37       -6.075374        0.1617
BFGS:   80 10:21:37       -6.079677        0.1496
BFGS:   81 10:21:37       -6.082086        0.1546
BFGS:   82 10:21:37       -6.092304        0.3001
BFGS:   83 10:21:37       -6.104622        0.3874
BFGS:   84 10:21:37       -6.163549        0.5567
BFGS:   85 10:21:37       -6.184866        0.7167
BFGS:   86 10:21:37       -6.214489        0.4913
BFGS:   87 10:21:37       -6.238038        0.4463
BFGS:   88 10:21:37       -6.270060        0.4297
BFGS:   89 10:21:37       -6.285453        0.4105
BFGS:   90 10:21:37       -6.303021        0.3649
BFGS:   91 10:21:37       -6.318780        0.3022
BFGS:   92 10:21:37       -6.334796        0.1471
BFGS:   93 10:21:37       -6.338729        0.1069
BFGS:   94 10:21:37       -6.341351        0.0679
BFGS:   95 10:21:37       -6.341690        0.0668
BFGS:   96 10:21:37       -6.342151        0.0733
BFGS:   97 10:21:37       -6.343011        0.0871
BFGS:   98 10:21:37       -6.345804        0.1319
BFGS:   99 10:21:37       -6.354037        0.2407
BFGS:  100 10:21:37       -6.372662        0.4845
BFGS:  101 10:21:37       -6.390567        0.7447
BFGS:  102 10:21:37       -6.418013        0.9761
BFGS:  103 10:21:37       -6.434647        1.0305
BFGS:  104 10:21:37       -6.576511        0.8832
BFGS:  105 10:21:37       -6.748281        0.9779
BFGS:  106 10:21:37       -6.823215        0.5656
BFGS:  107 10:21:37       -6.875253        0.4431
BFGS:  108 10:21:37       -6.904895        0.4934
BFGS:  109 10:21:37       -6.921406        0.2097
BFGS:  110 10:21:37       -6.928188        0.1497
BFGS:  111 10:21:38       -6.932493        0.1563
BFGS:  112 10:21:38       -6.937535        0.1579
BFGS:  113 10:21:38       -6.966173        0.2273
BFGS:  114 10:21:38       -7.057783        0.3221
BFGS:  115 10:21:38       -7.059562        0.5350
BFGS:  116 10:21:38       -7.039172        0.4348
BFGS:  117 10:21:38       -7.088807        0.1384
BFGS:  118 10:21:38       -7.091778        0.0733
BFGS:  119 10:21:38       -7.092414        0.0437
