       Step     Time          Energy         fmax
GPMin:    0 10:50:40       -5.077004        0.4384
GPMin:    1 10:50:46       -5.259728        0.2122
GPMin:    2 10:50:51       -5.353333        0.1857
GPMin:    3 10:50:56       -5.441167        0.1588
GPMin:    4 10:51:02       -5.514907        0.1291
GPMin:    5 10:51:07       -5.568758        0.0841
GPMin:    6 10:51:12       -5.599151        0.0624
GPMin:    7 10:51:17       -5.616073        0.0718
GPMin:    8 10:51:22       -5.628872        0.0749
GPMin:    9 10:51:28       -5.645745        0.0721
GPMin:   10 10:51:33       -5.666324        0.0798
GPMin:   11 10:51:38       -5.687624        0.0768
GPMin:   12 10:51:44       -5.708907        0.0566
GPMin:   13 10:51:50       -5.721168        0.0340
GPMin:   14 10:51:55       -5.724208        0.0280
GPMin:   15 10:51:59       -5.725424        0.0208
GPMin:   16 10:52:05       -5.726317        0.0180
       Step     Time          Energy         fmax
GPMin:    0 10:52:13       -5.602612        0.1855
GPMin:    1 10:52:19       -5.672025        0.1370
GPMin:    2 10:52:25       -5.704969        0.0991
GPMin:    3 10:52:30       -5.736548        0.0705
GPMin:    4 10:52:36       -5.766357        0.0691
GPMin:    5 10:52:41       -5.795337        0.0667
GPMin:    6 10:52:46       -5.821360        0.0740
GPMin:    7 10:52:51       -5.846812        0.0652
GPMin:    8 10:52:56       -5.864832        0.0367
GPMin:    9 10:53:00       -5.870356        0.0227
GPMin:   10 10:53:05       -5.872455        0.0198
       Step     Time          Energy         fmax
GPMin:    0 10:53:14       -4.771371        0.9406
GPMin:    1 10:53:21       -5.102881        0.3393
GPMin:    2 10:53:27       -5.240792        0.3014
GPMin:    3 10:53:33       -5.364302        0.2718
GPMin:    4 10:53:39       -5.469778        0.2376
GPMin:    5 10:53:44       -5.553105        0.1654
GPMin:    6 10:53:50       -5.606508        0.1191
GPMin:    7 10:53:55       -5.633122        0.1096
GPMin:    8 10:54:00       -5.651671        0.0907
GPMin:    9 10:54:05       -5.668402        0.0546
GPMin:   10 10:54:10       -5.675815        0.0695
GPMin:   11 10:54:16       -5.675934        0.0868
GPMin:   12 10:54:20       -5.681423        0.0693
GPMin:   13 10:54:25       -5.688483        0.0365
GPMin:   14 10:54:30       -5.691144        0.0348
GPMin:   15 10:54:34       -5.696683        0.0365
GPMin:   16 10:54:40       -5.703704        0.0484
GPMin:   17 10:54:45       -5.719291        0.0604
GPMin:   18 10:54:50       -5.743241        0.0667
GPMin:   19 10:54:55       -5.764077        0.0569
GPMin:   20 10:55:00       -5.776448        0.0567
GPMin:   21 10:55:05       -5.787585        0.0602
GPMin:   22 10:55:11       -5.798568        0.0644
GPMin:   23 10:55:16       -5.814058        0.0725
GPMin:   24 10:55:20       -5.833186        0.0733
GPMin:   25 10:55:25       -5.850213        0.0606
GPMin:   26 10:55:30       -5.862403        0.0438
GPMin:   27 10:55:35       -5.867055        0.0347
GPMin:   28 10:55:39       -5.869334        0.0279
GPMin:   29 10:55:44       -5.871306        0.0275
GPMin:   30 10:55:48       -5.872480        0.0231
GPMin:   31 10:55:53       -5.873192        0.0136
       Step     Time          Energy         fmax
GPMin:    0 10:56:01       -5.259946        0.6920
GPMin:    1 10:56:07       -5.448026        0.1533
GPMin:    2 10:56:12       -5.512581        0.1536
GPMin:    3 10:56:17       -5.578323        0.1146
GPMin:    4 10:56:23       -5.609633        0.1153
GPMin:    5 10:56:29       -5.633264        0.0975
GPMin:    6 10:56:35       -5.638850        0.1458
GPMin:    7 10:56:46       -5.660312        0.0547
GPMin:    8 10:56:51       -5.663969        0.0471
GPMin:    9 10:57:03       -5.666653        0.0294
GPMin:   10 10:57:27       -5.669891        0.0550
GPMin:   11 10:57:39       -5.672750        0.0574
GPMin:   12 10:57:44       -5.678716        0.0779
GPMin:   13 10:57:48       -5.685156        0.0410
GPMin:   14 10:57:53       -5.688066        0.0286
GPMin:   15 10:57:57       -5.692197        0.0285
GPMin:   16 10:58:10       -5.695050        0.0504
GPMin:   17 10:58:29       -5.700262        0.0591
GPMin:   18 10:58:34       -5.706552        0.0700
GPMin:   19 10:58:45       -5.723305        0.0665
GPMin:   20 10:58:50       -5.727870        0.0496
GPMin:   21 10:58:55       -5.738891        0.0422
GPMin:   22 10:58:59       -5.749809        0.0470
GPMin:   23 10:59:04       -5.764148        0.0581
GPMin:   24 10:59:09       -5.781387        0.0640
GPMin:   25 10:59:13       -5.802028        0.0697
GPMin:   26 10:59:18       -5.826740        0.0822
GPMin:   27 10:59:23       -5.851278        0.0777
GPMin:   28 10:59:29       -5.865711        0.0417
GPMin:   29 10:59:33       -5.869222        0.0270
GPMin:   30 10:59:38       -5.871412        0.0245
GPMin:   31 10:59:43       -5.872627        0.0204
GPMin:   32 10:59:47       -5.873314        0.0118
       Step     Time          Energy         fmax
GPMin:    0 10:59:56       -5.331800        0.2714
GPMin:    1 11:00:02       -5.413879        0.1283
GPMin:    2 11:00:07       -5.468059        0.0929
GPMin:    3 11:00:13       -5.496785        0.0572
GPMin:    4 11:00:19       -5.502815        0.0585
GPMin:    5 11:00:23       -5.513690        0.0479
GPMin:    6 11:00:28       -5.533912        0.0709
GPMin:    7 11:00:34       -5.564469        0.0836
GPMin:    8 11:00:39       -5.594818        0.0669
GPMin:    9 11:00:44       -5.612981        0.0391
GPMin:   10 11:00:50       -5.621020        0.0404
GPMin:   11 11:00:54       -5.629925        0.0501
GPMin:   12 11:00:59       -5.646539        0.0626
GPMin:   13 11:01:04       -5.669594        0.0728
GPMin:   14 11:01:10       -5.693922        0.0695
GPMin:   15 11:01:15       -5.713136        0.0434
GPMin:   16 11:01:19       -5.718641        0.0216
GPMin:   17 11:01:24       -5.719481        0.0197
       Step     Time          Energy         fmax
GPMin:    0 11:01:33       -5.071111        0.9204
GPMin:    1 11:01:39       -5.524623        0.3585
GPMin:    2 11:01:45       -5.622274        0.1035
GPMin:    3 11:01:50       -5.636686        0.0869
GPMin:    4 11:01:55       -5.661841        0.0810
GPMin:    5 11:02:01       -5.675954        0.0760
GPMin:    6 11:02:06       -5.695044        0.0712
GPMin:    7 11:02:11       -5.705943        0.0610
GPMin:    8 11:02:16       -5.712923        0.0289
GPMin:    9 11:02:21       -5.715880        0.0273
GPMin:   10 11:02:25       -5.718049        0.0296
GPMin:   11 11:02:30       -5.720863        0.0291
GPMin:   12 11:02:34       -5.722879        0.0201
GPMin:   13 11:02:39       -5.724576        0.0168
       Step     Time          Energy         fmax
GPMin:    0 11:02:47       -4.826463        0.8644
GPMin:    1 11:02:54       -5.088278        0.2660
GPMin:    2 11:02:59       -5.189149        0.2430
GPMin:    3 11:03:05       -5.292947        0.2001
GPMin:    4 11:03:10       -5.369460        0.1722
GPMin:    5 11:03:15       -5.432278        0.1676
GPMin:    6 11:03:21       -5.497189        0.1826
GPMin:    7 11:03:27       -5.563246        0.1710
GPMin:    8 11:03:32       -5.634064        0.1328
GPMin:    9 11:03:38       -5.679593        0.0920
GPMin:   10 11:03:43       -5.692604        0.0774
GPMin:   11 11:03:48       -5.701946        0.0790
GPMin:   12 11:03:53       -5.714775        0.0610
GPMin:   13 11:03:58       -5.725327        0.0594
GPMin:   14 11:04:02       -5.734431        0.0483
GPMin:   15 11:04:07       -5.742690        0.0469
GPMin:   16 11:04:12       -5.750753        0.0476
GPMin:   17 11:04:16       -5.757842        0.0482
GPMin:   18 11:04:21       -5.767472        0.0519
GPMin:   19 11:04:25       -5.777072        0.0559
GPMin:   20 11:04:31       -5.793157        0.0598
GPMin:   21 11:04:36       -5.814409        0.0674
GPMin:   22 11:04:41       -5.831851        0.0695
GPMin:   23 11:04:46       -5.852785        0.0642
GPMin:   24 11:04:51       -5.863984        0.0436
GPMin:   25 11:04:55       -5.868905        0.0250
GPMin:   26 11:04:59       -5.870310        0.0296
GPMin:   27 11:05:04       -5.872629        0.0201
GPMin:   28 11:05:08       -5.873247        0.0162
       Step     Time          Energy         fmax
GPMin:    0 11:05:16       -4.934861        0.4273
GPMin:    1 11:05:22       -5.085758        0.1292
GPMin:    2 11:05:29       -5.145111        0.1350
GPMin:    3 11:05:34       -5.184359        0.1154
GPMin:    4 11:05:39       -5.208423        0.0957
GPMin:    5 11:05:44       -5.235655        0.0806
GPMin:    6 11:05:49       -5.264021        0.0751
GPMin:    7 11:05:54       -5.290512        0.0866
GPMin:    8 11:05:59       -5.316697        0.0891
GPMin:    9 11:06:05       -5.340982        0.0682
GPMin:   10 11:06:10       -5.360887        0.0661
GPMin:   11 11:06:15       -5.381663        0.0527
GPMin:   12 11:06:20       -5.403569        0.0574
GPMin:   13 11:06:25       -5.426407        0.0543
GPMin:   14 11:06:29       -5.445441        0.0531
GPMin:   15 11:06:34       -5.460886        0.0475
GPMin:   16 11:06:39       -5.472111        0.0330
GPMin:   17 11:06:43       -5.478717        0.0244
GPMin:   18 11:06:47       -5.482390        0.0201
GPMin:   19 11:06:51       -5.484524        0.0192
       Step     Time          Energy         fmax
GPMin:    0 11:07:00       -5.471573        0.1937
GPMin:    1 11:07:06       -5.578334        0.1425
GPMin:    2 11:07:11       -5.634589        0.1318
GPMin:    3 11:07:17       -5.675162        0.1159
GPMin:    4 11:07:22       -5.702011        0.0826
GPMin:    5 11:07:27       -5.720883        0.0461
GPMin:    6 11:07:32       -5.727096        0.0216
GPMin:    7 11:07:36       -5.728347        0.0132
       Step     Time          Energy         fmax
GPMin:    0 11:07:45       -5.091562        0.7968
GPMin:    1 11:07:51       -5.402887        0.2598
GPMin:    2 11:07:58       -5.480005        0.1960
GPMin:    3 11:08:03       -5.539336        0.1941
GPMin:    4 11:08:08       -5.582527        0.1440
GPMin:    5 11:08:13       -5.609414        0.1198
GPMin:    6 11:08:18       -5.633532        0.1052
GPMin:    7 11:08:23       -5.643384        0.1124
GPMin:    8 11:08:29       -5.659296        0.2561
GPMin:    9 11:08:35       -5.684603        0.1501
GPMin:   10 11:08:46       -5.699794        0.1442
GPMin:   11 11:08:52       -5.716739        0.1010
GPMin:   12 11:08:57       -5.722664        0.1187
GPMin:   13 11:09:03       -5.736849        0.0964
GPMin:   14 11:09:07       -5.743934        0.0765
GPMin:   15 11:09:12       -5.750778        0.0478
GPMin:   16 11:09:16       -5.761301        0.0488
GPMin:   17 11:09:21       -5.773721        0.0659
GPMin:   18 11:09:26       -5.790491        0.0709
GPMin:   19 11:09:31       -5.811050        0.0716
GPMin:   20 11:09:36       -5.832549        0.0757
GPMin:   21 11:09:41       -5.853322        0.0637
GPMin:   22 11:09:46       -5.866314        0.0385
GPMin:   23 11:09:51       -5.869394        0.0254
GPMin:   24 11:09:55       -5.870832        0.0244
GPMin:   25 11:09:59       -5.872611        0.0159
       Step     Time          Energy         fmax
GPMin:    0 11:10:12       -5.280244        0.1809
GPMin:    1 11:10:18       -5.385709        0.1161
GPMin:    2 11:10:24       -5.425042        0.1104
GPMin:    3 11:10:29       -5.478584        0.1060
GPMin:    4 11:10:34       -5.539014        0.1368
GPMin:    5 11:10:39       -5.609174        0.1498
GPMin:    6 11:10:45       -5.668850        0.1266
GPMin:    7 11:10:50       -5.704467        0.0671
GPMin:    8 11:10:55       -5.718085        0.0383
GPMin:    9 11:11:00       -5.720885        0.0299
GPMin:   10 11:11:04       -5.723141        0.0162
       Step     Time          Energy         fmax
GPMin:    0 11:11:14       -5.058924        0.3645
GPMin:    1 11:11:20       -5.194893        0.1724
GPMin:    2 11:11:25       -5.272141        0.1366
GPMin:    3 11:11:30       -5.332421        0.1028
GPMin:    4 11:11:36       -5.371572        0.0803
GPMin:    5 11:11:41       -5.395860        0.0661
GPMin:    6 11:11:46       -5.408858        0.0493
GPMin:    7 11:11:50       -5.418707        0.0520
GPMin:    8 11:11:55       -5.432464        0.0507
GPMin:    9 11:12:00       -5.443860        0.0364
GPMin:   10 11:12:04       -5.453753        0.0392
GPMin:   11 11:12:09       -5.465114        0.0334
GPMin:   12 11:12:14       -5.470355        0.0372
GPMin:   13 11:12:18       -5.473302        0.0376
GPMin:   14 11:12:23       -5.479130        0.0314
GPMin:   15 11:12:27       -5.481914        0.0279
GPMin:   16 11:12:32       -5.485189        0.0207
GPMin:   17 11:12:36       -5.488203        0.0190
       Step     Time          Energy         fmax
GPMin:    0 11:12:47       -4.838146        0.9317
GPMin:    1 11:12:54       -5.155518        0.2654
GPMin:    2 11:12:59       -5.260747        0.2285
GPMin:    3 11:13:05       -5.324356        0.1660
GPMin:    4 11:13:10       -5.353071        0.0888
GPMin:    5 11:13:15       -5.362942        0.0525
GPMin:    6 11:13:20       -5.371041        0.0510
GPMin:    7 11:13:24       -5.381885        0.0547
GPMin:    8 11:13:30       -5.402574        0.0827
GPMin:    9 11:13:35       -5.436608        0.1102
GPMin:   10 11:13:40       -5.480124        0.1273
GPMin:   11 11:13:45       -5.525232        0.1226
GPMin:   12 11:13:51       -5.559460        0.1067
GPMin:   13 11:13:56       -5.584841        0.1035
GPMin:   14 11:14:01       -5.620626        0.1391
GPMin:   15 11:14:06       -5.653115        0.1342
GPMin:   16 11:14:11       -5.684787        0.1064
GPMin:   17 11:14:16       -5.708037        0.0693
GPMin:   18 11:14:21       -5.718232        0.0440
GPMin:   19 11:14:25       -5.721721        0.0318
GPMin:   20 11:14:30       -5.723605        0.0176
       Step     Time          Energy         fmax
GPMin:    0 11:14:39       -5.172331        0.7537
GPMin:    1 11:14:45       -5.422542        0.2377
GPMin:    2 11:14:51       -5.478817        0.2051
GPMin:    3 11:14:57       -5.546521        0.1420
GPMin:    4 11:15:02       -5.589460        0.0882
GPMin:    5 11:15:06       -5.602958        0.0781
GPMin:    6 11:15:12       -5.618623        0.0916
GPMin:    7 11:15:17       -5.638292        0.1133
GPMin:    8 11:15:22       -5.666870        0.1323
GPMin:    9 11:15:28       -5.704859        0.1448
GPMin:   10 11:15:33       -5.755872        0.1427
GPMin:   11 11:15:39       -5.804230        0.1080
GPMin:   12 11:15:44       -5.836909        0.0967
GPMin:   13 11:15:50       -5.856005        0.0643
GPMin:   14 11:15:55       -5.863538        0.0431
GPMin:   15 11:16:00       -5.866290        0.0450
GPMin:   16 11:16:04       -5.871167        0.0318
GPMin:   17 11:16:09       -5.872904        0.0122
       Step     Time          Energy         fmax
GPMin:    0 11:16:18       -5.605199        0.1588
GPMin:    1 11:16:23       -5.668389        0.1082
GPMin:    2 11:16:30       -5.690022        0.1041
GPMin:    3 11:16:35       -5.698937        0.0983
GPMin:    4 11:16:41       -5.705792        0.0265
GPMin:    5 11:16:45       -5.705935        0.0288
GPMin:    6 11:16:49       -5.707152        0.0083
       Step     Time          Energy         fmax
GPMin:    0 11:16:59       -5.610433        0.2315
GPMin:    1 11:17:04       -5.648861        0.1050
GPMin:    2 11:17:10       -5.650968        0.1236
GPMin:    3 11:17:15       -5.663742        0.0819
GPMin:    4 11:17:21       -5.687840        0.0737
GPMin:    5 11:17:27       -5.706758        0.0843
GPMin:    6 11:17:33       -5.721567        0.0479
GPMin:    7 11:17:38       -5.731615        0.0388
GPMin:    8 11:17:43       -5.741948        0.0378
GPMin:    9 11:17:48       -5.758130        0.0512
GPMin:   10 11:17:53       -5.781010        0.0556
GPMin:   11 11:17:58       -5.806451        0.0733
GPMin:   12 11:18:04       -5.837861        0.0727
GPMin:   13 11:18:09       -5.862178        0.0458
GPMin:   14 11:18:14       -5.869688        0.0248
GPMin:   15 11:18:18       -5.871833        0.0221
GPMin:   16 11:18:23       -5.873601        0.0058
       Step     Time          Energy         fmax
GPMin:    0 11:18:32       -5.651345        0.1823
GPMin:    1 11:18:38       -5.680716        0.1260
GPMin:    2 11:18:45       -5.692457        0.1445
GPMin:    3 11:18:50       -5.697987        0.0969
GPMin:    4 11:19:01       -5.708144        0.0279
GPMin:    5 11:19:06       -5.711148        0.0309
GPMin:    6 11:19:12       -5.716564        0.0316
GPMin:    7 11:19:16       -5.722503        0.0317
GPMin:    8 11:19:28       -5.726180        0.0497
GPMin:    9 11:19:33       -5.728709        0.0210
GPMin:   10 11:19:37       -5.729019        0.0157
       Step     Time          Energy         fmax
GPMin:    0 11:19:46       -5.313165        0.6154
GPMin:    1 11:19:52       -5.517693        0.1879
GPMin:    2 11:19:58       -5.587093        0.1606
GPMin:    3 11:20:04       -5.632829        0.1510
GPMin:    4 11:20:10       -5.680430        0.1363
GPMin:    5 11:20:15       -5.715729        0.1025
GPMin:    6 11:20:20       -5.736268        0.0605
GPMin:    7 11:20:26       -5.753859        0.0755
GPMin:    8 11:20:31       -5.771984        0.0627
GPMin:    9 11:20:36       -5.787944        0.0649
GPMin:   10 11:20:41       -5.803887        0.0710
GPMin:   11 11:20:46       -5.828336        0.0811
GPMin:   12 11:20:51       -5.851666        0.0703
GPMin:   13 11:20:56       -5.864796        0.0417
GPMin:   14 11:21:01       -5.868869        0.0266
GPMin:   15 11:21:06       -5.871134        0.0236
GPMin:   16 11:21:10       -5.872662        0.0176
       Step     Time          Energy         fmax
GPMin:    0 11:21:20       -5.145761        0.6017
GPMin:    1 11:21:26       -5.387197        0.1369
GPMin:    2 11:21:31       -5.421062        0.1115
GPMin:    3 11:21:37       -5.440231        0.1082
GPMin:    4 11:21:42       -5.465440        0.1192
GPMin:    5 11:21:47       -5.491087        0.1178
GPMin:    6 11:21:52       -5.511177        0.1069
GPMin:    7 11:21:58       -5.529257        0.0820
GPMin:    8 11:22:02       -5.536382        0.0670
GPMin:    9 11:22:08       -5.543700        0.1021
GPMin:   10 11:22:13       -5.549338        0.0702
GPMin:   11 11:22:18       -5.568179        0.0766
GPMin:   12 11:22:23       -5.595960        0.1155
GPMin:   13 11:22:29       -5.634397        0.1256
GPMin:   14 11:22:34       -5.682885        0.1217
GPMin:   15 11:22:39       -5.724044        0.0972
GPMin:   16 11:22:44       -5.745845        0.0831
GPMin:   17 11:22:49       -5.760643        0.0729
GPMin:   18 11:22:55       -5.774566        0.0679
GPMin:   19 11:23:00       -5.788493        0.0714
GPMin:   20 11:23:05       -5.802524        0.0721
GPMin:   21 11:23:10       -5.819867        0.0726
GPMin:   22 11:23:16       -5.838260        0.0676
GPMin:   23 11:23:21       -5.855739        0.0556
GPMin:   24 11:23:26       -5.866519        0.0303
GPMin:   25 11:23:30       -5.869973        0.0239
GPMin:   26 11:23:35       -5.871703        0.0215
GPMin:   27 11:23:40       -5.872998        0.0139
       Step     Time          Energy         fmax
GPMin:    0 11:23:50       -5.334452        0.4316
GPMin:    1 11:23:57       -5.567534        0.3502
GPMin:    2 11:24:03       -5.669924        0.1922
GPMin:    3 11:24:09       -5.712817        0.0802
GPMin:    4 11:24:14       -5.723550        0.0438
GPMin:    5 11:24:19       -5.726198        0.0258
GPMin:    6 11:24:23       -5.727335        0.0158
       Step     Time          Energy         fmax
GPMin:    0 11:24:33       -5.493580        0.4796
GPMin:    1 11:24:39       -5.630716        0.1273
GPMin:    2 11:24:44       -5.675134        0.1062
GPMin:    3 11:24:49       -5.723478        0.0988
GPMin:    4 11:24:55       -5.765271        0.1004
GPMin:    5 11:25:00       -5.805009        0.0939
GPMin:    6 11:25:05       -5.830996        0.0714
GPMin:    7 11:25:10       -5.850548        0.0643
GPMin:    8 11:25:15       -5.864010        0.0432
GPMin:    9 11:25:20       -5.868595        0.0309
GPMin:   10 11:25:24       -5.871538        0.0255
GPMin:   11 11:25:29       -5.873209        0.0178
       Step     Time          Energy         fmax
GPMin:    0 11:25:38       -5.629322        0.1778
GPMin:    1 11:25:45       -5.681723        0.1319
GPMin:    2 11:25:51       -5.701072        0.0896
GPMin:    3 11:25:57       -5.708778        0.0510
GPMin:    4 11:26:07       -5.713525        0.0260
GPMin:    5 11:26:13       -5.718763        0.0371
GPMin:    6 11:26:18       -5.721674        0.0605
GPMin:    7 11:26:24       -5.724689        0.0625
GPMin:    8 11:26:29       -5.728925        0.0118
       Step     Time          Energy         fmax
GPMin:    0 11:26:40       -5.065864        0.2399
GPMin:    1 11:26:47       -5.207381        0.1658
GPMin:    2 11:26:52       -5.288886        0.1392
GPMin:    3 11:26:58       -5.335684        0.0897
GPMin:    4 11:27:04       -5.361598        0.0946
GPMin:    5 11:27:10       -5.397671        0.1147
GPMin:    6 11:27:15       -5.449031        0.1251
GPMin:    7 11:27:20       -5.514367        0.1351
GPMin:    8 11:27:26       -5.582725        0.1273
GPMin:    9 11:27:31       -5.635100        0.0847
GPMin:   10 11:27:36       -5.661611        0.0577
GPMin:   11 11:27:43       -5.675169        0.0764
GPMin:   12 11:27:48       -5.691667        0.0578
GPMin:   13 11:27:54       -5.702763        0.0618
GPMin:   14 11:27:59       -5.709722        0.0482
GPMin:   15 11:28:04       -5.714347        0.0353
GPMin:   16 11:28:09       -5.719385        0.0311
GPMin:   17 11:28:14       -5.722555        0.0363
GPMin:   18 11:28:20       -5.726823        0.0598
GPMin:   19 11:28:24       -5.733773        0.0721
GPMin:   20 11:28:30       -5.749263        0.0630
GPMin:   21 11:28:36       -5.756223        0.0709
GPMin:   22 11:28:41       -5.767838        0.0676
GPMin:   23 11:28:46       -5.783835        0.0625
GPMin:   24 11:28:51       -5.802317        0.0630
GPMin:   25 11:28:57       -5.820176        0.0628
GPMin:   26 11:29:02       -5.841251        0.0606
GPMin:   27 11:29:07       -5.857126        0.0446
GPMin:   28 11:29:12       -5.865636        0.0325
GPMin:   29 11:29:17       -5.868926        0.0290
GPMin:   30 11:29:21       -5.871463        0.0236
GPMin:   31 11:29:26       -5.872635        0.0183
       Step     Time          Energy         fmax
GPMin:    0 11:29:36       -5.360912        0.6729
GPMin:    1 11:29:41       -5.577875        0.1494
GPMin:    2 11:29:47       -5.619396        0.1045
GPMin:    3 11:29:52       -5.648421        0.0620
GPMin:    4 11:29:57       -5.663029        0.0517
GPMin:    5 11:30:02       -5.671552        0.0493
GPMin:    6 11:30:07       -5.688200        0.0501
GPMin:    7 11:30:19       -5.690467        0.0823
GPMin:    8 11:30:24       -5.693983        0.0587
GPMin:    9 11:30:42       -5.699739        0.0416
GPMin:   10 11:30:47       -5.702188        0.0445
GPMin:   11 11:30:52       -5.703785        0.0478
GPMin:   12 11:31:04       -5.707470        0.0481
GPMin:   13 11:31:17       -5.712665        0.0405
GPMin:   14 11:31:23       -5.732555        0.0622
GPMin:   15 11:31:34       -5.741498        0.0622
GPMin:   16 11:31:39       -5.755413        0.0533
GPMin:   17 11:31:45       -5.770142        0.0544
GPMin:   18 11:31:50       -5.787880        0.0594
GPMin:   19 11:31:55       -5.810446        0.0732
GPMin:   20 11:32:01       -5.836815        0.0709
GPMin:   21 11:32:06       -5.856791        0.0538
GPMin:   22 11:32:11       -5.866410        0.0365
GPMin:   23 11:32:16       -5.869908        0.0305
GPMin:   24 11:32:21       -5.871581        0.0219
GPMin:   25 11:32:25       -5.873061        0.0129
       Step     Time          Energy         fmax
GPMin:    0 11:32:35       -5.614530        0.2279
GPMin:    1 11:32:42       -5.714726        0.1724
GPMin:    2 11:32:47       -5.771443        0.1710
GPMin:    3 11:32:53       -5.824930        0.1442
GPMin:    4 11:32:59       -5.858543        0.0737
GPMin:    5 11:33:04       -5.869039        0.0317
GPMin:    6 11:33:09       -5.871877        0.0156
       Step     Time          Energy         fmax
GPMin:    0 11:33:17       -5.331548        0.8115
GPMin:    1 11:33:24       -5.552093        0.2675
GPMin:    2 11:33:30       -5.627117        0.1709
GPMin:    3 11:33:35       -5.686068        0.0864
GPMin:    4 11:33:41       -5.706417        0.0521
GPMin:    5 11:33:46       -5.711570        0.0341
GPMin:    6 11:33:51       -5.714125        0.0238
GPMin:    7 11:33:55       -5.716105        0.0189
       Step     Time          Energy         fmax
GPMin:    0 11:34:05       -5.634851        0.3265
GPMin:    1 11:34:12       -5.703832        0.1240
GPMin:    2 11:34:17       -5.720816        0.0745
GPMin:    3 11:34:23       -5.725170        0.0485
GPMin:    4 11:34:28       -5.727883        0.0236
GPMin:    5 11:34:33       -5.728503        0.0316
GPMin:    6 11:34:38       -5.729412        0.0142
       Step     Time          Energy         fmax
GPMin:    0 11:34:48       -5.145032        0.6713
GPMin:    1 11:34:55       -5.369639        0.1112
GPMin:    2 11:35:01       -5.381830        0.0973
GPMin:    3 11:35:07       -5.397542        0.0722
GPMin:    4 11:35:12       -5.412658        0.0816
GPMin:    5 11:35:18       -5.441357        0.1168
GPMin:    6 11:35:23       -5.480024        0.1567
GPMin:    7 11:35:29       -5.529505        0.1919
GPMin:    8 11:35:35       -5.574214        0.2083
GPMin:    9 11:35:39       -5.613793        0.1934
GPMin:   10 11:35:45       -5.654595        0.1384
GPMin:   11 11:35:49       -5.668471        0.1000
GPMin:   12 11:35:55       -5.677889        0.0892
GPMin:   13 11:36:01       -5.683586        0.0300
GPMin:   14 11:36:05       -5.685444        0.0210
GPMin:   15 11:36:10       -5.685906        0.0159
       Step     Time          Energy         fmax
GPMin:    0 11:36:19       -5.112163        0.8755
GPMin:    1 11:36:25       -5.427886        0.2775
GPMin:    2 11:36:31       -5.516718        0.1872
GPMin:    3 11:36:37       -5.582965        0.1716
GPMin:    4 11:36:42       -5.637866        0.1411
GPMin:    5 11:36:47       -5.665697        0.1331
GPMin:    6 11:36:53       -5.692285        0.1247
GPMin:    7 11:36:58       -5.725581        0.1256
GPMin:    8 11:37:03       -5.755864        0.1028
GPMin:    9 11:37:08       -5.788465        0.0998
GPMin:   10 11:37:13       -5.814044        0.1026
GPMin:   11 11:37:19       -5.832829        0.0967
GPMin:   12 11:37:24       -5.847402        0.0772
GPMin:   13 11:37:29       -5.858368        0.0541
GPMin:   14 11:37:34       -5.865856        0.0369
GPMin:   15 11:37:39       -5.868988        0.0254
GPMin:   16 11:37:43       -5.871421        0.0224
GPMin:   17 11:37:47       -5.872808        0.0151
       Step     Time          Energy         fmax
GPMin:    0 11:37:57       -5.399060        0.4981
GPMin:    1 11:38:03       -5.539292        0.1659
GPMin:    2 11:38:09       -5.580146        0.1509
GPMin:    3 11:38:14       -5.629189        0.1125
GPMin:    4 11:38:20       -5.667597        0.0718
GPMin:    5 11:38:25       -5.682693        0.0269
GPMin:    6 11:38:30       -5.684691        0.0191
       Step     Time          Energy         fmax
GPMin:    0 11:38:39       -5.685985        0.1414
GPMin:    1 11:38:45       -5.707391        0.1487
GPMin:    2 11:38:57       -5.715210        0.1014
GPMin:    3 11:39:15       -5.721539        0.0691
GPMin:    4 11:39:27       -5.728107        0.0335
GPMin:    5 11:39:32       -5.728947        0.0175
       Step     Time          Energy         fmax
GPMin:    0 11:39:43       -4.983436        0.9019
GPMin:    1 11:39:50       -5.335543        0.3143
GPMin:    2 11:39:56       -5.426420        0.1693
GPMin:    3 11:40:01       -5.459653        0.1114
GPMin:    4 11:40:06       -5.479541        0.0819
GPMin:    5 11:40:12       -5.492076        0.0655
GPMin:    6 11:40:17       -5.503005        0.0562
GPMin:    7 11:40:22       -5.511311        0.0567
GPMin:    8 11:40:28       -5.532530        0.0663
GPMin:    9 11:40:33       -5.554784        0.0835
GPMin:   10 11:40:38       -5.581602        0.0863
GPMin:   11 11:40:44       -5.622788        0.1038
GPMin:   12 11:40:49       -5.653143        0.1149
GPMin:   13 11:40:55       -5.691831        0.1324
GPMin:   14 11:41:00       -5.739854        0.1441
GPMin:   15 11:41:06       -5.789767        0.1341
GPMin:   16 11:41:11       -5.823757        0.0938
GPMin:   17 11:41:16       -5.840440        0.0737
GPMin:   18 11:41:21       -5.849434        0.0873
GPMin:   19 11:41:27       -5.861040        0.0516
GPMin:   20 11:41:32       -5.867047        0.0322
GPMin:   21 11:41:37       -5.869817        0.0277
GPMin:   22 11:41:42       -5.872024        0.0232
GPMin:   23 11:41:47       -5.872874        0.0140
       Step     Time          Energy         fmax
GPMin:    0 11:41:57       -5.268734        0.6477
GPMin:    1 11:42:04       -5.432469        0.1062
GPMin:    2 11:42:10       -5.448912        0.1445
GPMin:    3 11:42:16       -5.477848        0.0966
GPMin:    4 11:42:21       -5.497493        0.0900
GPMin:    5 11:42:26       -5.526016        0.0951
GPMin:    6 11:42:32       -5.561048        0.1047
GPMin:    7 11:42:37       -5.602767        0.1078
GPMin:    8 11:42:43       -5.654640        0.1106
GPMin:    9 11:42:49       -5.712400        0.1135
GPMin:   10 11:42:55       -5.752752        0.0880
GPMin:   11 11:43:00       -5.776717        0.0818
GPMin:   12 11:43:06       -5.799094        0.0852
GPMin:   13 11:43:11       -5.820004        0.0746
GPMin:   14 11:43:17       -5.836040        0.0780
GPMin:   15 11:43:22       -5.851204        0.0674
GPMin:   16 11:43:27       -5.864643        0.0402
GPMin:   17 11:43:32       -5.870013        0.0271
GPMin:   18 11:43:37       -5.871493        0.0233
GPMin:   19 11:43:42       -5.872750        0.0145
       Step     Time          Energy         fmax
GPMin:    0 11:43:51       -5.713424        0.1075
GPMin:    1 11:44:11       -5.725590        0.0469
GPMin:    2 11:44:16       -5.728232        0.0317
GPMin:    3 11:44:34       -5.728875        0.0190
       Step     Time          Energy         fmax
GPMin:    0 11:44:45       -5.315296        0.3688
GPMin:    1 11:44:51       -5.420521        0.1456
GPMin:    2 11:44:57       -5.477170        0.1384
GPMin:    3 11:45:03       -5.526857        0.0741
GPMin:    4 11:45:09       -5.552789        0.0515
GPMin:    5 11:45:14       -5.565484        0.0563
GPMin:    6 11:45:19       -5.575709        0.0666
GPMin:    7 11:45:25       -5.597711        0.0829
GPMin:    8 11:45:31       -5.625933        0.1008
GPMin:    9 11:45:36       -5.661231        0.1149
GPMin:   10 11:45:42       -5.700944        0.1154
GPMin:   11 11:45:48       -5.739191        0.0902
GPMin:   12 11:45:54       -5.761613        0.0855
GPMin:   13 11:46:00       -5.778452        0.0769
GPMin:   14 11:46:05       -5.794002        0.0655
GPMin:   15 11:46:10       -5.812966        0.0705
GPMin:   16 11:46:16       -5.833029        0.0687
GPMin:   17 11:46:21       -5.851457        0.0595
GPMin:   18 11:46:27       -5.863365        0.0445
GPMin:   19 11:46:32       -5.868930        0.0271
GPMin:   20 11:46:37       -5.871014        0.0254
GPMin:   21 11:46:42       -5.872721        0.0144
       Step     Time          Energy         fmax
GPMin:    0 11:46:52       -5.399060        0.4978
GPMin:    1 11:46:59       -5.539302        0.1659
GPMin:    2 11:47:05       -5.580199        0.1508
GPMin:    3 11:47:10       -5.629207        0.1125
GPMin:    4 11:47:16       -5.667626        0.0718
GPMin:    5 11:47:22       -5.682700        0.0268
GPMin:    6 11:47:27       -5.684691        0.0191
       Step     Time          Energy         fmax
GPMin:    0 11:47:36       -5.632217        0.1890
GPMin:    1 11:47:43       -5.696762        0.0773
GPMin:    2 11:47:55       -5.700615        0.0672
GPMin:    3 11:48:01       -5.706347        0.0320
GPMin:    4 11:48:13       -5.707688        0.0306
GPMin:    5 11:48:19       -5.712009        0.0308
GPMin:    6 11:48:24       -5.724884        0.0426
GPMin:    7 11:48:31       -5.737951        0.0538
GPMin:    8 11:48:36       -5.752859        0.0424
GPMin:    9 11:48:42       -5.771901        0.0558
GPMin:   10 11:48:48       -5.798656        0.0647
GPMin:   11 11:48:54       -5.830284        0.0697
GPMin:   12 11:49:00       -5.854811        0.0548
GPMin:   13 11:49:05       -5.867214        0.0299
GPMin:   14 11:49:10       -5.871102        0.0234
GPMin:   15 11:49:15       -5.872932        0.0120
       Step     Time          Energy         fmax
GPMin:    0 11:49:24       -5.419750        0.2681
GPMin:    1 11:49:30       -5.542542        0.1842
GPMin:    2 11:49:37       -5.611708        0.1157
GPMin:    3 11:49:43       -5.646977        0.1071
GPMin:    4 11:49:49       -5.677813        0.0960
GPMin:    5 11:49:54       -5.710272        0.0689
GPMin:    6 11:50:00       -5.728963        0.0403
GPMin:    7 11:50:05       -5.736277        0.0418
GPMin:    8 11:50:11       -5.744950        0.0428
GPMin:    9 11:50:16       -5.756077        0.0516
GPMin:   10 11:50:22       -5.774112        0.0577
GPMin:   11 11:50:27       -5.797239        0.0636
GPMin:   12 11:50:33       -5.825111        0.0752
GPMin:   13 11:50:39       -5.851402        0.0597
GPMin:   14 11:50:44       -5.866973        0.0326
GPMin:   15 11:50:50       -5.869966        0.0270
GPMin:   16 11:50:55       -5.871855        0.0202
GPMin:   17 11:51:00       -5.873039        0.0135
       Step     Time          Energy         fmax
GPMin:    0 11:51:13       -4.866506        0.4762
GPMin:    1 11:51:21       -5.031588        0.1961
GPMin:    2 11:51:28       -5.140906        0.2103
GPMin:    3 11:51:35       -5.215603        0.1913
GPMin:    4 11:51:41       -5.276624        0.1481
GPMin:    5 11:51:46       -5.335454        0.1117
GPMin:    6 11:51:52       -5.378612        0.1201
GPMin:    7 11:51:58       -5.427303        0.1241
GPMin:    8 11:52:04       -5.489417        0.1292
GPMin:    9 11:52:11       -5.556224        0.1363
GPMin:   10 11:52:16       -5.616829        0.1278
GPMin:   11 11:52:22       -5.668497        0.1184
GPMin:   12 11:52:28       -5.709418        0.0986
GPMin:   13 11:52:34       -5.735318        0.0733
GPMin:   14 11:52:39       -5.750095        0.0716
GPMin:   15 11:52:44       -5.762725        0.0905
GPMin:   16 11:52:50       -5.778376        0.0672
GPMin:   17 11:52:55       -5.791762        0.0554
GPMin:   18 11:53:02       -5.804116        0.0711
GPMin:   19 11:53:08       -5.820249        0.0761
GPMin:   20 11:53:13       -5.838480        0.0746
GPMin:   21 11:53:18       -5.854838        0.0627
GPMin:   22 11:53:23       -5.864955        0.0426
GPMin:   23 11:53:28       -5.869215        0.0261
GPMin:   24 11:53:34       -5.870822        0.0275
GPMin:   25 11:53:39       -5.872428        0.0245
GPMin:   26 11:53:43       -5.873203        0.0193
       Step     Time          Energy         fmax
GPMin:    0 11:53:55       -4.991334        0.5842
GPMin:    1 11:54:02       -5.263678        0.1607
GPMin:    2 11:54:08       -5.311328        0.1380
GPMin:    3 11:54:13       -5.335280        0.1399
GPMin:    4 11:54:19       -5.398337        0.1392
GPMin:    5 11:54:24       -5.471459        0.1577
GPMin:    6 11:54:29       -5.552089        0.1729
GPMin:    7 11:54:35       -5.627288        0.1562
GPMin:    8 11:54:40       -5.676807        0.0917
GPMin:    9 11:54:46       -5.693738        0.0683
GPMin:   10 11:54:51       -5.703684        0.0716
GPMin:   11 11:54:57       -5.716298        0.0512
GPMin:   12 11:55:02       -5.721796        0.0339
GPMin:   13 11:55:07       -5.723893        0.0254
GPMin:   14 11:55:13       -5.725664        0.0218
GPMin:   15 11:55:18       -5.727037        0.0161
       Step     Time          Energy         fmax
GPMin:    0 11:55:29       -5.638345        0.2552
GPMin:    1 11:55:35       -5.691619        0.1129
GPMin:    2 11:55:42       -5.706267        0.0881
GPMin:    3 11:55:48       -5.712391        0.0894
GPMin:    4 11:55:54       -5.716501        0.0417
GPMin:    5 11:55:59       -5.721148        0.0463
GPMin:    6 11:56:05       -5.726569        0.0268
GPMin:    7 11:56:10       -5.728373        0.0223
GPMin:    8 11:56:15       -5.729051        0.0217
GPMin:    9 11:56:20       -5.729201        0.0185
       Step     Time          Energy         fmax
GPMin:    0 11:56:31       -5.196833        0.8392
GPMin:    1 11:56:37       -5.466379        0.2331
GPMin:    2 11:56:43       -5.542336        0.1967
GPMin:    3 11:56:49       -5.595994        0.1503
GPMin:    4 11:56:56       -5.634872        0.1044
GPMin:    5 11:57:03       -5.668205        0.0872
GPMin:    6 11:57:08       -5.690954        0.0694
GPMin:    7 11:57:14       -5.704643        0.0579
GPMin:    8 11:57:19       -5.714083        0.0517
GPMin:    9 11:57:24       -5.719385        0.0290
GPMin:   10 11:57:30       -5.722681        0.0286
GPMin:   11 11:57:35       -5.725979        0.0193
       Step     Time          Energy         fmax
GPMin:    0 11:57:49       -5.060688        0.8998
GPMin:    1 11:57:56       -5.348457        0.1980
GPMin:    2 11:58:04       -5.355050        0.1525
GPMin:    3 11:58:11       -5.379685        0.0716
GPMin:    4 11:58:17       -5.397550        0.0692
GPMin:    5 11:58:23       -5.412716        0.0668
GPMin:    6 11:58:28       -5.418589        0.0637
GPMin:    7 11:58:34       -5.453013        0.0797
GPMin:    8 11:58:39       -5.467916        0.0803
GPMin:    9 11:58:44       -5.497574        0.0958
GPMin:   10 11:58:49       -5.521891        0.1032
GPMin:   11 11:58:55       -5.580585        0.1334
GPMin:   12 11:59:00       -5.605851        0.1369
GPMin:   13 11:59:07       -5.650997        0.1155
GPMin:   14 11:59:13       -5.678380        0.0890
GPMin:   15 11:59:18       -5.698439        0.0716
GPMin:   16 11:59:24       -5.708557        0.0482
GPMin:   17 11:59:29       -5.714335        0.0350
GPMin:   18 11:59:34       -5.718462        0.0341
GPMin:   19 11:59:40       -5.722767        0.0272
GPMin:   20 11:59:45       -5.725127        0.0204
GPMin:   21 11:59:51       -5.727179        0.0194
       Step     Time          Energy         fmax
GPMin:    0 12:00:01       -5.596940        0.4117
GPMin:    1 12:00:08       -5.698877        0.1019
GPMin:    2 12:00:15       -5.719446        0.0365
GPMin:    3 12:00:21       -5.721493        0.0257
GPMin:    4 12:00:26       -5.722985        0.0288
GPMin:    5 12:00:32       -5.725979        0.0375
GPMin:    6 12:00:37       -5.728285        0.0194
       Step     Time          Energy         fmax
GPMin:    0 12:00:48       -5.394819        0.7522
GPMin:    1 12:00:56       -5.616879        0.1496
GPMin:    2 12:01:02       -5.652227        0.1208
GPMin:    3 12:01:08       -5.671928        0.0530
GPMin:    4 12:01:13       -5.680426        0.0403
GPMin:    5 12:01:19       -5.688497        0.0348
GPMin:    6 12:01:24       -5.696516        0.0416
GPMin:    7 12:01:30       -5.707610        0.1030
GPMin:    8 12:01:37       -5.739468        0.0922
GPMin:    9 12:01:43       -5.760196        0.0707
GPMin:   10 12:01:48       -5.770573        0.0707
GPMin:   11 12:01:54       -5.788022        0.0744
GPMin:   12 12:02:00       -5.806211        0.0677
GPMin:   13 12:02:06       -5.831096        0.0673
GPMin:   14 12:02:12       -5.855424        0.0502
GPMin:   15 12:02:19       -5.866533        0.0400
GPMin:   16 12:02:24       -5.868904        0.0327
GPMin:   17 12:02:29       -5.871670        0.0223
GPMin:   18 12:02:34       -5.872556        0.0201
GPMin:   19 12:02:40       -5.873242        0.0058
       Step     Time          Energy         fmax
GPMin:    0 12:02:50       -4.982001        0.7388
GPMin:    1 12:02:57       -5.315823        0.2315
GPMin:    2 12:03:04       -5.381526        0.1294
GPMin:    3 12:03:10       -5.410883        0.1331
GPMin:    4 12:03:17       -5.447723        0.0935
GPMin:    5 12:03:21       -5.463039        0.0854
GPMin:    6 12:03:27       -5.474857        0.0869
GPMin:    7 12:03:33       -5.510996        0.1351
GPMin:    8 12:03:39       -5.553754        0.1217
GPMin:    9 12:03:46       -5.587430        0.1163
GPMin:   10 12:03:52       -5.622267        0.1191
GPMin:   11 12:03:58       -5.660796        0.1007
GPMin:   12 12:04:04       -5.689002        0.0692
GPMin:   13 12:04:09       -5.699017        0.0650
GPMin:   14 12:04:14       -5.704062        0.0565
GPMin:   15 12:04:20       -5.711519        0.0297
GPMin:   16 12:04:25       -5.715208        0.0274
GPMin:   17 12:04:30       -5.717404        0.0258
GPMin:   18 12:04:36       -5.719362        0.0216
GPMin:   19 12:04:41       -5.720813        0.0234
GPMin:   20 12:04:46       -5.723240        0.0201
GPMin:   21 12:04:51       -5.724659        0.0210
GPMin:   22 12:04:56       -5.726650        0.0155
       Step     Time          Energy         fmax
GPMin:    0 12:05:07       -5.226864        0.3687
GPMin:    1 12:05:14       -5.311298        0.1716
GPMin:    2 12:05:20       -5.361163        0.0744
GPMin:    3 12:05:26       -5.383483        0.0844
GPMin:    4 12:05:33       -5.407683        0.0726
GPMin:    5 12:05:39       -5.433512        0.0676
GPMin:    6 12:05:44       -5.454892        0.0435
GPMin:    7 12:05:50       -5.465218        0.0390
GPMin:    8 12:05:55       -5.470931        0.0395
GPMin:    9 12:06:00       -5.476503        0.0302
GPMin:   10 12:06:06       -5.481001        0.0214
GPMin:   11 12:06:12       -5.483571        0.0198
       Step     Time          Energy         fmax
GPMin:    0 12:06:22       -5.351269        0.4017
GPMin:    1 12:06:29       -5.465492        0.2004
GPMin:    2 12:06:35       -5.536389        0.1482
GPMin:    3 12:06:42       -5.578291        0.0868
GPMin:    4 12:06:48       -5.620082        0.1130
GPMin:    5 12:06:54       -5.661701        0.0762
GPMin:    6 12:07:00       -5.693238        0.0860
GPMin:    7 12:07:06       -5.723096        0.0936
GPMin:    8 12:07:12       -5.757258        0.0964
GPMin:    9 12:07:18       -5.802550        0.0834
GPMin:   10 12:07:24       -5.831970        0.0765
GPMin:   11 12:07:29       -5.850673        0.0588
GPMin:   12 12:07:35       -5.861564        0.0479
GPMin:   13 12:07:40       -5.867895        0.0323
GPMin:   14 12:07:45       -5.870546        0.0217
GPMin:   15 12:07:51       -5.872248        0.0210
GPMin:   16 12:07:56       -5.872984        0.0122
       Step     Time          Energy         fmax
GPMin:    0 12:08:07       -5.170208        0.2556
GPMin:    1 12:08:14       -5.288948        0.1739
GPMin:    2 12:08:20       -5.353304        0.1291
GPMin:    3 12:08:26       -5.385715        0.0661
GPMin:    4 12:08:31       -5.399983        0.0498
GPMin:    5 12:08:38       -5.410378        0.0467
GPMin:    6 12:08:44       -5.418653        0.0357
GPMin:    7 12:08:50       -5.427448        0.0333
GPMin:    8 12:08:55       -5.436887        0.0322
GPMin:    9 12:09:01       -5.449350        0.0414
GPMin:   10 12:09:07       -5.458321        0.0436
GPMin:   11 12:09:12       -5.469047        0.0409
GPMin:   12 12:09:18       -5.483256        0.0484
GPMin:   13 12:09:24       -5.495357        0.0589
GPMin:   14 12:09:30       -5.513709        0.0707
GPMin:   15 12:09:36       -5.537348        0.0763
GPMin:   16 12:09:42       -5.572292        0.0912
GPMin:   17 12:09:47       -5.615555        0.1065
GPMin:   18 12:09:54       -5.659887        0.1042
GPMin:   19 12:10:00       -5.697240        0.0831
GPMin:   20 12:10:13       -5.710589        0.0741
GPMin:   21 12:10:19       -5.721132        0.0852
GPMin:   22 12:10:26       -5.728208        0.1217
GPMin:   23 12:10:33       -5.742565        0.0754
GPMin:   24 12:10:39       -5.754505        0.0534
GPMin:   25 12:10:45       -5.763792        0.0478
GPMin:   26 12:10:50       -5.774674        0.0517
GPMin:   27 12:10:56       -5.789596        0.0648
GPMin:   28 12:11:02       -5.811290        0.0735
GPMin:   29 12:11:08       -5.834622        0.0709
GPMin:   30 12:11:14       -5.853907        0.0624
GPMin:   31 12:11:20       -5.865580        0.0416
GPMin:   32 12:11:26       -5.869013        0.0264
GPMin:   33 12:11:32       -5.870849        0.0237
GPMin:   34 12:11:37       -5.872719        0.0177
       Step     Time          Energy         fmax
GPMin:    0 12:11:49       -4.798047        0.4500
GPMin:    1 12:11:56       -5.026644        0.3611
GPMin:    2 12:12:02       -5.162081        0.2928
GPMin:    3 12:12:09       -5.271270        0.2211
GPMin:    4 12:12:15       -5.367289        0.2240
GPMin:    5 12:12:22       -5.450138        0.2225
GPMin:    6 12:12:28       -5.525328        0.2005
GPMin:    7 12:12:34       -5.594472        0.1614
GPMin:    8 12:12:40       -5.652174        0.1479
GPMin:    9 12:12:46       -5.694779        0.1141
GPMin:   10 12:12:52       -5.720400        0.0786
GPMin:   11 12:12:57       -5.729998        0.0709
GPMin:   12 12:13:03       -5.735779        0.0588
GPMin:   13 12:13:09       -5.742021        0.0419
GPMin:   14 12:13:14       -5.748851        0.0423
GPMin:   15 12:13:19       -5.758637        0.0452
GPMin:   16 12:13:24       -5.769388        0.0516
GPMin:   17 12:13:29       -5.781813        0.0660
GPMin:   18 12:13:35       -5.797607        0.0752
GPMin:   19 12:13:41       -5.817234        0.0755
GPMin:   20 12:13:47       -5.837922        0.0792
GPMin:   21 12:13:53       -5.855688        0.0636
GPMin:   22 12:13:58       -5.865395        0.0348
GPMin:   23 12:14:04       -5.868463        0.0283
GPMin:   24 12:14:09       -5.870510        0.0312
GPMin:   25 12:14:14       -5.872044        0.0210
GPMin:   26 12:14:19       -5.872802        0.0150
       Step     Time          Energy         fmax
GPMin:    0 12:14:30       -5.433240        0.3164
GPMin:    1 12:14:36       -5.507529        0.1375
GPMin:    2 12:14:43       -5.551872        0.1061
GPMin:    3 12:14:51       -5.593744        0.0752
GPMin:    4 12:14:57       -5.618616        0.0790
GPMin:    5 12:15:02       -5.640929        0.0841
GPMin:    6 12:15:08       -5.673055        0.0801
GPMin:    7 12:15:13       -5.697236        0.0487
GPMin:    8 12:15:18       -5.703866        0.0323
GPMin:    9 12:15:23       -5.706266        0.0140
       Step     Time          Energy         fmax
GPMin:    0 12:15:33       -5.045223        0.6580
GPMin:    1 12:15:40       -5.238889        0.1909
GPMin:    2 12:15:47       -5.293584        0.1356
GPMin:    3 12:15:53       -5.334749        0.1217
GPMin:    4 12:15:59       -5.377976        0.1105
GPMin:    5 12:16:05       -5.412955        0.0758
GPMin:    6 12:16:11       -5.434617        0.0663
GPMin:    7 12:16:17       -5.445499        0.0589
GPMin:    8 12:16:23       -5.457566        0.0435
GPMin:    9 12:16:28       -5.470297        0.0449
GPMin:   10 12:16:33       -5.480074        0.0376
GPMin:   11 12:16:38       -5.487624        0.0341
GPMin:   12 12:16:44       -5.493043        0.0253
GPMin:   13 12:16:49       -5.496915        0.0292
GPMin:   14 12:16:54       -5.498870        0.0172
       Step     Time          Energy         fmax
GPMin:    0 12:17:07       -5.669119        0.1139
GPMin:    1 12:17:13       -5.695647        0.0997
GPMin:    2 12:17:32       -5.702656        0.0763
GPMin:    3 12:17:46       -5.719436        0.1026
GPMin:    4 12:17:53       -5.740579        0.0631
GPMin:    5 12:17:58       -5.758901        0.0577
GPMin:    6 12:18:05       -5.777933        0.0635
GPMin:    7 12:18:12       -5.805594        0.0757
GPMin:    8 12:18:18       -5.835475        0.0695
GPMin:    9 12:18:24       -5.860433        0.0435
GPMin:   10 12:18:29       -5.869309        0.0274
GPMin:   11 12:18:34       -5.872118        0.0179
       Step     Time          Energy         fmax
GPMin:    0 12:18:45       -5.072086        0.4852
GPMin:    1 12:18:52       -5.284263        0.1573
GPMin:    2 12:18:59       -5.331886        0.1386
GPMin:    3 12:19:05       -5.367161        0.0988
GPMin:    4 12:19:12       -5.385733        0.0558
GPMin:    5 12:19:17       -5.395088        0.0453
GPMin:    6 12:19:23       -5.406602        0.0334
GPMin:    7 12:19:29       -5.415251        0.0278
GPMin:    8 12:19:35       -5.423665        0.0263
GPMin:    9 12:19:40       -5.432518        0.0285
GPMin:   10 12:19:45       -5.444741        0.0328
GPMin:   11 12:19:51       -5.460392        0.0339
GPMin:   12 12:19:57       -5.475039        0.0513
GPMin:   13 12:20:03       -5.494868        0.0703
GPMin:   14 12:20:09       -5.520946        0.0676
GPMin:   15 12:20:15       -5.546075        0.0786
GPMin:   16 12:20:21       -5.572614        0.0614
GPMin:   17 12:20:26       -5.587869        0.0684
GPMin:   18 12:20:32       -5.597302        0.0744
GPMin:   19 12:20:37       -5.609098        0.0915
GPMin:   20 12:20:42       -5.629988        0.1103
GPMin:   21 12:20:48       -5.660310        0.1147
GPMin:   22 12:20:54       -5.688794        0.0940
GPMin:   23 12:20:59       -5.710048        0.0635
GPMin:   24 12:21:04       -5.720328        0.0447
GPMin:   25 12:21:09       -5.725422        0.0341
GPMin:   26 12:21:14       -5.727020        0.0193
       Step     Time          Energy         fmax
GPMin:    0 12:21:25       -5.421873        0.4082
GPMin:    1 12:21:31       -5.551714        0.1456
GPMin:    2 12:21:37       -5.602411        0.1388
GPMin:    3 12:21:43       -5.660894        0.1262
GPMin:    4 12:21:49       -5.700685        0.0505
GPMin:    5 12:21:54       -5.709344        0.0276
GPMin:    6 12:22:00       -5.711464        0.0175
       Step     Time          Energy         fmax
GPMin:    0 12:22:10       -5.002515        0.9759
GPMin:    1 12:22:17       -5.428690        0.3506
GPMin:    2 12:22:23       -5.533879        0.1392
GPMin:    3 12:22:30       -5.563586        0.1260
GPMin:    4 12:22:36       -5.604215        0.1027
GPMin:    5 12:22:42       -5.629816        0.0744
GPMin:    6 12:22:48       -5.645577        0.0818
GPMin:    7 12:22:54       -5.669986        0.0702
GPMin:    8 12:23:00       -5.693340        0.0774
GPMin:    9 12:23:06       -5.714790        0.0782
GPMin:   10 12:23:11       -5.734173        0.0574
GPMin:   11 12:23:17       -5.745572        0.0439
GPMin:   12 12:23:22       -5.752315        0.0663
GPMin:   13 12:23:27       -5.762393        0.0706
GPMin:   14 12:23:33       -5.774696        0.0545
GPMin:   15 12:23:38       -5.787857        0.0692
GPMin:   16 12:23:44       -5.805479        0.0811
GPMin:   17 12:23:50       -5.828937        0.0785
GPMin:   18 12:23:56       -5.851981        0.0603
GPMin:   19 12:24:01       -5.864777        0.0449
GPMin:   20 12:24:06       -5.868684        0.0333
GPMin:   21 12:24:12       -5.870714        0.0281
GPMin:   22 12:24:18       -5.871930        0.0217
GPMin:   23 12:24:22       -5.872881        0.0138
       Step     Time          Energy         fmax
GPMin:    0 12:24:33       -5.307114        0.5645
GPMin:    1 12:24:40       -5.504369        0.1277
GPMin:    2 12:24:46       -5.535840        0.1435
GPMin:    3 12:24:52       -5.566660        0.0856
GPMin:    4 12:24:58       -5.593674        0.0597
GPMin:    5 12:25:03       -5.607284        0.0437
GPMin:    6 12:25:08       -5.614073        0.0365
GPMin:    7 12:25:15       -5.620465        0.0451
GPMin:    8 12:25:19       -5.630750        0.0562
GPMin:    9 12:25:24       -5.645329        0.0591
GPMin:   10 12:25:30       -5.668741        0.0710
GPMin:   11 12:25:36       -5.693836        0.0733
GPMin:   12 12:25:42       -5.713834        0.0383
GPMin:   13 12:25:47       -5.718051        0.0289
GPMin:   14 12:25:52       -5.719710        0.0214
GPMin:   15 12:25:57       -5.721443        0.0175
       Step     Time          Energy         fmax
GPMin:    0 12:26:09       -5.641868        0.0977
GPMin:    1 12:26:29       -5.669469        0.0911
GPMin:    2 12:26:36       -5.689386        0.0815
GPMin:    3 12:26:42       -5.698948        0.0844
GPMin:    4 12:26:48       -5.715715        0.0702
GPMin:    5 12:26:54       -5.736207        0.0511
GPMin:    6 12:27:00       -5.748994        0.0464
GPMin:    7 12:27:06       -5.766148        0.0471
GPMin:    8 12:27:12       -5.790807        0.0636
GPMin:    9 12:27:17       -5.820653        0.0707
GPMin:   10 12:27:23       -5.851348        0.0641
GPMin:   11 12:27:29       -5.867133        0.0294
GPMin:   12 12:27:34       -5.870797        0.0221
GPMin:   13 12:27:39       -5.873123        0.0121
       Step     Time          Energy         fmax
GPMin:    0 12:27:50       -5.029834        0.5745
GPMin:    1 12:27:58       -5.280887        0.2122
GPMin:    2 12:28:04       -5.363432        0.1929
GPMin:    3 12:28:10       -5.428594        0.1297
GPMin:    4 12:28:15       -5.461849        0.0741
GPMin:    5 12:28:21       -5.479556        0.1010
GPMin:    6 12:28:27       -5.506651        0.0866
GPMin:    7 12:28:33       -5.532681        0.0933
GPMin:    8 12:28:38       -5.564755        0.0948
GPMin:    9 12:28:44       -5.595390        0.0762
GPMin:   10 12:28:50       -5.620455        0.0655
GPMin:   11 12:28:55       -5.633547        0.0742
GPMin:   12 12:29:00       -5.645312        0.0813
GPMin:   13 12:29:06       -5.667181        0.0910
GPMin:   14 12:29:12       -5.692857        0.0969
GPMin:   15 12:29:17       -5.723656        0.1110
GPMin:   16 12:29:24       -5.756466        0.1238
GPMin:   17 12:29:30       -5.788898        0.1264
GPMin:   18 12:29:35       -5.821468        0.1109
GPMin:   19 12:29:42       -5.844832        0.0759
GPMin:   20 12:29:48       -5.856773        0.0629
GPMin:   21 12:29:53       -5.863639        0.0488
GPMin:   22 12:29:58       -5.867880        0.0317
GPMin:   23 12:30:03       -5.870826        0.0240
GPMin:   24 12:30:08       -5.872035        0.0192
       Step     Time          Energy         fmax
GPMin:    0 12:30:23       -4.962894        0.6768
GPMin:    1 12:30:32       -5.212766        0.1637
GPMin:    2 12:30:39       -5.251873        0.1532
GPMin:    3 12:30:46       -5.286552        0.1224
GPMin:    4 12:30:51       -5.313050        0.1017
GPMin:    5 12:30:57       -5.338194        0.0895
GPMin:    6 12:31:02       -5.350593        0.0855
GPMin:    7 12:31:09       -5.373728        0.2949
GPMin:    8 12:31:15       -5.412006        0.1388
GPMin:    9 12:31:21       -5.455733        0.1169
GPMin:   10 12:31:26       -5.492892        0.1285
GPMin:   11 12:31:32       -5.536513        0.1385
GPMin:   12 12:31:38       -5.591263        0.1311
GPMin:   13 12:31:44       -5.639307        0.1355
GPMin:   14 12:31:49       -5.679889        0.1134
GPMin:   15 12:31:55       -5.706275        0.0671
GPMin:   16 12:32:00       -5.715599        0.0311
GPMin:   17 12:32:06       -5.717754        0.0305
GPMin:   18 12:32:11       -5.719490        0.0203
GPMin:   19 12:32:16       -5.721039        0.0231
GPMin:   20 12:32:21       -5.722680        0.0216
GPMin:   21 12:32:26       -5.724084        0.0190
       Step     Time          Energy         fmax
GPMin:    0 12:32:36       -5.610641        0.1998
GPMin:    1 12:32:42       -5.674535        0.1229
GPMin:    2 12:32:49       -5.710283        0.0802
GPMin:    3 12:32:55       -5.729982        0.0627
GPMin:    4 12:33:02       -5.747125        0.0432
GPMin:    5 12:33:08       -5.761661        0.0426
GPMin:    6 12:33:14       -5.779711        0.0640
GPMin:    7 12:33:20       -5.804564        0.0709
GPMin:    8 12:33:25       -5.834392        0.0712
GPMin:    9 12:33:31       -5.861210        0.0449
GPMin:   10 12:33:36       -5.869447        0.0270
GPMin:   11 12:33:41       -5.871594        0.0207
GPMin:   12 12:33:45       -5.873192        0.0083
       Step     Time          Energy         fmax
GPMin:    0 12:33:55       -5.084295        0.7592
GPMin:    1 12:34:02       -5.325433        0.2213
GPMin:    2 12:34:08       -5.367848        0.1937
GPMin:    3 12:34:15       -5.422415        0.1479
GPMin:    4 12:34:20       -5.458999        0.0866
GPMin:    5 12:34:25       -5.472057        0.0660
GPMin:    6 12:34:31       -5.482235        0.0470
GPMin:    7 12:34:36       -5.484762        0.0370
GPMin:    8 12:34:41       -5.487392        0.0207
GPMin:    9 12:34:46       -5.489615        0.0224
GPMin:   10 12:34:50       -5.493086        0.0214
GPMin:   11 12:34:55       -5.495572        0.0190
       Step     Time          Energy         fmax
GPMin:    0 12:35:05       -5.414409        0.4254
GPMin:    1 12:35:12       -5.569406        0.1680
GPMin:    2 12:35:19       -5.625195        0.1437
GPMin:    3 12:35:24       -5.669278        0.1196
GPMin:    4 12:35:30       -5.702145        0.0575
GPMin:    5 12:35:36       -5.713026        0.0338
GPMin:    6 12:35:41       -5.716222        0.0283
GPMin:    7 12:35:47       -5.718741        0.0181
       Step     Time          Energy         fmax
GPMin:    0 12:35:56       -5.638081        0.3193
GPMin:    1 12:36:04       -5.697959        0.0985
GPMin:    2 12:36:10       -5.708016        0.1001
GPMin:    3 12:36:16       -5.713783        0.0922
GPMin:    4 12:36:22       -5.722074        0.0407
GPMin:    5 12:36:28       -5.725993        0.0272
GPMin:    6 12:36:33       -5.726740        0.0443
GPMin:    7 12:36:38       -5.728473        0.0258
GPMin:    8 12:36:43       -5.729185        0.0132
       Step     Time          Energy         fmax
GPMin:    0 12:37:00       -5.145032        0.6715
GPMin:    1 12:37:07       -5.369631        0.1113
GPMin:    2 12:37:14       -5.381774        0.0975
GPMin:    3 12:37:20       -5.397522        0.0722
GPMin:    4 12:37:25       -5.412624        0.0816
GPMin:    5 12:37:32       -5.441371        0.1168
GPMin:    6 12:37:38       -5.480116        0.1568
GPMin:    7 12:37:44       -5.529528        0.1919
GPMin:    8 12:37:50       -5.574391        0.2084
GPMin:    9 12:37:55       -5.613663        0.1936
GPMin:   10 12:38:01       -5.654741        0.1379
GPMin:   11 12:38:06       -5.668458        0.1000
GPMin:   12 12:38:12       -5.677660        0.0903
GPMin:   13 12:38:18       -5.683578        0.0314
GPMin:   14 12:38:24       -5.685426        0.0223
GPMin:   15 12:38:29       -5.685929        0.0158
       Step     Time          Energy         fmax
GPMin:    0 12:38:38       -5.601048        0.2971
GPMin:    1 12:38:45       -5.660003        0.1134
GPMin:    2 12:38:51       -5.686102        0.1020
GPMin:    3 12:38:58       -5.702454        0.0818
GPMin:    4 12:39:04       -5.713535        0.0371
GPMin:    5 12:39:10       -5.715430        0.0333
GPMin:    6 12:39:15       -5.718044        0.0320
GPMin:    7 12:39:20       -5.722141        0.0325
GPMin:    8 12:39:26       -5.725875        0.0271
GPMin:    9 12:39:30       -5.728416        0.0134
       Step     Time          Energy         fmax
GPMin:    0 12:39:40       -5.638081        0.3192
GPMin:    1 12:39:47       -5.697964        0.0985
GPMin:    2 12:39:53       -5.708016        0.1001
GPMin:    3 12:39:59       -5.713791        0.0922
GPMin:    4 12:40:06       -5.722076        0.0407
GPMin:    5 12:40:10       -5.725991        0.0273
GPMin:    6 12:40:16       -5.726729        0.0444
GPMin:    7 12:40:21       -5.728488        0.0255
GPMin:    8 12:40:26       -5.729203        0.0130
       Step     Time          Energy         fmax
GPMin:    0 12:40:36       -4.996574        0.6102
GPMin:    1 12:40:43       -5.194117        0.2215
GPMin:    2 12:40:50       -5.289145        0.2139
GPMin:    3 12:40:57       -5.404796        0.1802
GPMin:    4 12:41:03       -5.493484        0.1518
GPMin:    5 12:41:10       -5.545090        0.1141
GPMin:    6 12:41:16       -5.580645        0.1087
GPMin:    7 12:41:22       -5.615775        0.0876
GPMin:    8 12:41:28       -5.643384        0.0779
GPMin:    9 12:41:34       -5.665790        0.0730
GPMin:   10 12:41:40       -5.679389        0.0936
GPMin:   11 12:41:46       -5.697855        0.1006
GPMin:   12 12:41:52       -5.717097        0.0903
GPMin:   13 12:41:58       -5.735322        0.0737
GPMin:   14 12:42:04       -5.750093        0.0568
GPMin:   15 12:42:10       -5.760561        0.0533
GPMin:   16 12:42:16       -5.770590        0.0607
GPMin:   17 12:42:22       -5.782028        0.0512
GPMin:   18 12:42:28       -5.796862        0.0639
GPMin:   19 12:42:34       -5.814913        0.0748
GPMin:   20 12:42:40       -5.836367        0.0739
GPMin:   21 12:42:45       -5.854759        0.0623
GPMin:   22 12:42:51       -5.865604        0.0408
GPMin:   23 12:42:56       -5.869092        0.0265
GPMin:   24 12:43:02       -5.870955        0.0304
GPMin:   25 12:43:07       -5.872353        0.0195
       Step     Time          Energy         fmax
GPMin:    0 12:43:18       -5.063987        0.6013
GPMin:    1 12:43:26       -5.230286        0.1723
GPMin:    2 12:43:34       -5.298901        0.1933
GPMin:    3 12:43:41       -5.415584        0.1941
GPMin:    4 12:43:48       -5.501228        0.1501
GPMin:    5 12:43:55       -5.540434        0.1455
GPMin:    6 12:44:01       -5.565639        0.1423
GPMin:    7 12:44:07       -5.583303        0.1319
GPMin:    8 12:44:14       -5.607852        0.3972
GPMin:    9 12:44:21       -5.637009        0.2005
GPMin:   10 12:44:28       -5.676426        0.1316
GPMin:   11 12:44:33       -5.694342        0.0944
GPMin:   12 12:44:39       -5.709441        0.0710
GPMin:   13 12:44:44       -5.718677        0.0600
GPMin:   14 12:44:49       -5.723469        0.0360
GPMin:   15 12:44:55       -5.725857        0.0208
GPMin:   16 12:45:00       -5.726750        0.0206
GPMin:   17 12:45:06       -5.727509        0.0141
       Step     Time          Energy         fmax
GPMin:    0 12:45:18       -5.388358        0.2018
GPMin:    1 12:45:25       -5.466481        0.1733
GPMin:    2 12:45:32       -5.550461        0.2096
GPMin:    3 12:45:38       -5.621213        0.1898
GPMin:    4 12:45:45       -5.667513        0.1245
GPMin:    5 12:45:51       -5.694399        0.0872
GPMin:    6 12:45:58       -5.708504        0.0608
GPMin:    7 12:46:03       -5.724025        0.0680
GPMin:    8 12:46:08       -5.749571        0.0887
GPMin:    9 12:46:14       -5.784652        0.0745
GPMin:   10 12:46:20       -5.817035        0.0674
GPMin:   11 12:46:26       -5.837570        0.0706
GPMin:   12 12:46:32       -5.852601        0.0626
GPMin:   13 12:46:38       -5.865054        0.0416
GPMin:   14 12:46:44       -5.869633        0.0235
GPMin:   15 12:46:49       -5.872098        0.0203
GPMin:   16 12:46:54       -5.872905        0.0139
       Step     Time          Energy         fmax
GPMin:    0 12:47:05       -5.160109        0.2218
GPMin:    1 12:47:12       -5.301080        0.1481
GPMin:    2 12:47:19       -5.348037        0.0649
GPMin:    3 12:47:25       -5.361197        0.0445
GPMin:    4 12:47:30       -5.368339        0.0417
GPMin:    5 12:47:35       -5.376833        0.0364
GPMin:    6 12:47:41       -5.386008        0.0346
GPMin:    7 12:47:46       -5.396930        0.0397
GPMin:    8 12:47:52       -5.409179        0.0574
GPMin:    9 12:47:58       -5.432711        0.0788
GPMin:   10 12:48:05       -5.463682        0.0769
GPMin:   11 12:48:10       -5.501613        0.0766
GPMin:   12 12:48:17       -5.534495        0.0558
GPMin:   13 12:48:23       -5.549292        0.0369
GPMin:   14 12:48:28       -5.552477        0.0387
GPMin:   15 12:48:34       -5.556442        0.0388
GPMin:   16 12:48:39       -5.562372        0.0353
GPMin:   17 12:48:45       -5.569706        0.0317
GPMin:   18 12:48:51       -5.576831        0.0303
GPMin:   19 12:48:56       -5.585074        0.0349
GPMin:   20 12:49:02       -5.593613        0.0375
GPMin:   21 12:49:07       -5.607022        0.0409
GPMin:   22 12:49:12       -5.619046        0.0585
GPMin:   23 12:49:19       -5.631781        0.0642
GPMin:   24 12:49:25       -5.652215        0.0668
GPMin:   25 12:49:31       -5.672432        0.0770
GPMin:   26 12:49:37       -5.695626        0.0775
GPMin:   27 12:49:44       -5.714488        0.0480
GPMin:   28 12:49:50       -5.719728        0.0322
GPMin:   29 12:49:55       -5.721928        0.0206
GPMin:   30 12:50:00       -5.723031        0.0180
       Step     Time          Energy         fmax
GPMin:    0 12:50:11       -5.219789        0.5329
GPMin:    1 12:50:18       -5.371448        0.1799
GPMin:    2 12:50:25       -5.415303        0.1535
GPMin:    3 12:50:32       -5.446463        0.0919
GPMin:    4 12:50:37       -5.472229        0.0794
GPMin:    5 12:50:43       -5.504447        0.0766
GPMin:    6 12:50:50       -5.531472        0.0773
GPMin:    7 12:50:56       -5.561756        0.0882
GPMin:    8 12:51:02       -5.594195        0.0837
GPMin:    9 12:51:09       -5.620322        0.0624
GPMin:   10 12:51:15       -5.631618        0.0706
GPMin:   11 12:51:21       -5.648062        0.0773
GPMin:   12 12:51:28       -5.668790        0.0823
GPMin:   13 12:51:34       -5.695824        0.0955
GPMin:   14 12:51:39       -5.725480        0.1124
GPMin:   15 12:51:45       -5.765398        0.1323
GPMin:   16 12:51:52       -5.813673        0.1337
GPMin:   17 12:51:58       -5.850289        0.0950
GPMin:   18 12:52:04       -5.865334        0.0398
GPMin:   19 12:52:09       -5.869381        0.0277
GPMin:   20 12:52:15       -5.871180        0.0195
       Step     Time          Energy         fmax
GPMin:    0 12:52:26       -5.050767        0.4302
GPMin:    1 12:52:33       -5.197100        0.2242
GPMin:    2 12:52:40       -5.255908        0.2117
GPMin:    3 12:52:47       -5.329507        0.2185
GPMin:    4 12:52:54       -5.390619        0.1712
GPMin:    5 12:53:00       -5.426367        0.0974
GPMin:    6 12:53:06       -5.445012        0.0582
GPMin:    7 12:53:11       -5.458623        0.0390
GPMin:    8 12:53:17       -5.468533        0.0235
GPMin:    9 12:53:22       -5.470467        0.0216
GPMin:   10 12:53:28       -5.472725        0.0167
       Step     Time          Energy         fmax
GPMin:    0 12:53:38       -5.163897        0.6108
GPMin:    1 12:53:46       -5.304706        0.0981
GPMin:    2 12:53:53       -5.321495        0.0578
GPMin:    3 12:53:58       -5.330672        0.0483
GPMin:    4 12:54:05       -5.345449        0.0576
GPMin:    5 12:54:11       -5.362073        0.0573
GPMin:    6 12:54:17       -5.379502        0.0627
GPMin:    7 12:54:23       -5.401396        0.0768
GPMin:    8 12:54:30       -5.427868        0.0739
GPMin:    9 12:54:36       -5.455046        0.0599
GPMin:   10 12:54:42       -5.469739        0.0375
GPMin:   11 12:54:47       -5.474955        0.0257
GPMin:   12 12:54:52       -5.477890        0.0201
GPMin:   13 12:54:58       -5.479759        0.0167
       Step     Time          Energy         fmax
GPMin:    0 12:55:11       -5.050353        0.7852
GPMin:    1 12:55:19       -5.300224        0.2568
GPMin:    2 12:55:26       -5.380083        0.1551
GPMin:    3 12:55:33       -5.432640        0.1158
GPMin:    4 12:55:40       -5.467046        0.1308
GPMin:    5 12:55:46       -5.493226        0.1452
GPMin:    6 12:55:52       -5.527128        0.1674
GPMin:    7 12:55:57       -5.547142        0.1766
GPMin:    8 12:56:04       -5.645002        0.1347
GPMin:    9 12:56:17       -5.656856        0.1237
GPMin:   10 12:56:23       -5.674283        0.0642
GPMin:   11 12:56:30       -5.680122        0.0755
GPMin:   12 12:56:35       -5.686081        0.0384
GPMin:   13 12:56:40       -5.689005        0.0248
GPMin:   14 12:56:46       -5.690410        0.0498
GPMin:   15 12:56:52       -5.691619        0.0875
GPMin:   16 12:56:59       -5.720642        0.1065
GPMin:   17 12:57:06       -5.749628        0.0920
GPMin:   18 12:57:13       -5.772030        0.0939
GPMin:   19 12:57:18       -5.787718        0.0743
GPMin:   20 12:57:24       -5.798491        0.0757
GPMin:   21 12:57:30       -5.812629        0.0730
GPMin:   22 12:57:36       -5.831240        0.0718
GPMin:   23 12:57:41       -5.851943        0.0595
GPMin:   24 12:57:48       -5.865570        0.0393
GPMin:   25 12:57:53       -5.869196        0.0275
GPMin:   26 12:57:58       -5.870495        0.0238
GPMin:   27 12:58:04       -5.872379        0.0226
GPMin:   28 12:58:08       -5.873001        0.0162
