       Step     Time          Energy         fmax
GPMin:    0 10:22:53       -3.988452        1.3335
GPMin:    1 10:22:59       -4.813256        0.5766
GPMin:    2 10:23:04       -5.138804        0.3041
GPMin:    3 10:23:11       -5.266293        0.1403
GPMin:    4 10:23:17       -5.291635        0.0973
GPMin:    5 10:23:22       -5.295755        0.0955
GPMin:    6 10:23:27       -5.319347        0.0847
GPMin:    7 10:23:33       -5.333747        0.1196
GPMin:    8 10:23:37       -5.341668        0.1066
GPMin:    9 10:23:42       -5.363817        0.0785
GPMin:   10 10:23:46       -5.371463        0.0712
GPMin:   11 10:23:52       -5.408504        0.1348
GPMin:   12 10:24:00       -5.414323        0.1057
GPMin:   13 10:24:05       -5.429809        0.0869
GPMin:   14 10:24:10       -5.438637        0.0968
GPMin:   15 10:24:14       -5.453778        0.1124
GPMin:   16 10:24:19       -5.471918        0.1168
GPMin:   17 10:24:24       -5.491321        0.1082
GPMin:   18 10:24:28       -5.508833        0.0978
GPMin:   19 10:24:33       -5.527570        0.0795
GPMin:   20 10:24:37       -5.538013        0.0568
GPMin:   21 10:24:42       -5.545729        0.0269
GPMin:   22 10:24:45       -5.546670        0.0191
       Step     Time          Energy         fmax
GPMin:    0 10:24:53       -4.135790        1.3483
GPMin:    1 10:24:58       -5.021353        0.6161
GPMin:    2 10:25:03       -5.359960        0.3282
GPMin:    3 10:25:08       -5.482966        0.1654
GPMin:    4 10:25:13       -5.509486        0.0922
GPMin:    5 10:25:17       -5.513795        0.0873
GPMin:    6 10:25:22       -5.523599        0.0596
GPMin:    7 10:25:26       -5.528421        0.0472
GPMin:    8 10:25:31       -5.531032        0.0460
GPMin:    9 10:25:35       -5.535575        0.0355
GPMin:   10 10:25:39       -5.538736        0.0296
GPMin:   11 10:25:43       -5.542013        0.0232
GPMin:   12 10:25:48       -5.544617        0.0293
GPMin:   13 10:25:51       -5.546333        0.0294
GPMin:   14 10:25:56       -5.549330        0.0258
GPMin:   15 10:26:00       -5.550844        0.0338
GPMin:   16 10:26:04       -5.555335        0.0414
GPMin:   17 10:26:08       -5.558245        0.0446
GPMin:   18 10:26:12       -5.566958        0.0476
GPMin:   19 10:26:17       -5.575254        0.0552
GPMin:   20 10:26:21       -5.586960        0.0633
GPMin:   21 10:26:25       -5.603975        0.0752
GPMin:   22 10:26:30       -5.627145        0.0964
GPMin:   23 10:26:34       -5.656934        0.1198
GPMin:   24 10:26:39       -5.695316        0.1437
GPMin:   25 10:26:43       -5.737972        0.1541
GPMin:   26 10:26:48       -5.777387        0.1417
GPMin:   27 10:26:53       -5.806282        0.1116
GPMin:   28 10:26:57       -5.821355        0.0852
GPMin:   29 10:27:01       -5.830783        0.0838
GPMin:   30 10:27:06       -5.843711        0.0876
GPMin:   31 10:27:10       -5.855361        0.0492
GPMin:   32 10:27:14       -5.862104        0.0437
GPMin:   33 10:27:18       -5.866411        0.0415
GPMin:   34 10:27:23       -5.870592        0.0314
GPMin:   35 10:27:27       -5.871650        0.0266
GPMin:   36 10:27:31       -5.872615        0.0223
GPMin:   37 10:27:34       -5.873026        0.0158
       Step     Time          Energy         fmax
GPMin:    0 10:27:41       -4.265618        1.3670
GPMin:    1 10:27:47       -5.217604        0.6328
GPMin:    2 10:27:52       -5.578882        0.2999
GPMin:    3 10:27:57       -5.697831        0.1242
GPMin:    4 10:28:01       -5.715217        0.0544
GPMin:    5 10:28:05       -5.717661        0.0488
GPMin:    6 10:28:10       -5.726410        0.0243
GPMin:    7 10:28:15       -5.728850        0.0139
       Step     Time          Energy         fmax
GPMin:    0 10:28:23       -4.293584        1.5284
GPMin:    1 10:28:27       -5.326721        0.7178
GPMin:    2 10:28:32       -5.724606        0.3103
GPMin:    3 10:28:36       -5.856653        0.0972
GPMin:    4 10:28:41       -5.873135        0.0174
       Step     Time          Energy         fmax
GPMin:    0 10:28:49       -4.265673        1.3743
GPMin:    1 10:28:55       -5.218295        0.6344
GPMin:    2 10:29:01       -5.579185        0.2988
GPMin:    3 10:29:06       -5.698482        0.1224
GPMin:    4 10:29:11       -5.715514        0.0542
GPMin:    5 10:29:15       -5.717845        0.0471
GPMin:    6 10:29:20       -5.726559        0.0240
GPMin:    7 10:29:25       -5.728921        0.0131
       Step     Time          Energy         fmax
GPMin:    0 10:29:35       -4.188053        1.1948
GPMin:    1 10:29:41       -4.908724        0.5490
GPMin:    2 10:29:47       -5.188250        0.3065
GPMin:    3 10:29:53       -5.296132        0.1627
GPMin:    4 10:29:59       -5.327601        0.1081
GPMin:    5 10:30:04       -5.340555        0.0918
GPMin:    6 10:30:09       -5.354686        0.0671
GPMin:    7 10:30:14       -5.364114        0.0432
GPMin:    8 10:30:18       -5.367133        0.0363
GPMin:    9 10:30:23       -5.370345        0.0328
GPMin:   10 10:30:28       -5.372323        0.0274
GPMin:   11 10:30:32       -5.373832        0.0246
GPMin:   12 10:30:37       -5.375535        0.0180
       Step     Time          Energy         fmax
GPMin:    0 10:30:45       -3.966607        1.4089
GPMin:    1 10:30:52       -4.949249        0.6856
GPMin:    2 10:30:58       -5.335716        0.3210
GPMin:    3 10:31:03       -5.476727        0.1295
GPMin:    4 10:31:09       -5.503043        0.0485
GPMin:    5 10:31:14       -5.504288        0.0490
GPMin:    6 10:31:19       -5.517487        0.0503
GPMin:    7 10:31:24       -5.523296        0.0513
GPMin:    8 10:31:29       -5.540936        0.2433
GPMin:    9 10:31:35       -5.565333        0.1165
GPMin:   10 10:31:39       -5.573394        0.0516
GPMin:   11 10:31:44       -5.579736        0.0662
GPMin:   12 10:31:50       -5.597223        0.0991
GPMin:   13 10:31:55       -5.602419        0.0747
GPMin:   14 10:31:59       -5.608853        0.0620
GPMin:   15 10:32:06       -5.632168        0.1023
GPMin:   16 10:32:12       -5.645762        0.0691
GPMin:   17 10:32:17       -5.678041        0.0850
GPMin:   18 10:32:22       -5.703520        0.0827
GPMin:   19 10:32:27       -5.738293        0.0909
GPMin:   20 10:32:32       -5.774301        0.0933
GPMin:   21 10:32:37       -5.807198        0.0894
GPMin:   22 10:32:43       -5.835736        0.0795
GPMin:   23 10:32:48       -5.853992        0.0624
GPMin:   24 10:32:54       -5.863474        0.0484
GPMin:   25 10:32:58       -5.867238        0.0409
GPMin:   26 10:33:03       -5.869546        0.0404
GPMin:   27 10:33:08       -5.870646        0.0250
GPMin:   28 10:33:12       -5.871933        0.0261
GPMin:   29 10:33:16       -5.872432        0.0201
GPMin:   30 10:33:20       -5.873075        0.0089
       Step     Time          Energy         fmax
GPMin:    0 10:33:29       -3.970151        1.4138
GPMin:    1 10:33:35       -4.951316        0.6887
GPMin:    2 10:33:41       -5.337186        0.3227
GPMin:    3 10:33:47       -5.477082        0.1310
GPMin:    4 10:33:52       -5.503111        0.0477
GPMin:    5 10:33:57       -5.504432        0.0469
GPMin:    6 10:34:03       -5.516644        0.0475
GPMin:    7 10:34:08       -5.522481        0.0490
GPMin:    8 10:34:13       -5.544957        0.1874
GPMin:    9 10:34:19       -5.560547        0.1068
GPMin:   10 10:34:31       -5.565051        0.0693
GPMin:   11 10:34:53       -5.587889        0.0800
GPMin:   12 10:34:58       -5.593192        0.0627
GPMin:   13 10:35:03       -5.604075        0.0628
GPMin:   14 10:35:08       -5.609191        0.0620
GPMin:   15 10:35:15       -5.632834        0.0626
GPMin:   16 10:35:19       -5.643941        0.0716
GPMin:   17 10:35:24       -5.662346        0.0866
GPMin:   18 10:35:29       -5.683055        0.0967
GPMin:   19 10:35:34       -5.707608        0.1015
GPMin:   20 10:35:39       -5.740178        0.0999
GPMin:   21 10:35:44       -5.768959        0.0909
GPMin:   22 10:35:49       -5.804542        0.0857
GPMin:   23 10:35:54       -5.832252        0.0738
GPMin:   24 10:35:59       -5.853500        0.0553
GPMin:   25 10:36:04       -5.863184        0.0396
GPMin:   26 10:36:09       -5.866830        0.0341
GPMin:   27 10:36:14       -5.868793        0.0349
GPMin:   28 10:36:18       -5.870311        0.0251
GPMin:   29 10:36:23       -5.872140        0.0207
GPMin:   30 10:36:27       -5.872408        0.0174
       Step     Time          Energy         fmax
GPMin:    0 10:36:38       -4.130815        1.3548
GPMin:    1 10:36:44       -5.117552        0.6687
GPMin:    2 10:36:50       -5.504046        0.3112
GPMin:    3 10:36:55       -5.639603        0.1063
GPMin:    4 10:37:00       -5.660146        0.0124
       Step     Time          Energy         fmax
GPMin:    0 10:37:09       -3.970158        1.4108
GPMin:    1 10:37:16       -4.952211        0.6829
GPMin:    2 10:37:22       -5.338289        0.3195
GPMin:    3 10:37:28       -5.478358        0.1327
GPMin:    4 10:37:33       -5.504212        0.0513
GPMin:    5 10:37:38       -5.505722        0.0464
GPMin:    6 10:37:43       -5.517555        0.0471
GPMin:    7 10:37:48       -5.523390        0.0473
GPMin:    8 10:37:54       -5.549114        0.2048
GPMin:    9 10:37:59       -5.568048        0.1010
GPMin:   10 10:38:11       -5.574172        0.0619
GPMin:   11 10:38:22       -5.603323        0.0748
GPMin:   12 10:38:27       -5.608583        0.0767
GPMin:   13 10:38:32       -5.621387        0.0719
GPMin:   14 10:38:37       -5.631911        0.0732
GPMin:   15 10:38:42       -5.651969        0.0719
GPMin:   16 10:38:47       -5.669018        0.0771
GPMin:   17 10:38:51       -5.696258        0.0815
GPMin:   18 10:38:56       -5.722468        0.0873
GPMin:   19 10:39:01       -5.756484        0.0896
GPMin:   20 10:39:06       -5.786793        0.0907
GPMin:   21 10:39:12       -5.817863        0.0815
GPMin:   22 10:39:17       -5.845211        0.0625
GPMin:   23 10:39:22       -5.861361        0.0389
GPMin:   24 10:39:27       -5.867796        0.0287
GPMin:   25 10:39:31       -5.869616        0.0251
GPMin:   26 10:39:36       -5.870616        0.0225
GPMin:   27 10:39:41       -5.872128        0.0264
GPMin:   28 10:39:44       -5.872500        0.0229
GPMin:   29 10:39:48       -5.873119        0.0126
       Step     Time          Energy         fmax
GPMin:    0 10:39:57       -4.296514        1.5247
GPMin:    1 10:40:01       -5.328221        0.7158
GPMin:    2 10:40:06       -5.724874        0.3085
GPMin:    3 10:40:11       -5.856896        0.0959
GPMin:    4 10:40:15       -5.873167        0.0165
       Step     Time          Energy         fmax
GPMin:    0 10:40:24       -4.299638        1.5222
GPMin:    1 10:40:28       -5.329595        0.7167
GPMin:    2 10:40:33       -5.725169        0.3055
GPMin:    3 10:40:38       -5.856769        0.0968
GPMin:    4 10:40:42       -5.873089        0.0163
       Step     Time          Energy         fmax
GPMin:    0 10:40:52       -4.131614        1.3565
GPMin:    1 10:40:57       -5.117784        0.6683
GPMin:    2 10:41:03       -5.504252        0.3134
GPMin:    3 10:41:09       -5.639848        0.1075
GPMin:    4 10:41:14       -5.660324        0.0132
       Step     Time          Energy         fmax
GPMin:    0 10:41:22       -4.290786        1.5284
GPMin:    1 10:41:27       -5.325555        0.7197
GPMin:    2 10:41:32       -5.723772        0.3091
GPMin:    3 10:41:36       -5.856780        0.0967
GPMin:    4 10:41:41       -5.872952        0.0175
       Step     Time          Energy         fmax
GPMin:    0 10:41:50       -3.970015        1.4099
GPMin:    1 10:41:56       -4.952192        0.6836
GPMin:    2 10:42:02       -5.337898        0.3185
GPMin:    3 10:42:07       -5.478061        0.1305
GPMin:    4 10:42:14       -5.504095        0.0465
GPMin:    5 10:42:19       -5.505349        0.0468
GPMin:    6 10:42:24       -5.518364        0.0474
GPMin:    7 10:42:29       -5.524051        0.0492
GPMin:    8 10:42:35       -5.542589        0.2263
GPMin:    9 10:42:40       -5.566301        0.1087
GPMin:   10 10:42:51       -5.574702        0.0564
GPMin:   11 10:42:57       -5.581196        0.0892
GPMin:   12 10:43:03       -5.606531        0.0679
GPMin:   13 10:43:07       -5.611289        0.0698
GPMin:   14 10:43:13       -5.626000        0.0820
GPMin:   15 10:43:19       -5.660697        0.0842
GPMin:   16 10:43:23       -5.676514        0.0846
GPMin:   17 10:43:28       -5.708731        0.0919
GPMin:   18 10:43:33       -5.749445        0.0949
GPMin:   19 10:43:38       -5.778151        0.0923
GPMin:   20 10:43:43       -5.808151        0.0848
GPMin:   21 10:43:48       -5.831798        0.0750
GPMin:   22 10:43:54       -5.851604        0.0725
GPMin:   23 10:43:59       -5.863297        0.0557
GPMin:   24 10:44:04       -5.868250        0.0279
GPMin:   25 10:44:09       -5.869688        0.0271
GPMin:   26 10:44:13       -5.870901        0.0307
GPMin:   27 10:44:18       -5.872091        0.0267
GPMin:   28 10:44:22       -5.872678        0.0154
       Step     Time          Energy         fmax
GPMin:    0 10:44:31       -4.128676        1.3592
GPMin:    1 10:44:37       -5.116453        0.6698
GPMin:    2 10:44:43       -5.503686        0.3128
GPMin:    3 10:44:48       -5.639622        0.1076
GPMin:    4 10:44:53       -5.660177        0.0123
       Step     Time          Energy         fmax
GPMin:    0 10:45:02       -4.297431        1.5225
GPMin:    1 10:45:07       -5.328692        0.7166
GPMin:    2 10:45:11       -5.724927        0.3063
GPMin:    3 10:45:16       -5.856995        0.0946
GPMin:    4 10:45:21       -5.873089        0.0155
       Step     Time          Energy         fmax
GPMin:    0 10:45:31       -3.962814        1.4144
GPMin:    1 10:45:37       -4.948025        0.6865
GPMin:    2 10:45:43       -5.335694        0.3237
GPMin:    3 10:45:49       -5.477313        0.1310
GPMin:    4 10:45:54       -5.503827        0.0468
GPMin:    5 10:45:59       -5.505109        0.0462
GPMin:    6 10:46:05       -5.517720        0.0466
GPMin:    7 10:46:09       -5.523605        0.0483
GPMin:    8 10:46:15       -5.541961        0.2386
GPMin:    9 10:46:21       -5.566859        0.1116
GPMin:   10 10:46:32       -5.575324        0.0538
GPMin:   11 10:46:38       -5.582396        0.0887
GPMin:   12 10:46:44       -5.606559        0.0764
GPMin:   13 10:46:49       -5.610788        0.0750
GPMin:   14 10:46:55       -5.626351        0.0809
GPMin:   15 10:47:01       -5.654810        0.0828
GPMin:   16 10:47:05       -5.671785        0.0830
GPMin:   17 10:47:10       -5.702292        0.0906
GPMin:   18 10:47:15       -5.736070        0.0911
GPMin:   19 10:47:20       -5.769535        0.0897
GPMin:   20 10:47:25       -5.801443        0.0865
GPMin:   21 10:47:30       -5.826438        0.0775
GPMin:   22 10:47:35       -5.847753        0.0716
GPMin:   23 10:47:40       -5.861851        0.0558
GPMin:   24 10:47:44       -5.868033        0.0289
GPMin:   25 10:47:49       -5.869690        0.0239
GPMin:   26 10:47:54       -5.870698        0.0240
GPMin:   27 10:47:58       -5.872056        0.0280
GPMin:   28 10:48:02       -5.872548        0.0216
GPMin:   29 10:48:07       -5.873231        0.0109
       Step     Time          Energy         fmax
GPMin:    0 10:48:15       -4.298740        1.5208
GPMin:    1 10:48:20       -5.329193        0.7169
GPMin:    2 10:48:24       -5.725636        0.3063
GPMin:    3 10:48:29       -5.857009        0.0948
GPMin:    4 10:48:34       -5.873029        0.0164
       Step     Time          Energy         fmax
GPMin:    0 10:48:43       -4.295574        1.2936
GPMin:    1 10:48:49       -5.218644        0.6421
GPMin:    2 10:48:55       -5.577565        0.3362
GPMin:    3 10:49:01       -5.703147        0.1593
GPMin:    4 10:49:06       -5.727755        0.0905
GPMin:    5 10:49:10       -5.732307        0.0759
GPMin:    6 10:49:16       -5.751265        0.0779
GPMin:    7 10:49:20       -5.753549        0.0689
GPMin:    8 10:49:25       -5.759693        0.0564
GPMin:    9 10:49:29       -5.764899        0.0623
GPMin:   10 10:49:34       -5.775069        0.0644
GPMin:   11 10:49:39       -5.787167        0.0663
GPMin:   12 10:49:43       -5.801400        0.0685
GPMin:   13 10:49:48       -5.819928        0.0790
GPMin:   14 10:49:54       -5.839976        0.0741
GPMin:   15 10:49:59       -5.855105        0.0559
GPMin:   16 10:50:03       -5.863106        0.0399
GPMin:   17 10:50:08       -5.866456        0.0402
GPMin:   18 10:50:13       -5.869498        0.0354
GPMin:   19 10:50:17       -5.870389        0.0309
GPMin:   20 10:50:21       -5.872206        0.0259
GPMin:   21 10:50:25       -5.872714        0.0211
GPMin:   22 10:50:29       -5.873290        0.0087
