       Step     Time          Energy         fmax
GPMin:    0 14:32:51       -3.171829        1.3494
GPMin:    1 14:32:56       -4.011755        0.6020
GPMin:    2 14:33:01       -4.289026        0.2555
GPMin:    3 14:33:06       -4.354220        0.0980
GPMin:    4 14:33:10       -4.363306        0.1241
GPMin:    5 14:33:14       -4.376972        0.1067
GPMin:    6 14:33:30       -4.397756        0.1071
GPMin:    7 14:33:40       -4.412229        0.0790
GPMin:    8 14:34:00       -4.436851        0.1346
GPMin:    9 14:34:10       -4.440421        0.1269
GPMin:   10 14:34:15       -4.450155        0.1021
GPMin:   11 14:34:27       -4.479189        0.2379
GPMin:   12 14:34:32       -4.495795        0.2641
GPMin:   13 14:34:37       -4.522430        0.2365
GPMin:   14 14:34:42       -4.570693        0.2154
GPMin:   15 14:34:47       -4.590198        0.2087
GPMin:   16 14:34:53       -4.640758        0.1947
GPMin:   17 14:34:59       -4.667678        0.1825
GPMin:   18 14:35:04       -4.695372        0.1656
GPMin:   19 14:35:09       -4.728473        0.1437
GPMin:   20 14:35:14       -4.754060        0.1318
GPMin:   21 14:35:20       -4.780988        0.1281
GPMin:   22 14:35:25       -4.803161        0.1217
GPMin:   23 14:35:30       -4.822997        0.1032
GPMin:   24 14:35:35       -4.840021        0.0827
GPMin:   25 14:35:40       -4.855073        0.0690
GPMin:   26 14:35:44       -4.866834        0.0581
GPMin:   27 14:35:49       -4.875880        0.0434
GPMin:   28 14:35:53       -4.881423        0.0327
GPMin:   29 14:35:58       -4.886748        0.0246
GPMin:   30 14:36:02       -4.888267        0.0146
       Step     Time          Energy         fmax
GPMin:    0 14:36:11       -3.236130        1.3330
GPMin:    1 14:36:18       -3.934471        0.6085
GPMin:    2 14:36:25       -4.186301        0.2877
GPMin:    3 14:36:30       -4.274395        0.1368
GPMin:    4 14:36:36       -4.300314        0.1173
GPMin:    5 14:36:41       -4.312348        0.1158
GPMin:    6 14:36:47       -4.331723        0.1087
GPMin:    7 14:36:59       -4.349079        0.1325
GPMin:    8 14:37:04       -4.370622        0.1149
GPMin:    9 14:37:11       -4.399107        0.3134
GPMin:   10 14:37:17       -4.495441        0.2327
GPMin:   11 14:37:22       -4.539592        0.1852
GPMin:   12 14:37:27       -4.567184        0.1585
GPMin:   13 14:37:32       -4.601883        0.1195
GPMin:   14 14:37:37       -4.624741        0.1265
GPMin:   15 14:37:43       -4.665080        0.1303
GPMin:   16 14:37:49       -4.703781        0.1314
GPMin:   17 14:37:54       -4.738405        0.1164
GPMin:   18 14:38:00       -4.771397        0.0915
GPMin:   19 14:38:05       -4.793962        0.0865
GPMin:   20 14:38:10       -4.812304        0.0822
GPMin:   21 14:38:14       -4.828875        0.0927
GPMin:   22 14:38:19       -4.849420        0.0871
GPMin:   23 14:38:23       -4.870344        0.0738
GPMin:   24 14:38:28       -4.886795        0.0678
GPMin:   25 14:38:32       -4.898827        0.0651
GPMin:   26 14:38:37       -4.908736        0.0617
GPMin:   27 14:38:41       -4.917581        0.0524
GPMin:   28 14:38:46       -4.923800        0.0422
GPMin:   29 14:38:50       -4.927469        0.0355
GPMin:   30 14:38:55       -4.930405        0.0317
GPMin:   31 14:38:59       -4.931525        0.0309
GPMin:   32 14:39:04       -4.933015        0.0319
GPMin:   33 14:39:08       -4.933401        0.0212
GPMin:   34 14:39:13       -4.933657        0.0079
       Step     Time          Energy         fmax
GPMin:    0 14:39:25       -2.767052        1.2834
GPMin:    1 14:39:33       -3.471069        0.4940
GPMin:    2 14:39:40       -3.701401        0.3009
GPMin:    3 14:39:46       -3.785864        0.1939
GPMin:    4 14:39:53       -3.817992        0.1614
GPMin:    5 14:39:59       -3.841472        0.1519
GPMin:    6 14:40:05       -3.871364        0.1751
GPMin:    7 14:40:12       -3.941802        0.1786
GPMin:    8 14:40:19       -3.990684        0.1806
GPMin:    9 14:40:25       -4.019392        0.1858
GPMin:   10 14:40:31       -4.202853        0.2527
GPMin:   11 14:40:37       -4.239556        0.3762
GPMin:   12 14:40:42       -4.281666        0.3542
GPMin:   13 14:40:47       -4.353647        0.2538
GPMin:   14 14:40:53       -4.423416        0.2143
GPMin:   15 14:40:59       -4.483660        0.2180
GPMin:   16 14:41:04       -4.546511        0.2095
GPMin:   17 14:41:10       -4.614636        0.1771
GPMin:   18 14:41:16       -4.663724        0.1262
GPMin:   19 14:41:21       -4.692340        0.0949
GPMin:   20 14:41:26       -4.705487        0.0982
GPMin:   21 14:41:31       -4.718046        0.0983
GPMin:   22 14:41:36       -4.733212        0.0852
GPMin:   23 14:41:41       -4.747612        0.0732
GPMin:   24 14:41:46       -4.761914        0.0860
GPMin:   25 14:41:51       -4.777253        0.0897
GPMin:   26 14:41:56       -4.794725        0.0882
GPMin:   27 14:42:01       -4.814710        0.0809
GPMin:   28 14:42:06       -4.834965        0.0681
GPMin:   29 14:42:11       -4.854353        0.0693
GPMin:   30 14:42:15       -4.872200        0.0775
GPMin:   31 14:42:20       -4.887944        0.0755
GPMin:   32 14:42:25       -4.901018        0.0675
GPMin:   33 14:42:29       -4.909931        0.0609
GPMin:   34 14:42:34       -4.916481        0.0598
GPMin:   35 14:42:38       -4.923321        0.0502
GPMin:   36 14:42:43       -4.926554        0.0403
GPMin:   37 14:42:47       -4.930483        0.0299
GPMin:   38 14:42:51       -4.931466        0.0291
GPMin:   39 14:42:55       -4.932799        0.0443
GPMin:   40 14:42:59       -4.933068        0.0346
GPMin:   41 14:43:03       -4.933811        0.0071
       Step     Time          Energy         fmax
GPMin:    0 14:43:12       -3.162098        1.3589
GPMin:    1 14:43:17       -4.007211        0.6071
GPMin:    2 14:43:23       -4.287196        0.2595
GPMin:    3 14:43:28       -4.353616        0.0955
GPMin:    4 14:43:33       -4.362724        0.1240
GPMin:    5 14:43:37       -4.376070        0.1054
GPMin:    6 14:43:42       -4.390644        0.1302
GPMin:    7 14:43:48       -4.407992        0.1111
GPMin:    8 14:43:58       -4.443951        0.0899
GPMin:    9 14:44:03       -4.445938        0.0518
GPMin:   10 14:44:07       -4.446404        0.0470
GPMin:   11 14:44:32       -4.452656        0.0470
GPMin:   12 14:44:39       -4.466331        0.1334
GPMin:   13 14:44:45       -4.495213        0.1804
GPMin:   14 14:44:57       -4.524257        0.2208
GPMin:   15 14:45:03       -4.577157        0.2031
GPMin:   16 14:45:08       -4.614818        0.2085
GPMin:   17 14:45:13       -4.654902        0.2054
GPMin:   18 14:45:18       -4.679063        0.1967
GPMin:   19 14:45:24       -4.799784        0.1042
GPMin:   20 14:45:30       -4.830297        0.1041
GPMin:   21 14:45:35       -4.841311        0.0929
GPMin:   22 14:45:39       -4.853973        0.0870
GPMin:   23 14:45:44       -4.862960        0.0644
GPMin:   24 14:45:48       -4.869517        0.0555
GPMin:   25 14:45:53       -4.875990        0.0573
GPMin:   26 14:45:58       -4.881901        0.0416
GPMin:   27 14:46:02       -4.885122        0.0281
GPMin:   28 14:46:07       -4.886348        0.0301
GPMin:   29 14:46:11       -4.888429        0.0366
GPMin:   30 14:46:15       -4.888950        0.0292
GPMin:   31 14:46:20       -4.889441        0.0193
       Step     Time          Energy         fmax
GPMin:    0 14:46:29       -3.229862        1.3088
GPMin:    1 14:46:37       -3.936556        0.6009
GPMin:    2 14:46:43       -4.194372        0.3020
GPMin:    3 14:46:49       -4.290075        0.1939
GPMin:    4 14:46:54       -4.320701        0.1778
GPMin:    5 14:47:01       -4.386106        0.1866
GPMin:    6 14:47:05       -4.397487        0.1875
GPMin:    7 14:47:12       -4.501269        0.1940
GPMin:    8 14:47:18       -4.512462        0.2382
GPMin:    9 14:47:29       -4.526722        0.2097
GPMin:   10 14:47:36       -4.630035        0.1540
GPMin:   11 14:47:41       -4.656969        0.2112
GPMin:   12 14:47:46       -4.669596        0.1875
GPMin:   13 14:47:51       -4.709486        0.1384
GPMin:   14 14:47:57       -4.733079        0.1109
GPMin:   15 14:48:02       -4.754716        0.1270
GPMin:   16 14:48:07       -4.779926        0.1228
GPMin:   17 14:48:12       -4.809623        0.1097
GPMin:   18 14:48:17       -4.839613        0.0979
GPMin:   19 14:48:22       -4.866294        0.0852
GPMin:   20 14:48:27       -4.886982        0.0803
GPMin:   21 14:48:32       -4.901869        0.0604
GPMin:   22 14:48:37       -4.912336        0.0543
GPMin:   23 14:48:41       -4.918845        0.0472
GPMin:   24 14:48:46       -4.922537        0.0353
GPMin:   25 14:48:50       -4.926108        0.0437
GPMin:   26 14:48:55       -4.928512        0.0340
GPMin:   27 14:48:59       -4.931154        0.0345
GPMin:   28 14:49:03       -4.931773        0.0282
GPMin:   29 14:49:07       -4.933132        0.0233
GPMin:   30 14:49:11       -4.933354        0.0137
       Step     Time          Energy         fmax
GPMin:    0 14:49:20       -3.174466        1.3459
GPMin:    1 14:49:25       -4.013991        0.6002
GPMin:    2 14:49:31       -4.290498        0.2562
GPMin:    3 14:49:36       -4.356235        0.0984
GPMin:    4 14:49:41       -4.365661        0.1255
GPMin:    5 14:49:46       -4.378920        0.1065
GPMin:    6 14:50:05       -4.403206        0.1114
GPMin:    7 14:50:17       -4.408170        0.1094
GPMin:    8 14:50:29       -4.415545        0.1705
GPMin:    9 14:50:35       -4.427319        0.0908
GPMin:   10 14:50:39       -4.432050        0.0891
GPMin:   11 14:50:45       -4.460481        0.0565
GPMin:   12 14:50:50       -4.463659        0.0731
GPMin:   13 14:50:55       -4.471007        0.1031
GPMin:   14 14:51:00       -4.487484        0.1424
GPMin:   15 14:51:05       -4.502510        0.1637
GPMin:   16 14:51:11       -4.580211        0.2364
GPMin:   17 14:51:16       -4.605031        0.2235
GPMin:   18 14:51:23       -4.733846        0.1526
GPMin:   19 14:51:28       -4.774476        0.1966
GPMin:   20 14:51:39       -4.807224        0.3039
GPMin:   21 14:51:44       -4.853366        0.1158
GPMin:   22 14:51:48       -4.865398        0.0669
GPMin:   23 14:51:53       -4.867999        0.0702
GPMin:   24 14:51:58       -4.878599        0.0431
GPMin:   25 14:52:02       -4.883280        0.0307
GPMin:   26 14:52:07       -4.884763        0.0254
GPMin:   27 14:52:12       -4.886465        0.0265
GPMin:   28 14:52:15       -4.887691        0.0268
GPMin:   29 14:52:20       -4.889676        0.0168
       Step     Time          Energy         fmax
GPMin:    0 14:52:29       -3.184344        1.3211
GPMin:    1 14:52:35       -3.977521        0.6207
GPMin:    2 14:52:41       -4.264796        0.3174
GPMin:    3 14:52:47       -4.367926        0.2028
GPMin:    4 14:52:53       -4.398482        0.2011
GPMin:    5 14:52:59       -4.480939        0.1884
GPMin:    6 14:53:04       -4.488291        0.1749
GPMin:    7 14:53:09       -4.493680        0.1653
GPMin:    8 14:53:15       -4.521546        0.3133
GPMin:    9 14:53:21       -4.543746        0.1232
GPMin:   10 14:53:26       -4.558121        0.1321
GPMin:   11 14:53:31       -4.578082        0.1077
GPMin:   12 14:53:36       -4.594823        0.0977
GPMin:   13 14:53:42       -4.620981        0.0962
GPMin:   14 14:53:47       -4.637434        0.0915
GPMin:   15 14:53:53       -4.677754        0.0867
GPMin:   16 14:53:58       -4.691823        0.1061
GPMin:   17 14:54:03       -4.705087        0.1092
GPMin:   18 14:54:08       -4.722846        0.0852
GPMin:   19 14:54:13       -4.737630        0.0662
GPMin:   20 14:54:18       -4.753632        0.0829
GPMin:   21 14:54:23       -4.772727        0.0781
GPMin:   22 14:54:28       -4.793139        0.0852
GPMin:   23 14:54:33       -4.811260        0.0802
GPMin:   24 14:54:38       -4.825564        0.0698
GPMin:   25 14:54:42       -4.836162        0.0766
GPMin:   26 14:54:47       -4.846083        0.0762
GPMin:   27 14:54:52       -4.858626        0.0659
GPMin:   28 14:54:57       -4.870257        0.0541
GPMin:   29 14:55:02       -4.878722        0.0635
GPMin:   30 14:55:07       -4.883333        0.0505
GPMin:   31 14:55:11       -4.885312        0.0301
GPMin:   32 14:55:15       -4.886237        0.0276
GPMin:   33 14:55:20       -4.887984        0.0433
GPMin:   34 14:55:24       -4.888823        0.0315
GPMin:   35 14:55:29       -4.889599        0.0163
       Step     Time          Energy         fmax
GPMin:    0 14:55:40       -3.585083        0.9815
GPMin:    1 14:55:47       -4.039229        0.4139
GPMin:    2 14:55:53       -4.191873        0.2609
GPMin:    3 14:56:00       -4.261658        0.1265
GPMin:    4 14:56:05       -4.289871        0.1047
GPMin:    5 14:56:10       -4.297698        0.0966
GPMin:    6 14:56:22       -4.319669        0.0886
GPMin:    7 14:56:28       -4.328156        0.1116
GPMin:    8 14:56:33       -4.335713        0.1277
GPMin:    9 14:56:39       -4.349365        0.1432
GPMin:   10 14:56:45       -4.379564        0.1226
GPMin:   11 14:56:52       -4.406122        0.1555
GPMin:   12 14:56:57       -4.439704        0.1223
GPMin:   13 14:57:02       -4.462650        0.1220
GPMin:   14 14:57:08       -4.486836        0.1215
GPMin:   15 14:57:13       -4.495505        0.1241
GPMin:   16 14:57:19       -4.564437        0.1865
GPMin:   17 14:57:25       -4.635983        0.1812
GPMin:   18 14:57:30       -4.697861        0.1834
GPMin:   19 14:57:35       -4.745964        0.1381
GPMin:   20 14:57:41       -4.775336        0.1172
GPMin:   21 14:57:46       -4.786657        0.0649
GPMin:   22 14:57:51       -4.789541        0.0380
GPMin:   23 14:57:56       -4.790480        0.0221
GPMin:   24 14:58:00       -4.790832        0.0112
       Step     Time          Energy         fmax
GPMin:    0 14:58:09       -3.229722        1.3150
GPMin:    1 14:58:16       -3.938264        0.6039
GPMin:    2 14:58:23       -4.198373        0.3031
GPMin:    3 14:58:29       -4.297542        0.1953
GPMin:    4 14:58:35       -4.330096        0.1827
GPMin:    5 14:58:41       -4.388281        0.1964
GPMin:    6 14:58:46       -4.402018        0.2037
GPMin:    7 14:58:52       -4.484876        0.2219
GPMin:    8 14:58:57       -4.500864        0.2128
GPMin:    9 14:59:02       -4.541523        0.1787
GPMin:   10 14:59:07       -4.589685        0.1418
GPMin:   11 14:59:12       -4.630447        0.1181
GPMin:   12 14:59:17       -4.662786        0.1251
GPMin:   13 14:59:22       -4.694272        0.1386
GPMin:   14 14:59:28       -4.727340        0.1309
GPMin:   15 14:59:33       -4.761743        0.1072
GPMin:   16 14:59:38       -4.794391        0.1103
GPMin:   17 14:59:43       -4.821533        0.1079
GPMin:   18 14:59:48       -4.845542        0.0975
GPMin:   19 14:59:52       -4.864831        0.0880
GPMin:   20 14:59:57       -4.880457        0.0757
GPMin:   21 15:00:01       -4.893408        0.0663
GPMin:   22 15:00:06       -4.903988        0.0556
GPMin:   23 15:00:10       -4.912639        0.0439
GPMin:   24 15:00:14       -4.920070        0.0360
GPMin:   25 15:00:18       -4.925395        0.0334
GPMin:   26 15:00:22       -4.929615        0.0224
GPMin:   27 15:00:27       -4.931508        0.0188
       Step     Time          Energy         fmax
GPMin:    0 15:00:36       -3.116221        1.3244
GPMin:    1 15:00:42       -3.912395        0.5717
GPMin:    2 15:00:47       -4.171690        0.2302
GPMin:    3 15:00:52       -4.228687        0.0915
GPMin:    4 15:00:58       -4.234521        0.0774
GPMin:    5 15:01:03       -4.251391        0.0665
GPMin:    6 15:01:08       -4.257360        0.0517
GPMin:    7 15:01:14       -4.266696        0.0536
GPMin:    8 15:01:19       -4.272630        0.0645
GPMin:    9 15:01:25       -4.293826        0.0873
GPMin:   10 15:01:30       -4.304324        0.0904
GPMin:   11 15:01:37       -4.422730        0.1083
GPMin:   12 15:01:49       -4.432810        0.1858
GPMin:   13 15:02:01       -4.445770        0.0610
GPMin:   14 15:02:18       -4.449512        0.0526
GPMin:   15 15:03:03       -4.466145        0.0965
GPMin:   16 15:03:14       -4.477754        0.1825
GPMin:   17 15:03:26       -4.544529        0.2589
GPMin:   18 15:03:32       -4.610445        0.2649
GPMin:   19 15:03:38       -4.667361        0.1670
GPMin:   20 15:03:43       -4.710172        0.1575
GPMin:   21 15:03:48       -4.748727        0.1466
GPMin:   22 15:03:53       -4.776047        0.1304
GPMin:   23 15:03:58       -4.798765        0.1104
GPMin:   24 15:04:03       -4.818563        0.0975
GPMin:   25 15:04:08       -4.837123        0.0836
GPMin:   26 15:04:13       -4.852786        0.0703
GPMin:   27 15:04:18       -4.865186        0.0617
GPMin:   28 15:04:22       -4.874900        0.0520
GPMin:   29 15:04:27       -4.881155        0.0363
GPMin:   30 15:04:32       -4.884566        0.0270
GPMin:   31 15:04:36       -4.888264        0.0292
GPMin:   32 15:04:40       -4.889057        0.0257
GPMin:   33 15:04:45       -4.889539        0.0135
       Step     Time          Energy         fmax
GPMin:    0 15:04:54       -3.189116        1.3259
GPMin:    1 15:05:00       -3.981386        0.6254
GPMin:    2 15:05:06       -4.269999        0.3217
GPMin:    3 15:05:12       -4.374201        0.1944
GPMin:    4 15:05:17       -4.404919        0.1953
GPMin:    5 15:05:23       -4.472358        0.2012
GPMin:    6 15:05:29       -4.487225        0.1478
GPMin:    7 15:05:33       -4.491438        0.1358
GPMin:    8 15:05:45       -4.516200        0.1213
GPMin:    9 15:05:50       -4.531057        0.0567
GPMin:   10 15:05:55       -4.536008        0.0654
GPMin:   11 15:06:00       -4.539857        0.0580
GPMin:   12 15:06:05       -4.546686        0.0785
GPMin:   13 15:06:10       -4.558477        0.0933
GPMin:   14 15:06:15       -4.573965        0.0988
GPMin:   15 15:06:20       -4.590772        0.0984
GPMin:   16 15:06:25       -4.619274        0.0969
GPMin:   17 15:06:30       -4.636293        0.0968
GPMin:   18 15:06:36       -4.667884        0.0896
GPMin:   19 15:06:41       -4.685602        0.0806
GPMin:   20 15:06:45       -4.698688        0.0750
GPMin:   21 15:06:51       -4.714346        0.0747
GPMin:   22 15:06:56       -4.728869        0.0663
GPMin:   23 15:07:01       -4.745816        0.0744
GPMin:   24 15:07:06       -4.761966        0.0762
GPMin:   25 15:07:11       -4.781452        0.0689
GPMin:   26 15:07:16       -4.799903        0.0661
GPMin:   27 15:07:21       -4.822372        0.0726
GPMin:   28 15:07:26       -4.842908        0.0804
GPMin:   29 15:07:31       -4.864128        0.0852
GPMin:   30 15:07:35       -4.881807        0.0831
GPMin:   31 15:07:40       -4.896350        0.0748
GPMin:   32 15:07:44       -4.907305        0.0646
GPMin:   33 15:07:49       -4.914582        0.0536
GPMin:   34 15:07:53       -4.920527        0.0448
GPMin:   35 15:07:57       -4.924906        0.0403
GPMin:   36 15:08:02       -4.928147        0.0378
GPMin:   37 15:08:06       -4.931391        0.0291
GPMin:   38 15:08:09       -4.932353        0.0210
GPMin:   39 15:08:14       -4.933298        0.0227
GPMin:   40 15:08:17       -4.933472        0.0164
       Step     Time          Energy         fmax
GPMin:    0 15:08:28       -3.170427        1.3474
GPMin:    1 15:08:33       -4.011996        0.6036
GPMin:    2 15:08:39       -4.290565        0.2582
GPMin:    3 15:08:44       -4.357338        0.0968
GPMin:    4 15:08:49       -4.366864        0.1246
GPMin:    5 15:08:53       -4.379317        0.1090
GPMin:    6 15:08:58       -4.394972        0.1313
GPMin:    7 15:09:03       -4.417431        0.0941
GPMin:    8 15:09:08       -4.427000        0.0682
GPMin:    9 15:09:12       -4.432602        0.0597
GPMin:   10 15:09:30       -4.440932        0.1571
GPMin:   11 15:09:42       -4.442540        0.1364
GPMin:   12 15:09:49       -4.479566        0.2820
GPMin:   13 15:09:54       -4.518972        0.2273
GPMin:   14 15:10:00       -4.562435        0.2536
GPMin:   15 15:10:05       -4.605416        0.2285
GPMin:   16 15:10:10       -4.640310        0.2023
GPMin:   17 15:10:15       -4.671229        0.1764
GPMin:   18 15:10:20       -4.703461        0.1559
GPMin:   19 15:10:26       -4.727880        0.1476
GPMin:   20 15:10:31       -4.752120        0.1381
GPMin:   21 15:10:36       -4.776040        0.1265
GPMin:   22 15:10:41       -4.799460        0.1129
GPMin:   23 15:10:46       -4.820322        0.0977
GPMin:   24 15:10:51       -4.841151        0.0827
GPMin:   25 15:10:56       -4.856621        0.0669
GPMin:   26 15:11:00       -4.868800        0.0550
GPMin:   27 15:11:05       -4.876674        0.0412
GPMin:   28 15:11:09       -4.883174        0.0273
GPMin:   29 15:11:14       -4.886647        0.0203
GPMin:   30 15:11:18       -4.888728        0.0177
       Step     Time          Energy         fmax
GPMin:    0 15:11:27       -3.176284        1.3313
GPMin:    1 15:11:33       -3.972666        0.6261
GPMin:    2 15:11:39       -4.262487        0.3228
GPMin:    3 15:11:44       -4.368350        0.1923
GPMin:    4 15:11:49       -4.399575        0.1949
GPMin:    5 15:11:56       -4.468167        0.1987
GPMin:    6 15:12:01       -4.481405        0.1534
GPMin:    7 15:12:06       -4.485379        0.1432
GPMin:    8 15:12:18       -4.508157        0.1391
GPMin:    9 15:12:23       -4.525233        0.0631
GPMin:   10 15:12:28       -4.527730        0.0583
GPMin:   11 15:12:32       -4.529751        0.0371
GPMin:   12 15:12:37       -4.531027        0.0260
GPMin:   13 15:12:41       -4.531411        0.0226
GPMin:   14 15:12:45       -4.532324        0.0236
GPMin:   15 15:12:50       -4.536086        0.0672
GPMin:   16 15:12:55       -4.545147        0.0841
GPMin:   17 15:13:00       -4.557355        0.0878
GPMin:   18 15:13:06       -4.571934        0.0941
GPMin:   19 15:13:11       -4.591631        0.1023
GPMin:   20 15:13:16       -4.609673        0.1029
GPMin:   21 15:13:21       -4.633017        0.1004
GPMin:   22 15:13:26       -4.650967        0.1002
GPMin:   23 15:13:31       -4.676168        0.0968
GPMin:   24 15:13:36       -4.692879        0.0924
GPMin:   25 15:13:41       -4.716113        0.0860
GPMin:   26 15:13:46       -4.737339        0.0823
GPMin:   27 15:13:51       -4.757106        0.0789
GPMin:   28 15:13:56       -4.779912        0.0747
GPMin:   29 15:14:01       -4.801226        0.0740
GPMin:   30 15:14:06       -4.824092        0.0713
GPMin:   31 15:14:11       -4.843986        0.0734
GPMin:   32 15:14:15       -4.865544        0.0735
GPMin:   33 15:14:20       -4.882265        0.0715
GPMin:   34 15:14:24       -4.897315        0.0679
GPMin:   35 15:14:29       -4.907701        0.0615
GPMin:   36 15:14:33       -4.915140        0.0538
GPMin:   37 15:14:37       -4.922258        0.0476
GPMin:   38 15:14:41       -4.926631        0.0400
GPMin:   39 15:14:45       -4.930195        0.0298
GPMin:   40 15:14:49       -4.932259        0.0193
       Step     Time          Energy         fmax
GPMin:    0 15:14:59       -3.186749        1.3148
GPMin:    1 15:15:05       -3.976763        0.6185
GPMin:    2 15:15:11       -4.263645        0.3151
GPMin:    3 15:15:16       -4.367465        0.1961
GPMin:    4 15:15:22       -4.398395        0.1971
GPMin:    5 15:15:28       -4.469784        0.1958
GPMin:    6 15:15:33       -4.481510        0.1571
GPMin:    7 15:15:38       -4.485787        0.1462
GPMin:    8 15:15:50       -4.513987        0.1329
GPMin:    9 15:15:56       -4.533911        0.0607
GPMin:   10 15:16:01       -4.538553        0.0663
GPMin:   11 15:16:06       -4.544272        0.0695
GPMin:   12 15:16:11       -4.553686        0.0867
GPMin:   13 15:16:16       -4.568361        0.0976
GPMin:   14 15:16:21       -4.584753        0.0996
GPMin:   15 15:16:26       -4.602552        0.0988
GPMin:   16 15:16:31       -4.627483        0.0977
GPMin:   17 15:16:36       -4.644731        0.0931
GPMin:   18 15:16:42       -4.666911        0.0873
GPMin:   19 15:16:47       -4.683288        0.0831
GPMin:   20 15:16:52       -4.698462        0.0740
GPMin:   21 15:16:57       -4.712182        0.0666
GPMin:   22 15:17:01       -4.727039        0.0644
GPMin:   23 15:17:06       -4.742298        0.0651
GPMin:   24 15:17:12       -4.757576        0.0659
GPMin:   25 15:17:17       -4.775168        0.0627
GPMin:   26 15:17:21       -4.791142        0.0597
GPMin:   27 15:17:26       -4.811855        0.0700
GPMin:   28 15:17:30       -4.831474        0.0767
GPMin:   29 15:17:35       -4.856471        0.0846
GPMin:   30 15:17:40       -4.873924        0.0845
GPMin:   31 15:17:45       -4.891731        0.0762
GPMin:   32 15:17:50       -4.903499        0.0679
GPMin:   33 15:17:54       -4.912300        0.0565
GPMin:   34 15:17:58       -4.919020        0.0450
GPMin:   35 15:18:02       -4.923081        0.0396
GPMin:   36 15:18:07       -4.928021        0.0408
GPMin:   37 15:18:10       -4.929589        0.0404
GPMin:   38 15:18:15       -4.932439        0.0251
GPMin:   39 15:18:18       -4.932857        0.0197
       Step     Time          Energy         fmax
GPMin:    0 15:18:27       -3.298852        0.7848
GPMin:    1 15:18:33       -3.638516        0.4553
GPMin:    2 15:18:38       -3.784180        0.2568
GPMin:    3 15:18:43       -3.886308        0.2071
GPMin:    4 15:18:49       -3.969835        0.1650
GPMin:    5 15:18:53       -3.994387        0.1507
GPMin:    6 15:18:59       -4.033017        0.2967
GPMin:    7 15:19:05       -4.064638        0.1093
GPMin:    8 15:19:09       -4.068371        0.1145
GPMin:    9 15:19:15       -4.083245        0.2093
GPMin:   10 15:19:19       -4.095170        0.1342
GPMin:   11 15:19:24       -4.108907        0.1064
GPMin:   12 15:19:29       -4.112784        0.0857
GPMin:   13 15:19:33       -4.120711        0.0539
GPMin:   14 15:19:38       -4.125574        0.0555
GPMin:   15 15:19:43       -4.132936        0.0503
GPMin:   16 15:19:48       -4.139834        0.0766
GPMin:   17 15:19:53       -4.145401        0.0791
GPMin:   18 15:20:03       -4.149655        0.0596
GPMin:   19 15:20:08       -4.150236        0.0498
GPMin:   20 15:20:12       -4.153290        0.0193
       Step     Time          Energy         fmax
GPMin:    0 15:20:21       -3.171710        1.3449
GPMin:    1 15:20:26       -4.011506        0.6014
GPMin:    2 15:20:32       -4.289014        0.2560
GPMin:    3 15:20:37       -4.354841        0.0976
GPMin:    4 15:20:42       -4.364228        0.1256
GPMin:    5 15:20:46       -4.377365        0.1067
GPMin:    6 15:20:51       -4.392742        0.1262
GPMin:    7 15:20:56       -4.413762        0.0982
GPMin:    8 15:21:01       -4.433802        0.0794
GPMin:    9 15:21:05       -4.434941        0.0740
GPMin:   10 15:21:09       -4.441890        0.0510
GPMin:   11 15:21:14       -4.449090        0.0574
GPMin:   12 15:21:26       -4.451863        0.0472
GPMin:   13 15:21:30       -4.453434        0.0417
GPMin:   14 15:21:37       -4.462958        0.0849
GPMin:   15 15:21:43       -4.486801        0.1185
GPMin:   16 15:21:48       -4.509943        0.1500
GPMin:   17 15:21:53       -4.519345        0.1499
GPMin:   18 15:21:59       -4.609849        0.2052
GPMin:   19 15:22:05       -4.672032        0.2611
GPMin:   20 15:22:11       -4.724545        0.2371
GPMin:   21 15:22:16       -4.769055        0.1913
GPMin:   22 15:22:21       -4.809910        0.1218
GPMin:   23 15:22:25       -4.829069        0.1110
GPMin:   24 15:22:30       -4.847114        0.1062
GPMin:   25 15:22:34       -4.862818        0.0721
GPMin:   26 15:22:39       -4.873176        0.0469
GPMin:   27 15:22:43       -4.876806        0.0555
GPMin:   28 15:22:48       -4.881644        0.0546
GPMin:   29 15:22:52       -4.884609        0.0301
GPMin:   30 15:22:57       -4.886386        0.0349
GPMin:   31 15:23:02       -4.888320        0.0327
GPMin:   32 15:23:05       -4.889694        0.0143
       Step     Time          Energy         fmax
GPMin:    0 15:23:15       -3.165286        1.3476
GPMin:    1 15:23:20       -4.009123        0.6035
GPMin:    2 15:23:26       -4.288050        0.2567
GPMin:    3 15:23:31       -4.354505        0.0974
GPMin:    4 15:23:36       -4.363794        0.1260
GPMin:    5 15:23:40       -4.377322        0.1073
GPMin:    6 15:23:46       -4.392632        0.1342
GPMin:    7 15:23:51       -4.407630        0.1143
GPMin:    8 15:24:01       -4.451558        0.1199
GPMin:    9 15:24:07       -4.457774        0.0732
GPMin:   10 15:24:25       -4.515027        0.1845
GPMin:   11 15:24:30       -4.548103        0.2021
GPMin:   12 15:24:36       -4.571320        0.2070
GPMin:   13 15:24:41       -4.647083        0.2065
GPMin:   14 15:24:47       -4.684586        0.1913
GPMin:   15 15:24:53       -4.727589        0.1744
GPMin:   16 15:24:58       -4.760670        0.1730
GPMin:   17 15:25:03       -4.769240        0.1699
GPMin:   18 15:25:09       -4.804885        0.1306
GPMin:   19 15:25:14       -4.814210        0.1015
GPMin:   20 15:25:18       -4.823162        0.0887
GPMin:   21 15:25:23       -4.839921        0.0762
GPMin:   22 15:25:27       -4.857719        0.0793
GPMin:   23 15:25:32       -4.867962        0.0762
GPMin:   24 15:25:37       -4.875674        0.0562
GPMin:   25 15:25:41       -4.880262        0.0354
GPMin:   26 15:25:45       -4.882875        0.0422
GPMin:   27 15:25:50       -4.886675        0.0461
GPMin:   28 15:25:54       -4.887593        0.0318
GPMin:   29 15:25:59       -4.888699        0.0252
GPMin:   30 15:26:03       -4.889508        0.0129
       Step     Time          Energy         fmax
GPMin:    0 15:26:13       -3.161867        1.3521
GPMin:    1 15:26:18       -4.007481        0.6041
GPMin:    2 15:26:24       -4.287130        0.2586
GPMin:    3 15:26:29       -4.354098        0.0965
GPMin:    4 15:26:34       -4.363497        0.1257
GPMin:    5 15:26:38       -4.376580        0.1065
GPMin:    6 15:26:43       -4.391301        0.1207
GPMin:    7 15:26:49       -4.437800        0.0643
GPMin:    8 15:26:53       -4.439730        0.0567
GPMin:    9 15:26:58       -4.451446        0.0420
GPMin:   10 15:27:02       -4.452251        0.0413
GPMin:   11 15:27:08       -4.468845        0.0792
GPMin:   12 15:27:13       -4.474159        0.1163
GPMin:   13 15:27:18       -4.481653        0.1271
GPMin:   14 15:27:23       -4.511648        0.1590
GPMin:   15 15:27:28       -4.516808        0.2071
GPMin:   16 15:27:40       -4.547264        0.3192
GPMin:   17 15:27:45       -4.599160        0.2063
GPMin:   18 15:27:50       -4.633878        0.2086
GPMin:   19 15:27:56       -4.668449        0.1813
GPMin:   20 15:28:01       -4.691459        0.1709
GPMin:   21 15:28:07       -4.725515        0.1532
GPMin:   22 15:28:12       -4.740366        0.1481
GPMin:   23 15:28:18       -4.789472        0.1440
GPMin:   24 15:28:23       -4.821331        0.1257
GPMin:   25 15:28:28       -4.844757        0.0894
GPMin:   26 15:28:33       -4.856559        0.0694
GPMin:   27 15:28:37       -4.864517        0.0729
GPMin:   28 15:28:42       -4.874115        0.0662
GPMin:   29 15:28:46       -4.882128        0.0402
GPMin:   30 15:28:51       -4.884865        0.0253
GPMin:   31 15:28:55       -4.886623        0.0306
GPMin:   32 15:29:00       -4.888116        0.0257
GPMin:   33 15:29:04       -4.888830        0.0240
GPMin:   34 15:29:08       -4.889616        0.0147
       Step     Time          Energy         fmax
GPMin:    0 15:29:17       -3.184046        1.3116
GPMin:    1 15:29:23       -3.974599        0.6187
GPMin:    2 15:29:30       -4.261362        0.3161
GPMin:    3 15:29:35       -4.365723        0.2017
GPMin:    4 15:29:40       -4.396969        0.2009
GPMin:    5 15:29:47       -4.473874        0.1906
GPMin:    6 15:29:52       -4.482951        0.1691
GPMin:    7 15:29:56       -4.487403        0.1598
GPMin:    8 15:30:08       -4.525335        0.1416
GPMin:    9 15:30:14       -4.552585        0.0979
GPMin:   10 15:30:19       -4.564182        0.0901
GPMin:   11 15:30:24       -4.573798        0.0930
GPMin:   12 15:30:30       -4.601079        0.1004
GPMin:   13 15:30:35       -4.622853        0.0914
GPMin:   14 15:30:40       -4.643231        0.0862
GPMin:   15 15:30:45       -4.662613        0.0773
GPMin:   16 15:30:50       -4.677946        0.0691
GPMin:   17 15:30:55       -4.690761        0.0629
GPMin:   18 15:31:00       -4.706047        0.0576
GPMin:   19 15:31:05       -4.717000        0.0501
GPMin:   20 15:31:10       -4.728678        0.0412
GPMin:   21 15:31:15       -4.737513        0.0435
GPMin:   22 15:31:19       -4.745823        0.0382
GPMin:   23 15:31:24       -4.751701        0.0430
GPMin:   24 15:31:28       -4.759835        0.0372
GPMin:   25 15:31:33       -4.765031        0.0326
GPMin:   26 15:31:37       -4.771495        0.0360
GPMin:   27 15:31:42       -4.776599        0.0332
GPMin:   28 15:31:47       -4.780508        0.0323
GPMin:   29 15:31:51       -4.784477        0.0435
GPMin:   30 15:31:56       -4.790185        0.0355
GPMin:   31 15:32:00       -4.794165        0.0305
GPMin:   32 15:32:05       -4.798821        0.0414
GPMin:   33 15:32:09       -4.803378        0.0323
GPMin:   34 15:32:14       -4.806729        0.0345
GPMin:   35 15:32:19       -4.810766        0.0345
GPMin:   36 15:32:23       -4.814223        0.0466
GPMin:   37 15:32:28       -4.817166        0.0524
GPMin:   38 15:32:33       -4.825809        0.0648
GPMin:   39 15:32:38       -4.832124        0.0874
GPMin:   40 15:32:43       -4.842330        0.0753
GPMin:   41 15:32:48       -4.851989        0.0490
GPMin:   42 15:32:53       -4.861052        0.0565
GPMin:   43 15:32:58       -4.869779        0.0490
GPMin:   44 15:33:03       -4.874252        0.0416
GPMin:   45 15:33:07       -4.877418        0.0481
GPMin:   46 15:33:12       -4.881900        0.0397
GPMin:   47 15:33:17       -4.884522        0.0418
GPMin:   48 15:33:21       -4.887396        0.0490
GPMin:   49 15:33:26       -4.888960        0.0288
GPMin:   50 15:33:31       -4.889546        0.0175
       Step     Time          Energy         fmax
GPMin:    0 15:33:40       -3.672526        0.9048
GPMin:    1 15:33:47       -4.192019        0.5061
GPMin:    2 15:33:53       -4.388093        0.3106
GPMin:    3 15:33:59       -4.471519        0.1956
GPMin:    4 15:34:04       -4.517543        0.1745
GPMin:    5 15:34:09       -4.564028        0.1886
GPMin:    6 15:34:14       -4.612825        0.1807
GPMin:    7 15:34:19       -4.669218        0.1500
GPMin:    8 15:34:25       -4.710475        0.1068
GPMin:    9 15:34:30       -4.737549        0.0714
GPMin:   10 15:34:34       -4.753912        0.0630
GPMin:   11 15:34:39       -4.763336        0.0768
GPMin:   12 15:34:43       -4.775128        0.0672
GPMin:   13 15:34:48       -4.784652        0.0493
GPMin:   14 15:34:52       -4.794200        0.0618
GPMin:   15 15:34:57       -4.806663        0.0644
GPMin:   16 15:35:02       -4.824180        0.0550
GPMin:   17 15:35:07       -4.844942        0.0755
GPMin:   18 15:35:12       -4.865799        0.0923
GPMin:   19 15:35:17       -4.889431        0.0854
GPMin:   20 15:35:22       -4.909446        0.0663
GPMin:   21 15:35:26       -4.923889        0.0435
GPMin:   22 15:35:31       -4.930305        0.0217
GPMin:   23 15:35:35       -4.931465        0.0149
